The target system is: Windows -  - i386
The host system is: Linux - 4.13.0-43-generic - x86_64
Compiling the C compiler identification source file "CMakeCCompilerId.c" succeeded.
Compiler: /usr/bin/i686-w64-mingw32-gcc 
Build flags: ;-I/home/join/Desktop/vlc3.0/vlc/contrib/i686-w64-mingw32/include;-g;-O2
Id flags: 

The output was:
0


Compilation of the C compiler identification source "CMakeCCompilerId.c" produced "a.exe"

The C compiler identification is GNU, found in "/home/join/Desktop/vlc3.0/vlc/contrib/win32/projectM/CMakeFiles/3.5.1/CompilerIdC/a.exe"

Compiling the CXX compiler identification source file "CMakeCXXCompilerId.cpp" succeeded.
Compiler: /usr/bin/i686-w64-mingw32-g++ 
Build flags: ;-I/home/join/Desktop/vlc3.0/vlc/contrib/i686-w64-mingw32/include;;-g;-O2
Id flags: 

The output was:
0


Compilation of the CXX compiler identification source "CMakeCXXCompilerId.cpp" produced "a.exe"

The CXX compiler identification is GNU, found in "/home/join/Desktop/vlc3.0/vlc/contrib/win32/projectM/CMakeFiles/3.5.1/CompilerIdCXX/a.exe"

Determining if the C compiler works passed with the following output:
Change Dir: /home/join/Desktop/vlc3.0/vlc/contrib/win32/projectM/CMakeFiles/CMakeTmp

Run Build Command:"/usr/bin/make" "cmTC_61bd1/fast"
make[1]: Entering directory '/home/join/Desktop/vlc3.0/vlc/contrib/win32/projectM/CMakeFiles/CMakeTmp'
/usr/bin/make -f CMakeFiles/cmTC_61bd1.dir/build.make CMakeFiles/cmTC_61bd1.dir/build
make[2]: Entering directory '/home/join/Desktop/vlc3.0/vlc/contrib/win32/projectM/CMakeFiles/CMakeTmp'
Building C object CMakeFiles/cmTC_61bd1.dir/testCCompiler.c.obj
/usr/bin/i686-w64-mingw32-gcc    -I/home/join/Desktop/vlc3.0/vlc/contrib/i686-w64-mingw32/include -g -O2     -o CMakeFiles/cmTC_61bd1.dir/testCCompiler.c.obj   -c /home/join/Desktop/vlc3.0/vlc/contrib/win32/projectM/CMakeFiles/CMakeTmp/testCCompiler.c
Linking C executable cmTC_61bd1.exe
/usr/bin/cmake -E cmake_link_script CMakeFiles/cmTC_61bd1.dir/link.txt --verbose=1
/usr/bin/cmake -E remove -f CMakeFiles/cmTC_61bd1.dir/objects.a
/usr/bin/i686-w64-mingw32-ar cr CMakeFiles/cmTC_61bd1.dir/objects.a @CMakeFiles/cmTC_61bd1.dir/objects1.rsp
/usr/bin/i686-w64-mingw32-gcc   -I/home/join/Desktop/vlc3.0/vlc/contrib/i686-w64-mingw32/include -g -O2      -L/home/join/Desktop/vlc3.0/vlc/contrib/i686-w64-mingw32/lib   -Wl,--whole-archive CMakeFiles/cmTC_61bd1.dir/objects.a -Wl,--no-whole-archive  -o cmTC_61bd1.exe -Wl,--out-implib,libcmTC_61bd1.dll.a -Wl,--major-image-version,0,--minor-image-version,0 @CMakeFiles/cmTC_61bd1.dir/linklibs.rsp
make[2]: Leaving directory '/home/join/Desktop/vlc3.0/vlc/contrib/win32/projectM/CMakeFiles/CMakeTmp'
make[1]: Leaving directory '/home/join/Desktop/vlc3.0/vlc/contrib/win32/projectM/CMakeFiles/CMakeTmp'


Detecting C compiler ABI info compiled with the following output:
Change Dir: /home/join/Desktop/vlc3.0/vlc/contrib/win32/projectM/CMakeFiles/CMakeTmp

Run Build Command:"/usr/bin/make" "cmTC_d178f/fast"
make[1]: Entering directory '/home/join/Desktop/vlc3.0/vlc/contrib/win32/projectM/CMakeFiles/CMakeTmp'
/usr/bin/make -f CMakeFiles/cmTC_d178f.dir/build.make CMakeFiles/cmTC_d178f.dir/build
make[2]: Entering directory '/home/join/Desktop/vlc3.0/vlc/contrib/win32/projectM/CMakeFiles/CMakeTmp'
Building C object CMakeFiles/cmTC_d178f.dir/CMakeCCompilerABI.c.obj
/usr/bin/i686-w64-mingw32-gcc    -I/home/join/Desktop/vlc3.0/vlc/contrib/i686-w64-mingw32/include -g -O2     -o CMakeFiles/cmTC_d178f.dir/CMakeCCompilerABI.c.obj   -c /usr/share/cmake-3.5/Modules/CMakeCCompilerABI.c
Linking C executable cmTC_d178f.exe
/usr/bin/cmake -E cmake_link_script CMakeFiles/cmTC_d178f.dir/link.txt --verbose=1
/usr/bin/cmake -E remove -f CMakeFiles/cmTC_d178f.dir/objects.a
/usr/bin/i686-w64-mingw32-ar cr CMakeFiles/cmTC_d178f.dir/objects.a @CMakeFiles/cmTC_d178f.dir/objects1.rsp
/usr/bin/i686-w64-mingw32-gcc   -I/home/join/Desktop/vlc3.0/vlc/contrib/i686-w64-mingw32/include -g -O2      -L/home/join/Desktop/vlc3.0/vlc/contrib/i686-w64-mingw32/lib  -v -Wl,--whole-archive CMakeFiles/cmTC_d178f.dir/objects.a -Wl,--no-whole-archive  -o cmTC_d178f.exe -Wl,--out-implib,libcmTC_d178f.dll.a -Wl,--major-image-version,0,--minor-image-version,0   
Using built-in specs.
COLLECT_GCC=/usr/bin/i686-w64-mingw32-gcc
COLLECT_LTO_WRAPPER=/usr/lib/gcc/i686-w64-mingw32/5.3-win32/lto-wrapper
Target: i686-w64-mingw32
Configured with: ../../src/configure --build=x86_64-linux-gnu --prefix=/usr --includedir='/usr/include' --mandir='/usr/share/man' --infodir='/usr/share/info' --sysconfdir=/etc --localstatedir=/var --disable-silent-rules --libexecdir='/usr/lib/gcc-mingw-w64' --disable-maintainer-mode --disable-dependency-tracking --prefix=/usr --enable-shared --enable-static --disable-multilib --with-system-zlib --libexecdir=/usr/lib --without-included-gettext --libdir=/usr/lib --enable-libstdcxx-time=yes --with-tune=generic --enable-version-specific-runtime-libs --enable-fully-dynamic-string --enable-libgomp --enable-languages=c,c++,fortran,objc,obj-c++ --enable-lto --with-plugin-ld --enable-threads=win32 --program-suffix=-win32 --program-prefix=i686-w64-mingw32- --target=i686-w64-mingw32 --with-as=/usr/bin/i686-w64-mingw32-as --with-ld=/usr/bin/i686-w64-mingw32-ld --disable-libatomic
Thread model: win32
gcc version 5.3.1 20160211 (GCC) 
COMPILER_PATH=/usr/lib/gcc/i686-w64-mingw32/5.3-win32/:/usr/lib/gcc/i686-w64-mingw32/5.3-win32/:/usr/lib/gcc/i686-w64-mingw32/:/usr/lib/gcc/i686-w64-mingw32/5.3-win32/:/usr/lib/gcc/i686-w64-mingw32/
LIBRARY_PATH=/usr/lib/gcc/i686-w64-mingw32/5.3-win32/:/usr/lib/gcc/i686-w64-mingw32/5.3-win32/../../../../i686-w64-mingw32/lib/../lib/:/usr/lib/gcc/i686-w64-mingw32/5.3-win32/../../../../i686-w64-mingw32/lib/
COLLECT_GCC_OPTIONS='-I' '/home/join/Desktop/vlc3.0/vlc/contrib/i686-w64-mingw32/include' '-g' '-O2' '-L/home/join/Desktop/vlc3.0/vlc/contrib/i686-w64-mingw32/lib' '-v' '-o' 'cmTC_d178f.exe' '-mtune=generic' '-march=pentiumpro'
 /usr/lib/gcc/i686-w64-mingw32/5.3-win32/collect2 -m i386pe -Bdynamic -o cmTC_d178f.exe /usr/lib/gcc/i686-w64-mingw32/5.3-win32/../../../../i686-w64-mingw32/lib/../lib/crt2.o /usr/lib/gcc/i686-w64-mingw32/5.3-win32/crtbegin.o -L/home/join/Desktop/vlc3.0/vlc/contrib/i686-w64-mingw32/lib -L/usr/lib/gcc/i686-w64-mingw32/5.3-win32 -L/usr/lib/gcc/i686-w64-mingw32/5.3-win32/../../../../i686-w64-mingw32/lib/../lib -L/usr/lib/gcc/i686-w64-mingw32/5.3-win32/../../../../i686-w64-mingw32/lib --whole-archive CMakeFiles/cmTC_d178f.dir/objects.a --no-whole-archive --out-implib libcmTC_d178f.dll.a --major-image-version 0 --minor-image-version 0 -lmingw32 -lgcc -lgcc_eh -lmoldname -lmingwex -lmsvcrt -ladvapi32 -lshell32 -luser32 -lkernel32 -lmingw32 -lgcc -lgcc_eh -lmoldname -lmingwex -lmsvcrt /usr/lib/gcc/i686-w64-mingw32/5.3-win32/crtend.o
make[2]: Leaving directory '/home/join/Desktop/vlc3.0/vlc/contrib/win32/projectM/CMakeFiles/CMakeTmp'
make[1]: Leaving directory '/home/join/Desktop/vlc3.0/vlc/contrib/win32/projectM/CMakeFiles/CMakeTmp'


Parsed C implicit link information from above output:
  link line regex: [^( *|.*[/\])(i686-w64-mingw32-ld|([^/\]+-)?ld|collect2)[^/\]*( |$)]
  ignore line: [Change Dir: /home/join/Desktop/vlc3.0/vlc/contrib/win32/projectM/CMakeFiles/CMakeTmp]
  ignore line: []
  ignore line: [Run Build Command:"/usr/bin/make" "cmTC_d178f/fast"]
  ignore line: [make[1]: Entering directory '/home/join/Desktop/vlc3.0/vlc/contrib/win32/projectM/CMakeFiles/CMakeTmp']
  ignore line: [/usr/bin/make -f CMakeFiles/cmTC_d178f.dir/build.make CMakeFiles/cmTC_d178f.dir/build]
  ignore line: [make[2]: Entering directory '/home/join/Desktop/vlc3.0/vlc/contrib/win32/projectM/CMakeFiles/CMakeTmp']
  ignore line: [Building C object CMakeFiles/cmTC_d178f.dir/CMakeCCompilerABI.c.obj]
  ignore line: [/usr/bin/i686-w64-mingw32-gcc    -I/home/join/Desktop/vlc3.0/vlc/contrib/i686-w64-mingw32/include -g -O2     -o CMakeFiles/cmTC_d178f.dir/CMakeCCompilerABI.c.obj   -c /usr/share/cmake-3.5/Modules/CMakeCCompilerABI.c]
  ignore line: [Linking C executable cmTC_d178f.exe]
  ignore line: [/usr/bin/cmake -E cmake_link_script CMakeFiles/cmTC_d178f.dir/link.txt --verbose=1]
  ignore line: [/usr/bin/cmake -E remove -f CMakeFiles/cmTC_d178f.dir/objects.a]
  ignore line: [/usr/bin/i686-w64-mingw32-ar cr CMakeFiles/cmTC_d178f.dir/objects.a @CMakeFiles/cmTC_d178f.dir/objects1.rsp]
  ignore line: [/usr/bin/i686-w64-mingw32-gcc   -I/home/join/Desktop/vlc3.0/vlc/contrib/i686-w64-mingw32/include -g -O2      -L/home/join/Desktop/vlc3.0/vlc/contrib/i686-w64-mingw32/lib  -v -Wl,--whole-archive CMakeFiles/cmTC_d178f.dir/objects.a -Wl,--no-whole-archive  -o cmTC_d178f.exe -Wl,--out-implib,libcmTC_d178f.dll.a -Wl,--major-image-version,0,--minor-image-version,0   ]
  ignore line: [Using built-in specs.]
  ignore line: [COLLECT_GCC=/usr/bin/i686-w64-mingw32-gcc]
  ignore line: [COLLECT_LTO_WRAPPER=/usr/lib/gcc/i686-w64-mingw32/5.3-win32/lto-wrapper]
  ignore line: [Target: i686-w64-mingw32]
  ignore line: [Configured with: ../../src/configure --build=x86_64-linux-gnu --prefix=/usr --includedir='/usr/include' --mandir='/usr/share/man' --infodir='/usr/share/info' --sysconfdir=/etc --localstatedir=/var --disable-silent-rules --libexecdir='/usr/lib/gcc-mingw-w64' --disable-maintainer-mode --disable-dependency-tracking --prefix=/usr --enable-shared --enable-static --disable-multilib --with-system-zlib --libexecdir=/usr/lib --without-included-gettext --libdir=/usr/lib --enable-libstdcxx-time=yes --with-tune=generic --enable-version-specific-runtime-libs --enable-fully-dynamic-string --enable-libgomp --enable-languages=c,c++,fortran,objc,obj-c++ --enable-lto --with-plugin-ld --enable-threads=win32 --program-suffix=-win32 --program-prefix=i686-w64-mingw32- --target=i686-w64-mingw32 --with-as=/usr/bin/i686-w64-mingw32-as --with-ld=/usr/bin/i686-w64-mingw32-ld --disable-libatomic]
  ignore line: [Thread model: win32]
  ignore line: [gcc version 5.3.1 20160211 (GCC) ]
  ignore line: [COMPILER_PATH=/usr/lib/gcc/i686-w64-mingw32/5.3-win32/:/usr/lib/gcc/i686-w64-mingw32/5.3-win32/:/usr/lib/gcc/i686-w64-mingw32/:/usr/lib/gcc/i686-w64-mingw32/5.3-win32/:/usr/lib/gcc/i686-w64-mingw32/]
  ignore line: [LIBRARY_PATH=/usr/lib/gcc/i686-w64-mingw32/5.3-win32/:/usr/lib/gcc/i686-w64-mingw32/5.3-win32/../../../../i686-w64-mingw32/lib/../lib/:/usr/lib/gcc/i686-w64-mingw32/5.3-win32/../../../../i686-w64-mingw32/lib/]
  ignore line: [COLLECT_GCC_OPTIONS='-I' '/home/join/Desktop/vlc3.0/vlc/contrib/i686-w64-mingw32/include' '-g' '-O2' '-L/home/join/Desktop/vlc3.0/vlc/contrib/i686-w64-mingw32/lib' '-v' '-o' 'cmTC_d178f.exe' '-mtune=generic' '-march=pentiumpro']
  link line: [ /usr/lib/gcc/i686-w64-mingw32/5.3-win32/collect2 -m i386pe -Bdynamic -o cmTC_d178f.exe /usr/lib/gcc/i686-w64-mingw32/5.3-win32/../../../../i686-w64-mingw32/lib/../lib/crt2.o /usr/lib/gcc/i686-w64-mingw32/5.3-win32/crtbegin.o -L/home/join/Desktop/vlc3.0/vlc/contrib/i686-w64-mingw32/lib -L/usr/lib/gcc/i686-w64-mingw32/5.3-win32 -L/usr/lib/gcc/i686-w64-mingw32/5.3-win32/../../../../i686-w64-mingw32/lib/../lib -L/usr/lib/gcc/i686-w64-mingw32/5.3-win32/../../../../i686-w64-mingw32/lib --whole-archive CMakeFiles/cmTC_d178f.dir/objects.a --no-whole-archive --out-implib libcmTC_d178f.dll.a --major-image-version 0 --minor-image-version 0 -lmingw32 -lgcc -lgcc_eh -lmoldname -lmingwex -lmsvcrt -ladvapi32 -lshell32 -luser32 -lkernel32 -lmingw32 -lgcc -lgcc_eh -lmoldname -lmingwex -lmsvcrt /usr/lib/gcc/i686-w64-mingw32/5.3-win32/crtend.o]
    arg [/usr/lib/gcc/i686-w64-mingw32/5.3-win32/collect2] ==> ignore
    arg [-m] ==> ignore
    arg [i386pe] ==> ignore
    arg [-Bdynamic] ==> ignore
    arg [-o] ==> ignore
    arg [cmTC_d178f.exe] ==> ignore
    arg [/usr/lib/gcc/i686-w64-mingw32/5.3-win32/../../../../i686-w64-mingw32/lib/../lib/crt2.o] ==> ignore
    arg [/usr/lib/gcc/i686-w64-mingw32/5.3-win32/crtbegin.o] ==> ignore
    arg [-L/home/join/Desktop/vlc3.0/vlc/contrib/i686-w64-mingw32/lib] ==> dir [/home/join/Desktop/vlc3.0/vlc/contrib/i686-w64-mingw32/lib]
    arg [-L/usr/lib/gcc/i686-w64-mingw32/5.3-win32] ==> dir [/usr/lib/gcc/i686-w64-mingw32/5.3-win32]
    arg [-L/usr/lib/gcc/i686-w64-mingw32/5.3-win32/../../../../i686-w64-mingw32/lib/../lib] ==> dir [/usr/lib/gcc/i686-w64-mingw32/5.3-win32/../../../../i686-w64-mingw32/lib/../lib]
    arg [-L/usr/lib/gcc/i686-w64-mingw32/5.3-win32/../../../../i686-w64-mingw32/lib] ==> dir [/usr/lib/gcc/i686-w64-mingw32/5.3-win32/../../../../i686-w64-mingw32/lib]
    arg [--whole-archive] ==> ignore
    arg [CMakeFiles/cmTC_d178f.dir/objects.a] ==> ignore
    arg [--no-whole-archive] ==> ignore
    arg [--out-implib] ==> ignore
    arg [libcmTC_d178f.dll.a] ==> ignore
    arg [--major-image-version] ==> ignore
    arg [0] ==> ignore
    arg [--minor-image-version] ==> ignore
    arg [0] ==> ignore
    arg [-lmingw32] ==> lib [mingw32]
    arg [-lgcc] ==> lib [gcc]
    arg [-lgcc_eh] ==> lib [gcc_eh]
    arg [-lmoldname] ==> lib [moldname]
    arg [-lmingwex] ==> lib [mingwex]
    arg [-lmsvcrt] ==> lib [msvcrt]
    arg [-ladvapi32] ==> lib [advapi32]
    arg [-lshell32] ==> lib [shell32]
    arg [-luser32] ==> lib [user32]
    arg [-lkernel32] ==> lib [kernel32]
    arg [-lmingw32] ==> lib [mingw32]
    arg [-lgcc] ==> lib [gcc]
    arg [-lgcc_eh] ==> lib [gcc_eh]
    arg [-lmoldname] ==> lib [moldname]
    arg [-lmingwex] ==> lib [mingwex]
    arg [-lmsvcrt] ==> lib [msvcrt]
    arg [/usr/lib/gcc/i686-w64-mingw32/5.3-win32/crtend.o] ==> ignore
  remove lib [gcc]
  remove lib [gcc_eh]
  remove lib [gcc]
  remove lib [gcc_eh]
  collapse library dir [/home/join/Desktop/vlc3.0/vlc/contrib/i686-w64-mingw32/lib] ==> [/home/join/Desktop/vlc3.0/vlc/contrib/i686-w64-mingw32/lib]
  collapse library dir [/usr/lib/gcc/i686-w64-mingw32/5.3-win32] ==> [/usr/lib/gcc/i686-w64-mingw32/5.3-win32]
  collapse library dir [/usr/lib/gcc/i686-w64-mingw32/5.3-win32/../../../../i686-w64-mingw32/lib/../lib] ==> [/usr/i686-w64-mingw32/lib]
  collapse library dir [/usr/lib/gcc/i686-w64-mingw32/5.3-win32/../../../../i686-w64-mingw32/lib] ==> [/usr/i686-w64-mingw32/lib]
  implicit libs: [mingw32;moldname;mingwex;msvcrt;advapi32;shell32;user32;kernel32;mingw32;moldname;mingwex;msvcrt]
  implicit dirs: [/home/join/Desktop/vlc3.0/vlc/contrib/i686-w64-mingw32/lib;/usr/lib/gcc/i686-w64-mingw32/5.3-win32;/usr/i686-w64-mingw32/lib]
  implicit fwks: []




Detecting C [-std=c11] compiler features compiled with the following output:
Change Dir: /home/join/Desktop/vlc3.0/vlc/contrib/win32/projectM/CMakeFiles/CMakeTmp

Run Build Command:"/usr/bin/make" "cmTC_469bb/fast"
make[1]: Entering directory '/home/join/Desktop/vlc3.0/vlc/contrib/win32/projectM/CMakeFiles/CMakeTmp'
/usr/bin/make -f CMakeFiles/cmTC_469bb.dir/build.make CMakeFiles/cmTC_469bb.dir/build
make[2]: Entering directory '/home/join/Desktop/vlc3.0/vlc/contrib/win32/projectM/CMakeFiles/CMakeTmp'
Building C object CMakeFiles/cmTC_469bb.dir/feature_tests.c.obj
/usr/bin/i686-w64-mingw32-gcc    -I/home/join/Desktop/vlc3.0/vlc/contrib/i686-w64-mingw32/include -g -O2     -std=c11 -o CMakeFiles/cmTC_469bb.dir/feature_tests.c.obj   -c /home/join/Desktop/vlc3.0/vlc/contrib/win32/projectM/CMakeFiles/feature_tests.c
Linking C executable cmTC_469bb.exe
/usr/bin/cmake -E cmake_link_script CMakeFiles/cmTC_469bb.dir/link.txt --verbose=1
/usr/bin/cmake -E remove -f CMakeFiles/cmTC_469bb.dir/objects.a
/usr/bin/i686-w64-mingw32-ar cr CMakeFiles/cmTC_469bb.dir/objects.a @CMakeFiles/cmTC_469bb.dir/objects1.rsp
/usr/bin/i686-w64-mingw32-gcc   -I/home/join/Desktop/vlc3.0/vlc/contrib/i686-w64-mingw32/include -g -O2      -L/home/join/Desktop/vlc3.0/vlc/contrib/i686-w64-mingw32/lib   -Wl,--whole-archive CMakeFiles/cmTC_469bb.dir/objects.a -Wl,--no-whole-archive  -o cmTC_469bb.exe -Wl,--out-implib,libcmTC_469bb.dll.a -Wl,--major-image-version,0,--minor-image-version,0 @CMakeFiles/cmTC_469bb.dir/linklibs.rsp
make[2]: Leaving directory '/home/join/Desktop/vlc3.0/vlc/contrib/win32/projectM/CMakeFiles/CMakeTmp'
make[1]: Leaving directory '/home/join/Desktop/vlc3.0/vlc/contrib/win32/projectM/CMakeFiles/CMakeTmp'


    Feature record: C_FEATURE:1c_function_prototypes
    Feature record: C_FEATURE:1c_restrict
    Feature record: C_FEATURE:1c_static_assert
    Feature record: C_FEATURE:1c_variadic_macros


Detecting C [-std=c99] compiler features compiled with the following output:
Change Dir: /home/join/Desktop/vlc3.0/vlc/contrib/win32/projectM/CMakeFiles/CMakeTmp

Run Build Command:"/usr/bin/make" "cmTC_968a8/fast"
make[1]: Entering directory '/home/join/Desktop/vlc3.0/vlc/contrib/win32/projectM/CMakeFiles/CMakeTmp'
/usr/bin/make -f CMakeFiles/cmTC_968a8.dir/build.make CMakeFiles/cmTC_968a8.dir/build
make[2]: Entering directory '/home/join/Desktop/vlc3.0/vlc/contrib/win32/projectM/CMakeFiles/CMakeTmp'
Building C object CMakeFiles/cmTC_968a8.dir/feature_tests.c.obj
/usr/bin/i686-w64-mingw32-gcc    -I/home/join/Desktop/vlc3.0/vlc/contrib/i686-w64-mingw32/include -g -O2     -std=c99 -o CMakeFiles/cmTC_968a8.dir/feature_tests.c.obj   -c /home/join/Desktop/vlc3.0/vlc/contrib/win32/projectM/CMakeFiles/feature_tests.c
Linking C executable cmTC_968a8.exe
/usr/bin/cmake -E cmake_link_script CMakeFiles/cmTC_968a8.dir/link.txt --verbose=1
/usr/bin/cmake -E remove -f CMakeFiles/cmTC_968a8.dir/objects.a
/usr/bin/i686-w64-mingw32-ar cr CMakeFiles/cmTC_968a8.dir/objects.a @CMakeFiles/cmTC_968a8.dir/objects1.rsp
/usr/bin/i686-w64-mingw32-gcc   -I/home/join/Desktop/vlc3.0/vlc/contrib/i686-w64-mingw32/include -g -O2      -L/home/join/Desktop/vlc3.0/vlc/contrib/i686-w64-mingw32/lib   -Wl,--whole-archive CMakeFiles/cmTC_968a8.dir/objects.a -Wl,--no-whole-archive  -o cmTC_968a8.exe -Wl,--out-implib,libcmTC_968a8.dll.a -Wl,--major-image-version,0,--minor-image-version,0 @CMakeFiles/cmTC_968a8.dir/linklibs.rsp
make[2]: Leaving directory '/home/join/Desktop/vlc3.0/vlc/contrib/win32/projectM/CMakeFiles/CMakeTmp'
make[1]: Leaving directory '/home/join/Desktop/vlc3.0/vlc/contrib/win32/projectM/CMakeFiles/CMakeTmp'


    Feature record: C_FEATURE:1c_function_prototypes
    Feature record: C_FEATURE:1c_restrict
    Feature record: C_FEATURE:0c_static_assert
    Feature record: C_FEATURE:1c_variadic_macros


Detecting C [-std=c90] compiler features compiled with the following output:
Change Dir: /home/join/Desktop/vlc3.0/vlc/contrib/win32/projectM/CMakeFiles/CMakeTmp

Run Build Command:"/usr/bin/make" "cmTC_c5eb2/fast"
make[1]: Entering directory '/home/join/Desktop/vlc3.0/vlc/contrib/win32/projectM/CMakeFiles/CMakeTmp'
/usr/bin/make -f CMakeFiles/cmTC_c5eb2.dir/build.make CMakeFiles/cmTC_c5eb2.dir/build
make[2]: Entering directory '/home/join/Desktop/vlc3.0/vlc/contrib/win32/projectM/CMakeFiles/CMakeTmp'
Building C object CMakeFiles/cmTC_c5eb2.dir/feature_tests.c.obj
/usr/bin/i686-w64-mingw32-gcc    -I/home/join/Desktop/vlc3.0/vlc/contrib/i686-w64-mingw32/include -g -O2     -std=c90 -o CMakeFiles/cmTC_c5eb2.dir/feature_tests.c.obj   -c /home/join/Desktop/vlc3.0/vlc/contrib/win32/projectM/CMakeFiles/feature_tests.c
Linking C executable cmTC_c5eb2.exe
/usr/bin/cmake -E cmake_link_script CMakeFiles/cmTC_c5eb2.dir/link.txt --verbose=1
/usr/bin/cmake -E remove -f CMakeFiles/cmTC_c5eb2.dir/objects.a
/usr/bin/i686-w64-mingw32-ar cr CMakeFiles/cmTC_c5eb2.dir/objects.a @CMakeFiles/cmTC_c5eb2.dir/objects1.rsp
/usr/bin/i686-w64-mingw32-gcc   -I/home/join/Desktop/vlc3.0/vlc/contrib/i686-w64-mingw32/include -g -O2      -L/home/join/Desktop/vlc3.0/vlc/contrib/i686-w64-mingw32/lib   -Wl,--whole-archive CMakeFiles/cmTC_c5eb2.dir/objects.a -Wl,--no-whole-archive  -o cmTC_c5eb2.exe -Wl,--out-implib,libcmTC_c5eb2.dll.a -Wl,--major-image-version,0,--minor-image-version,0 @CMakeFiles/cmTC_c5eb2.dir/linklibs.rsp
make[2]: Leaving directory '/home/join/Desktop/vlc3.0/vlc/contrib/win32/projectM/CMakeFiles/CMakeTmp'
make[1]: Leaving directory '/home/join/Desktop/vlc3.0/vlc/contrib/win32/projectM/CMakeFiles/CMakeTmp'


    Feature record: C_FEATURE:1c_function_prototypes
    Feature record: C_FEATURE:0c_restrict
    Feature record: C_FEATURE:0c_static_assert
    Feature record: C_FEATURE:0c_variadic_macros
Determining if the CXX compiler works passed with the following output:
Change Dir: /home/join/Desktop/vlc3.0/vlc/contrib/win32/projectM/CMakeFiles/CMakeTmp

Run Build Command:"/usr/bin/make" "cmTC_db284/fast"
make[1]: Entering directory '/home/join/Desktop/vlc3.0/vlc/contrib/win32/projectM/CMakeFiles/CMakeTmp'
/usr/bin/make -f CMakeFiles/cmTC_db284.dir/build.make CMakeFiles/cmTC_db284.dir/build
make[2]: Entering directory '/home/join/Desktop/vlc3.0/vlc/contrib/win32/projectM/CMakeFiles/CMakeTmp'
Building CXX object CMakeFiles/cmTC_db284.dir/testCXXCompiler.cxx.obj
/usr/bin/i686-w64-mingw32-g++     -I/home/join/Desktop/vlc3.0/vlc/contrib/i686-w64-mingw32/include  -g -O2     -o CMakeFiles/cmTC_db284.dir/testCXXCompiler.cxx.obj -c /home/join/Desktop/vlc3.0/vlc/contrib/win32/projectM/CMakeFiles/CMakeTmp/testCXXCompiler.cxx
Linking CXX executable cmTC_db284.exe
/usr/bin/cmake -E cmake_link_script CMakeFiles/cmTC_db284.dir/link.txt --verbose=1
/usr/bin/cmake -E remove -f CMakeFiles/cmTC_db284.dir/objects.a
/usr/bin/i686-w64-mingw32-ar cr CMakeFiles/cmTC_db284.dir/objects.a @CMakeFiles/cmTC_db284.dir/objects1.rsp
/usr/bin/i686-w64-mingw32-g++   -I/home/join/Desktop/vlc3.0/vlc/contrib/i686-w64-mingw32/include  -g -O2      -L/home/join/Desktop/vlc3.0/vlc/contrib/i686-w64-mingw32/lib   -Wl,--whole-archive CMakeFiles/cmTC_db284.dir/objects.a -Wl,--no-whole-archive  -o cmTC_db284.exe -Wl,--out-implib,libcmTC_db284.dll.a -Wl,--major-image-version,0,--minor-image-version,0 @CMakeFiles/cmTC_db284.dir/linklibs.rsp
make[2]: Leaving directory '/home/join/Desktop/vlc3.0/vlc/contrib/win32/projectM/CMakeFiles/CMakeTmp'
make[1]: Leaving directory '/home/join/Desktop/vlc3.0/vlc/contrib/win32/projectM/CMakeFiles/CMakeTmp'


Detecting CXX compiler ABI info compiled with the following output:
Change Dir: /home/join/Desktop/vlc3.0/vlc/contrib/win32/projectM/CMakeFiles/CMakeTmp

Run Build Command:"/usr/bin/make" "cmTC_b7623/fast"
make[1]: Entering directory '/home/join/Desktop/vlc3.0/vlc/contrib/win32/projectM/CMakeFiles/CMakeTmp'
/usr/bin/make -f CMakeFiles/cmTC_b7623.dir/build.make CMakeFiles/cmTC_b7623.dir/build
make[2]: Entering directory '/home/join/Desktop/vlc3.0/vlc/contrib/win32/projectM/CMakeFiles/CMakeTmp'
Building CXX object CMakeFiles/cmTC_b7623.dir/CMakeCXXCompilerABI.cpp.obj
/usr/bin/i686-w64-mingw32-g++     -I/home/join/Desktop/vlc3.0/vlc/contrib/i686-w64-mingw32/include  -g -O2     -o CMakeFiles/cmTC_b7623.dir/CMakeCXXCompilerABI.cpp.obj -c /usr/share/cmake-3.5/Modules/CMakeCXXCompilerABI.cpp
Linking CXX executable cmTC_b7623.exe
/usr/bin/cmake -E cmake_link_script CMakeFiles/cmTC_b7623.dir/link.txt --verbose=1
/usr/bin/cmake -E remove -f CMakeFiles/cmTC_b7623.dir/objects.a
/usr/bin/i686-w64-mingw32-ar cr CMakeFiles/cmTC_b7623.dir/objects.a @CMakeFiles/cmTC_b7623.dir/objects1.rsp
/usr/bin/i686-w64-mingw32-g++   -I/home/join/Desktop/vlc3.0/vlc/contrib/i686-w64-mingw32/include  -g -O2      -L/home/join/Desktop/vlc3.0/vlc/contrib/i686-w64-mingw32/lib  -v -Wl,--whole-archive CMakeFiles/cmTC_b7623.dir/objects.a -Wl,--no-whole-archive  -o cmTC_b7623.exe -Wl,--out-implib,libcmTC_b7623.dll.a -Wl,--major-image-version,0,--minor-image-version,0   
Using built-in specs.
COLLECT_GCC=/usr/bin/i686-w64-mingw32-g++
COLLECT_LTO_WRAPPER=/usr/lib/gcc/i686-w64-mingw32/5.3-win32/lto-wrapper
Target: i686-w64-mingw32
Configured with: ../../src/configure --build=x86_64-linux-gnu --prefix=/usr --includedir='/usr/include' --mandir='/usr/share/man' --infodir='/usr/share/info' --sysconfdir=/etc --localstatedir=/var --disable-silent-rules --libexecdir='/usr/lib/gcc-mingw-w64' --disable-maintainer-mode --disable-dependency-tracking --prefix=/usr --enable-shared --enable-static --disable-multilib --with-system-zlib --libexecdir=/usr/lib --without-included-gettext --libdir=/usr/lib --enable-libstdcxx-time=yes --with-tune=generic --enable-version-specific-runtime-libs --enable-fully-dynamic-string --enable-libgomp --enable-languages=c,c++,fortran,objc,obj-c++ --enable-lto --with-plugin-ld --enable-threads=win32 --program-suffix=-win32 --program-prefix=i686-w64-mingw32- --target=i686-w64-mingw32 --with-as=/usr/bin/i686-w64-mingw32-as --with-ld=/usr/bin/i686-w64-mingw32-ld --disable-libatomic
Thread model: win32
gcc version 5.3.1 20160211 (GCC) 
COMPILER_PATH=/usr/lib/gcc/i686-w64-mingw32/5.3-win32/:/usr/lib/gcc/i686-w64-mingw32/5.3-win32/:/usr/lib/gcc/i686-w64-mingw32/:/usr/lib/gcc/i686-w64-mingw32/5.3-win32/:/usr/lib/gcc/i686-w64-mingw32/
LIBRARY_PATH=/usr/lib/gcc/i686-w64-mingw32/5.3-win32/:/usr/lib/gcc/i686-w64-mingw32/5.3-win32/../../../../i686-w64-mingw32/lib/../lib/:/usr/lib/gcc/i686-w64-mingw32/5.3-win32/../../../../i686-w64-mingw32/lib/
COLLECT_GCC_OPTIONS='-I' '/home/join/Desktop/vlc3.0/vlc/contrib/i686-w64-mingw32/include' '-g' '-O2' '-L/home/join/Desktop/vlc3.0/vlc/contrib/i686-w64-mingw32/lib' '-v' '-o' 'cmTC_b7623.exe' '-shared-libgcc' '-mtune=generic' '-march=pentiumpro'
 /usr/lib/gcc/i686-w64-mingw32/5.3-win32/collect2 -m i386pe -Bdynamic -o cmTC_b7623.exe /usr/lib/gcc/i686-w64-mingw32/5.3-win32/../../../../i686-w64-mingw32/lib/../lib/crt2.o /usr/lib/gcc/i686-w64-mingw32/5.3-win32/crtbegin.o -L/home/join/Desktop/vlc3.0/vlc/contrib/i686-w64-mingw32/lib -L/usr/lib/gcc/i686-w64-mingw32/5.3-win32 -L/usr/lib/gcc/i686-w64-mingw32/5.3-win32/../../../../i686-w64-mingw32/lib/../lib -L/usr/lib/gcc/i686-w64-mingw32/5.3-win32/../../../../i686-w64-mingw32/lib --whole-archive CMakeFiles/cmTC_b7623.dir/objects.a --no-whole-archive --out-implib libcmTC_b7623.dll.a --major-image-version 0 --minor-image-version 0 -lstdc++ -lmingw32 -lgcc_s -lgcc -lmoldname -lmingwex -lmsvcrt -ladvapi32 -lshell32 -luser32 -lkernel32 -lmingw32 -lgcc_s -lgcc -lmoldname -lmingwex -lmsvcrt /usr/lib/gcc/i686-w64-mingw32/5.3-win32/crtend.o
make[2]: Leaving directory '/home/join/Desktop/vlc3.0/vlc/contrib/win32/projectM/CMakeFiles/CMakeTmp'
make[1]: Leaving directory '/home/join/Desktop/vlc3.0/vlc/contrib/win32/projectM/CMakeFiles/CMakeTmp'


Parsed CXX implicit link information from above output:
  link line regex: [^( *|.*[/\])(i686-w64-mingw32-ld|([^/\]+-)?ld|collect2)[^/\]*( |$)]
  ignore line: [Change Dir: /home/join/Desktop/vlc3.0/vlc/contrib/win32/projectM/CMakeFiles/CMakeTmp]
  ignore line: []
  ignore line: [Run Build Command:"/usr/bin/make" "cmTC_b7623/fast"]
  ignore line: [make[1]: Entering directory '/home/join/Desktop/vlc3.0/vlc/contrib/win32/projectM/CMakeFiles/CMakeTmp']
  ignore line: [/usr/bin/make -f CMakeFiles/cmTC_b7623.dir/build.make CMakeFiles/cmTC_b7623.dir/build]
  ignore line: [make[2]: Entering directory '/home/join/Desktop/vlc3.0/vlc/contrib/win32/projectM/CMakeFiles/CMakeTmp']
  ignore line: [Building CXX object CMakeFiles/cmTC_b7623.dir/CMakeCXXCompilerABI.cpp.obj]
  ignore line: [/usr/bin/i686-w64-mingw32-g++     -I/home/join/Desktop/vlc3.0/vlc/contrib/i686-w64-mingw32/include  -g -O2     -o CMakeFiles/cmTC_b7623.dir/CMakeCXXCompilerABI.cpp.obj -c /usr/share/cmake-3.5/Modules/CMakeCXXCompilerABI.cpp]
  ignore line: [Linking CXX executable cmTC_b7623.exe]
  ignore line: [/usr/bin/cmake -E cmake_link_script CMakeFiles/cmTC_b7623.dir/link.txt --verbose=1]
  ignore line: [/usr/bin/cmake -E remove -f CMakeFiles/cmTC_b7623.dir/objects.a]
  ignore line: [/usr/bin/i686-w64-mingw32-ar cr CMakeFiles/cmTC_b7623.dir/objects.a @CMakeFiles/cmTC_b7623.dir/objects1.rsp]
  ignore line: [/usr/bin/i686-w64-mingw32-g++   -I/home/join/Desktop/vlc3.0/vlc/contrib/i686-w64-mingw32/include  -g -O2      -L/home/join/Desktop/vlc3.0/vlc/contrib/i686-w64-mingw32/lib  -v -Wl,--whole-archive CMakeFiles/cmTC_b7623.dir/objects.a -Wl,--no-whole-archive  -o cmTC_b7623.exe -Wl,--out-implib,libcmTC_b7623.dll.a -Wl,--major-image-version,0,--minor-image-version,0   ]
  ignore line: [Using built-in specs.]
  ignore line: [COLLECT_GCC=/usr/bin/i686-w64-mingw32-g++]
  ignore line: [COLLECT_LTO_WRAPPER=/usr/lib/gcc/i686-w64-mingw32/5.3-win32/lto-wrapper]
  ignore line: [Target: i686-w64-mingw32]
  ignore line: [Configured with: ../../src/configure --build=x86_64-linux-gnu --prefix=/usr --includedir='/usr/include' --mandir='/usr/share/man' --infodir='/usr/share/info' --sysconfdir=/etc --localstatedir=/var --disable-silent-rules --libexecdir='/usr/lib/gcc-mingw-w64' --disable-maintainer-mode --disable-dependency-tracking --prefix=/usr --enable-shared --enable-static --disable-multilib --with-system-zlib --libexecdir=/usr/lib --without-included-gettext --libdir=/usr/lib --enable-libstdcxx-time=yes --with-tune=generic --enable-version-specific-runtime-libs --enable-fully-dynamic-string --enable-libgomp --enable-languages=c,c++,fortran,objc,obj-c++ --enable-lto --with-plugin-ld --enable-threads=win32 --program-suffix=-win32 --program-prefix=i686-w64-mingw32- --target=i686-w64-mingw32 --with-as=/usr/bin/i686-w64-mingw32-as --with-ld=/usr/bin/i686-w64-mingw32-ld --disable-libatomic]
  ignore line: [Thread model: win32]
  ignore line: [gcc version 5.3.1 20160211 (GCC) ]
  ignore line: [COMPILER_PATH=/usr/lib/gcc/i686-w64-mingw32/5.3-win32/:/usr/lib/gcc/i686-w64-mingw32/5.3-win32/:/usr/lib/gcc/i686-w64-mingw32/:/usr/lib/gcc/i686-w64-mingw32/5.3-win32/:/usr/lib/gcc/i686-w64-mingw32/]
  ignore line: [LIBRARY_PATH=/usr/lib/gcc/i686-w64-mingw32/5.3-win32/:/usr/lib/gcc/i686-w64-mingw32/5.3-win32/../../../../i686-w64-mingw32/lib/../lib/:/usr/lib/gcc/i686-w64-mingw32/5.3-win32/../../../../i686-w64-mingw32/lib/]
  ignore line: [COLLECT_GCC_OPTIONS='-I' '/home/join/Desktop/vlc3.0/vlc/contrib/i686-w64-mingw32/include' '-g' '-O2' '-L/home/join/Desktop/vlc3.0/vlc/contrib/i686-w64-mingw32/lib' '-v' '-o' 'cmTC_b7623.exe' '-shared-libgcc' '-mtune=generic' '-march=pentiumpro']
  link line: [ /usr/lib/gcc/i686-w64-mingw32/5.3-win32/collect2 -m i386pe -Bdynamic -o cmTC_b7623.exe /usr/lib/gcc/i686-w64-mingw32/5.3-win32/../../../../i686-w64-mingw32/lib/../lib/crt2.o /usr/lib/gcc/i686-w64-mingw32/5.3-win32/crtbegin.o -L/home/join/Desktop/vlc3.0/vlc/contrib/i686-w64-mingw32/lib -L/usr/lib/gcc/i686-w64-mingw32/5.3-win32 -L/usr/lib/gcc/i686-w64-mingw32/5.3-win32/../../../../i686-w64-mingw32/lib/../lib -L/usr/lib/gcc/i686-w64-mingw32/5.3-win32/../../../../i686-w64-mingw32/lib --whole-archive CMakeFiles/cmTC_b7623.dir/objects.a --no-whole-archive --out-implib libcmTC_b7623.dll.a --major-image-version 0 --minor-image-version 0 -lstdc++ -lmingw32 -lgcc_s -lgcc -lmoldname -lmingwex -lmsvcrt -ladvapi32 -lshell32 -luser32 -lkernel32 -lmingw32 -lgcc_s -lgcc -lmoldname -lmingwex -lmsvcrt /usr/lib/gcc/i686-w64-mingw32/5.3-win32/crtend.o]
    arg [/usr/lib/gcc/i686-w64-mingw32/5.3-win32/collect2] ==> ignore
    arg [-m] ==> ignore
    arg [i386pe] ==> ignore
    arg [-Bdynamic] ==> ignore
    arg [-o] ==> ignore
    arg [cmTC_b7623.exe] ==> ignore
    arg [/usr/lib/gcc/i686-w64-mingw32/5.3-win32/../../../../i686-w64-mingw32/lib/../lib/crt2.o] ==> ignore
    arg [/usr/lib/gcc/i686-w64-mingw32/5.3-win32/crtbegin.o] ==> ignore
    arg [-L/home/join/Desktop/vlc3.0/vlc/contrib/i686-w64-mingw32/lib] ==> dir [/home/join/Desktop/vlc3.0/vlc/contrib/i686-w64-mingw32/lib]
    arg [-L/usr/lib/gcc/i686-w64-mingw32/5.3-win32] ==> dir [/usr/lib/gcc/i686-w64-mingw32/5.3-win32]
    arg [-L/usr/lib/gcc/i686-w64-mingw32/5.3-win32/../../../../i686-w64-mingw32/lib/../lib] ==> dir [/usr/lib/gcc/i686-w64-mingw32/5.3-win32/../../../../i686-w64-mingw32/lib/../lib]
    arg [-L/usr/lib/gcc/i686-w64-mingw32/5.3-win32/../../../../i686-w64-mingw32/lib] ==> dir [/usr/lib/gcc/i686-w64-mingw32/5.3-win32/../../../../i686-w64-mingw32/lib]
    arg [--whole-archive] ==> ignore
    arg [CMakeFiles/cmTC_b7623.dir/objects.a] ==> ignore
    arg [--no-whole-archive] ==> ignore
    arg [--out-implib] ==> ignore
    arg [libcmTC_b7623.dll.a] ==> ignore
    arg [--major-image-version] ==> ignore
    arg [0] ==> ignore
    arg [--minor-image-version] ==> ignore
    arg [0] ==> ignore
    arg [-lstdc++] ==> lib [stdc++]
    arg [-lmingw32] ==> lib [mingw32]
    arg [-lgcc_s] ==> lib [gcc_s]
    arg [-lgcc] ==> lib [gcc]
    arg [-lmoldname] ==> lib [moldname]
    arg [-lmingwex] ==> lib [mingwex]
    arg [-lmsvcrt] ==> lib [msvcrt]
    arg [-ladvapi32] ==> lib [advapi32]
    arg [-lshell32] ==> lib [shell32]
    arg [-luser32] ==> lib [user32]
    arg [-lkernel32] ==> lib [kernel32]
    arg [-lmingw32] ==> lib [mingw32]
    arg [-lgcc_s] ==> lib [gcc_s]
    arg [-lgcc] ==> lib [gcc]
    arg [-lmoldname] ==> lib [moldname]
    arg [-lmingwex] ==> lib [mingwex]
    arg [-lmsvcrt] ==> lib [msvcrt]
    arg [/usr/lib/gcc/i686-w64-mingw32/5.3-win32/crtend.o] ==> ignore
  remove lib [gcc_s]
  remove lib [gcc]
  remove lib [gcc_s]
  remove lib [gcc]
  collapse library dir [/home/join/Desktop/vlc3.0/vlc/contrib/i686-w64-mingw32/lib] ==> [/home/join/Desktop/vlc3.0/vlc/contrib/i686-w64-mingw32/lib]
  collapse library dir [/usr/lib/gcc/i686-w64-mingw32/5.3-win32] ==> [/usr/lib/gcc/i686-w64-mingw32/5.3-win32]
  collapse library dir [/usr/lib/gcc/i686-w64-mingw32/5.3-win32/../../../../i686-w64-mingw32/lib/../lib] ==> [/usr/i686-w64-mingw32/lib]
  collapse library dir [/usr/lib/gcc/i686-w64-mingw32/5.3-win32/../../../../i686-w64-mingw32/lib] ==> [/usr/i686-w64-mingw32/lib]
  implicit libs: [stdc++;mingw32;moldname;mingwex;msvcrt;advapi32;shell32;user32;kernel32;mingw32;moldname;mingwex;msvcrt]
  implicit dirs: [/home/join/Desktop/vlc3.0/vlc/contrib/i686-w64-mingw32/lib;/usr/lib/gcc/i686-w64-mingw32/5.3-win32;/usr/i686-w64-mingw32/lib]
  implicit fwks: []




Detecting CXX [-std=c++14] compiler features compiled with the following output:
Change Dir: /home/join/Desktop/vlc3.0/vlc/contrib/win32/projectM/CMakeFiles/CMakeTmp

Run Build Command:"/usr/bin/make" "cmTC_c56a7/fast"
make[1]: Entering directory '/home/join/Desktop/vlc3.0/vlc/contrib/win32/projectM/CMakeFiles/CMakeTmp'
/usr/bin/make -f CMakeFiles/cmTC_c56a7.dir/build.make CMakeFiles/cmTC_c56a7.dir/build
make[2]: Entering directory '/home/join/Desktop/vlc3.0/vlc/contrib/win32/projectM/CMakeFiles/CMakeTmp'
Building CXX object CMakeFiles/cmTC_c56a7.dir/feature_tests.cxx.obj
/usr/bin/i686-w64-mingw32-g++     -I/home/join/Desktop/vlc3.0/vlc/contrib/i686-w64-mingw32/include  -g -O2     -std=c++14 -o CMakeFiles/cmTC_c56a7.dir/feature_tests.cxx.obj -c /home/join/Desktop/vlc3.0/vlc/contrib/win32/projectM/CMakeFiles/feature_tests.cxx
Linking CXX executable cmTC_c56a7.exe
/usr/bin/cmake -E cmake_link_script CMakeFiles/cmTC_c56a7.dir/link.txt --verbose=1
/usr/bin/cmake -E remove -f CMakeFiles/cmTC_c56a7.dir/objects.a
/usr/bin/i686-w64-mingw32-ar cr CMakeFiles/cmTC_c56a7.dir/objects.a @CMakeFiles/cmTC_c56a7.dir/objects1.rsp
/usr/bin/i686-w64-mingw32-g++   -I/home/join/Desktop/vlc3.0/vlc/contrib/i686-w64-mingw32/include  -g -O2      -L/home/join/Desktop/vlc3.0/vlc/contrib/i686-w64-mingw32/lib   -Wl,--whole-archive CMakeFiles/cmTC_c56a7.dir/objects.a -Wl,--no-whole-archive  -o cmTC_c56a7.exe -Wl,--out-implib,libcmTC_c56a7.dll.a -Wl,--major-image-version,0,--minor-image-version,0 @CMakeFiles/cmTC_c56a7.dir/linklibs.rsp
make[2]: Leaving directory '/home/join/Desktop/vlc3.0/vlc/contrib/win32/projectM/CMakeFiles/CMakeTmp'
make[1]: Leaving directory '/home/join/Desktop/vlc3.0/vlc/contrib/win32/projectM/CMakeFiles/CMakeTmp'


    Feature record: CXX_FEATURE:1cxx_aggregate_default_initializers
    Feature record: CXX_FEATURE:1cxx_alias_templates
    Feature record: CXX_FEATURE:1cxx_alignas
    Feature record: CXX_FEATURE:1cxx_alignof
    Feature record: CXX_FEATURE:1cxx_attributes
    Feature record: CXX_FEATURE:1cxx_attribute_deprecated
    Feature record: CXX_FEATURE:1cxx_auto_type
    Feature record: CXX_FEATURE:1cxx_binary_literals
    Feature record: CXX_FEATURE:1cxx_constexpr
    Feature record: CXX_FEATURE:1cxx_contextual_conversions
    Feature record: CXX_FEATURE:1cxx_decltype
    Feature record: CXX_FEATURE:1cxx_decltype_auto
    Feature record: CXX_FEATURE:1cxx_decltype_incomplete_return_types
    Feature record: CXX_FEATURE:1cxx_default_function_template_args
    Feature record: CXX_FEATURE:1cxx_defaulted_functions
    Feature record: CXX_FEATURE:1cxx_defaulted_move_initializers
    Feature record: CXX_FEATURE:1cxx_delegating_constructors
    Feature record: CXX_FEATURE:1cxx_deleted_functions
    Feature record: CXX_FEATURE:1cxx_digit_separators
    Feature record: CXX_FEATURE:1cxx_enum_forward_declarations
    Feature record: CXX_FEATURE:1cxx_explicit_conversions
    Feature record: CXX_FEATURE:1cxx_extended_friend_declarations
    Feature record: CXX_FEATURE:1cxx_extern_templates
    Feature record: CXX_FEATURE:1cxx_final
    Feature record: CXX_FEATURE:1cxx_func_identifier
    Feature record: CXX_FEATURE:1cxx_generalized_initializers
    Feature record: CXX_FEATURE:1cxx_generic_lambdas
    Feature record: CXX_FEATURE:1cxx_inheriting_constructors
    Feature record: CXX_FEATURE:1cxx_inline_namespaces
    Feature record: CXX_FEATURE:1cxx_lambdas
    Feature record: CXX_FEATURE:1cxx_lambda_init_captures
    Feature record: CXX_FEATURE:1cxx_local_type_template_args
    Feature record: CXX_FEATURE:1cxx_long_long_type
    Feature record: CXX_FEATURE:1cxx_noexcept
    Feature record: CXX_FEATURE:1cxx_nonstatic_member_init
    Feature record: CXX_FEATURE:1cxx_nullptr
    Feature record: CXX_FEATURE:1cxx_override
    Feature record: CXX_FEATURE:1cxx_range_for
    Feature record: CXX_FEATURE:1cxx_raw_string_literals
    Feature record: CXX_FEATURE:1cxx_reference_qualified_functions
    Feature record: CXX_FEATURE:1cxx_relaxed_constexpr
    Feature record: CXX_FEATURE:1cxx_return_type_deduction
    Feature record: CXX_FEATURE:1cxx_right_angle_brackets
    Feature record: CXX_FEATURE:1cxx_rvalue_references
    Feature record: CXX_FEATURE:1cxx_sizeof_member
    Feature record: CXX_FEATURE:1cxx_static_assert
    Feature record: CXX_FEATURE:1cxx_strong_enums
    Feature record: CXX_FEATURE:1cxx_template_template_parameters
    Feature record: CXX_FEATURE:1cxx_thread_local
    Feature record: CXX_FEATURE:1cxx_trailing_return_types
    Feature record: CXX_FEATURE:1cxx_unicode_literals
    Feature record: CXX_FEATURE:1cxx_uniform_initialization
    Feature record: CXX_FEATURE:1cxx_unrestricted_unions
    Feature record: CXX_FEATURE:1cxx_user_literals
    Feature record: CXX_FEATURE:1cxx_variable_templates
    Feature record: CXX_FEATURE:1cxx_variadic_macros
    Feature record: CXX_FEATURE:1cxx_variadic_templates


Detecting CXX [-std=c++11] compiler features compiled with the following output:
Change Dir: /home/join/Desktop/vlc3.0/vlc/contrib/win32/projectM/CMakeFiles/CMakeTmp

Run Build Command:"/usr/bin/make" "cmTC_99941/fast"
make[1]: Entering directory '/home/join/Desktop/vlc3.0/vlc/contrib/win32/projectM/CMakeFiles/CMakeTmp'
/usr/bin/make -f CMakeFiles/cmTC_99941.dir/build.make CMakeFiles/cmTC_99941.dir/build
make[2]: Entering directory '/home/join/Desktop/vlc3.0/vlc/contrib/win32/projectM/CMakeFiles/CMakeTmp'
Building CXX object CMakeFiles/cmTC_99941.dir/feature_tests.cxx.obj
/usr/bin/i686-w64-mingw32-g++     -I/home/join/Desktop/vlc3.0/vlc/contrib/i686-w64-mingw32/include  -g -O2     -std=c++11 -o CMakeFiles/cmTC_99941.dir/feature_tests.cxx.obj -c /home/join/Desktop/vlc3.0/vlc/contrib/win32/projectM/CMakeFiles/feature_tests.cxx
Linking CXX executable cmTC_99941.exe
/usr/bin/cmake -E cmake_link_script CMakeFiles/cmTC_99941.dir/link.txt --verbose=1
/usr/bin/cmake -E remove -f CMakeFiles/cmTC_99941.dir/objects.a
/usr/bin/i686-w64-mingw32-ar cr CMakeFiles/cmTC_99941.dir/objects.a @CMakeFiles/cmTC_99941.dir/objects1.rsp
/usr/bin/i686-w64-mingw32-g++   -I/home/join/Desktop/vlc3.0/vlc/contrib/i686-w64-mingw32/include  -g -O2      -L/home/join/Desktop/vlc3.0/vlc/contrib/i686-w64-mingw32/lib   -Wl,--whole-archive CMakeFiles/cmTC_99941.dir/objects.a -Wl,--no-whole-archive  -o cmTC_99941.exe -Wl,--out-implib,libcmTC_99941.dll.a -Wl,--major-image-version,0,--minor-image-version,0 @CMakeFiles/cmTC_99941.dir/linklibs.rsp
make[2]: Leaving directory '/home/join/Desktop/vlc3.0/vlc/contrib/win32/projectM/CMakeFiles/CMakeTmp'
make[1]: Leaving directory '/home/join/Desktop/vlc3.0/vlc/contrib/win32/projectM/CMakeFiles/CMakeTmp'


    Feature record: CXX_FEATURE:0cxx_aggregate_default_initializers
    Feature record: CXX_FEATURE:1cxx_alias_templates
    Feature record: CXX_FEATURE:1cxx_alignas
    Feature record: CXX_FEATURE:1cxx_alignof
    Feature record: CXX_FEATURE:1cxx_attributes
    Feature record: CXX_FEATURE:0cxx_attribute_deprecated
    Feature record: CXX_FEATURE:1cxx_auto_type
    Feature record: CXX_FEATURE:0cxx_binary_literals
    Feature record: CXX_FEATURE:1cxx_constexpr
    Feature record: CXX_FEATURE:0cxx_contextual_conversions
    Feature record: CXX_FEATURE:1cxx_decltype
    Feature record: CXX_FEATURE:0cxx_decltype_auto
    Feature record: CXX_FEATURE:1cxx_decltype_incomplete_return_types
    Feature record: CXX_FEATURE:1cxx_default_function_template_args
    Feature record: CXX_FEATURE:1cxx_defaulted_functions
    Feature record: CXX_FEATURE:1cxx_defaulted_move_initializers
    Feature record: CXX_FEATURE:1cxx_delegating_constructors
    Feature record: CXX_FEATURE:1cxx_deleted_functions
    Feature record: CXX_FEATURE:0cxx_digit_separators
    Feature record: CXX_FEATURE:1cxx_enum_forward_declarations
    Feature record: CXX_FEATURE:1cxx_explicit_conversions
    Feature record: CXX_FEATURE:1cxx_extended_friend_declarations
    Feature record: CXX_FEATURE:1cxx_extern_templates
    Feature record: CXX_FEATURE:1cxx_final
    Feature record: CXX_FEATURE:1cxx_func_identifier
    Feature record: CXX_FEATURE:1cxx_generalized_initializers
    Feature record: CXX_FEATURE:0cxx_generic_lambdas
    Feature record: CXX_FEATURE:1cxx_inheriting_constructors
    Feature record: CXX_FEATURE:1cxx_inline_namespaces
    Feature record: CXX_FEATURE:1cxx_lambdas
    Feature record: CXX_FEATURE:0cxx_lambda_init_captures
    Feature record: CXX_FEATURE:1cxx_local_type_template_args
    Feature record: CXX_FEATURE:1cxx_long_long_type
    Feature record: CXX_FEATURE:1cxx_noexcept
    Feature record: CXX_FEATURE:1cxx_nonstatic_member_init
    Feature record: CXX_FEATURE:1cxx_nullptr
    Feature record: CXX_FEATURE:1cxx_override
    Feature record: CXX_FEATURE:1cxx_range_for
    Feature record: CXX_FEATURE:1cxx_raw_string_literals
    Feature record: CXX_FEATURE:1cxx_reference_qualified_functions
    Feature record: CXX_FEATURE:0cxx_relaxed_constexpr
    Feature record: CXX_FEATURE:0cxx_return_type_deduction
    Feature record: CXX_FEATURE:1cxx_right_angle_brackets
    Feature record: CXX_FEATURE:1cxx_rvalue_references
    Feature record: CXX_FEATURE:1cxx_sizeof_member
    Feature record: CXX_FEATURE:1cxx_static_assert
    Feature record: CXX_FEATURE:1cxx_strong_enums
    Feature record: CXX_FEATURE:1cxx_template_template_parameters
    Feature record: CXX_FEATURE:1cxx_thread_local
    Feature record: CXX_FEATURE:1cxx_trailing_return_types
    Feature record: CXX_FEATURE:1cxx_unicode_literals
    Feature record: CXX_FEATURE:1cxx_uniform_initialization
    Feature record: CXX_FEATURE:1cxx_unrestricted_unions
    Feature record: CXX_FEATURE:1cxx_user_literals
    Feature record: CXX_FEATURE:0cxx_variable_templates
    Feature record: CXX_FEATURE:1cxx_variadic_macros
    Feature record: CXX_FEATURE:1cxx_variadic_templates


Detecting CXX [-std=c++98] compiler features compiled with the following output:
Change Dir: /home/join/Desktop/vlc3.0/vlc/contrib/win32/projectM/CMakeFiles/CMakeTmp

Run Build Command:"/usr/bin/make" "cmTC_0498b/fast"
make[1]: Entering directory '/home/join/Desktop/vlc3.0/vlc/contrib/win32/projectM/CMakeFiles/CMakeTmp'
/usr/bin/make -f CMakeFiles/cmTC_0498b.dir/build.make CMakeFiles/cmTC_0498b.dir/build
make[2]: Entering directory '/home/join/Desktop/vlc3.0/vlc/contrib/win32/projectM/CMakeFiles/CMakeTmp'
Building CXX object CMakeFiles/cmTC_0498b.dir/feature_tests.cxx.obj
/usr/bin/i686-w64-mingw32-g++     -I/home/join/Desktop/vlc3.0/vlc/contrib/i686-w64-mingw32/include  -g -O2     -std=c++98 -o CMakeFiles/cmTC_0498b.dir/feature_tests.cxx.obj -c /home/join/Desktop/vlc3.0/vlc/contrib/win32/projectM/CMakeFiles/feature_tests.cxx
Linking CXX executable cmTC_0498b.exe
/usr/bin/cmake -E cmake_link_script CMakeFiles/cmTC_0498b.dir/link.txt --verbose=1
/usr/bin/cmake -E remove -f CMakeFiles/cmTC_0498b.dir/objects.a
/usr/bin/i686-w64-mingw32-ar cr CMakeFiles/cmTC_0498b.dir/objects.a @CMakeFiles/cmTC_0498b.dir/objects1.rsp
/usr/bin/i686-w64-mingw32-g++   -I/home/join/Desktop/vlc3.0/vlc/contrib/i686-w64-mingw32/include  -g -O2      -L/home/join/Desktop/vlc3.0/vlc/contrib/i686-w64-mingw32/lib   -Wl,--whole-archive CMakeFiles/cmTC_0498b.dir/objects.a -Wl,--no-whole-archive  -o cmTC_0498b.exe -Wl,--out-implib,libcmTC_0498b.dll.a -Wl,--major-image-version,0,--minor-image-version,0 @CMakeFiles/cmTC_0498b.dir/linklibs.rsp
make[2]: Leaving directory '/home/join/Desktop/vlc3.0/vlc/contrib/win32/projectM/CMakeFiles/CMakeTmp'
make[1]: Leaving directory '/home/join/Desktop/vlc3.0/vlc/contrib/win32/projectM/CMakeFiles/CMakeTmp'


    Feature record: CXX_FEATURE:0cxx_aggregate_default_initializers
    Feature record: CXX_FEATURE:0cxx_alias_templates
    Feature record: CXX_FEATURE:0cxx_alignas
    Feature record: CXX_FEATURE:0cxx_alignof
    Feature record: CXX_FEATURE:0cxx_attributes
    Feature record: CXX_FEATURE:0cxx_attribute_deprecated
    Feature record: CXX_FEATURE:0cxx_auto_type
    Feature record: CXX_FEATURE:0cxx_binary_literals
    Feature record: CXX_FEATURE:0cxx_constexpr
    Feature record: CXX_FEATURE:0cxx_contextual_conversions
    Feature record: CXX_FEATURE:0cxx_decltype
    Feature record: CXX_FEATURE:0cxx_decltype_auto
    Feature record: CXX_FEATURE:0cxx_decltype_incomplete_return_types
    Feature record: CXX_FEATURE:0cxx_default_function_template_args
    Feature record: CXX_FEATURE:0cxx_defaulted_functions
    Feature record: CXX_FEATURE:0cxx_defaulted_move_initializers
    Feature record: CXX_FEATURE:0cxx_delegating_constructors
    Feature record: CXX_FEATURE:0cxx_deleted_functions
    Feature record: CXX_FEATURE:0cxx_digit_separators
    Feature record: CXX_FEATURE:0cxx_enum_forward_declarations
    Feature record: CXX_FEATURE:0cxx_explicit_conversions
    Feature record: CXX_FEATURE:0cxx_extended_friend_declarations
    Feature record: CXX_FEATURE:0cxx_extern_templates
    Feature record: CXX_FEATURE:0cxx_final
    Feature record: CXX_FEATURE:0cxx_func_identifier
    Feature record: CXX_FEATURE:0cxx_generalized_initializers
    Feature record: CXX_FEATURE:0cxx_generic_lambdas
    Feature record: CXX_FEATURE:0cxx_inheriting_constructors
    Feature record: CXX_FEATURE:0cxx_inline_namespaces
    Feature record: CXX_FEATURE:0cxx_lambdas
    Feature record: CXX_FEATURE:0cxx_lambda_init_captures
    Feature record: CXX_FEATURE:0cxx_local_type_template_args
    Feature record: CXX_FEATURE:0cxx_long_long_type
    Feature record: CXX_FEATURE:0cxx_noexcept
    Feature record: CXX_FEATURE:0cxx_nonstatic_member_init
    Feature record: CXX_FEATURE:0cxx_nullptr
    Feature record: CXX_FEATURE:0cxx_override
    Feature record: CXX_FEATURE:0cxx_range_for
    Feature record: CXX_FEATURE:0cxx_raw_string_literals
    Feature record: CXX_FEATURE:0cxx_reference_qualified_functions
    Feature record: CXX_FEATURE:0cxx_relaxed_constexpr
    Feature record: CXX_FEATURE:0cxx_return_type_deduction
    Feature record: CXX_FEATURE:0cxx_right_angle_brackets
    Feature record: CXX_FEATURE:0cxx_rvalue_references
    Feature record: CXX_FEATURE:0cxx_sizeof_member
    Feature record: CXX_FEATURE:0cxx_static_assert
    Feature record: CXX_FEATURE:0cxx_strong_enums
    Feature record: CXX_FEATURE:1cxx_template_template_parameters
    Feature record: CXX_FEATURE:0cxx_thread_local
    Feature record: CXX_FEATURE:0cxx_trailing_return_types
    Feature record: CXX_FEATURE:0cxx_unicode_literals
    Feature record: CXX_FEATURE:0cxx_uniform_initialization
    Feature record: CXX_FEATURE:0cxx_unrestricted_unions
    Feature record: CXX_FEATURE:0cxx_user_literals
    Feature record: CXX_FEATURE:0cxx_variable_templates
    Feature record: CXX_FEATURE:0cxx_variadic_macros
    Feature record: CXX_FEATURE:0cxx_variadic_templates
