This file contains any messages produced by compilers while
running configure, to aid debugging if configure makes a mistake.

It was created by libmodplug configure 0.8.8.5, which was
generated by GNU Autoconf 2.69.  Invocation command line was

  $ ./configure --prefix=/home/join/Desktop/vlc3.0/vlc/contrib/i686-w64-mingw32 --datarootdir=/home/join/Desktop/vlc3.0/vlc/contrib/i686-w64-mingw32/share --includedir=/home/join/Desktop/vlc3.0/vlc/contrib/i686-w64-mingw32/include --libdir=/home/join/Desktop/vlc3.0/vlc/contrib/i686-w64-mingw32/lib --build=x86_64-linux-gnu --host=i686-w64-mingw32 --target=i686-w64-mingw32 --program-prefix= --enable-static --disable-shared --disable-dependency-tracking --without-pic

## --------- ##
## Platform. ##
## --------- ##

hostname = join-virtual-machine
uname -m = x86_64
uname -r = 4.13.0-43-generic
uname -s = Linux
uname -v = #48~16.04.1-Ubuntu SMP Thu May 17 12:56:46 UTC 2018

/usr/bin/uname -p = unknown
/bin/uname -X     = unknown

/bin/arch              = unknown
/usr/bin/arch -k       = unknown
/usr/convex/getsysinfo = unknown
/usr/bin/hostinfo      = unknown
/bin/machine           = unknown
/usr/bin/oslevel       = unknown
/bin/universe          = unknown

PATH: /home/join/Desktop/vlc3.0/vlc/contrib/i686-w64-mingw32/bin
PATH: /home/join/Desktop/vlc3.0/vlc/extras/tools/build/bin
PATH: /usr/local/sbin
PATH: /usr/local/bin
PATH: /usr/sbin
PATH: /usr/bin
PATH: /sbin
PATH: /bin
PATH: /snap/bin


## ----------- ##
## Core tests. ##
## ----------- ##

configure:2590: checking for a BSD-compatible install
configure:2658: result: /usr/bin/install -c
configure:2669: checking whether build environment is sane
configure:2724: result: yes
configure:2783: checking for i686-w64-mingw32-strip
configure:2810: result: i686-w64-mingw32-strip
configure:2875: checking for a thread-safe mkdir -p
configure:2914: result: /bin/mkdir -p
configure:2921: checking for gawk
configure:2951: result: no
configure:2921: checking for mawk
configure:2937: found /usr/bin/mawk
configure:2948: result: mawk
configure:2959: checking whether make sets $(MAKE)
configure:2981: result: yes
configure:3010: checking whether make supports nested variables
configure:3027: result: yes
configure:3164: checking whether make supports nested variables
configure:3181: result: yes
configure:3262: checking for i686-w64-mingw32-gcc
configure:3289: result: i686-w64-mingw32-gcc
configure:3558: checking for C compiler version
configure:3567: i686-w64-mingw32-gcc --version >&5
i686-w64-mingw32-gcc (GCC) 5.3.1 20160211
Copyright (C) 2015 Free Software Foundation, Inc.
This is free software; see the source for copying conditions.  There is NO
warranty; not even for MERCHANTABILITY or FITNESS FOR A PARTICULAR PURPOSE.

configure:3578: $? = 0
configure:3567: i686-w64-mingw32-gcc -v >&5
Using built-in specs.
COLLECT_GCC=i686-w64-mingw32-gcc
COLLECT_LTO_WRAPPER=/usr/lib/gcc/i686-w64-mingw32/5.3-win32/lto-wrapper
Target: i686-w64-mingw32
Configured with: ../../src/configure --build=x86_64-linux-gnu --prefix=/usr --includedir='/usr/include' --mandir='/usr/share/man' --infodir='/usr/share/info' --sysconfdir=/etc --localstatedir=/var --disable-silent-rules --libexecdir='/usr/lib/gcc-mingw-w64' --disable-maintainer-mode --disable-dependency-tracking --prefix=/usr --enable-shared --enable-static --disable-multilib --with-system-zlib --libexecdir=/usr/lib --without-included-gettext --libdir=/usr/lib --enable-libstdcxx-time=yes --with-tune=generic --enable-version-specific-runtime-libs --enable-fully-dynamic-string --enable-libgomp --enable-languages=c,c++,fortran,objc,obj-c++ --enable-lto --with-plugin-ld --enable-threads=win32 --program-suffix=-win32 --program-prefix=i686-w64-mingw32- --target=i686-w64-mingw32 --with-as=/usr/bin/i686-w64-mingw32-as --with-ld=/usr/bin/i686-w64-mingw32-ld --disable-libatomic
Thread model: win32
gcc version 5.3.1 20160211 (GCC) 
configure:3578: $? = 0
configure:3567: i686-w64-mingw32-gcc -V >&5
i686-w64-mingw32-gcc: error: unrecognized command line option '-V'
i686-w64-mingw32-gcc: fatal error: no input files
compilation terminated.
configure:3578: $? = 1
configure:3567: i686-w64-mingw32-gcc -qversion >&5
i686-w64-mingw32-gcc: error: unrecognized command line option '-qversion'
i686-w64-mingw32-gcc: fatal error: no input files
compilation terminated.
configure:3578: $? = 1
configure:3598: checking whether the C compiler works
configure:3620: i686-w64-mingw32-gcc  -I/home/join/Desktop/vlc3.0/vlc/contrib/i686-w64-mingw32/include -g -O2  -I/home/join/Desktop/vlc3.0/vlc/contrib/i686-w64-mingw32/include  -L/home/join/Desktop/vlc3.0/vlc/contrib/i686-w64-mingw32/lib  conftest.c  >&5
configure:3624: $? = 0
configure:3672: result: yes
configure:3675: checking for C compiler default output file name
configure:3677: result: a.exe
configure:3683: checking for suffix of executables
configure:3690: i686-w64-mingw32-gcc -o conftest.exe  -I/home/join/Desktop/vlc3.0/vlc/contrib/i686-w64-mingw32/include -g -O2  -I/home/join/Desktop/vlc3.0/vlc/contrib/i686-w64-mingw32/include  -L/home/join/Desktop/vlc3.0/vlc/contrib/i686-w64-mingw32/lib  conftest.c  >&5
configure:3694: $? = 0
configure:3716: result: .exe
configure:3738: checking whether we are cross compiling
configure:3776: result: yes
configure:3781: checking for suffix of object files
configure:3803: i686-w64-mingw32-gcc -c  -I/home/join/Desktop/vlc3.0/vlc/contrib/i686-w64-mingw32/include -g -O2  -I/home/join/Desktop/vlc3.0/vlc/contrib/i686-w64-mingw32/include conftest.c >&5
configure:3807: $? = 0
configure:3828: result: o
configure:3832: checking whether we are using the GNU C compiler
configure:3851: i686-w64-mingw32-gcc -c  -I/home/join/Desktop/vlc3.0/vlc/contrib/i686-w64-mingw32/include -g -O2  -I/home/join/Desktop/vlc3.0/vlc/contrib/i686-w64-mingw32/include conftest.c >&5
configure:3851: $? = 0
configure:3860: result: yes
configure:3869: checking whether i686-w64-mingw32-gcc accepts -g
configure:3889: i686-w64-mingw32-gcc -c -g  -I/home/join/Desktop/vlc3.0/vlc/contrib/i686-w64-mingw32/include conftest.c >&5
configure:3889: $? = 0
configure:3930: result: yes
configure:3947: checking for i686-w64-mingw32-gcc option to accept ISO C89
configure:4010: i686-w64-mingw32-gcc  -c  -I/home/join/Desktop/vlc3.0/vlc/contrib/i686-w64-mingw32/include -g -O2  -I/home/join/Desktop/vlc3.0/vlc/contrib/i686-w64-mingw32/include conftest.c >&5
configure:4010: $? = 0
configure:4023: result: none needed
configure:4048: checking whether i686-w64-mingw32-gcc understands -c and -o together
configure:4070: i686-w64-mingw32-gcc -c conftest.c -o conftest2.o
configure:4073: $? = 0
configure:4070: i686-w64-mingw32-gcc -c conftest.c -o conftest2.o
configure:4073: $? = 0
configure:4085: result: yes
configure:4113: checking for style of include used by make
configure:4141: result: GNU
configure:4167: checking dependency style of i686-w64-mingw32-gcc
configure:4278: result: none
configure:4405: checking for C++ compiler version
configure:4414: i686-w64-mingw32-g++ --version >&5
i686-w64-mingw32-g++ (GCC) 5.3.1 20160211
Copyright (C) 2015 Free Software Foundation, Inc.
This is free software; see the source for copying conditions.  There is NO
warranty; not even for MERCHANTABILITY or FITNESS FOR A PARTICULAR PURPOSE.

configure:4425: $? = 0
configure:4414: i686-w64-mingw32-g++ -v >&5
Using built-in specs.
COLLECT_GCC=i686-w64-mingw32-g++
COLLECT_LTO_WRAPPER=/usr/lib/gcc/i686-w64-mingw32/5.3-win32/lto-wrapper
Target: i686-w64-mingw32
Configured with: ../../src/configure --build=x86_64-linux-gnu --prefix=/usr --includedir='/usr/include' --mandir='/usr/share/man' --infodir='/usr/share/info' --sysconfdir=/etc --localstatedir=/var --disable-silent-rules --libexecdir='/usr/lib/gcc-mingw-w64' --disable-maintainer-mode --disable-dependency-tracking --prefix=/usr --enable-shared --enable-static --disable-multilib --with-system-zlib --libexecdir=/usr/lib --without-included-gettext --libdir=/usr/lib --enable-libstdcxx-time=yes --with-tune=generic --enable-version-specific-runtime-libs --enable-fully-dynamic-string --enable-libgomp --enable-languages=c,c++,fortran,objc,obj-c++ --enable-lto --with-plugin-ld --enable-threads=win32 --program-suffix=-win32 --program-prefix=i686-w64-mingw32- --target=i686-w64-mingw32 --with-as=/usr/bin/i686-w64-mingw32-as --with-ld=/usr/bin/i686-w64-mingw32-ld --disable-libatomic
Thread model: win32
gcc version 5.3.1 20160211 (GCC) 
configure:4425: $? = 0
configure:4414: i686-w64-mingw32-g++ -V >&5
i686-w64-mingw32-g++: error: unrecognized command line option '-V'
i686-w64-mingw32-g++: fatal error: no input files
compilation terminated.
configure:4425: $? = 1
configure:4414: i686-w64-mingw32-g++ -qversion >&5
i686-w64-mingw32-g++: error: unrecognized command line option '-qversion'
i686-w64-mingw32-g++: fatal error: no input files
compilation terminated.
configure:4425: $? = 1
configure:4429: checking whether we are using the GNU C++ compiler
configure:4448: i686-w64-mingw32-g++ -c  -I/home/join/Desktop/vlc3.0/vlc/contrib/i686-w64-mingw32/include  -g -O2  -I/home/join/Desktop/vlc3.0/vlc/contrib/i686-w64-mingw32/include conftest.cpp >&5
configure:4448: $? = 0
configure:4457: result: yes
configure:4466: checking whether i686-w64-mingw32-g++ accepts -g
configure:4486: i686-w64-mingw32-g++ -c -g  -I/home/join/Desktop/vlc3.0/vlc/contrib/i686-w64-mingw32/include conftest.cpp >&5
configure:4486: $? = 0
configure:4527: result: yes
configure:4552: checking dependency style of i686-w64-mingw32-g++
configure:4663: result: none
configure:4690: checking how to run the C++ preprocessor
configure:4717: i686-w64-mingw32-g++ -E  -I/home/join/Desktop/vlc3.0/vlc/contrib/i686-w64-mingw32/include conftest.cpp
configure:4717: $? = 0
configure:4731: i686-w64-mingw32-g++ -E  -I/home/join/Desktop/vlc3.0/vlc/contrib/i686-w64-mingw32/include conftest.cpp
conftest.cpp:11:28: fatal error: ac_nonexistent.h: No such file or directory
compilation terminated.
configure:4731: $? = 1
configure: failed program was:
| /* confdefs.h */
| #define PACKAGE_NAME "libmodplug"
| #define PACKAGE_TARNAME "libmodplug"
| #define PACKAGE_VERSION "0.8.8.5"
| #define PACKAGE_STRING "libmodplug 0.8.8.5"
| #define PACKAGE_BUGREPORT ""
| #define PACKAGE_URL ""
| #define PACKAGE "libmodplug"
| #define VERSION "0.8.8.5"
| /* end confdefs.h.  */
| #include <ac_nonexistent.h>
configure:4756: result: i686-w64-mingw32-g++ -E
configure:4776: i686-w64-mingw32-g++ -E  -I/home/join/Desktop/vlc3.0/vlc/contrib/i686-w64-mingw32/include conftest.cpp
configure:4776: $? = 0
configure:4790: i686-w64-mingw32-g++ -E  -I/home/join/Desktop/vlc3.0/vlc/contrib/i686-w64-mingw32/include conftest.cpp
conftest.cpp:11:28: fatal error: ac_nonexistent.h: No such file or directory
compilation terminated.
configure:4790: $? = 1
configure: failed program was:
| /* confdefs.h */
| #define PACKAGE_NAME "libmodplug"
| #define PACKAGE_TARNAME "libmodplug"
| #define PACKAGE_VERSION "0.8.8.5"
| #define PACKAGE_STRING "libmodplug 0.8.8.5"
| #define PACKAGE_BUGREPORT ""
| #define PACKAGE_URL ""
| #define PACKAGE "libmodplug"
| #define VERSION "0.8.8.5"
| /* end confdefs.h.  */
| #include <ac_nonexistent.h>
configure:4819: checking for grep that handles long lines and -e
configure:4877: result: /bin/grep
configure:4882: checking for egrep
configure:4944: result: /bin/grep -E
configure:4949: checking for ANSI C header files
configure:4969: i686-w64-mingw32-g++ -c  -I/home/join/Desktop/vlc3.0/vlc/contrib/i686-w64-mingw32/include  -g -O2  -I/home/join/Desktop/vlc3.0/vlc/contrib/i686-w64-mingw32/include conftest.cpp >&5
configure:4969: $? = 0
configure:5053: result: yes
configure:5066: checking for sys/types.h
configure:5066: i686-w64-mingw32-g++ -c  -I/home/join/Desktop/vlc3.0/vlc/contrib/i686-w64-mingw32/include  -g -O2  -I/home/join/Desktop/vlc3.0/vlc/contrib/i686-w64-mingw32/include conftest.cpp >&5
configure:5066: $? = 0
configure:5066: result: yes
configure:5066: checking for sys/stat.h
configure:5066: i686-w64-mingw32-g++ -c  -I/home/join/Desktop/vlc3.0/vlc/contrib/i686-w64-mingw32/include  -g -O2  -I/home/join/Desktop/vlc3.0/vlc/contrib/i686-w64-mingw32/include conftest.cpp >&5
configure:5066: $? = 0
configure:5066: result: yes
configure:5066: checking for stdlib.h
configure:5066: i686-w64-mingw32-g++ -c  -I/home/join/Desktop/vlc3.0/vlc/contrib/i686-w64-mingw32/include  -g -O2  -I/home/join/Desktop/vlc3.0/vlc/contrib/i686-w64-mingw32/include conftest.cpp >&5
configure:5066: $? = 0
configure:5066: result: yes
configure:5066: checking for string.h
configure:5066: i686-w64-mingw32-g++ -c  -I/home/join/Desktop/vlc3.0/vlc/contrib/i686-w64-mingw32/include  -g -O2  -I/home/join/Desktop/vlc3.0/vlc/contrib/i686-w64-mingw32/include conftest.cpp >&5
configure:5066: $? = 0
configure:5066: result: yes
configure:5066: checking for memory.h
configure:5066: i686-w64-mingw32-g++ -c  -I/home/join/Desktop/vlc3.0/vlc/contrib/i686-w64-mingw32/include  -g -O2  -I/home/join/Desktop/vlc3.0/vlc/contrib/i686-w64-mingw32/include conftest.cpp >&5
configure:5066: $? = 0
configure:5066: result: yes
configure:5066: checking for strings.h
configure:5066: i686-w64-mingw32-g++ -c  -I/home/join/Desktop/vlc3.0/vlc/contrib/i686-w64-mingw32/include  -g -O2  -I/home/join/Desktop/vlc3.0/vlc/contrib/i686-w64-mingw32/include conftest.cpp >&5
configure:5066: $? = 0
configure:5066: result: yes
configure:5066: checking for inttypes.h
configure:5066: i686-w64-mingw32-g++ -c  -I/home/join/Desktop/vlc3.0/vlc/contrib/i686-w64-mingw32/include  -g -O2  -I/home/join/Desktop/vlc3.0/vlc/contrib/i686-w64-mingw32/include conftest.cpp >&5
configure:5066: $? = 0
configure:5066: result: yes
configure:5066: checking for stdint.h
configure:5066: i686-w64-mingw32-g++ -c  -I/home/join/Desktop/vlc3.0/vlc/contrib/i686-w64-mingw32/include  -g -O2  -I/home/join/Desktop/vlc3.0/vlc/contrib/i686-w64-mingw32/include conftest.cpp >&5
configure:5066: $? = 0
configure:5066: result: yes
configure:5066: checking for unistd.h
configure:5066: i686-w64-mingw32-g++ -c  -I/home/join/Desktop/vlc3.0/vlc/contrib/i686-w64-mingw32/include  -g -O2  -I/home/join/Desktop/vlc3.0/vlc/contrib/i686-w64-mingw32/include conftest.cpp >&5
configure:5066: $? = 0
configure:5066: result: yes
configure:5078: checking whether byte ordering is bigendian
configure:5093: i686-w64-mingw32-g++ -c  -I/home/join/Desktop/vlc3.0/vlc/contrib/i686-w64-mingw32/include  -g -O2  -I/home/join/Desktop/vlc3.0/vlc/contrib/i686-w64-mingw32/include conftest.cpp >&5
conftest.cpp:22:9: error: expected unqualified-id before 'not' token
         not a universal capable compiler
         ^
configure:5093: $? = 1
configure: failed program was:
| /* confdefs.h */
| #define PACKAGE_NAME "libmodplug"
| #define PACKAGE_TARNAME "libmodplug"
| #define PACKAGE_VERSION "0.8.8.5"
| #define PACKAGE_STRING "libmodplug 0.8.8.5"
| #define PACKAGE_BUGREPORT ""
| #define PACKAGE_URL ""
| #define PACKAGE "libmodplug"
| #define VERSION "0.8.8.5"
| #define STDC_HEADERS 1
| #define HAVE_SYS_TYPES_H 1
| #define HAVE_SYS_STAT_H 1
| #define HAVE_STDLIB_H 1
| #define HAVE_STRING_H 1
| #define HAVE_MEMORY_H 1
| #define HAVE_STRINGS_H 1
| #define HAVE_INTTYPES_H 1
| #define HAVE_STDINT_H 1
| #define HAVE_UNISTD_H 1
| /* end confdefs.h.  */
| #ifndef __APPLE_CC__
| 	       not a universal capable compiler
| 	     #endif
| 	     typedef int dummy;
| 
configure:5138: i686-w64-mingw32-g++ -c  -I/home/join/Desktop/vlc3.0/vlc/contrib/i686-w64-mingw32/include  -g -O2  -I/home/join/Desktop/vlc3.0/vlc/contrib/i686-w64-mingw32/include conftest.cpp >&5
configure:5138: $? = 0
configure:5156: i686-w64-mingw32-g++ -c  -I/home/join/Desktop/vlc3.0/vlc/contrib/i686-w64-mingw32/include  -g -O2  -I/home/join/Desktop/vlc3.0/vlc/contrib/i686-w64-mingw32/include conftest.cpp >&5
conftest.cpp: In function 'int main()':
conftest.cpp:28:8: error: 'big' was not declared in this scope
    not big endian
        ^
configure:5156: $? = 1
configure: failed program was:
| /* confdefs.h */
| #define PACKAGE_NAME "libmodplug"
| #define PACKAGE_TARNAME "libmodplug"
| #define PACKAGE_VERSION "0.8.8.5"
| #define PACKAGE_STRING "libmodplug 0.8.8.5"
| #define PACKAGE_BUGREPORT ""
| #define PACKAGE_URL ""
| #define PACKAGE "libmodplug"
| #define VERSION "0.8.8.5"
| #define STDC_HEADERS 1
| #define HAVE_SYS_TYPES_H 1
| #define HAVE_SYS_STAT_H 1
| #define HAVE_STDLIB_H 1
| #define HAVE_STRING_H 1
| #define HAVE_MEMORY_H 1
| #define HAVE_STRINGS_H 1
| #define HAVE_INTTYPES_H 1
| #define HAVE_STDINT_H 1
| #define HAVE_UNISTD_H 1
| /* end confdefs.h.  */
| #include <sys/types.h>
| 		#include <sys/param.h>
| 
| int
| main ()
| {
| #if BYTE_ORDER != BIG_ENDIAN
| 		 not big endian
| 		#endif
| 
|   ;
|   return 0;
| }
configure:5284: result: no
configure:5335: checking build system type
configure:5349: result: x86_64-pc-linux-gnu
configure:5369: checking host system type
configure:5382: result: i686-w64-mingw32
configure:5423: checking how to print strings
configure:5450: result: printf
configure:5471: checking for a sed that does not truncate output
configure:5535: result: /bin/sed
configure:5553: checking for fgrep
configure:5615: result: /bin/grep -F
configure:5650: checking for ld used by i686-w64-mingw32-gcc
configure:5717: result: i686-w64-mingw32-ld
configure:5724: checking if the linker (i686-w64-mingw32-ld) is GNU ld
configure:5739: result: yes
configure:5751: checking for BSD- or MS-compatible name lister (nm)
configure:5805: result: /usr/bin/i686-w64-mingw32-nm -B
configure:5935: checking the name lister (/usr/bin/i686-w64-mingw32-nm -B) interface
configure:5942: i686-w64-mingw32-g++ -c  -I/home/join/Desktop/vlc3.0/vlc/contrib/i686-w64-mingw32/include  -g -O2  -I/home/join/Desktop/vlc3.0/vlc/contrib/i686-w64-mingw32/include conftest.cpp >&5
configure:5945: /usr/bin/i686-w64-mingw32-nm -B "conftest.o"
configure:5948: output
00000000 b .bss
00000000 d .data
00000000 N .debug_abbrev
00000000 N .debug_aranges
00000000 N .debug_info
00000000 N .debug_line
00000000 r .rdata$zzz
00000000 t .text
00000000 B _some_variable
configure:5955: result: BSD nm
configure:5958: checking whether ln -s works
configure:5962: result: yes
configure:5970: checking the maximum length of command line arguments
configure:6101: result: 1572864
configure:6149: checking how to convert x86_64-pc-linux-gnu file names to i686-w64-mingw32 format
configure:6189: result: func_convert_file_nix_to_w32
configure:6196: checking how to convert x86_64-pc-linux-gnu file names to toolchain format
configure:6216: result: func_convert_file_noop
configure:6223: checking for i686-w64-mingw32-ld option to reload object files
configure:6230: result: -r
configure:6264: checking for i686-w64-mingw32-objdump
configure:6280: found /usr/bin/i686-w64-mingw32-objdump
configure:6291: result: i686-w64-mingw32-objdump
configure:6363: checking how to recognize dependent libraries
configure:6563: result: file_magic ^x86 archive import|^x86 DLL
configure:6608: checking for i686-w64-mingw32-dlltool
configure:6624: found /usr/bin/i686-w64-mingw32-dlltool
configure:6635: result: i686-w64-mingw32-dlltool
configure:6708: checking how to associate runtime and link libraries
configure:6735: result: func_cygming_dll_for_implib
configure:6751: checking for i686-w64-mingw32-ar
configure:6778: result: i686-w64-mingw32-ar
configure:6859: checking for archiver @FILE support
configure:6876: i686-w64-mingw32-g++ -c  -I/home/join/Desktop/vlc3.0/vlc/contrib/i686-w64-mingw32/include  -g -O2  -I/home/join/Desktop/vlc3.0/vlc/contrib/i686-w64-mingw32/include conftest.cpp >&5
configure:6876: $? = 0
configure:6879: i686-w64-mingw32-ar cru libconftest.a @conftest.lst >&5
i686-w64-mingw32-ar: `u' modifier ignored since `D' is the default (see `U')
configure:6882: $? = 0
configure:6887: i686-w64-mingw32-ar cru libconftest.a @conftest.lst >&5
i686-w64-mingw32-ar: `u' modifier ignored since `D' is the default (see `U')
i686-w64-mingw32-ar: conftest.o: No such file or directory
configure:6890: $? = 1
configure:6902: result: @
configure:6920: checking for i686-w64-mingw32-strip
configure:6947: result: i686-w64-mingw32-strip
configure:7019: checking for i686-w64-mingw32-ranlib
configure:7046: result: i686-w64-mingw32-ranlib
configure:7188: checking command to parse /usr/bin/i686-w64-mingw32-nm -B output from i686-w64-mingw32-gcc object
configure:7341: i686-w64-mingw32-g++ -c  -I/home/join/Desktop/vlc3.0/vlc/contrib/i686-w64-mingw32/include  -g -O2  -I/home/join/Desktop/vlc3.0/vlc/contrib/i686-w64-mingw32/include conftest.cpp >&5
configure:7344: $? = 0
configure:7348: /usr/bin/i686-w64-mingw32-nm -B conftest.o \| sed -n -e 's/^.*[ ]\([ABCDGIRSTW][ABCDGIRSTW]*\)[ ][ ]*\([_A-Za-z][_A-Za-z0-9]*\)$/\1 \2 \2/p' | sed '/ __gnu_lto/d' \> conftest.nm
configure:7351: $? = 0
cannot find nm_test_var in conftest.nm
configure:7341: i686-w64-mingw32-g++ -c  -I/home/join/Desktop/vlc3.0/vlc/contrib/i686-w64-mingw32/include  -g -O2  -I/home/join/Desktop/vlc3.0/vlc/contrib/i686-w64-mingw32/include conftest.cpp >&5
configure:7344: $? = 0
configure:7348: /usr/bin/i686-w64-mingw32-nm -B conftest.o \| sed -n -e 's/^.*[ ]\([ABCDGIRSTW][ABCDGIRSTW]*\)[ ][ ]*_\([_A-Za-z][_A-Za-z0-9]*\)$/\1 _\2 \2/p' | sed '/ __gnu_lto/d' \> conftest.nm
configure:7351: $? = 0
configure:7417: i686-w64-mingw32-g++ -o conftest.exe  -I/home/join/Desktop/vlc3.0/vlc/contrib/i686-w64-mingw32/include  -g -O2  -I/home/join/Desktop/vlc3.0/vlc/contrib/i686-w64-mingw32/include  -L/home/join/Desktop/vlc3.0/vlc/contrib/i686-w64-mingw32/lib  conftest.cpp conftstm.o >&5
configure:7420: $? = 0
configure:7458: result: ok
configure:7505: checking for sysroot
configure:7535: result: no
configure:7542: checking for a working dd
configure:7580: result: /bin/dd
configure:7584: checking how to truncate binary pipes
configure:7599: result: /bin/dd bs=4096 count=1
configure:7889: checking for i686-w64-mingw32-mt
configure:7919: result: no
configure:7929: checking for mt
configure:7945: found /bin/mt
configure:7956: result: mt
configure:7968: WARNING: using cross tools not prefixed with host triplet
configure:7979: checking if mt is a manifest tool
configure:7985: mt '-?'
configure:7993: result: no
configure:8667: checking for dlfcn.h
configure:8667: i686-w64-mingw32-g++ -c  -I/home/join/Desktop/vlc3.0/vlc/contrib/i686-w64-mingw32/include  -g -O2  -I/home/join/Desktop/vlc3.0/vlc/contrib/i686-w64-mingw32/include conftest.cpp >&5
conftest.cpp:55:19: fatal error: dlfcn.h: No such file or directory
compilation terminated.
configure:8667: $? = 1
configure: failed program was:
| /* confdefs.h */
| #define PACKAGE_NAME "libmodplug"
| #define PACKAGE_TARNAME "libmodplug"
| #define PACKAGE_VERSION "0.8.8.5"
| #define PACKAGE_STRING "libmodplug 0.8.8.5"
| #define PACKAGE_BUGREPORT ""
| #define PACKAGE_URL ""
| #define PACKAGE "libmodplug"
| #define VERSION "0.8.8.5"
| #define STDC_HEADERS 1
| #define HAVE_SYS_TYPES_H 1
| #define HAVE_SYS_STAT_H 1
| #define HAVE_STDLIB_H 1
| #define HAVE_STRING_H 1
| #define HAVE_MEMORY_H 1
| #define HAVE_STRINGS_H 1
| #define HAVE_INTTYPES_H 1
| #define HAVE_STDINT_H 1
| #define HAVE_UNISTD_H 1
| /* end confdefs.h.  */
| #include <stdio.h>
| #ifdef HAVE_SYS_TYPES_H
| # include <sys/types.h>
| #endif
| #ifdef HAVE_SYS_STAT_H
| # include <sys/stat.h>
| #endif
| #ifdef STDC_HEADERS
| # include <stdlib.h>
| # include <stddef.h>
| #else
| # ifdef HAVE_STDLIB_H
| #  include <stdlib.h>
| # endif
| #endif
| #ifdef HAVE_STRING_H
| # if !defined STDC_HEADERS && defined HAVE_MEMORY_H
| #  include <memory.h>
| # endif
| # include <string.h>
| #endif
| #ifdef HAVE_STRINGS_H
| # include <strings.h>
| #endif
| #ifdef HAVE_INTTYPES_H
| # include <inttypes.h>
| #endif
| #ifdef HAVE_STDINT_H
| # include <stdint.h>
| #endif
| #ifdef HAVE_UNISTD_H
| # include <unistd.h>
| #endif
| 
| #include <dlfcn.h>
configure:8667: result: no
configure:8903: checking for objdir
configure:8918: result: .libs
configure:9178: checking if i686-w64-mingw32-gcc supports -fno-rtti -fno-exceptions
configure:9196: i686-w64-mingw32-gcc -c  -I/home/join/Desktop/vlc3.0/vlc/contrib/i686-w64-mingw32/include -g -O2  -I/home/join/Desktop/vlc3.0/vlc/contrib/i686-w64-mingw32/include -fno-rtti -fno-exceptions conftest.c >&5
cc1: warning: command line option '-fno-rtti' is valid for C++/ObjC++ but not for C
configure:9200: $? = 0
configure:9213: result: no
configure:9571: checking for i686-w64-mingw32-gcc option to produce PIC
configure:9578: result: -DDLL_EXPORT -DPIC
configure:9586: checking if i686-w64-mingw32-gcc PIC flag -DDLL_EXPORT -DPIC works
configure:9604: i686-w64-mingw32-gcc -c  -I/home/join/Desktop/vlc3.0/vlc/contrib/i686-w64-mingw32/include -g -O2  -I/home/join/Desktop/vlc3.0/vlc/contrib/i686-w64-mingw32/include -DDLL_EXPORT -DPIC -DPIC conftest.c >&5
configure:9608: $? = 0
configure:9621: result: yes
configure:9650: checking if i686-w64-mingw32-gcc static flag -static works
configure:9678: result: yes
configure:9693: checking if i686-w64-mingw32-gcc supports -c -o file.o
configure:9714: i686-w64-mingw32-gcc -c  -I/home/join/Desktop/vlc3.0/vlc/contrib/i686-w64-mingw32/include -g -O2  -I/home/join/Desktop/vlc3.0/vlc/contrib/i686-w64-mingw32/include -o out/conftest2.o conftest.c >&5
configure:9718: $? = 0
configure:9740: result: yes
configure:9748: checking if i686-w64-mingw32-gcc supports -c -o file.o
configure:9795: result: yes
configure:9828: checking whether the i686-w64-mingw32-gcc linker (i686-w64-mingw32-ld) supports shared libraries
configure:11091: result: yes
configure:11331: checking dynamic linker characteristics
configure:12161: result: Win32 ld.exe
configure:12283: checking how to hardcode library paths into programs
configure:12308: result: immediate
configure:12856: checking whether stripping libraries is possible
configure:12861: result: yes
configure:12896: checking if libtool supports shared libraries
configure:12898: result: yes
configure:12901: checking whether to build shared libraries
configure:12926: result: no
configure:12929: checking whether to build static libraries
configure:12933: result: yes
configure:12956: checking how to run the C++ preprocessor
configure:13022: result: i686-w64-mingw32-g++ -E
configure:13042: i686-w64-mingw32-g++ -E  -I/home/join/Desktop/vlc3.0/vlc/contrib/i686-w64-mingw32/include conftest.cpp
configure:13042: $? = 0
configure:13056: i686-w64-mingw32-g++ -E  -I/home/join/Desktop/vlc3.0/vlc/contrib/i686-w64-mingw32/include conftest.cpp
conftest.cpp:22:28: fatal error: ac_nonexistent.h: No such file or directory
compilation terminated.
configure:13056: $? = 1
configure: failed program was:
| /* confdefs.h */
| #define PACKAGE_NAME "libmodplug"
| #define PACKAGE_TARNAME "libmodplug"
| #define PACKAGE_VERSION "0.8.8.5"
| #define PACKAGE_STRING "libmodplug 0.8.8.5"
| #define PACKAGE_BUGREPORT ""
| #define PACKAGE_URL ""
| #define PACKAGE "libmodplug"
| #define VERSION "0.8.8.5"
| #define STDC_HEADERS 1
| #define HAVE_SYS_TYPES_H 1
| #define HAVE_SYS_STAT_H 1
| #define HAVE_STDLIB_H 1
| #define HAVE_STRING_H 1
| #define HAVE_MEMORY_H 1
| #define HAVE_STRINGS_H 1
| #define HAVE_INTTYPES_H 1
| #define HAVE_STDINT_H 1
| #define HAVE_UNISTD_H 1
| #define LT_OBJDIR ".libs/"
| /* end confdefs.h.  */
| #include <ac_nonexistent.h>
configure:13218: checking for ld used by i686-w64-mingw32-g++
configure:13285: result: i686-w64-mingw32-ld
configure:13292: checking if the linker (i686-w64-mingw32-ld) is GNU ld
configure:13307: result: yes
configure:13362: checking whether the i686-w64-mingw32-g++ linker (i686-w64-mingw32-ld) supports shared libraries
configure:14435: result: yes
configure:14471: i686-w64-mingw32-g++ -c  -I/home/join/Desktop/vlc3.0/vlc/contrib/i686-w64-mingw32/include  -g -O2  -I/home/join/Desktop/vlc3.0/vlc/contrib/i686-w64-mingw32/include conftest.cpp >&5
configure:14474: $? = 0
configure:14955: checking for i686-w64-mingw32-g++ option to produce PIC
configure:14962: result: -DDLL_EXPORT -DPIC
configure:14970: checking if i686-w64-mingw32-g++ PIC flag -DDLL_EXPORT -DPIC works
configure:14988: i686-w64-mingw32-g++ -c  -I/home/join/Desktop/vlc3.0/vlc/contrib/i686-w64-mingw32/include  -g -O2  -I/home/join/Desktop/vlc3.0/vlc/contrib/i686-w64-mingw32/include -DDLL_EXPORT -DPIC -DPIC conftest.cpp >&5
configure:14992: $? = 0
configure:15005: result: yes
configure:15028: checking if i686-w64-mingw32-g++ static flag -static works
configure:15056: result: yes
configure:15068: checking if i686-w64-mingw32-g++ supports -c -o file.o
configure:15089: i686-w64-mingw32-g++ -c  -I/home/join/Desktop/vlc3.0/vlc/contrib/i686-w64-mingw32/include  -g -O2  -I/home/join/Desktop/vlc3.0/vlc/contrib/i686-w64-mingw32/include -o out/conftest2.o conftest.cpp >&5
configure:15093: $? = 0
configure:15115: result: yes
configure:15120: checking if i686-w64-mingw32-g++ supports -c -o file.o
configure:15167: result: yes
configure:15197: checking whether the i686-w64-mingw32-g++ linker (i686-w64-mingw32-ld) supports shared libraries
configure:15240: result: yes
configure:15381: checking dynamic linker characteristics
configure:16138: result: Win32 ld.exe
configure:16203: checking how to hardcode library paths into programs
configure:16228: result: immediate
configure:16289: checking for ANSI C header files
configure:16393: result: yes
configure:16404: checking for inttypes.h
configure:16404: result: yes
configure:16404: checking for stdint.h
configure:16404: result: yes
configure:16404: checking malloc.h usability
configure:16404: i686-w64-mingw32-g++ -c  -I/home/join/Desktop/vlc3.0/vlc/contrib/i686-w64-mingw32/include  -g -O2  -I/home/join/Desktop/vlc3.0/vlc/contrib/i686-w64-mingw32/include conftest.cpp >&5
configure:16404: $? = 0
configure:16404: result: yes
configure:16404: checking malloc.h presence
configure:16404: i686-w64-mingw32-g++ -E  -I/home/join/Desktop/vlc3.0/vlc/contrib/i686-w64-mingw32/include conftest.cpp
configure:16404: $? = 0
configure:16404: result: yes
configure:16404: checking for malloc.h
configure:16404: result: yes
configure:16417: checking for setenv
configure:16417: i686-w64-mingw32-g++ -o conftest.exe  -I/home/join/Desktop/vlc3.0/vlc/contrib/i686-w64-mingw32/include  -g -O2  -I/home/join/Desktop/vlc3.0/vlc/contrib/i686-w64-mingw32/include  -L/home/join/Desktop/vlc3.0/vlc/contrib/i686-w64-mingw32/lib  conftest.cpp  >&5
/tmp/ccS9V1mB.o: In function `main':
/home/join/Desktop/vlc3.0/vlc/contrib/win32/libmodplug/conftest.cpp:60: undefined reference to `setenv'
collect2: error: ld returned 1 exit status
configure:16417: $? = 1
configure: failed program was:
| /* confdefs.h */
| #define PACKAGE_NAME "libmodplug"
| #define PACKAGE_TARNAME "libmodplug"
| #define PACKAGE_VERSION "0.8.8.5"
| #define PACKAGE_STRING "libmodplug 0.8.8.5"
| #define PACKAGE_BUGREPORT ""
| #define PACKAGE_URL ""
| #define PACKAGE "libmodplug"
| #define VERSION "0.8.8.5"
| #define STDC_HEADERS 1
| #define HAVE_SYS_TYPES_H 1
| #define HAVE_SYS_STAT_H 1
| #define HAVE_STDLIB_H 1
| #define HAVE_STRING_H 1
| #define HAVE_MEMORY_H 1
| #define HAVE_STRINGS_H 1
| #define HAVE_INTTYPES_H 1
| #define HAVE_STDINT_H 1
| #define HAVE_UNISTD_H 1
| #define LT_OBJDIR ".libs/"
| #define STDC_HEADERS 1
| #define HAVE_INTTYPES_H 1
| #define HAVE_STDINT_H 1
| #define HAVE_MALLOC_H 1
| /* end confdefs.h.  */
| /* Define setenv to an innocuous variant, in case <limits.h> declares setenv.
|    For example, HP-UX 11i <limits.h> declares gettimeofday.  */
| #define setenv innocuous_setenv
| 
| /* System header to define __stub macros and hopefully few prototypes,
|     which can conflict with char setenv (); below.
|     Prefer <limits.h> to <assert.h> if __STDC__ is defined, since
|     <limits.h> exists even on freestanding compilers.  */
| 
| #ifdef __STDC__
| # include <limits.h>
| #else
| # include <assert.h>
| #endif
| 
| #undef setenv
| 
| /* Override any GCC internal prototype to avoid an error.
|    Use char because int might match the return type of a GCC
|    builtin and then its argument prototype would still apply.  */
| #ifdef __cplusplus
| extern "C"
| #endif
| char setenv ();
| /* The GNU C library defines this for functions which it implements
|     to always fail with ENOSYS.  Some functions are actually named
|     something starting with __ and the normal name is an alias.  */
| #if defined __stub_setenv || defined __stub___setenv
| choke me
| #endif
| 
| int
| main ()
| {
| return setenv ();
|   ;
|   return 0;
| }
configure:16417: result: no
configure:16417: checking for sinf
configure:16417: i686-w64-mingw32-g++ -o conftest.exe  -I/home/join/Desktop/vlc3.0/vlc/contrib/i686-w64-mingw32/include  -g -O2  -I/home/join/Desktop/vlc3.0/vlc/contrib/i686-w64-mingw32/include  -L/home/join/Desktop/vlc3.0/vlc/contrib/i686-w64-mingw32/lib  conftest.cpp  >&5
configure:16417: $? = 0
configure:16417: result: yes
configure:16450: checking for int8_t
configure:16450: i686-w64-mingw32-g++ -c  -I/home/join/Desktop/vlc3.0/vlc/contrib/i686-w64-mingw32/include  -g -O2 -fno-exceptions -Wall -ffast-math -D_REENTRANT  -I/home/join/Desktop/vlc3.0/vlc/contrib/i686-w64-mingw32/include conftest.cpp >&5
configure:16450: $? = 0
configure:16450: i686-w64-mingw32-g++ -c  -I/home/join/Desktop/vlc3.0/vlc/contrib/i686-w64-mingw32/include  -g -O2 -fno-exceptions -Wall -ffast-math -D_REENTRANT  -I/home/join/Desktop/vlc3.0/vlc/contrib/i686-w64-mingw32/include conftest.cpp >&5
conftest.cpp: In function 'int main()':
conftest.cpp:65:56: error: size of array 'test_array' is negative
    < (int8_t) (((((int8_t) 1 << N) << N) - 1) * 2 + 2))];
                                                        ^
configure:16450: $? = 1
configure: failed program was:
| /* confdefs.h */
| #define PACKAGE_NAME "libmodplug"
| #define PACKAGE_TARNAME "libmodplug"
| #define PACKAGE_VERSION "0.8.8.5"
| #define PACKAGE_STRING "libmodplug 0.8.8.5"
| #define PACKAGE_BUGREPORT ""
| #define PACKAGE_URL ""
| #define PACKAGE "libmodplug"
| #define VERSION "0.8.8.5"
| #define STDC_HEADERS 1
| #define HAVE_SYS_TYPES_H 1
| #define HAVE_SYS_STAT_H 1
| #define HAVE_STDLIB_H 1
| #define HAVE_STRING_H 1
| #define HAVE_MEMORY_H 1
| #define HAVE_STRINGS_H 1
| #define HAVE_INTTYPES_H 1
| #define HAVE_STDINT_H 1
| #define HAVE_UNISTD_H 1
| #define LT_OBJDIR ".libs/"
| #define STDC_HEADERS 1
| #define HAVE_INTTYPES_H 1
| #define HAVE_STDINT_H 1
| #define HAVE_MALLOC_H 1
| #define HAVE_SINF 1
| /* end confdefs.h.  */
| #include <stdio.h>
| #ifdef HAVE_SYS_TYPES_H
| # include <sys/types.h>
| #endif
| #ifdef HAVE_SYS_STAT_H
| # include <sys/stat.h>
| #endif
| #ifdef STDC_HEADERS
| # include <stdlib.h>
| # include <stddef.h>
| #else
| # ifdef HAVE_STDLIB_H
| #  include <stdlib.h>
| # endif
| #endif
| #ifdef HAVE_STRING_H
| # if !defined STDC_HEADERS && defined HAVE_MEMORY_H
| #  include <memory.h>
| # endif
| # include <string.h>
| #endif
| #ifdef HAVE_STRINGS_H
| # include <strings.h>
| #endif
| #ifdef HAVE_INTTYPES_H
| # include <inttypes.h>
| #endif
| #ifdef HAVE_STDINT_H
| # include <stdint.h>
| #endif
| #ifdef HAVE_UNISTD_H
| # include <unistd.h>
| #endif
| 	        enum { N = 8 / 2 - 1 };
| int
| main ()
| {
| static int test_array [1 - 2 * !((int8_t) (((((int8_t) 1 << N) << N) - 1) * 2 + 1)
| 		 < (int8_t) (((((int8_t) 1 << N) << N) - 1) * 2 + 2))];
| test_array [0] = 0;
| return test_array [0];
| 
|   ;
|   return 0;
| }
configure:16450: result: yes
configure:16461: checking for uint8_t
configure:16461: i686-w64-mingw32-g++ -c  -I/home/join/Desktop/vlc3.0/vlc/contrib/i686-w64-mingw32/include  -g -O2 -fno-exceptions -Wall -ffast-math -D_REENTRANT  -I/home/join/Desktop/vlc3.0/vlc/contrib/i686-w64-mingw32/include conftest.cpp >&5
configure:16461: $? = 0
configure:16461: result: yes
configure:16475: checking for int16_t
configure:16475: i686-w64-mingw32-g++ -c  -I/home/join/Desktop/vlc3.0/vlc/contrib/i686-w64-mingw32/include  -g -O2 -fno-exceptions -Wall -ffast-math -D_REENTRANT  -I/home/join/Desktop/vlc3.0/vlc/contrib/i686-w64-mingw32/include conftest.cpp >&5
configure:16475: $? = 0
configure:16475: i686-w64-mingw32-g++ -c  -I/home/join/Desktop/vlc3.0/vlc/contrib/i686-w64-mingw32/include  -g -O2 -fno-exceptions -Wall -ffast-math -D_REENTRANT  -I/home/join/Desktop/vlc3.0/vlc/contrib/i686-w64-mingw32/include conftest.cpp >&5
conftest.cpp: In function 'int main()':
conftest.cpp:65:58: error: size of array 'test_array' is negative
    < (int16_t) (((((int16_t) 1 << N) << N) - 1) * 2 + 2))];
                                                          ^
configure:16475: $? = 1
configure: failed program was:
| /* confdefs.h */
| #define PACKAGE_NAME "libmodplug"
| #define PACKAGE_TARNAME "libmodplug"
| #define PACKAGE_VERSION "0.8.8.5"
| #define PACKAGE_STRING "libmodplug 0.8.8.5"
| #define PACKAGE_BUGREPORT ""
| #define PACKAGE_URL ""
| #define PACKAGE "libmodplug"
| #define VERSION "0.8.8.5"
| #define STDC_HEADERS 1
| #define HAVE_SYS_TYPES_H 1
| #define HAVE_SYS_STAT_H 1
| #define HAVE_STDLIB_H 1
| #define HAVE_STRING_H 1
| #define HAVE_MEMORY_H 1
| #define HAVE_STRINGS_H 1
| #define HAVE_INTTYPES_H 1
| #define HAVE_STDINT_H 1
| #define HAVE_UNISTD_H 1
| #define LT_OBJDIR ".libs/"
| #define STDC_HEADERS 1
| #define HAVE_INTTYPES_H 1
| #define HAVE_STDINT_H 1
| #define HAVE_MALLOC_H 1
| #define HAVE_SINF 1
| /* end confdefs.h.  */
| #include <stdio.h>
| #ifdef HAVE_SYS_TYPES_H
| # include <sys/types.h>
| #endif
| #ifdef HAVE_SYS_STAT_H
| # include <sys/stat.h>
| #endif
| #ifdef STDC_HEADERS
| # include <stdlib.h>
| # include <stddef.h>
| #else
| # ifdef HAVE_STDLIB_H
| #  include <stdlib.h>
| # endif
| #endif
| #ifdef HAVE_STRING_H
| # if !defined STDC_HEADERS && defined HAVE_MEMORY_H
| #  include <memory.h>
| # endif
| # include <string.h>
| #endif
| #ifdef HAVE_STRINGS_H
| # include <strings.h>
| #endif
| #ifdef HAVE_INTTYPES_H
| # include <inttypes.h>
| #endif
| #ifdef HAVE_STDINT_H
| # include <stdint.h>
| #endif
| #ifdef HAVE_UNISTD_H
| # include <unistd.h>
| #endif
| 	        enum { N = 16 / 2 - 1 };
| int
| main ()
| {
| static int test_array [1 - 2 * !((int16_t) (((((int16_t) 1 << N) << N) - 1) * 2 + 1)
| 		 < (int16_t) (((((int16_t) 1 << N) << N) - 1) * 2 + 2))];
| test_array [0] = 0;
| return test_array [0];
| 
|   ;
|   return 0;
| }
configure:16475: result: yes
configure:16486: checking for uint16_t
configure:16486: i686-w64-mingw32-g++ -c  -I/home/join/Desktop/vlc3.0/vlc/contrib/i686-w64-mingw32/include  -g -O2 -fno-exceptions -Wall -ffast-math -D_REENTRANT  -I/home/join/Desktop/vlc3.0/vlc/contrib/i686-w64-mingw32/include conftest.cpp >&5
configure:16486: $? = 0
configure:16486: result: yes
configure:16498: checking for int32_t
configure:16498: i686-w64-mingw32-g++ -c  -I/home/join/Desktop/vlc3.0/vlc/contrib/i686-w64-mingw32/include  -g -O2 -fno-exceptions -Wall -ffast-math -D_REENTRANT  -I/home/join/Desktop/vlc3.0/vlc/contrib/i686-w64-mingw32/include conftest.cpp >&5
configure:16498: $? = 0
configure:16498: i686-w64-mingw32-g++ -c  -I/home/join/Desktop/vlc3.0/vlc/contrib/i686-w64-mingw32/include  -g -O2 -fno-exceptions -Wall -ffast-math -D_REENTRANT  -I/home/join/Desktop/vlc3.0/vlc/contrib/i686-w64-mingw32/include conftest.cpp >&5
conftest.cpp: In function 'int main()':
conftest.cpp:65:53: warning: integer overflow in expression [-Woverflow]
    < (int32_t) (((((int32_t) 1 << N) << N) - 1) * 2 + 2))];
                                                     ^
conftest.cpp:65:58: error: size of array 'test_array' is negative
    < (int32_t) (((((int32_t) 1 << N) << N) - 1) * 2 + 2))];
                                                          ^
configure:16498: $? = 1
configure: failed program was:
| /* confdefs.h */
| #define PACKAGE_NAME "libmodplug"
| #define PACKAGE_TARNAME "libmodplug"
| #define PACKAGE_VERSION "0.8.8.5"
| #define PACKAGE_STRING "libmodplug 0.8.8.5"
| #define PACKAGE_BUGREPORT ""
| #define PACKAGE_URL ""
| #define PACKAGE "libmodplug"
| #define VERSION "0.8.8.5"
| #define STDC_HEADERS 1
| #define HAVE_SYS_TYPES_H 1
| #define HAVE_SYS_STAT_H 1
| #define HAVE_STDLIB_H 1
| #define HAVE_STRING_H 1
| #define HAVE_MEMORY_H 1
| #define HAVE_STRINGS_H 1
| #define HAVE_INTTYPES_H 1
| #define HAVE_STDINT_H 1
| #define HAVE_UNISTD_H 1
| #define LT_OBJDIR ".libs/"
| #define STDC_HEADERS 1
| #define HAVE_INTTYPES_H 1
| #define HAVE_STDINT_H 1
| #define HAVE_MALLOC_H 1
| #define HAVE_SINF 1
| /* end confdefs.h.  */
| #include <stdio.h>
| #ifdef HAVE_SYS_TYPES_H
| # include <sys/types.h>
| #endif
| #ifdef HAVE_SYS_STAT_H
| # include <sys/stat.h>
| #endif
| #ifdef STDC_HEADERS
| # include <stdlib.h>
| # include <stddef.h>
| #else
| # ifdef HAVE_STDLIB_H
| #  include <stdlib.h>
| # endif
| #endif
| #ifdef HAVE_STRING_H
| # if !defined STDC_HEADERS && defined HAVE_MEMORY_H
| #  include <memory.h>
| # endif
| # include <string.h>
| #endif
| #ifdef HAVE_STRINGS_H
| # include <strings.h>
| #endif
| #ifdef HAVE_INTTYPES_H
| # include <inttypes.h>
| #endif
| #ifdef HAVE_STDINT_H
| # include <stdint.h>
| #endif
| #ifdef HAVE_UNISTD_H
| # include <unistd.h>
| #endif
| 	        enum { N = 32 / 2 - 1 };
| int
| main ()
| {
| static int test_array [1 - 2 * !((int32_t) (((((int32_t) 1 << N) << N) - 1) * 2 + 1)
| 		 < (int32_t) (((((int32_t) 1 << N) << N) - 1) * 2 + 2))];
| test_array [0] = 0;
| return test_array [0];
| 
|   ;
|   return 0;
| }
configure:16498: result: yes
configure:16509: checking for uint32_t
configure:16509: i686-w64-mingw32-g++ -c  -I/home/join/Desktop/vlc3.0/vlc/contrib/i686-w64-mingw32/include  -g -O2 -fno-exceptions -Wall -ffast-math -D_REENTRANT  -I/home/join/Desktop/vlc3.0/vlc/contrib/i686-w64-mingw32/include conftest.cpp >&5
configure:16509: $? = 0
configure:16509: result: yes
configure:16523: checking for int64_t
configure:16523: i686-w64-mingw32-g++ -c  -I/home/join/Desktop/vlc3.0/vlc/contrib/i686-w64-mingw32/include  -g -O2 -fno-exceptions -Wall -ffast-math -D_REENTRANT  -I/home/join/Desktop/vlc3.0/vlc/contrib/i686-w64-mingw32/include conftest.cpp >&5
configure:16523: $? = 0
configure:16523: i686-w64-mingw32-g++ -c  -I/home/join/Desktop/vlc3.0/vlc/contrib/i686-w64-mingw32/include  -g -O2 -fno-exceptions -Wall -ffast-math -D_REENTRANT  -I/home/join/Desktop/vlc3.0/vlc/contrib/i686-w64-mingw32/include conftest.cpp >&5
conftest.cpp: In function 'int main()':
conftest.cpp:65:53: warning: integer overflow in expression [-Woverflow]
    < (int64_t) (((((int64_t) 1 << N) << N) - 1) * 2 + 2))];
                                                     ^
conftest.cpp:65:58: error: size of array 'test_array' is negative
    < (int64_t) (((((int64_t) 1 << N) << N) - 1) * 2 + 2))];
                                                          ^
configure:16523: $? = 1
configure: failed program was:
| /* confdefs.h */
| #define PACKAGE_NAME "libmodplug"
| #define PACKAGE_TARNAME "libmodplug"
| #define PACKAGE_VERSION "0.8.8.5"
| #define PACKAGE_STRING "libmodplug 0.8.8.5"
| #define PACKAGE_BUGREPORT ""
| #define PACKAGE_URL ""
| #define PACKAGE "libmodplug"
| #define VERSION "0.8.8.5"
| #define STDC_HEADERS 1
| #define HAVE_SYS_TYPES_H 1
| #define HAVE_SYS_STAT_H 1
| #define HAVE_STDLIB_H 1
| #define HAVE_STRING_H 1
| #define HAVE_MEMORY_H 1
| #define HAVE_STRINGS_H 1
| #define HAVE_INTTYPES_H 1
| #define HAVE_STDINT_H 1
| #define HAVE_UNISTD_H 1
| #define LT_OBJDIR ".libs/"
| #define STDC_HEADERS 1
| #define HAVE_INTTYPES_H 1
| #define HAVE_STDINT_H 1
| #define HAVE_MALLOC_H 1
| #define HAVE_SINF 1
| /* end confdefs.h.  */
| #include <stdio.h>
| #ifdef HAVE_SYS_TYPES_H
| # include <sys/types.h>
| #endif
| #ifdef HAVE_SYS_STAT_H
| # include <sys/stat.h>
| #endif
| #ifdef STDC_HEADERS
| # include <stdlib.h>
| # include <stddef.h>
| #else
| # ifdef HAVE_STDLIB_H
| #  include <stdlib.h>
| # endif
| #endif
| #ifdef HAVE_STRING_H
| # if !defined STDC_HEADERS && defined HAVE_MEMORY_H
| #  include <memory.h>
| # endif
| # include <string.h>
| #endif
| #ifdef HAVE_STRINGS_H
| # include <strings.h>
| #endif
| #ifdef HAVE_INTTYPES_H
| # include <inttypes.h>
| #endif
| #ifdef HAVE_STDINT_H
| # include <stdint.h>
| #endif
| #ifdef HAVE_UNISTD_H
| # include <unistd.h>
| #endif
| 	        enum { N = 64 / 2 - 1 };
| int
| main ()
| {
| static int test_array [1 - 2 * !((int64_t) (((((int64_t) 1 << N) << N) - 1) * 2 + 1)
| 		 < (int64_t) (((((int64_t) 1 << N) << N) - 1) * 2 + 2))];
| test_array [0] = 0;
| return test_array [0];
| 
|   ;
|   return 0;
| }
configure:16523: result: yes
configure:16534: checking for uint64_t
configure:16534: i686-w64-mingw32-g++ -c  -I/home/join/Desktop/vlc3.0/vlc/contrib/i686-w64-mingw32/include  -g -O2 -fno-exceptions -Wall -ffast-math -D_REENTRANT  -I/home/join/Desktop/vlc3.0/vlc/contrib/i686-w64-mingw32/include conftest.cpp >&5
configure:16534: $? = 0
configure:16534: result: yes
configure:16664: checking that generated files are newer than configure
configure:16670: result: done
configure:16698: creating ./config.status

## ---------------------- ##
## Running config.status. ##
## ---------------------- ##

This file was extended by libmodplug config.status 0.8.8.5, which was
generated by GNU Autoconf 2.69.  Invocation command line was

  CONFIG_FILES    = 
  CONFIG_HEADERS  = 
  CONFIG_LINKS    = 
  CONFIG_COMMANDS = 
  $ ./config.status 

on join-virtual-machine

config.status:1173: creating Makefile
config.status:1173: creating src/Makefile
config.status:1173: creating libmodplug.pc
config.status:1173: creating src/config.h
config.status:1402: executing depfiles commands
config.status:1402: executing libtool commands

## ---------------- ##
## Cache variables. ##
## ---------------- ##

ac_cv_build=x86_64-pc-linux-gnu
ac_cv_c_bigendian=no
ac_cv_c_compiler_gnu=yes
ac_cv_c_int16_t=yes
ac_cv_c_int32_t=yes
ac_cv_c_int64_t=yes
ac_cv_c_int8_t=yes
ac_cv_c_uint16_t=yes
ac_cv_c_uint32_t=yes
ac_cv_c_uint64_t=yes
ac_cv_c_uint8_t=yes
ac_cv_cxx_compiler_gnu=yes
ac_cv_env_CCC_set=
ac_cv_env_CCC_value=
ac_cv_env_CC_set=set
ac_cv_env_CC_value=i686-w64-mingw32-gcc
ac_cv_env_CFLAGS_set=set
ac_cv_env_CFLAGS_value=' -I/home/join/Desktop/vlc3.0/vlc/contrib/i686-w64-mingw32/include -g -O2'
ac_cv_env_CPPFLAGS_set=set
ac_cv_env_CPPFLAGS_value=' -I/home/join/Desktop/vlc3.0/vlc/contrib/i686-w64-mingw32/include'
ac_cv_env_CXXCPP_set=
ac_cv_env_CXXCPP_value=
ac_cv_env_CXXFLAGS_set=set
ac_cv_env_CXXFLAGS_value=' -I/home/join/Desktop/vlc3.0/vlc/contrib/i686-w64-mingw32/include  -g -O2'
ac_cv_env_CXX_set=set
ac_cv_env_CXX_value=i686-w64-mingw32-g++
ac_cv_env_LDFLAGS_set=set
ac_cv_env_LDFLAGS_value=' -L/home/join/Desktop/vlc3.0/vlc/contrib/i686-w64-mingw32/lib '
ac_cv_env_LIBS_set=
ac_cv_env_LIBS_value=
ac_cv_env_LT_SYS_LIBRARY_PATH_set=
ac_cv_env_LT_SYS_LIBRARY_PATH_value=
ac_cv_env_build_alias_set=set
ac_cv_env_build_alias_value=x86_64-linux-gnu
ac_cv_env_host_alias_set=set
ac_cv_env_host_alias_value=i686-w64-mingw32
ac_cv_env_target_alias_set=set
ac_cv_env_target_alias_value=i686-w64-mingw32
ac_cv_exeext=.exe
ac_cv_func_setenv=no
ac_cv_func_sinf=yes
ac_cv_header_dlfcn_h=no
ac_cv_header_inttypes_h=yes
ac_cv_header_malloc_h=yes
ac_cv_header_memory_h=yes
ac_cv_header_stdc=yes
ac_cv_header_stdint_h=yes
ac_cv_header_stdlib_h=yes
ac_cv_header_string_h=yes
ac_cv_header_strings_h=yes
ac_cv_header_sys_stat_h=yes
ac_cv_header_sys_types_h=yes
ac_cv_header_unistd_h=yes
ac_cv_host=i686-w64-mingw32
ac_cv_objext=o
ac_cv_path_EGREP='/bin/grep -E'
ac_cv_path_FGREP='/bin/grep -F'
ac_cv_path_GREP=/bin/grep
ac_cv_path_SED=/bin/sed
ac_cv_path_install='/usr/bin/install -c'
ac_cv_path_lt_DD=/bin/dd
ac_cv_path_mkdir=/bin/mkdir
ac_cv_prog_AR=i686-w64-mingw32-ar
ac_cv_prog_AWK=mawk
ac_cv_prog_CC=i686-w64-mingw32-gcc
ac_cv_prog_CXXCPP='i686-w64-mingw32-g++ -E'
ac_cv_prog_DLLTOOL=i686-w64-mingw32-dlltool
ac_cv_prog_OBJDUMP=i686-w64-mingw32-objdump
ac_cv_prog_RANLIB=i686-w64-mingw32-ranlib
ac_cv_prog_STRIP=i686-w64-mingw32-strip
ac_cv_prog_ac_ct_MANIFEST_TOOL=mt
ac_cv_prog_cc_c89=
ac_cv_prog_cc_g=yes
ac_cv_prog_cxx_g=yes
ac_cv_prog_make_make_set=yes
am_cv_CC_dependencies_compiler_type=none
am_cv_CXX_dependencies_compiler_type=none
am_cv_make_support_nested_variables=yes
am_cv_prog_cc_c_o=yes
lt_cv_ar_at_file=@
lt_cv_deplibs_check_method='file_magic ^x86 archive import|^x86 DLL'
lt_cv_file_magic_cmd=func_win32_libid
lt_cv_file_magic_test_file=
lt_cv_ld_reload_flag=-r
lt_cv_nm_interface='BSD nm'
lt_cv_objdir=.libs
lt_cv_path_LD=i686-w64-mingw32-ld
lt_cv_path_LDCXX=i686-w64-mingw32-ld
lt_cv_path_NM='/usr/bin/i686-w64-mingw32-nm -B'
lt_cv_path_mainfest_tool=no
lt_cv_prog_compiler_c_o=yes
lt_cv_prog_compiler_c_o_CXX=yes
lt_cv_prog_compiler_pic='-DDLL_EXPORT -DPIC'
lt_cv_prog_compiler_pic_CXX='-DDLL_EXPORT -DPIC'
lt_cv_prog_compiler_pic_works=yes
lt_cv_prog_compiler_pic_works_CXX=yes
lt_cv_prog_compiler_rtti_exceptions=no
lt_cv_prog_compiler_static_works=yes
lt_cv_prog_compiler_static_works_CXX=yes
lt_cv_prog_gnu_ld=yes
lt_cv_prog_gnu_ldcxx=yes
lt_cv_sharedlib_from_linklib_cmd=func_cygming_dll_for_implib
lt_cv_sys_global_symbol_pipe='sed -n -e '\''s/^.*[	 ]\([ABCDGIRSTW][ABCDGIRSTW]*\)[	 ][	 ]*_\([_A-Za-z][_A-Za-z0-9]*\)$/\1 _\2 \2/p'\'' | sed '\''/ __gnu_lto/d'\'''
lt_cv_sys_global_symbol_to_c_name_address='sed -n -e '\''s/^: \(.*\) .*$/  {"\1", (void *) 0},/p'\'' -e '\''s/^[ABCDGIRSTW][ABCDGIRSTW]* .* \(.*\)$/  {"\1", (void *) \&\1},/p'\'''
lt_cv_sys_global_symbol_to_c_name_address_lib_prefix='sed -n -e '\''s/^: \(.*\) .*$/  {"\1", (void *) 0},/p'\'' -e '\''s/^[ABCDGIRSTW][ABCDGIRSTW]* .* \(lib.*\)$/  {"\1", (void *) \&\1},/p'\'' -e '\''s/^[ABCDGIRSTW][ABCDGIRSTW]* .* \(.*\)$/  {"lib\1", (void *) \&\1},/p'\'''
lt_cv_sys_global_symbol_to_cdecl='sed -n -e '\''s/^T .* \(.*\)$/extern int \1();/p'\'' -e '\''s/^[ABCDGIRSTW][ABCDGIRSTW]* .* \(.*\)$/extern char \1;/p'\'''
lt_cv_sys_global_symbol_to_import=
lt_cv_sys_max_cmd_len=1572864
lt_cv_to_host_file_cmd=func_convert_file_nix_to_w32
lt_cv_to_tool_file_cmd=func_convert_file_noop
lt_cv_truncate_bin='/bin/dd bs=4096 count=1'

## ----------------- ##
## Output variables. ##
## ----------------- ##

ACLOCAL='${SHELL} /home/join/Desktop/vlc3.0/vlc/contrib/win32/libmodplug/missing aclocal-1.15'
AMDEPBACKSLASH=''
AMDEP_FALSE=''
AMDEP_TRUE='#'
AMTAR='$${TAR-tar}'
AM_BACKSLASH='\'
AM_DEFAULT_V='$(AM_DEFAULT_VERBOSITY)'
AM_DEFAULT_VERBOSITY='1'
AM_V='$(V)'
AR='i686-w64-mingw32-ar'
AUTOCONF='${SHELL} /home/join/Desktop/vlc3.0/vlc/contrib/win32/libmodplug/missing autoconf'
AUTOHEADER='${SHELL} /home/join/Desktop/vlc3.0/vlc/contrib/win32/libmodplug/missing autoheader'
AUTOMAKE='${SHELL} /home/join/Desktop/vlc3.0/vlc/contrib/win32/libmodplug/missing automake-1.15'
AWK='mawk'
CC='i686-w64-mingw32-gcc'
CCDEPMODE='depmode=none'
CFLAGS=' -I/home/join/Desktop/vlc3.0/vlc/contrib/i686-w64-mingw32/include -g -O2'
CPPFLAGS=' -I/home/join/Desktop/vlc3.0/vlc/contrib/i686-w64-mingw32/include'
CXX='i686-w64-mingw32-g++'
CXXCPP='i686-w64-mingw32-g++ -E'
CXXDEPMODE='depmode=none'
CXXFLAGS=' -I/home/join/Desktop/vlc3.0/vlc/contrib/i686-w64-mingw32/include  -g -O2 -fno-exceptions -Wall -ffast-math -D_REENTRANT'
CYGPATH_W='echo'
DEFS='-DHAVE_CONFIG_H'
DEPDIR='.deps'
DLLTOOL='i686-w64-mingw32-dlltool'
DSYMUTIL=''
DUMPBIN=''
ECHO_C=''
ECHO_N='-n'
ECHO_T=''
EGREP='/bin/grep -E'
EXEEXT='.exe'
FGREP='/bin/grep -F'
GREP='/bin/grep'
INSTALL_DATA='${INSTALL} -m 644'
INSTALL_PROGRAM='${INSTALL}'
INSTALL_SCRIPT='${INSTALL}'
INSTALL_STRIP_PROGRAM='$(install_sh) -c -s'
LD='i686-w64-mingw32-ld'
LDFLAGS=' -L/home/join/Desktop/vlc3.0/vlc/contrib/i686-w64-mingw32/lib '
LIBOBJS=''
LIBS=''
LIBTOOL='$(SHELL) $(top_builddir)/libtool'
LIPO=''
LN_S='ln -s'
LTLIBOBJS=''
LT_LDFLAGS='-no-undefined'
LT_SYS_LIBRARY_PATH=''
MAKEINFO='${SHELL} /home/join/Desktop/vlc3.0/vlc/contrib/win32/libmodplug/missing makeinfo'
MANIFEST_TOOL=':'
MKDIR_P='/bin/mkdir -p'
MODPLUG_LIBRARY_VERSION='1:0:0'
NM='/usr/bin/i686-w64-mingw32-nm -B'
NMEDIT=''
OBJDUMP='i686-w64-mingw32-objdump'
OBJEXT='o'
OTOOL64=''
OTOOL=''
PACKAGE='libmodplug'
PACKAGE_BUGREPORT=''
PACKAGE_NAME='libmodplug'
PACKAGE_STRING='libmodplug 0.8.8.5'
PACKAGE_TARNAME='libmodplug'
PACKAGE_URL=''
PACKAGE_VERSION='0.8.8.5'
PATH_SEPARATOR=':'
RANLIB='i686-w64-mingw32-ranlib'
SED='/bin/sed'
SET_MAKE=''
SHELL='/bin/bash'
STRIP='i686-w64-mingw32-strip'
VERSION='0.8.8.5'
ac_ct_AR=''
ac_ct_CC=''
ac_ct_CXX=''
ac_ct_DUMPBIN=''
am__EXEEXT_FALSE='#'
am__EXEEXT_TRUE=''
am__fastdepCC_FALSE=''
am__fastdepCC_TRUE='#'
am__fastdepCXX_FALSE=''
am__fastdepCXX_TRUE='#'
am__include='include'
am__isrc=''
am__leading_dot='.'
am__nodep=''
am__quote=''
am__tar='$${TAR-tar} chof - "$$tardir"'
am__untar='$${TAR-tar} xf -'
bindir='${exec_prefix}/bin'
build='x86_64-pc-linux-gnu'
build_alias='x86_64-linux-gnu'
build_cpu='x86_64'
build_os='linux-gnu'
build_vendor='pc'
datadir='${datarootdir}'
datarootdir='/home/join/Desktop/vlc3.0/vlc/contrib/i686-w64-mingw32/share'
docdir='${datarootdir}/doc/${PACKAGE_TARNAME}'
dvidir='${docdir}'
exec_prefix='${prefix}'
host='i686-w64-mingw32'
host_alias='i686-w64-mingw32'
host_cpu='i686'
host_os='mingw32'
host_vendor='w64'
htmldir='${docdir}'
includedir='/home/join/Desktop/vlc3.0/vlc/contrib/i686-w64-mingw32/include'
infodir='${datarootdir}/info'
install_sh='${SHELL} /home/join/Desktop/vlc3.0/vlc/contrib/win32/libmodplug/install-sh'
libdir='/home/join/Desktop/vlc3.0/vlc/contrib/i686-w64-mingw32/lib'
libexecdir='${exec_prefix}/libexec'
localedir='${datarootdir}/locale'
localstatedir='${prefix}/var'
mandir='${datarootdir}/man'
mkdir_p='$(MKDIR_P)'
oldincludedir='/usr/include'
pdfdir='${docdir}'
prefix='/home/join/Desktop/vlc3.0/vlc/contrib/i686-w64-mingw32'
program_transform_name='s&^&&'
psdir='${docdir}'
runstatedir='${localstatedir}/run'
sbindir='${exec_prefix}/sbin'
sharedstatedir='${prefix}/com'
sysconfdir='${prefix}/etc'
target_alias='i686-w64-mingw32'

## ----------- ##
## confdefs.h. ##
## ----------- ##

/* confdefs.h */
#define PACKAGE_NAME "libmodplug"
#define PACKAGE_TARNAME "libmodplug"
#define PACKAGE_VERSION "0.8.8.5"
#define PACKAGE_STRING "libmodplug 0.8.8.5"
#define PACKAGE_BUGREPORT ""
#define PACKAGE_URL ""
#define PACKAGE "libmodplug"
#define VERSION "0.8.8.5"
#define STDC_HEADERS 1
#define HAVE_SYS_TYPES_H 1
#define HAVE_SYS_STAT_H 1
#define HAVE_STDLIB_H 1
#define HAVE_STRING_H 1
#define HAVE_MEMORY_H 1
#define HAVE_STRINGS_H 1
#define HAVE_INTTYPES_H 1
#define HAVE_STDINT_H 1
#define HAVE_UNISTD_H 1
#define LT_OBJDIR ".libs/"
#define STDC_HEADERS 1
#define HAVE_INTTYPES_H 1
#define HAVE_STDINT_H 1
#define HAVE_MALLOC_H 1
#define HAVE_SINF 1

configure: exit 0
