This file contains any messages produced by compilers while
running configure, to aid debugging if configure makes a mistake.

It was created by libass configure 0.13.7, which was
generated by GNU Autoconf 2.69.  Invocation command line was

  $ ./configure --prefix=/home/join/Desktop/vlc3.0/vlc/contrib/i686-w64-mingw32 --datarootdir=/home/join/Desktop/vlc3.0/vlc/contrib/i686-w64-mingw32/share --includedir=/home/join/Desktop/vlc3.0/vlc/contrib/i686-w64-mingw32/include --libdir=/home/join/Desktop/vlc3.0/vlc/contrib/i686-w64-mingw32/lib --build=x86_64-linux-gnu --host=i686-w64-mingw32 --target=i686-w64-mingw32 --program-prefix= --enable-static --disable-shared --disable-dependency-tracking --without-pic --enable-directwrite

## --------- ##
## Platform. ##
## --------- ##

hostname = join-virtual-machine
uname -m = x86_64
uname -r = 4.13.0-43-generic
uname -s = Linux
uname -v = #48~16.04.1-Ubuntu SMP Thu May 17 12:56:46 UTC 2018

/usr/bin/uname -p = unknown
/bin/uname -X     = unknown

/bin/arch              = unknown
/usr/bin/arch -k       = unknown
/usr/convex/getsysinfo = unknown
/usr/bin/hostinfo      = unknown
/bin/machine           = unknown
/usr/bin/oslevel       = unknown
/bin/universe          = unknown

PATH: /home/join/Desktop/vlc3.0/vlc/contrib/i686-w64-mingw32/bin
PATH: /home/join/Desktop/vlc3.0/vlc/extras/tools/build/bin
PATH: /usr/local/sbin
PATH: /usr/local/bin
PATH: /usr/sbin
PATH: /usr/bin
PATH: /sbin
PATH: /bin
PATH: /snap/bin


## ----------- ##
## Core tests. ##
## ----------- ##

configure:2428: checking for a BSD-compatible install
configure:2496: result: /usr/bin/install -c
configure:2507: checking whether build environment is sane
configure:2562: result: yes
configure:2621: checking for i686-w64-mingw32-strip
configure:2648: result: i686-w64-mingw32-strip
configure:2713: checking for a thread-safe mkdir -p
configure:2752: result: /bin/mkdir -p
configure:2759: checking for gawk
configure:2789: result: no
configure:2759: checking for mawk
configure:2775: found /usr/bin/mawk
configure:2786: result: mawk
configure:2797: checking whether make sets $(MAKE)
configure:2819: result: yes
configure:2848: checking whether make supports nested variables
configure:2865: result: yes
configure:3023: checking build system type
configure:3037: result: x86_64-pc-linux-gnu
configure:3057: checking host system type
configure:3070: result: i686-w64-mingw32
configure:3111: checking how to print strings
configure:3138: result: printf
configure:3171: checking for style of include used by make
configure:3199: result: GNU
configure:3230: checking for i686-w64-mingw32-gcc
configure:3257: result: i686-w64-mingw32-gcc
configure:3526: checking for C compiler version
configure:3535: i686-w64-mingw32-gcc --version >&5
i686-w64-mingw32-gcc (GCC) 5.3.1 20160211
Copyright (C) 2015 Free Software Foundation, Inc.
This is free software; see the source for copying conditions.  There is NO
warranty; not even for MERCHANTABILITY or FITNESS FOR A PARTICULAR PURPOSE.

configure:3546: $? = 0
configure:3535: i686-w64-mingw32-gcc -v >&5
Using built-in specs.
COLLECT_GCC=i686-w64-mingw32-gcc
COLLECT_LTO_WRAPPER=/usr/lib/gcc/i686-w64-mingw32/5.3-win32/lto-wrapper
Target: i686-w64-mingw32
Configured with: ../../src/configure --build=x86_64-linux-gnu --prefix=/usr --includedir='/usr/include' --mandir='/usr/share/man' --infodir='/usr/share/info' --sysconfdir=/etc --localstatedir=/var --disable-silent-rules --libexecdir='/usr/lib/gcc-mingw-w64' --disable-maintainer-mode --disable-dependency-tracking --prefix=/usr --enable-shared --enable-static --disable-multilib --with-system-zlib --libexecdir=/usr/lib --without-included-gettext --libdir=/usr/lib --enable-libstdcxx-time=yes --with-tune=generic --enable-version-specific-runtime-libs --enable-fully-dynamic-string --enable-libgomp --enable-languages=c,c++,fortran,objc,obj-c++ --enable-lto --with-plugin-ld --enable-threads=win32 --program-suffix=-win32 --program-prefix=i686-w64-mingw32- --target=i686-w64-mingw32 --with-as=/usr/bin/i686-w64-mingw32-as --with-ld=/usr/bin/i686-w64-mingw32-ld --disable-libatomic
Thread model: win32
gcc version 5.3.1 20160211 (GCC) 
configure:3546: $? = 0
configure:3535: i686-w64-mingw32-gcc -V >&5
i686-w64-mingw32-gcc: error: unrecognized command line option '-V'
i686-w64-mingw32-gcc: fatal error: no input files
compilation terminated.
configure:3546: $? = 1
configure:3535: i686-w64-mingw32-gcc -qversion >&5
i686-w64-mingw32-gcc: error: unrecognized command line option '-qversion'
i686-w64-mingw32-gcc: fatal error: no input files
compilation terminated.
configure:3546: $? = 1
configure:3566: checking whether the C compiler works
configure:3588: i686-w64-mingw32-gcc  -I/home/join/Desktop/vlc3.0/vlc/contrib/i686-w64-mingw32/include -g -O2 -O3  -I/home/join/Desktop/vlc3.0/vlc/contrib/i686-w64-mingw32/include  -L/home/join/Desktop/vlc3.0/vlc/contrib/i686-w64-mingw32/lib  conftest.c  >&5
configure:3592: $? = 0
configure:3640: result: yes
configure:3643: checking for C compiler default output file name
configure:3645: result: a.exe
configure:3651: checking for suffix of executables
configure:3658: i686-w64-mingw32-gcc -o conftest.exe  -I/home/join/Desktop/vlc3.0/vlc/contrib/i686-w64-mingw32/include -g -O2 -O3  -I/home/join/Desktop/vlc3.0/vlc/contrib/i686-w64-mingw32/include  -L/home/join/Desktop/vlc3.0/vlc/contrib/i686-w64-mingw32/lib  conftest.c  >&5
configure:3662: $? = 0
configure:3684: result: .exe
configure:3706: checking whether we are cross compiling
configure:3744: result: yes
configure:3749: checking for suffix of object files
configure:3771: i686-w64-mingw32-gcc -c  -I/home/join/Desktop/vlc3.0/vlc/contrib/i686-w64-mingw32/include -g -O2 -O3  -I/home/join/Desktop/vlc3.0/vlc/contrib/i686-w64-mingw32/include conftest.c >&5
configure:3775: $? = 0
configure:3796: result: o
configure:3800: checking whether we are using the GNU C compiler
configure:3819: i686-w64-mingw32-gcc -c  -I/home/join/Desktop/vlc3.0/vlc/contrib/i686-w64-mingw32/include -g -O2 -O3  -I/home/join/Desktop/vlc3.0/vlc/contrib/i686-w64-mingw32/include conftest.c >&5
configure:3819: $? = 0
configure:3828: result: yes
configure:3837: checking whether i686-w64-mingw32-gcc accepts -g
configure:3857: i686-w64-mingw32-gcc -c -g  -I/home/join/Desktop/vlc3.0/vlc/contrib/i686-w64-mingw32/include conftest.c >&5
configure:3857: $? = 0
configure:3898: result: yes
configure:3915: checking for i686-w64-mingw32-gcc option to accept ISO C89
configure:3978: i686-w64-mingw32-gcc  -c  -I/home/join/Desktop/vlc3.0/vlc/contrib/i686-w64-mingw32/include -g -O2 -O3  -I/home/join/Desktop/vlc3.0/vlc/contrib/i686-w64-mingw32/include conftest.c >&5
configure:3978: $? = 0
configure:3991: result: none needed
configure:4016: checking whether i686-w64-mingw32-gcc understands -c and -o together
configure:4038: i686-w64-mingw32-gcc -c conftest.c -o conftest2.o
configure:4041: $? = 0
configure:4038: i686-w64-mingw32-gcc -c conftest.c -o conftest2.o
configure:4041: $? = 0
configure:4053: result: yes
configure:4072: checking dependency style of i686-w64-mingw32-gcc
configure:4183: result: none
configure:4198: checking for a sed that does not truncate output
configure:4262: result: /bin/sed
configure:4280: checking for grep that handles long lines and -e
configure:4338: result: /bin/grep
configure:4343: checking for egrep
configure:4405: result: /bin/grep -E
configure:4410: checking for fgrep
configure:4472: result: /bin/grep -F
configure:4507: checking for ld used by i686-w64-mingw32-gcc
configure:4574: result: i686-w64-mingw32-ld
configure:4581: checking if the linker (i686-w64-mingw32-ld) is GNU ld
configure:4596: result: yes
configure:4608: checking for BSD- or MS-compatible name lister (nm)
configure:4662: result: /usr/bin/i686-w64-mingw32-nm -B
configure:4792: checking the name lister (/usr/bin/i686-w64-mingw32-nm -B) interface
configure:4799: i686-w64-mingw32-gcc -c  -I/home/join/Desktop/vlc3.0/vlc/contrib/i686-w64-mingw32/include -g -O2 -O3  -I/home/join/Desktop/vlc3.0/vlc/contrib/i686-w64-mingw32/include conftest.c >&5
configure:4802: /usr/bin/i686-w64-mingw32-nm -B "conftest.o"
configure:4805: output
00000000 b .bss
00000000 d .data
00000000 N .debug_abbrev
00000000 N .debug_aranges
00000000 N .debug_info
00000000 N .debug_line
00000000 r .rdata$zzz
00000000 t .text
00000000 B _some_variable
configure:4812: result: BSD nm
configure:4815: checking whether ln -s works
configure:4819: result: yes
configure:4827: checking the maximum length of command line arguments
configure:4958: result: 1572864
configure:5006: checking how to convert x86_64-pc-linux-gnu file names to i686-w64-mingw32 format
configure:5046: result: func_convert_file_nix_to_w32
configure:5053: checking how to convert x86_64-pc-linux-gnu file names to toolchain format
configure:5073: result: func_convert_file_noop
configure:5080: checking for i686-w64-mingw32-ld option to reload object files
configure:5087: result: -r
configure:5121: checking for i686-w64-mingw32-objdump
configure:5137: found /usr/bin/i686-w64-mingw32-objdump
configure:5148: result: i686-w64-mingw32-objdump
configure:5220: checking how to recognize dependent libraries
configure:5420: result: file_magic ^x86 archive import|^x86 DLL
configure:5465: checking for i686-w64-mingw32-dlltool
configure:5481: found /usr/bin/i686-w64-mingw32-dlltool
configure:5492: result: i686-w64-mingw32-dlltool
configure:5565: checking how to associate runtime and link libraries
configure:5592: result: func_cygming_dll_for_implib
configure:5609: checking for i686-w64-mingw32-ar
configure:5636: result: i686-w64-mingw32-ar
configure:5717: checking for archiver @FILE support
configure:5734: i686-w64-mingw32-gcc -c  -I/home/join/Desktop/vlc3.0/vlc/contrib/i686-w64-mingw32/include -g -O2 -O3  -I/home/join/Desktop/vlc3.0/vlc/contrib/i686-w64-mingw32/include conftest.c >&5
configure:5734: $? = 0
configure:5737: i686-w64-mingw32-ar cru libconftest.a @conftest.lst >&5
i686-w64-mingw32-ar: `u' modifier ignored since `D' is the default (see `U')
configure:5740: $? = 0
configure:5745: i686-w64-mingw32-ar cru libconftest.a @conftest.lst >&5
i686-w64-mingw32-ar: `u' modifier ignored since `D' is the default (see `U')
i686-w64-mingw32-ar: conftest.o: No such file or directory
configure:5748: $? = 1
configure:5760: result: @
configure:5778: checking for i686-w64-mingw32-strip
configure:5805: result: i686-w64-mingw32-strip
configure:5877: checking for i686-w64-mingw32-ranlib
configure:5904: result: i686-w64-mingw32-ranlib
configure:6046: checking command to parse /usr/bin/i686-w64-mingw32-nm -B output from i686-w64-mingw32-gcc object
configure:6199: i686-w64-mingw32-gcc -c  -I/home/join/Desktop/vlc3.0/vlc/contrib/i686-w64-mingw32/include -g -O2 -O3  -I/home/join/Desktop/vlc3.0/vlc/contrib/i686-w64-mingw32/include conftest.c >&5
configure:6202: $? = 0
configure:6206: /usr/bin/i686-w64-mingw32-nm -B conftest.o \| sed -n -e 's/^.*[ ]\([ABCDGIRSTW][ABCDGIRSTW]*\)[ ][ ]*\([_A-Za-z][_A-Za-z0-9]*\)$/\1 \2 \2/p' | sed '/ __gnu_lto/d' \> conftest.nm
configure:6209: $? = 0
cannot find nm_test_var in conftest.nm
configure:6199: i686-w64-mingw32-gcc -c  -I/home/join/Desktop/vlc3.0/vlc/contrib/i686-w64-mingw32/include -g -O2 -O3  -I/home/join/Desktop/vlc3.0/vlc/contrib/i686-w64-mingw32/include conftest.c >&5
configure:6202: $? = 0
configure:6206: /usr/bin/i686-w64-mingw32-nm -B conftest.o \| sed -n -e 's/^.*[ ]\([ABCDGIRSTW][ABCDGIRSTW]*\)[ ][ ]*_\([_A-Za-z][_A-Za-z0-9]*\)$/\1 _\2 \2/p' | sed '/ __gnu_lto/d' \> conftest.nm
configure:6209: $? = 0
configure:6275: i686-w64-mingw32-gcc -o conftest.exe  -I/home/join/Desktop/vlc3.0/vlc/contrib/i686-w64-mingw32/include -g -O2 -O3  -I/home/join/Desktop/vlc3.0/vlc/contrib/i686-w64-mingw32/include  -L/home/join/Desktop/vlc3.0/vlc/contrib/i686-w64-mingw32/lib  conftest.c conftstm.o >&5
configure:6278: $? = 0
configure:6316: result: ok
configure:6363: checking for sysroot
configure:6393: result: no
configure:6400: checking for a working dd
configure:6438: result: /bin/dd
configure:6442: checking how to truncate binary pipes
configure:6457: result: /bin/dd bs=4096 count=1
configure:6746: checking for i686-w64-mingw32-mt
configure:6776: result: no
configure:6786: checking for mt
configure:6802: found /bin/mt
configure:6813: result: mt
configure:6825: WARNING: using cross tools not prefixed with host triplet
configure:6836: checking if mt is a manifest tool
configure:6842: mt '-?'
configure:6850: result: no
configure:7527: checking how to run the C preprocessor
configure:7558: i686-w64-mingw32-gcc -E  -I/home/join/Desktop/vlc3.0/vlc/contrib/i686-w64-mingw32/include conftest.c
configure:7558: $? = 0
configure:7572: i686-w64-mingw32-gcc -E  -I/home/join/Desktop/vlc3.0/vlc/contrib/i686-w64-mingw32/include conftest.c
conftest.c:11:28: fatal error: ac_nonexistent.h: No such file or directory
compilation terminated.
configure:7572: $? = 1
configure: failed program was:
| /* confdefs.h */
| #define PACKAGE_NAME "libass"
| #define PACKAGE_TARNAME "libass"
| #define PACKAGE_VERSION "0.13.7"
| #define PACKAGE_STRING "libass 0.13.7"
| #define PACKAGE_BUGREPORT ""
| #define PACKAGE_URL ""
| #define PACKAGE "libass"
| #define VERSION "0.13.7"
| /* end confdefs.h.  */
| #include <ac_nonexistent.h>
configure:7597: result: i686-w64-mingw32-gcc -E
configure:7617: i686-w64-mingw32-gcc -E  -I/home/join/Desktop/vlc3.0/vlc/contrib/i686-w64-mingw32/include conftest.c
configure:7617: $? = 0
configure:7631: i686-w64-mingw32-gcc -E  -I/home/join/Desktop/vlc3.0/vlc/contrib/i686-w64-mingw32/include conftest.c
conftest.c:11:28: fatal error: ac_nonexistent.h: No such file or directory
compilation terminated.
configure:7631: $? = 1
configure: failed program was:
| /* confdefs.h */
| #define PACKAGE_NAME "libass"
| #define PACKAGE_TARNAME "libass"
| #define PACKAGE_VERSION "0.13.7"
| #define PACKAGE_STRING "libass 0.13.7"
| #define PACKAGE_BUGREPORT ""
| #define PACKAGE_URL ""
| #define PACKAGE "libass"
| #define VERSION "0.13.7"
| /* end confdefs.h.  */
| #include <ac_nonexistent.h>
configure:7660: checking for ANSI C header files
configure:7680: i686-w64-mingw32-gcc -c  -I/home/join/Desktop/vlc3.0/vlc/contrib/i686-w64-mingw32/include -g -O2 -O3  -I/home/join/Desktop/vlc3.0/vlc/contrib/i686-w64-mingw32/include conftest.c >&5
configure:7680: $? = 0
configure:7764: result: yes
configure:7777: checking for sys/types.h
configure:7777: i686-w64-mingw32-gcc -c  -I/home/join/Desktop/vlc3.0/vlc/contrib/i686-w64-mingw32/include -g -O2 -O3  -I/home/join/Desktop/vlc3.0/vlc/contrib/i686-w64-mingw32/include conftest.c >&5
configure:7777: $? = 0
configure:7777: result: yes
configure:7777: checking for sys/stat.h
configure:7777: i686-w64-mingw32-gcc -c  -I/home/join/Desktop/vlc3.0/vlc/contrib/i686-w64-mingw32/include -g -O2 -O3  -I/home/join/Desktop/vlc3.0/vlc/contrib/i686-w64-mingw32/include conftest.c >&5
configure:7777: $? = 0
configure:7777: result: yes
configure:7777: checking for stdlib.h
configure:7777: i686-w64-mingw32-gcc -c  -I/home/join/Desktop/vlc3.0/vlc/contrib/i686-w64-mingw32/include -g -O2 -O3  -I/home/join/Desktop/vlc3.0/vlc/contrib/i686-w64-mingw32/include conftest.c >&5
configure:7777: $? = 0
configure:7777: result: yes
configure:7777: checking for string.h
configure:7777: i686-w64-mingw32-gcc -c  -I/home/join/Desktop/vlc3.0/vlc/contrib/i686-w64-mingw32/include -g -O2 -O3  -I/home/join/Desktop/vlc3.0/vlc/contrib/i686-w64-mingw32/include conftest.c >&5
configure:7777: $? = 0
configure:7777: result: yes
configure:7777: checking for memory.h
configure:7777: i686-w64-mingw32-gcc -c  -I/home/join/Desktop/vlc3.0/vlc/contrib/i686-w64-mingw32/include -g -O2 -O3  -I/home/join/Desktop/vlc3.0/vlc/contrib/i686-w64-mingw32/include conftest.c >&5
configure:7777: $? = 0
configure:7777: result: yes
configure:7777: checking for strings.h
configure:7777: i686-w64-mingw32-gcc -c  -I/home/join/Desktop/vlc3.0/vlc/contrib/i686-w64-mingw32/include -g -O2 -O3  -I/home/join/Desktop/vlc3.0/vlc/contrib/i686-w64-mingw32/include conftest.c >&5
configure:7777: $? = 0
configure:7777: result: yes
configure:7777: checking for inttypes.h
configure:7777: i686-w64-mingw32-gcc -c  -I/home/join/Desktop/vlc3.0/vlc/contrib/i686-w64-mingw32/include -g -O2 -O3  -I/home/join/Desktop/vlc3.0/vlc/contrib/i686-w64-mingw32/include conftest.c >&5
configure:7777: $? = 0
configure:7777: result: yes
configure:7777: checking for stdint.h
configure:7777: i686-w64-mingw32-gcc -c  -I/home/join/Desktop/vlc3.0/vlc/contrib/i686-w64-mingw32/include -g -O2 -O3  -I/home/join/Desktop/vlc3.0/vlc/contrib/i686-w64-mingw32/include conftest.c >&5
configure:7777: $? = 0
configure:7777: result: yes
configure:7777: checking for unistd.h
configure:7777: i686-w64-mingw32-gcc -c  -I/home/join/Desktop/vlc3.0/vlc/contrib/i686-w64-mingw32/include -g -O2 -O3  -I/home/join/Desktop/vlc3.0/vlc/contrib/i686-w64-mingw32/include conftest.c >&5
configure:7777: $? = 0
configure:7777: result: yes
configure:7791: checking for dlfcn.h
configure:7791: i686-w64-mingw32-gcc -c  -I/home/join/Desktop/vlc3.0/vlc/contrib/i686-w64-mingw32/include -g -O2 -O3  -I/home/join/Desktop/vlc3.0/vlc/contrib/i686-w64-mingw32/include conftest.c >&5
conftest.c:55:19: fatal error: dlfcn.h: No such file or directory
compilation terminated.
configure:7791: $? = 1
configure: failed program was:
| /* confdefs.h */
| #define PACKAGE_NAME "libass"
| #define PACKAGE_TARNAME "libass"
| #define PACKAGE_VERSION "0.13.7"
| #define PACKAGE_STRING "libass 0.13.7"
| #define PACKAGE_BUGREPORT ""
| #define PACKAGE_URL ""
| #define PACKAGE "libass"
| #define VERSION "0.13.7"
| #define STDC_HEADERS 1
| #define HAVE_SYS_TYPES_H 1
| #define HAVE_SYS_STAT_H 1
| #define HAVE_STDLIB_H 1
| #define HAVE_STRING_H 1
| #define HAVE_MEMORY_H 1
| #define HAVE_STRINGS_H 1
| #define HAVE_INTTYPES_H 1
| #define HAVE_STDINT_H 1
| #define HAVE_UNISTD_H 1
| /* end confdefs.h.  */
| #include <stdio.h>
| #ifdef HAVE_SYS_TYPES_H
| # include <sys/types.h>
| #endif
| #ifdef HAVE_SYS_STAT_H
| # include <sys/stat.h>
| #endif
| #ifdef STDC_HEADERS
| # include <stdlib.h>
| # include <stddef.h>
| #else
| # ifdef HAVE_STDLIB_H
| #  include <stdlib.h>
| # endif
| #endif
| #ifdef HAVE_STRING_H
| # if !defined STDC_HEADERS && defined HAVE_MEMORY_H
| #  include <memory.h>
| # endif
| # include <string.h>
| #endif
| #ifdef HAVE_STRINGS_H
| # include <strings.h>
| #endif
| #ifdef HAVE_INTTYPES_H
| # include <inttypes.h>
| #endif
| #ifdef HAVE_STDINT_H
| # include <stdint.h>
| #endif
| #ifdef HAVE_UNISTD_H
| # include <unistd.h>
| #endif
| 
| #include <dlfcn.h>
configure:7791: result: no
configure:8047: checking for objdir
configure:8062: result: .libs
configure:8326: checking if i686-w64-mingw32-gcc supports -fno-rtti -fno-exceptions
configure:8344: i686-w64-mingw32-gcc -c  -I/home/join/Desktop/vlc3.0/vlc/contrib/i686-w64-mingw32/include -g -O2 -O3  -I/home/join/Desktop/vlc3.0/vlc/contrib/i686-w64-mingw32/include -fno-rtti -fno-exceptions conftest.c >&5
cc1: warning: command line option '-fno-rtti' is valid for C++/ObjC++ but not for C
configure:8348: $? = 0
configure:8361: result: no
configure:8719: checking for i686-w64-mingw32-gcc option to produce PIC
configure:8726: result: -DDLL_EXPORT -DPIC
configure:8734: checking if i686-w64-mingw32-gcc PIC flag -DDLL_EXPORT -DPIC works
configure:8752: i686-w64-mingw32-gcc -c  -I/home/join/Desktop/vlc3.0/vlc/contrib/i686-w64-mingw32/include -g -O2 -O3  -I/home/join/Desktop/vlc3.0/vlc/contrib/i686-w64-mingw32/include -DDLL_EXPORT -DPIC -DPIC conftest.c >&5
configure:8756: $? = 0
configure:8769: result: yes
configure:8798: checking if i686-w64-mingw32-gcc static flag -static works
configure:8826: result: yes
configure:8841: checking if i686-w64-mingw32-gcc supports -c -o file.o
configure:8862: i686-w64-mingw32-gcc -c  -I/home/join/Desktop/vlc3.0/vlc/contrib/i686-w64-mingw32/include -g -O2 -O3  -I/home/join/Desktop/vlc3.0/vlc/contrib/i686-w64-mingw32/include -o out/conftest2.o conftest.c >&5
configure:8866: $? = 0
configure:8888: result: yes
configure:8896: checking if i686-w64-mingw32-gcc supports -c -o file.o
configure:8943: result: yes
configure:8976: checking whether the i686-w64-mingw32-gcc linker (i686-w64-mingw32-ld) supports shared libraries
configure:10239: result: yes
configure:10479: checking dynamic linker characteristics
configure:11309: result: Win32 ld.exe
configure:11431: checking how to hardcode library paths into programs
configure:11456: result: immediate
configure:12004: checking whether stripping libraries is possible
configure:12009: result: yes
configure:12044: checking if libtool supports shared libraries
configure:12046: result: yes
configure:12049: checking whether to build shared libraries
configure:12074: result: no
configure:12077: checking whether to build static libraries
configure:12081: result: yes
configure:12131: checking for i686-w64-mingw32-gcc
configure:12158: result: i686-w64-mingw32-gcc
configure:12427: checking for C compiler version
configure:12436: i686-w64-mingw32-gcc --version >&5
i686-w64-mingw32-gcc (GCC) 5.3.1 20160211
Copyright (C) 2015 Free Software Foundation, Inc.
This is free software; see the source for copying conditions.  There is NO
warranty; not even for MERCHANTABILITY or FITNESS FOR A PARTICULAR PURPOSE.

configure:12447: $? = 0
configure:12436: i686-w64-mingw32-gcc -v >&5
Using built-in specs.
COLLECT_GCC=i686-w64-mingw32-gcc
COLLECT_LTO_WRAPPER=/usr/lib/gcc/i686-w64-mingw32/5.3-win32/lto-wrapper
Target: i686-w64-mingw32
Configured with: ../../src/configure --build=x86_64-linux-gnu --prefix=/usr --includedir='/usr/include' --mandir='/usr/share/man' --infodir='/usr/share/info' --sysconfdir=/etc --localstatedir=/var --disable-silent-rules --libexecdir='/usr/lib/gcc-mingw-w64' --disable-maintainer-mode --disable-dependency-tracking --prefix=/usr --enable-shared --enable-static --disable-multilib --with-system-zlib --libexecdir=/usr/lib --without-included-gettext --libdir=/usr/lib --enable-libstdcxx-time=yes --with-tune=generic --enable-version-specific-runtime-libs --enable-fully-dynamic-string --enable-libgomp --enable-languages=c,c++,fortran,objc,obj-c++ --enable-lto --with-plugin-ld --enable-threads=win32 --program-suffix=-win32 --program-prefix=i686-w64-mingw32- --target=i686-w64-mingw32 --with-as=/usr/bin/i686-w64-mingw32-as --with-ld=/usr/bin/i686-w64-mingw32-ld --disable-libatomic
Thread model: win32
gcc version 5.3.1 20160211 (GCC) 
configure:12447: $? = 0
configure:12436: i686-w64-mingw32-gcc -V >&5
i686-w64-mingw32-gcc: error: unrecognized command line option '-V'
i686-w64-mingw32-gcc: fatal error: no input files
compilation terminated.
configure:12447: $? = 1
configure:12436: i686-w64-mingw32-gcc -qversion >&5
i686-w64-mingw32-gcc: error: unrecognized command line option '-qversion'
i686-w64-mingw32-gcc: fatal error: no input files
compilation terminated.
configure:12447: $? = 1
configure:12451: checking whether we are using the GNU C compiler
configure:12479: result: yes
configure:12488: checking whether i686-w64-mingw32-gcc accepts -g
configure:12549: result: yes
configure:12566: checking for i686-w64-mingw32-gcc option to accept ISO C89
configure:12642: result: none needed
configure:12667: checking whether i686-w64-mingw32-gcc understands -c and -o together
configure:12704: result: yes
configure:12723: checking dependency style of i686-w64-mingw32-gcc
configure:12834: result: none
configure:12854: checking how to run the C preprocessor
configure:12924: result: i686-w64-mingw32-gcc -E
configure:12944: i686-w64-mingw32-gcc -E  -I/home/join/Desktop/vlc3.0/vlc/contrib/i686-w64-mingw32/include conftest.c
configure:12944: $? = 0
configure:12958: i686-w64-mingw32-gcc -E  -I/home/join/Desktop/vlc3.0/vlc/contrib/i686-w64-mingw32/include conftest.c
conftest.c:22:28: fatal error: ac_nonexistent.h: No such file or directory
compilation terminated.
configure:12958: $? = 1
configure: failed program was:
| /* confdefs.h */
| #define PACKAGE_NAME "libass"
| #define PACKAGE_TARNAME "libass"
| #define PACKAGE_VERSION "0.13.7"
| #define PACKAGE_STRING "libass 0.13.7"
| #define PACKAGE_BUGREPORT ""
| #define PACKAGE_URL ""
| #define PACKAGE "libass"
| #define VERSION "0.13.7"
| #define STDC_HEADERS 1
| #define HAVE_SYS_TYPES_H 1
| #define HAVE_SYS_STAT_H 1
| #define HAVE_STDLIB_H 1
| #define HAVE_STRING_H 1
| #define HAVE_MEMORY_H 1
| #define HAVE_STRINGS_H 1
| #define HAVE_INTTYPES_H 1
| #define HAVE_STDINT_H 1
| #define HAVE_UNISTD_H 1
| #define LT_OBJDIR ".libs/"
| /* end confdefs.h.  */
| #include <ac_nonexistent.h>
configure:12996: checking dependency style of i686-w64-mingw32-gcc -c
configure:13105: result: none
configure:13122: checking for ANSI C header files
configure:13226: result: yes
configure:13234: checking for stdbool.h that conforms to C99
configure:13301: i686-w64-mingw32-gcc -c  -I/home/join/Desktop/vlc3.0/vlc/contrib/i686-w64-mingw32/include -g -O2 -O3  -I/home/join/Desktop/vlc3.0/vlc/contrib/i686-w64-mingw32/include conftest.c >&5
configure:13301: $? = 0
configure:13308: result: yes
configure:13310: checking for _Bool
configure:13310: i686-w64-mingw32-gcc -c  -I/home/join/Desktop/vlc3.0/vlc/contrib/i686-w64-mingw32/include -g -O2 -O3  -I/home/join/Desktop/vlc3.0/vlc/contrib/i686-w64-mingw32/include conftest.c >&5
configure:13310: $? = 0
configure:13310: i686-w64-mingw32-gcc -c  -I/home/join/Desktop/vlc3.0/vlc/contrib/i686-w64-mingw32/include -g -O2 -O3  -I/home/join/Desktop/vlc3.0/vlc/contrib/i686-w64-mingw32/include conftest.c >&5
conftest.c: In function 'main':
conftest.c:59:20: error: expected expression before ')' token
 if (sizeof ((_Bool)))
                    ^
configure:13310: $? = 1
configure: failed program was:
| /* confdefs.h */
| #define PACKAGE_NAME "libass"
| #define PACKAGE_TARNAME "libass"
| #define PACKAGE_VERSION "0.13.7"
| #define PACKAGE_STRING "libass 0.13.7"
| #define PACKAGE_BUGREPORT ""
| #define PACKAGE_URL ""
| #define PACKAGE "libass"
| #define VERSION "0.13.7"
| #define STDC_HEADERS 1
| #define HAVE_SYS_TYPES_H 1
| #define HAVE_SYS_STAT_H 1
| #define HAVE_STDLIB_H 1
| #define HAVE_STRING_H 1
| #define HAVE_MEMORY_H 1
| #define HAVE_STRINGS_H 1
| #define HAVE_INTTYPES_H 1
| #define HAVE_STDINT_H 1
| #define HAVE_UNISTD_H 1
| #define LT_OBJDIR ".libs/"
| #define STDC_HEADERS 1
| /* end confdefs.h.  */
| #include <stdio.h>
| #ifdef HAVE_SYS_TYPES_H
| # include <sys/types.h>
| #endif
| #ifdef HAVE_SYS_STAT_H
| # include <sys/stat.h>
| #endif
| #ifdef STDC_HEADERS
| # include <stdlib.h>
| # include <stddef.h>
| #else
| # ifdef HAVE_STDLIB_H
| #  include <stdlib.h>
| # endif
| #endif
| #ifdef HAVE_STRING_H
| # if !defined STDC_HEADERS && defined HAVE_MEMORY_H
| #  include <memory.h>
| # endif
| # include <string.h>
| #endif
| #ifdef HAVE_STRINGS_H
| # include <strings.h>
| #endif
| #ifdef HAVE_INTTYPES_H
| # include <inttypes.h>
| #endif
| #ifdef HAVE_STDINT_H
| # include <stdint.h>
| #endif
| #ifdef HAVE_UNISTD_H
| # include <unistd.h>
| #endif
| int
| main ()
| {
| if (sizeof ((_Bool)))
| 	    return 0;
|   ;
|   return 0;
| }
configure:13310: result: yes
configure:13330: checking for stdint.h
configure:13330: result: yes
configure:13330: checking iconv.h usability
configure:13330: i686-w64-mingw32-gcc -c  -I/home/join/Desktop/vlc3.0/vlc/contrib/i686-w64-mingw32/include -g -O2 -O3  -I/home/join/Desktop/vlc3.0/vlc/contrib/i686-w64-mingw32/include conftest.c >&5
conftest.c:59:19: fatal error: iconv.h: No such file or directory
compilation terminated.
configure:13330: $? = 1
configure: failed program was:
| /* confdefs.h */
| #define PACKAGE_NAME "libass"
| #define PACKAGE_TARNAME "libass"
| #define PACKAGE_VERSION "0.13.7"
| #define PACKAGE_STRING "libass 0.13.7"
| #define PACKAGE_BUGREPORT ""
| #define PACKAGE_URL ""
| #define PACKAGE "libass"
| #define VERSION "0.13.7"
| #define STDC_HEADERS 1
| #define HAVE_SYS_TYPES_H 1
| #define HAVE_SYS_STAT_H 1
| #define HAVE_STDLIB_H 1
| #define HAVE_STRING_H 1
| #define HAVE_MEMORY_H 1
| #define HAVE_STRINGS_H 1
| #define HAVE_INTTYPES_H 1
| #define HAVE_STDINT_H 1
| #define HAVE_UNISTD_H 1
| #define LT_OBJDIR ".libs/"
| #define STDC_HEADERS 1
| #define HAVE__BOOL 1
| #define HAVE_STDBOOL_H 1
| #define HAVE_STDINT_H 1
| /* end confdefs.h.  */
| #include <stdio.h>
| #ifdef HAVE_SYS_TYPES_H
| # include <sys/types.h>
| #endif
| #ifdef HAVE_SYS_STAT_H
| # include <sys/stat.h>
| #endif
| #ifdef STDC_HEADERS
| # include <stdlib.h>
| # include <stddef.h>
| #else
| # ifdef HAVE_STDLIB_H
| #  include <stdlib.h>
| # endif
| #endif
| #ifdef HAVE_STRING_H
| # if !defined STDC_HEADERS && defined HAVE_MEMORY_H
| #  include <memory.h>
| # endif
| # include <string.h>
| #endif
| #ifdef HAVE_STRINGS_H
| # include <strings.h>
| #endif
| #ifdef HAVE_INTTYPES_H
| # include <inttypes.h>
| #endif
| #ifdef HAVE_STDINT_H
| # include <stdint.h>
| #endif
| #ifdef HAVE_UNISTD_H
| # include <unistd.h>
| #endif
| #include <iconv.h>
configure:13330: result: no
configure:13330: checking iconv.h presence
configure:13330: i686-w64-mingw32-gcc -E  -I/home/join/Desktop/vlc3.0/vlc/contrib/i686-w64-mingw32/include conftest.c
conftest.c:26:19: fatal error: iconv.h: No such file or directory
compilation terminated.
configure:13330: $? = 1
configure: failed program was:
| /* confdefs.h */
| #define PACKAGE_NAME "libass"
| #define PACKAGE_TARNAME "libass"
| #define PACKAGE_VERSION "0.13.7"
| #define PACKAGE_STRING "libass 0.13.7"
| #define PACKAGE_BUGREPORT ""
| #define PACKAGE_URL ""
| #define PACKAGE "libass"
| #define VERSION "0.13.7"
| #define STDC_HEADERS 1
| #define HAVE_SYS_TYPES_H 1
| #define HAVE_SYS_STAT_H 1
| #define HAVE_STDLIB_H 1
| #define HAVE_STRING_H 1
| #define HAVE_MEMORY_H 1
| #define HAVE_STRINGS_H 1
| #define HAVE_INTTYPES_H 1
| #define HAVE_STDINT_H 1
| #define HAVE_UNISTD_H 1
| #define LT_OBJDIR ".libs/"
| #define STDC_HEADERS 1
| #define HAVE__BOOL 1
| #define HAVE_STDBOOL_H 1
| #define HAVE_STDINT_H 1
| /* end confdefs.h.  */
| #include <iconv.h>
configure:13330: result: no
configure:13330: checking for iconv.h
configure:13330: result: no
configure:13345: checking for strdup
configure:13345: i686-w64-mingw32-gcc -o conftest.exe  -I/home/join/Desktop/vlc3.0/vlc/contrib/i686-w64-mingw32/include -g -O2 -O3  -I/home/join/Desktop/vlc3.0/vlc/contrib/i686-w64-mingw32/include  -L/home/join/Desktop/vlc3.0/vlc/contrib/i686-w64-mingw32/lib  conftest.c  >&5
conftest.c:49:6: warning: conflicting types for built-in function 'strdup'
 char strdup ();
      ^
configure:13345: $? = 0
configure:13345: result: yes
configure:13345: checking for strndup
configure:13345: i686-w64-mingw32-gcc -o conftest.exe  -I/home/join/Desktop/vlc3.0/vlc/contrib/i686-w64-mingw32/include -g -O2 -O3  -I/home/join/Desktop/vlc3.0/vlc/contrib/i686-w64-mingw32/include  -L/home/join/Desktop/vlc3.0/vlc/contrib/i686-w64-mingw32/lib  conftest.c  >&5
conftest.c:50:6: warning: conflicting types for built-in function 'strndup'
 char strndup ();
      ^
/tmp/ccoz4ZEc.o: In function `main':
/home/join/Desktop/vlc3.0/vlc/contrib/win32/libass/conftest.c:61: undefined reference to `strndup'
collect2: error: ld returned 1 exit status
configure:13345: $? = 1
configure: failed program was:
| /* confdefs.h */
| #define PACKAGE_NAME "libass"
| #define PACKAGE_TARNAME "libass"
| #define PACKAGE_VERSION "0.13.7"
| #define PACKAGE_STRING "libass 0.13.7"
| #define PACKAGE_BUGREPORT ""
| #define PACKAGE_URL ""
| #define PACKAGE "libass"
| #define VERSION "0.13.7"
| #define STDC_HEADERS 1
| #define HAVE_SYS_TYPES_H 1
| #define HAVE_SYS_STAT_H 1
| #define HAVE_STDLIB_H 1
| #define HAVE_STRING_H 1
| #define HAVE_MEMORY_H 1
| #define HAVE_STRINGS_H 1
| #define HAVE_INTTYPES_H 1
| #define HAVE_STDINT_H 1
| #define HAVE_UNISTD_H 1
| #define LT_OBJDIR ".libs/"
| #define STDC_HEADERS 1
| #define HAVE__BOOL 1
| #define HAVE_STDBOOL_H 1
| #define HAVE_STDINT_H 1
| #define HAVE_STRDUP 1
| /* end confdefs.h.  */
| /* Define strndup to an innocuous variant, in case <limits.h> declares strndup.
|    For example, HP-UX 11i <limits.h> declares gettimeofday.  */
| #define strndup innocuous_strndup
| 
| /* System header to define __stub macros and hopefully few prototypes,
|     which can conflict with char strndup (); below.
|     Prefer <limits.h> to <assert.h> if __STDC__ is defined, since
|     <limits.h> exists even on freestanding compilers.  */
| 
| #ifdef __STDC__
| # include <limits.h>
| #else
| # include <assert.h>
| #endif
| 
| #undef strndup
| 
| /* Override any GCC internal prototype to avoid an error.
|    Use char because int might match the return type of a GCC
|    builtin and then its argument prototype would still apply.  */
| #ifdef __cplusplus
| extern "C"
| #endif
| char strndup ();
| /* The GNU C library defines this for functions which it implements
|     to always fail with ENOSYS.  Some functions are actually named
|     something starting with __ and the normal name is an alias.  */
| #if defined __stub_strndup || defined __stub___strndup
| choke me
| #endif
| 
| int
| main ()
| {
| return strndup ();
|   ;
|   return 0;
| }
configure:13345: result: no
configure:13360: checking for library containing libiconv_open
configure:13391: i686-w64-mingw32-gcc -o conftest.exe  -I/home/join/Desktop/vlc3.0/vlc/contrib/i686-w64-mingw32/include -g -O2 -O3  -I/home/join/Desktop/vlc3.0/vlc/contrib/i686-w64-mingw32/include  -L/home/join/Desktop/vlc3.0/vlc/contrib/i686-w64-mingw32/lib  conftest.c  >&5
/tmp/ccSuYEKg.o: In function `main':
/home/join/Desktop/vlc3.0/vlc/contrib/win32/libass/conftest.c:38: undefined reference to `libiconv_open'
collect2: error: ld returned 1 exit status
configure:13391: $? = 1
configure: failed program was:
| /* confdefs.h */
| #define PACKAGE_NAME "libass"
| #define PACKAGE_TARNAME "libass"
| #define PACKAGE_VERSION "0.13.7"
| #define PACKAGE_STRING "libass 0.13.7"
| #define PACKAGE_BUGREPORT ""
| #define PACKAGE_URL ""
| #define PACKAGE "libass"
| #define VERSION "0.13.7"
| #define STDC_HEADERS 1
| #define HAVE_SYS_TYPES_H 1
| #define HAVE_SYS_STAT_H 1
| #define HAVE_STDLIB_H 1
| #define HAVE_STRING_H 1
| #define HAVE_MEMORY_H 1
| #define HAVE_STRINGS_H 1
| #define HAVE_INTTYPES_H 1
| #define HAVE_STDINT_H 1
| #define HAVE_UNISTD_H 1
| #define LT_OBJDIR ".libs/"
| #define STDC_HEADERS 1
| #define HAVE__BOOL 1
| #define HAVE_STDBOOL_H 1
| #define HAVE_STDINT_H 1
| #define HAVE_STRDUP 1
| /* end confdefs.h.  */
| 
| /* Override any GCC internal prototype to avoid an error.
|    Use char because int might match the return type of a GCC
|    builtin and then its argument prototype would still apply.  */
| #ifdef __cplusplus
| extern "C"
| #endif
| char libiconv_open ();
| int
| main ()
| {
| return libiconv_open ();
|   ;
|   return 0;
| }
configure:13391: i686-w64-mingw32-gcc -o conftest.exe  -I/home/join/Desktop/vlc3.0/vlc/contrib/i686-w64-mingw32/include -g -O2 -O3  -I/home/join/Desktop/vlc3.0/vlc/contrib/i686-w64-mingw32/include  -L/home/join/Desktop/vlc3.0/vlc/contrib/i686-w64-mingw32/lib  conftest.c -liconv   >&5
/usr/bin/i686-w64-mingw32-ld: cannot find -liconv
collect2: error: ld returned 1 exit status
configure:13391: $? = 1
configure: failed program was:
| /* confdefs.h */
| #define PACKAGE_NAME "libass"
| #define PACKAGE_TARNAME "libass"
| #define PACKAGE_VERSION "0.13.7"
| #define PACKAGE_STRING "libass 0.13.7"
| #define PACKAGE_BUGREPORT ""
| #define PACKAGE_URL ""
| #define PACKAGE "libass"
| #define VERSION "0.13.7"
| #define STDC_HEADERS 1
| #define HAVE_SYS_TYPES_H 1
| #define HAVE_SYS_STAT_H 1
| #define HAVE_STDLIB_H 1
| #define HAVE_STRING_H 1
| #define HAVE_MEMORY_H 1
| #define HAVE_STRINGS_H 1
| #define HAVE_INTTYPES_H 1
| #define HAVE_STDINT_H 1
| #define HAVE_UNISTD_H 1
| #define LT_OBJDIR ".libs/"
| #define STDC_HEADERS 1
| #define HAVE__BOOL 1
| #define HAVE_STDBOOL_H 1
| #define HAVE_STDINT_H 1
| #define HAVE_STRDUP 1
| /* end confdefs.h.  */
| 
| /* Override any GCC internal prototype to avoid an error.
|    Use char because int might match the return type of a GCC
|    builtin and then its argument prototype would still apply.  */
| #ifdef __cplusplus
| extern "C"
| #endif
| char libiconv_open ();
| int
| main ()
| {
| return libiconv_open ();
|   ;
|   return 0;
| }
configure:13408: result: no
configure:13416: checking for library containing iconv_open
configure:13447: i686-w64-mingw32-gcc -o conftest.exe  -I/home/join/Desktop/vlc3.0/vlc/contrib/i686-w64-mingw32/include -g -O2 -O3  -I/home/join/Desktop/vlc3.0/vlc/contrib/i686-w64-mingw32/include  -L/home/join/Desktop/vlc3.0/vlc/contrib/i686-w64-mingw32/lib  conftest.c  >&5
/tmp/ccHkC9tn.o: In function `main':
/home/join/Desktop/vlc3.0/vlc/contrib/win32/libass/conftest.c:38: undefined reference to `iconv_open'
collect2: error: ld returned 1 exit status
configure:13447: $? = 1
configure: failed program was:
| /* confdefs.h */
| #define PACKAGE_NAME "libass"
| #define PACKAGE_TARNAME "libass"
| #define PACKAGE_VERSION "0.13.7"
| #define PACKAGE_STRING "libass 0.13.7"
| #define PACKAGE_BUGREPORT ""
| #define PACKAGE_URL ""
| #define PACKAGE "libass"
| #define VERSION "0.13.7"
| #define STDC_HEADERS 1
| #define HAVE_SYS_TYPES_H 1
| #define HAVE_SYS_STAT_H 1
| #define HAVE_STDLIB_H 1
| #define HAVE_STRING_H 1
| #define HAVE_MEMORY_H 1
| #define HAVE_STRINGS_H 1
| #define HAVE_INTTYPES_H 1
| #define HAVE_STDINT_H 1
| #define HAVE_UNISTD_H 1
| #define LT_OBJDIR ".libs/"
| #define STDC_HEADERS 1
| #define HAVE__BOOL 1
| #define HAVE_STDBOOL_H 1
| #define HAVE_STDINT_H 1
| #define HAVE_STRDUP 1
| /* end confdefs.h.  */
| 
| /* Override any GCC internal prototype to avoid an error.
|    Use char because int might match the return type of a GCC
|    builtin and then its argument prototype would still apply.  */
| #ifdef __cplusplus
| extern "C"
| #endif
| char iconv_open ();
| int
| main ()
| {
| return iconv_open ();
|   ;
|   return 0;
| }
configure:13447: i686-w64-mingw32-gcc -o conftest.exe  -I/home/join/Desktop/vlc3.0/vlc/contrib/i686-w64-mingw32/include -g -O2 -O3  -I/home/join/Desktop/vlc3.0/vlc/contrib/i686-w64-mingw32/include  -L/home/join/Desktop/vlc3.0/vlc/contrib/i686-w64-mingw32/lib  conftest.c -liconv   >&5
/usr/bin/i686-w64-mingw32-ld: cannot find -liconv
collect2: error: ld returned 1 exit status
configure:13447: $? = 1
configure: failed program was:
| /* confdefs.h */
| #define PACKAGE_NAME "libass"
| #define PACKAGE_TARNAME "libass"
| #define PACKAGE_VERSION "0.13.7"
| #define PACKAGE_STRING "libass 0.13.7"
| #define PACKAGE_BUGREPORT ""
| #define PACKAGE_URL ""
| #define PACKAGE "libass"
| #define VERSION "0.13.7"
| #define STDC_HEADERS 1
| #define HAVE_SYS_TYPES_H 1
| #define HAVE_SYS_STAT_H 1
| #define HAVE_STDLIB_H 1
| #define HAVE_STRING_H 1
| #define HAVE_MEMORY_H 1
| #define HAVE_STRINGS_H 1
| #define HAVE_INTTYPES_H 1
| #define HAVE_STDINT_H 1
| #define HAVE_UNISTD_H 1
| #define LT_OBJDIR ".libs/"
| #define STDC_HEADERS 1
| #define HAVE__BOOL 1
| #define HAVE_STDBOOL_H 1
| #define HAVE_STDINT_H 1
| #define HAVE_STRDUP 1
| /* end confdefs.h.  */
| 
| /* Override any GCC internal prototype to avoid an error.
|    Use char because int might match the return type of a GCC
|    builtin and then its argument prototype would still apply.  */
| #ifdef __cplusplus
| extern "C"
| #endif
| char iconv_open ();
| int
| main ()
| {
| return iconv_open ();
|   ;
|   return 0;
| }
configure:13464: result: no
configure:13472: checking for fabs in -lm
configure:13497: i686-w64-mingw32-gcc -o conftest.exe  -I/home/join/Desktop/vlc3.0/vlc/contrib/i686-w64-mingw32/include -g -O2 -O3  -I/home/join/Desktop/vlc3.0/vlc/contrib/i686-w64-mingw32/include  -L/home/join/Desktop/vlc3.0/vlc/contrib/i686-w64-mingw32/lib  conftest.c -lm   >&5
conftest.c:34:6: warning: conflicting types for built-in function 'fabs'
 char fabs ();
      ^
configure:13497: $? = 0
configure:13506: result: yes
configure:13626: checking for yasm
configure:13642: found /usr/bin/yasm
configure:13653: result: yes
configure:13671: checking if yasm supports vpmovzxwd
configure:13676: result: yes
configure:13797: checking for i686-w64-mingw32-pkg-config
configure:13815: found /usr/bin/i686-w64-mingw32-pkg-config
configure:13827: result: /usr/bin/i686-w64-mingw32-pkg-config
configure:13895: checking pkg-config is at least version 0.9.0
configure:13898: result: yes
configure:13908: checking for FREETYPE
configure:13915: $PKG_CONFIG --exists --print-errors "freetype2 >= 9.10.3"
configure:13918: $? = 0
configure:13932: $PKG_CONFIG --exists --print-errors "freetype2 >= 9.10.3"
configure:13935: $? = 0
configure:13993: result: yes
configure:14007: checking for FRIBIDI
configure:14014: $PKG_CONFIG --exists --print-errors "fribidi >= 0.19.0"
configure:14017: $? = 0
configure:14031: $PKG_CONFIG --exists --print-errors "fribidi >= 0.19.0"
configure:14034: $? = 0
configure:14092: result: yes
configure:14106: checking for FONTCONFIG
configure:14113: $PKG_CONFIG --exists --print-errors "fontconfig >= 2.10.92"
configure:14116: $? = 0
configure:14130: $PKG_CONFIG --exists --print-errors "fontconfig >= 2.10.92"
configure:14133: $? = 0
configure:14171: result: yes
configure:14190: checking for CORETEXT
configure:14205: i686-w64-mingw32-gcc -o conftest.exe  -I/home/join/Desktop/vlc3.0/vlc/contrib/i686-w64-mingw32/include -g -O2 -O3 -I/home/join/Desktop/vlc3.0/vlc/contrib/i686-w64-mingw32/include/freetype2 -I/home/join/Desktop/vlc3.0/vlc/contrib/i686-w64-mingw32/include -I/home/join/Desktop/vlc3.0/vlc/contrib/i686-w64-mingw32/include/fribidi -DLIBXML_STATIC -I/home/join/Desktop/vlc3.0/vlc/contrib/i686-w64-mingw32/include -I/home/join/Desktop/vlc3.0/vlc/contrib/i686-w64-mingw32/include/freetype2 -I/home/join/Desktop/vlc3.0/vlc/contrib/i686-w64-mingw32/include -I/home/join/Desktop/vlc3.0/vlc/contrib/i686-w64-mingw32/include/libxml2 -I/home/join/Desktop/vlc3.0/vlc/contrib/i686-w64-mingw32/include/freetype2 -I/home/join/Desktop/vlc3.0/vlc/contrib/i686-w64-mingw32/include -I/home/join/Desktop/vlc3.0/vlc/contrib/i686-w64-mingw32/include/libxml2  -I/home/join/Desktop/vlc3.0/vlc/contrib/i686-w64-mingw32/include  -L/home/join/Desktop/vlc3.0/vlc/contrib/i686-w64-mingw32/lib  conftest.c  -lm  -L/home/join/Desktop/vlc3.0/vlc/contrib/i686-w64-mingw32/lib -lfreetype -lz -L/home/join/Desktop/vlc3.0/vlc/contrib/i686-w64-mingw32/lib -lfribidi -L/home/join/Desktop/vlc3.0/vlc/contrib/i686-w64-mingw32/lib -lfontconfig -lfreetype -lz -lxml2 -lws2_32 -lfreetype -lz -lxml2 -lws2_32 -framework CoreText -framework CoreFoundation -framework CoreGraphics >&5
i686-w64-mingw32-gcc: error: CoreText: No such file or directory
i686-w64-mingw32-gcc: error: CoreFoundation: No such file or directory
i686-w64-mingw32-gcc: error: CoreGraphics: No such file or directory
i686-w64-mingw32-gcc: error: unrecognized command line option '-framework'
i686-w64-mingw32-gcc: error: unrecognized command line option '-framework'
i686-w64-mingw32-gcc: error: unrecognized command line option '-framework'
configure:14205: $? = 1
configure: failed program was:
| /* confdefs.h */
| #define PACKAGE_NAME "libass"
| #define PACKAGE_TARNAME "libass"
| #define PACKAGE_VERSION "0.13.7"
| #define PACKAGE_STRING "libass 0.13.7"
| #define PACKAGE_BUGREPORT ""
| #define PACKAGE_URL ""
| #define PACKAGE "libass"
| #define VERSION "0.13.7"
| #define STDC_HEADERS 1
| #define HAVE_SYS_TYPES_H 1
| #define HAVE_SYS_STAT_H 1
| #define HAVE_STDLIB_H 1
| #define HAVE_STRING_H 1
| #define HAVE_MEMORY_H 1
| #define HAVE_STRINGS_H 1
| #define HAVE_INTTYPES_H 1
| #define HAVE_STDINT_H 1
| #define HAVE_UNISTD_H 1
| #define LT_OBJDIR ".libs/"
| #define STDC_HEADERS 1
| #define HAVE__BOOL 1
| #define HAVE_STDBOOL_H 1
| #define HAVE_STDINT_H 1
| #define HAVE_STRDUP 1
| #define HAVE_LIBM 1
| #define CONFIG_ASM 1
| #define CONFIG_RASTERIZER 1
| #define CONFIG_FREETYPE 1
| #define CONFIG_FRIBIDI 1
| #define CONFIG_FONTCONFIG 1
| /* end confdefs.h.  */
| 
|   #include <CoreText/CoreText.h>
| int
| main ()
| {
| CTFontCreateWithFontDescriptor(NULL, 0.0, NULL);
|   ;
|   return 0;
| }
| 
configure:14218: result: no
configure:14238: checking for DIRECTWRITE
configure:14253: i686-w64-mingw32-gcc -o conftest.exe  -I/home/join/Desktop/vlc3.0/vlc/contrib/i686-w64-mingw32/include -g -O2 -O3 -I/home/join/Desktop/vlc3.0/vlc/contrib/i686-w64-mingw32/include/freetype2 -I/home/join/Desktop/vlc3.0/vlc/contrib/i686-w64-mingw32/include -I/home/join/Desktop/vlc3.0/vlc/contrib/i686-w64-mingw32/include/fribidi -DLIBXML_STATIC -I/home/join/Desktop/vlc3.0/vlc/contrib/i686-w64-mingw32/include -I/home/join/Desktop/vlc3.0/vlc/contrib/i686-w64-mingw32/include/freetype2 -I/home/join/Desktop/vlc3.0/vlc/contrib/i686-w64-mingw32/include -I/home/join/Desktop/vlc3.0/vlc/contrib/i686-w64-mingw32/include/libxml2 -I/home/join/Desktop/vlc3.0/vlc/contrib/i686-w64-mingw32/include/freetype2 -I/home/join/Desktop/vlc3.0/vlc/contrib/i686-w64-mingw32/include -I/home/join/Desktop/vlc3.0/vlc/contrib/i686-w64-mingw32/include/libxml2  -I/home/join/Desktop/vlc3.0/vlc/contrib/i686-w64-mingw32/include  -L/home/join/Desktop/vlc3.0/vlc/contrib/i686-w64-mingw32/lib  conftest.c  -lm  -L/home/join/Desktop/vlc3.0/vlc/contrib/i686-w64-mingw32/lib -lfreetype -lz -L/home/join/Desktop/vlc3.0/vlc/contrib/i686-w64-mingw32/lib -lfribidi -L/home/join/Desktop/vlc3.0/vlc/contrib/i686-w64-mingw32/lib -lfontconfig -lfreetype -lz -lxml2 -lws2_32 -lfreetype -lz -lxml2 -lws2_32 >&5
configure:14253: $? = 0
configure:14259: result: yes
configure:14284: checking for HARFBUZZ
configure:14291: $PKG_CONFIG --exists --print-errors "harfbuzz >= 0.9.5"
configure:14294: $? = 0
configure:14308: $PKG_CONFIG --exists --print-errors "harfbuzz >= 0.9.5"
configure:14311: $? = 0
configure:14349: result: yes
configure:14531: checking whether make supports nested variables
configure:14548: result: yes
configure:14671: checking that generated files are newer than configure
configure:14677: result: done
configure:14748: creating ./config.status

## ---------------------- ##
## Running config.status. ##
## ---------------------- ##

This file was extended by libass config.status 0.13.7, which was
generated by GNU Autoconf 2.69.  Invocation command line was

  CONFIG_FILES    = 
  CONFIG_HEADERS  = 
  CONFIG_LINKS    = 
  CONFIG_COMMANDS = 
  $ ./config.status 

on join-virtual-machine

config.status:1168: creating Makefile
config.status:1168: creating libass/Makefile
config.status:1168: creating test/Makefile
config.status:1168: creating profile/Makefile
config.status:1168: creating libass.pc
config.status:1168: creating config.h
config.status:1397: executing depfiles commands
config.status:1397: executing libtool commands

## ---------------- ##
## Cache variables. ##
## ---------------- ##

ac_cv_build=x86_64-pc-linux-gnu
ac_cv_c_compiler_gnu=yes
ac_cv_env_CCASFLAGS_set=
ac_cv_env_CCASFLAGS_value=
ac_cv_env_CCAS_set=set
ac_cv_env_CCAS_value='i686-w64-mingw32-gcc -c'
ac_cv_env_CC_set=set
ac_cv_env_CC_value=i686-w64-mingw32-gcc
ac_cv_env_CFLAGS_set=set
ac_cv_env_CFLAGS_value=' -I/home/join/Desktop/vlc3.0/vlc/contrib/i686-w64-mingw32/include -g -O2 -O3'
ac_cv_env_CPPFLAGS_set=set
ac_cv_env_CPPFLAGS_value=' -I/home/join/Desktop/vlc3.0/vlc/contrib/i686-w64-mingw32/include'
ac_cv_env_CPP_set=
ac_cv_env_CPP_value=
ac_cv_env_FONTCONFIG_CFLAGS_set=
ac_cv_env_FONTCONFIG_CFLAGS_value=
ac_cv_env_FONTCONFIG_LIBS_set=
ac_cv_env_FONTCONFIG_LIBS_value=
ac_cv_env_FREETYPE_CFLAGS_set=
ac_cv_env_FREETYPE_CFLAGS_value=
ac_cv_env_FREETYPE_LIBS_set=
ac_cv_env_FREETYPE_LIBS_value=
ac_cv_env_FRIBIDI_CFLAGS_set=
ac_cv_env_FRIBIDI_CFLAGS_value=
ac_cv_env_FRIBIDI_LIBS_set=
ac_cv_env_FRIBIDI_LIBS_value=
ac_cv_env_HARFBUZZ_CFLAGS_set=
ac_cv_env_HARFBUZZ_CFLAGS_value=
ac_cv_env_HARFBUZZ_LIBS_set=
ac_cv_env_HARFBUZZ_LIBS_value=
ac_cv_env_LDFLAGS_set=set
ac_cv_env_LDFLAGS_value=' -L/home/join/Desktop/vlc3.0/vlc/contrib/i686-w64-mingw32/lib '
ac_cv_env_LIBPNG_CFLAGS_set=
ac_cv_env_LIBPNG_CFLAGS_value=
ac_cv_env_LIBPNG_LIBS_set=
ac_cv_env_LIBPNG_LIBS_value=
ac_cv_env_LIBS_set=
ac_cv_env_LIBS_value=
ac_cv_env_LT_SYS_LIBRARY_PATH_set=
ac_cv_env_LT_SYS_LIBRARY_PATH_value=
ac_cv_env_PKG_CONFIG_LIBDIR_set=set
ac_cv_env_PKG_CONFIG_LIBDIR_value=/usr/i686-w64-mingw32/lib/pkgconfig
ac_cv_env_PKG_CONFIG_PATH_set=set
ac_cv_env_PKG_CONFIG_PATH_value=/home/join/Desktop/vlc3.0/vlc/contrib/i686-w64-mingw32/lib/pkgconfig:/usr/share/pkgconfig
ac_cv_env_PKG_CONFIG_set=
ac_cv_env_PKG_CONFIG_value=
ac_cv_env_build_alias_set=set
ac_cv_env_build_alias_value=x86_64-linux-gnu
ac_cv_env_host_alias_set=set
ac_cv_env_host_alias_value=i686-w64-mingw32
ac_cv_env_target_alias_set=set
ac_cv_env_target_alias_value=i686-w64-mingw32
ac_cv_exeext=.exe
ac_cv_func_strdup=yes
ac_cv_func_strndup=no
ac_cv_header_dlfcn_h=no
ac_cv_header_iconv_h=no
ac_cv_header_inttypes_h=yes
ac_cv_header_memory_h=yes
ac_cv_header_stdbool_h=yes
ac_cv_header_stdc=yes
ac_cv_header_stdint_h=yes
ac_cv_header_stdlib_h=yes
ac_cv_header_string_h=yes
ac_cv_header_strings_h=yes
ac_cv_header_sys_stat_h=yes
ac_cv_header_sys_types_h=yes
ac_cv_header_unistd_h=yes
ac_cv_host=i686-w64-mingw32
ac_cv_lib_m_fabs=yes
ac_cv_objext=o
ac_cv_path_EGREP='/bin/grep -E'
ac_cv_path_FGREP='/bin/grep -F'
ac_cv_path_GREP=/bin/grep
ac_cv_path_PKG_CONFIG=/usr/bin/i686-w64-mingw32-pkg-config
ac_cv_path_SED=/bin/sed
ac_cv_path_install='/usr/bin/install -c'
ac_cv_path_lt_DD=/bin/dd
ac_cv_path_mkdir=/bin/mkdir
ac_cv_prog_AR=i686-w64-mingw32-ar
ac_cv_prog_AWK=mawk
ac_cv_prog_CC=i686-w64-mingw32-gcc
ac_cv_prog_CPP='i686-w64-mingw32-gcc -E'
ac_cv_prog_DLLTOOL=i686-w64-mingw32-dlltool
ac_cv_prog_OBJDUMP=i686-w64-mingw32-objdump
ac_cv_prog_RANLIB=i686-w64-mingw32-ranlib
ac_cv_prog_STRIP=i686-w64-mingw32-strip
ac_cv_prog_ac_ct_MANIFEST_TOOL=mt
ac_cv_prog_cc_c89=
ac_cv_prog_cc_g=yes
ac_cv_prog_make_make_set=yes
ac_cv_prog_yasm_check=yes
ac_cv_search_iconv_open=no
ac_cv_search_libiconv_open=no
ac_cv_type__Bool=yes
am_cv_CCAS_dependencies_compiler_type=none
am_cv_CC_dependencies_compiler_type=none
am_cv_make_support_nested_variables=yes
am_cv_prog_cc_c_o=yes
lt_cv_ar_at_file=@
lt_cv_deplibs_check_method='file_magic ^x86 archive import|^x86 DLL'
lt_cv_file_magic_cmd=func_win32_libid
lt_cv_file_magic_test_file=
lt_cv_ld_reload_flag=-r
lt_cv_nm_interface='BSD nm'
lt_cv_objdir=.libs
lt_cv_path_LD=i686-w64-mingw32-ld
lt_cv_path_NM='/usr/bin/i686-w64-mingw32-nm -B'
lt_cv_path_mainfest_tool=no
lt_cv_prog_compiler_c_o=yes
lt_cv_prog_compiler_pic='-DDLL_EXPORT -DPIC'
lt_cv_prog_compiler_pic_works=yes
lt_cv_prog_compiler_rtti_exceptions=no
lt_cv_prog_compiler_static_works=yes
lt_cv_prog_gnu_ld=yes
lt_cv_sharedlib_from_linklib_cmd=func_cygming_dll_for_implib
lt_cv_sys_global_symbol_pipe='sed -n -e '\''s/^.*[	 ]\([ABCDGIRSTW][ABCDGIRSTW]*\)[	 ][	 ]*_\([_A-Za-z][_A-Za-z0-9]*\)$/\1 _\2 \2/p'\'' | sed '\''/ __gnu_lto/d'\'''
lt_cv_sys_global_symbol_to_c_name_address='sed -n -e '\''s/^: \(.*\) .*$/  {"\1", (void *) 0},/p'\'' -e '\''s/^[ABCDGIRSTW][ABCDGIRSTW]* .* \(.*\)$/  {"\1", (void *) \&\1},/p'\'''
lt_cv_sys_global_symbol_to_c_name_address_lib_prefix='sed -n -e '\''s/^: \(.*\) .*$/  {"\1", (void *) 0},/p'\'' -e '\''s/^[ABCDGIRSTW][ABCDGIRSTW]* .* \(lib.*\)$/  {"\1", (void *) \&\1},/p'\'' -e '\''s/^[ABCDGIRSTW][ABCDGIRSTW]* .* \(.*\)$/  {"lib\1", (void *) \&\1},/p'\'''
lt_cv_sys_global_symbol_to_cdecl='sed -n -e '\''s/^T .* \(.*\)$/extern int \1();/p'\'' -e '\''s/^[ABCDGIRSTW][ABCDGIRSTW]* .* \(.*\)$/extern char \1;/p'\'''
lt_cv_sys_global_symbol_to_import=
lt_cv_sys_max_cmd_len=1572864
lt_cv_to_host_file_cmd=func_convert_file_nix_to_w32
lt_cv_to_tool_file_cmd=func_convert_file_noop
lt_cv_truncate_bin='/bin/dd bs=4096 count=1'
pkg_cv_FONTCONFIG_CFLAGS='-DLIBXML_STATIC -I/home/join/Desktop/vlc3.0/vlc/contrib/i686-w64-mingw32/include -I/home/join/Desktop/vlc3.0/vlc/contrib/i686-w64-mingw32/include/freetype2 -I/home/join/Desktop/vlc3.0/vlc/contrib/i686-w64-mingw32/include -I/home/join/Desktop/vlc3.0/vlc/contrib/i686-w64-mingw32/include/libxml2 -I/home/join/Desktop/vlc3.0/vlc/contrib/i686-w64-mingw32/include/freetype2 -I/home/join/Desktop/vlc3.0/vlc/contrib/i686-w64-mingw32/include -I/home/join/Desktop/vlc3.0/vlc/contrib/i686-w64-mingw32/include/libxml2'
pkg_cv_FONTCONFIG_LIBS='-L/home/join/Desktop/vlc3.0/vlc/contrib/i686-w64-mingw32/lib -lfontconfig -lfreetype -lz -lxml2 -lws2_32 -lfreetype -lz -lxml2 -lws2_32'
pkg_cv_FREETYPE_CFLAGS='-I/home/join/Desktop/vlc3.0/vlc/contrib/i686-w64-mingw32/include/freetype2 -I/home/join/Desktop/vlc3.0/vlc/contrib/i686-w64-mingw32/include'
pkg_cv_FREETYPE_LIBS='-L/home/join/Desktop/vlc3.0/vlc/contrib/i686-w64-mingw32/lib -lfreetype -lz'
pkg_cv_FRIBIDI_CFLAGS=-I/home/join/Desktop/vlc3.0/vlc/contrib/i686-w64-mingw32/include/fribidi
pkg_cv_FRIBIDI_LIBS='-L/home/join/Desktop/vlc3.0/vlc/contrib/i686-w64-mingw32/lib -lfribidi'
pkg_cv_HARFBUZZ_CFLAGS=-I/home/join/Desktop/vlc3.0/vlc/contrib/i686-w64-mingw32/include/harfbuzz
pkg_cv_HARFBUZZ_LIBS='-L/home/join/Desktop/vlc3.0/vlc/contrib/i686-w64-mingw32/lib -lharfbuzz'

## ----------------- ##
## Output variables. ##
## ----------------- ##

ACLOCAL='${SHELL} /home/join/Desktop/vlc3.0/vlc/contrib/win32/libass/missing aclocal-1.15'
AMDEPBACKSLASH=''
AMDEP_FALSE=''
AMDEP_TRUE='#'
AMTAR='$${TAR-tar}'
AM_BACKSLASH='\'
AM_DEFAULT_V='$(AM_DEFAULT_VERBOSITY)'
AM_DEFAULT_VERBOSITY='0'
AM_V='$(V)'
AR='i686-w64-mingw32-ar'
AS='yasm'
ASFLAGS=' -DARCH_X86_64=0 -m x86 -f win32 -DHAVE_ALIGNED_STACK=0 -DPREFIX'
ASM_FALSE='#'
ASM_TRUE=''
AUTOCONF='${SHELL} /home/join/Desktop/vlc3.0/vlc/contrib/win32/libass/missing autoconf'
AUTOHEADER='${SHELL} /home/join/Desktop/vlc3.0/vlc/contrib/win32/libass/missing autoheader'
AUTOMAKE='${SHELL} /home/join/Desktop/vlc3.0/vlc/contrib/win32/libass/missing automake-1.15'
AWK='mawk'
CC='i686-w64-mingw32-gcc'
CCAS='i686-w64-mingw32-gcc -c'
CCASDEPMODE='depmode=none'
CCASFLAGS=' -I/home/join/Desktop/vlc3.0/vlc/contrib/i686-w64-mingw32/include -g -O2 -O3'
CCDEPMODE='depmode=none'
CFLAGS=' -I/home/join/Desktop/vlc3.0/vlc/contrib/i686-w64-mingw32/include -g -O2 -O3 -I/home/join/Desktop/vlc3.0/vlc/contrib/i686-w64-mingw32/include/freetype2 -I/home/join/Desktop/vlc3.0/vlc/contrib/i686-w64-mingw32/include -I/home/join/Desktop/vlc3.0/vlc/contrib/i686-w64-mingw32/include/fribidi -DLIBXML_STATIC -I/home/join/Desktop/vlc3.0/vlc/contrib/i686-w64-mingw32/include -I/home/join/Desktop/vlc3.0/vlc/contrib/i686-w64-mingw32/include/freetype2 -I/home/join/Desktop/vlc3.0/vlc/contrib/i686-w64-mingw32/include -I/home/join/Desktop/vlc3.0/vlc/contrib/i686-w64-mingw32/include/libxml2 -I/home/join/Desktop/vlc3.0/vlc/contrib/i686-w64-mingw32/include/freetype2 -I/home/join/Desktop/vlc3.0/vlc/contrib/i686-w64-mingw32/include -I/home/join/Desktop/vlc3.0/vlc/contrib/i686-w64-mingw32/include/libxml2 -I/home/join/Desktop/vlc3.0/vlc/contrib/i686-w64-mingw32/include/harfbuzz'
CORETEXT_FALSE=''
CORETEXT_TRUE='#'
CPP='i686-w64-mingw32-gcc -E'
CPPFLAGS=' -I/home/join/Desktop/vlc3.0/vlc/contrib/i686-w64-mingw32/include'
CYGPATH_W='echo'
DEFS='-DHAVE_CONFIG_H'
DEPDIR='.deps'
DIRECTWRITE_FALSE='#'
DIRECTWRITE_TRUE=''
DLLTOOL='i686-w64-mingw32-dlltool'
DSYMUTIL=''
DUMPBIN=''
ECHO_C=''
ECHO_N='-n'
ECHO_T=''
EGREP='/bin/grep -E'
ENABLE_LARGE_TILES_FALSE=''
ENABLE_LARGE_TILES_TRUE='#'
ENABLE_PROFILE_FALSE=''
ENABLE_PROFILE_TRUE='#'
EXEEXT='.exe'
FGREP='/bin/grep -F'
FONTCONFIG_CFLAGS='-DLIBXML_STATIC -I/home/join/Desktop/vlc3.0/vlc/contrib/i686-w64-mingw32/include -I/home/join/Desktop/vlc3.0/vlc/contrib/i686-w64-mingw32/include/freetype2 -I/home/join/Desktop/vlc3.0/vlc/contrib/i686-w64-mingw32/include -I/home/join/Desktop/vlc3.0/vlc/contrib/i686-w64-mingw32/include/libxml2 -I/home/join/Desktop/vlc3.0/vlc/contrib/i686-w64-mingw32/include/freetype2 -I/home/join/Desktop/vlc3.0/vlc/contrib/i686-w64-mingw32/include -I/home/join/Desktop/vlc3.0/vlc/contrib/i686-w64-mingw32/include/libxml2'
FONTCONFIG_LIBS='-L/home/join/Desktop/vlc3.0/vlc/contrib/i686-w64-mingw32/lib -lfontconfig -lfreetype -lz -lxml2 -lws2_32 -lfreetype -lz -lxml2 -lws2_32'
FREETYPE_CFLAGS='-I/home/join/Desktop/vlc3.0/vlc/contrib/i686-w64-mingw32/include/freetype2 -I/home/join/Desktop/vlc3.0/vlc/contrib/i686-w64-mingw32/include'
FREETYPE_LIBS='-L/home/join/Desktop/vlc3.0/vlc/contrib/i686-w64-mingw32/lib -lfreetype -lz'
FRIBIDI_CFLAGS='-I/home/join/Desktop/vlc3.0/vlc/contrib/i686-w64-mingw32/include/fribidi'
FRIBIDI_LIBS='-L/home/join/Desktop/vlc3.0/vlc/contrib/i686-w64-mingw32/lib -lfribidi'
GREP='/bin/grep'
HARFBUZZ_CFLAGS='-I/home/join/Desktop/vlc3.0/vlc/contrib/i686-w64-mingw32/include/harfbuzz'
HARFBUZZ_LIBS='-L/home/join/Desktop/vlc3.0/vlc/contrib/i686-w64-mingw32/lib -lharfbuzz'
HAVE_LIBPNG_FALSE=''
HAVE_LIBPNG_TRUE='#'
INSTALL_DATA='${INSTALL} -m 644'
INSTALL_PROGRAM='${INSTALL}'
INSTALL_SCRIPT='${INSTALL}'
INSTALL_STRIP_PROGRAM='$(install_sh) -c -s'
INTEL_FALSE='#'
INTEL_TRUE=''
LD='i686-w64-mingw32-ld'
LDFLAGS=' -L/home/join/Desktop/vlc3.0/vlc/contrib/i686-w64-mingw32/lib '
LIBOBJS=''
LIBPNG_CFLAGS=''
LIBPNG_LIBS=''
LIBS=' -lm  -L/home/join/Desktop/vlc3.0/vlc/contrib/i686-w64-mingw32/lib -lfreetype -lz -L/home/join/Desktop/vlc3.0/vlc/contrib/i686-w64-mingw32/lib -lfribidi -L/home/join/Desktop/vlc3.0/vlc/contrib/i686-w64-mingw32/lib -lfontconfig -lfreetype -lz -lxml2 -lws2_32 -lfreetype -lz -lxml2 -lws2_32 -L/home/join/Desktop/vlc3.0/vlc/contrib/i686-w64-mingw32/lib -lharfbuzz'
LIBTOOL='$(SHELL) $(top_builddir)/libtool'
LIPO=''
LN_S='ln -s'
LTLIBOBJS=''
LT_SYS_LIBRARY_PATH=''
MAKEINFO='${SHELL} /home/join/Desktop/vlc3.0/vlc/contrib/win32/libass/missing makeinfo'
MANIFEST_TOOL=':'
MKDIR_P='/bin/mkdir -p'
NM='/usr/bin/i686-w64-mingw32-nm -B'
NMEDIT=''
OBJDUMP='i686-w64-mingw32-objdump'
OBJEXT='o'
OTOOL64=''
OTOOL=''
PACKAGE='libass'
PACKAGE_BUGREPORT=''
PACKAGE_NAME='libass'
PACKAGE_STRING='libass 0.13.7'
PACKAGE_TARNAME='libass'
PACKAGE_URL=''
PACKAGE_VERSION='0.13.7'
PATH_SEPARATOR=':'
PKG_CONFIG='/usr/bin/i686-w64-mingw32-pkg-config'
PKG_CONFIG_LIBDIR='/usr/i686-w64-mingw32/lib/pkgconfig'
PKG_CONFIG_PATH='/home/join/Desktop/vlc3.0/vlc/contrib/i686-w64-mingw32/lib/pkgconfig:/usr/share/pkgconfig'
PKG_LIBS_DEFAULT='-lm'
PKG_LIBS_PRIVATE=''
PKG_REQUIRES_DEFAULT='harfbuzz >= 0.9.5, fontconfig >= 2.10.92, fribidi >= 0.19.0, freetype2 >= 9.10.3'
PKG_REQUIRES_PRIVATE=''
RANLIB='i686-w64-mingw32-ranlib'
RASTERIZER_FALSE='#'
RASTERIZER_TRUE=''
SED='/bin/sed'
SET_MAKE=''
SHELL='/bin/bash'
STRIP='i686-w64-mingw32-strip'
VERSION='0.13.7'
X64_FALSE=''
X64_TRUE='#'
X86_FALSE='#'
X86_TRUE=''
ac_ct_AR=''
ac_ct_CC=''
ac_ct_DUMPBIN=''
am__EXEEXT_FALSE='#'
am__EXEEXT_TRUE=''
am__fastdepCCAS_FALSE=''
am__fastdepCCAS_TRUE='#'
am__fastdepCC_FALSE=''
am__fastdepCC_TRUE='#'
am__include='include'
am__isrc=''
am__leading_dot='.'
am__nodep=''
am__quote=''
am__tar='$${TAR-tar} chof - "$$tardir"'
am__untar='$${TAR-tar} xf -'
bindir='${exec_prefix}/bin'
build='x86_64-pc-linux-gnu'
build_alias='x86_64-linux-gnu'
build_cpu='x86_64'
build_os='linux-gnu'
build_vendor='pc'
datadir='${datarootdir}'
datarootdir='/home/join/Desktop/vlc3.0/vlc/contrib/i686-w64-mingw32/share'
docdir='${datarootdir}/doc/${PACKAGE_TARNAME}'
dvidir='${docdir}'
exec_prefix='${prefix}'
host='i686-w64-mingw32'
host_alias='i686-w64-mingw32'
host_cpu='i686'
host_os='mingw32'
host_vendor='w64'
htmldir='${docdir}'
includedir='/home/join/Desktop/vlc3.0/vlc/contrib/i686-w64-mingw32/include'
infodir='${datarootdir}/info'
install_sh='${SHELL} /home/join/Desktop/vlc3.0/vlc/contrib/win32/libass/install-sh'
libdir='/home/join/Desktop/vlc3.0/vlc/contrib/i686-w64-mingw32/lib'
libexecdir='${exec_prefix}/libexec'
localedir='${datarootdir}/locale'
localstatedir='${prefix}/var'
mandir='${datarootdir}/man'
mkdir_p='$(MKDIR_P)'
oldincludedir='/usr/include'
pdfdir='${docdir}'
prefix='/home/join/Desktop/vlc3.0/vlc/contrib/i686-w64-mingw32'
program_transform_name='s&^&&'
psdir='${docdir}'
runstatedir='${localstatedir}/run'
sbindir='${exec_prefix}/sbin'
sharedstatedir='${prefix}/com'
sysconfdir='${prefix}/etc'
target_alias='i686-w64-mingw32'
yasm_check='yes'

## ----------- ##
## confdefs.h. ##
## ----------- ##

/* confdefs.h */
#define PACKAGE_NAME "libass"
#define PACKAGE_TARNAME "libass"
#define PACKAGE_VERSION "0.13.7"
#define PACKAGE_STRING "libass 0.13.7"
#define PACKAGE_BUGREPORT ""
#define PACKAGE_URL ""
#define PACKAGE "libass"
#define VERSION "0.13.7"
#define STDC_HEADERS 1
#define HAVE_SYS_TYPES_H 1
#define HAVE_SYS_STAT_H 1
#define HAVE_STDLIB_H 1
#define HAVE_STRING_H 1
#define HAVE_MEMORY_H 1
#define HAVE_STRINGS_H 1
#define HAVE_INTTYPES_H 1
#define HAVE_STDINT_H 1
#define HAVE_UNISTD_H 1
#define LT_OBJDIR ".libs/"
#define STDC_HEADERS 1
#define HAVE__BOOL 1
#define HAVE_STDBOOL_H 1
#define HAVE_STDINT_H 1
#define HAVE_STRDUP 1
#define HAVE_LIBM 1
#define CONFIG_ASM 1
#define CONFIG_RASTERIZER 1
#define CONFIG_FREETYPE 1
#define CONFIG_FRIBIDI 1
#define CONFIG_FONTCONFIG 1
#define CONFIG_DIRECTWRITE 1
#define CONFIG_HARFBUZZ 1

configure: exit 0
