This file contains any messages produced by compilers while
running configure, to aid debugging if configure makes a mistake.

It was created by libshout configure 2.4.1, which was
generated by GNU Autoconf 2.69.  Invocation command line was

  $ ./configure --without-openssl --disable-thread --prefix=/home/join/Desktop/vlc3.0/vlc/contrib/i686-w64-mingw32 --datarootdir=/home/join/Desktop/vlc3.0/vlc/contrib/i686-w64-mingw32/share --includedir=/home/join/Desktop/vlc3.0/vlc/contrib/i686-w64-mingw32/include --libdir=/home/join/Desktop/vlc3.0/vlc/contrib/i686-w64-mingw32/lib --build=x86_64-linux-gnu --host=i686-w64-mingw32 --target=i686-w64-mingw32 --program-prefix= --enable-static --disable-shared --disable-dependency-tracking --without-pic

## --------- ##
## Platform. ##
## --------- ##

hostname = join-virtual-machine
uname -m = x86_64
uname -r = 4.13.0-43-generic
uname -s = Linux
uname -v = #48~16.04.1-Ubuntu SMP Thu May 17 12:56:46 UTC 2018

/usr/bin/uname -p = unknown
/bin/uname -X     = unknown

/bin/arch              = unknown
/usr/bin/arch -k       = unknown
/usr/convex/getsysinfo = unknown
/usr/bin/hostinfo      = unknown
/bin/machine           = unknown
/usr/bin/oslevel       = unknown
/bin/universe          = unknown

PATH: /home/join/Desktop/vlc3.0/vlc/contrib/i686-w64-mingw32/bin
PATH: /home/join/Desktop/vlc3.0/vlc/extras/tools/build/bin
PATH: /usr/local/sbin
PATH: /usr/local/bin
PATH: /usr/sbin
PATH: /usr/bin
PATH: /sbin
PATH: /bin
PATH: /snap/bin


## ----------- ##
## Core tests. ##
## ----------- ##

configure:2704: checking for a BSD-compatible install
configure:2772: result: /usr/bin/install -c
configure:2783: checking whether build environment is sane
configure:2838: result: yes
configure:2897: checking for i686-w64-mingw32-strip
configure:2924: result: i686-w64-mingw32-strip
configure:2989: checking for a thread-safe mkdir -p
configure:3028: result: /bin/mkdir -p
configure:3035: checking for gawk
configure:3065: result: no
configure:3035: checking for mawk
configure:3051: found /usr/bin/mawk
configure:3062: result: mawk
configure:3073: checking whether make sets $(MAKE)
configure:3095: result: yes
configure:3124: checking whether make supports nested variables
configure:3141: result: yes
configure:3269: checking whether to enable maintainer-specific portions of Makefiles
configure:3278: result: no
configure:3302: checking for i686-w64-mingw32-gcc
configure:3329: result: i686-w64-mingw32-gcc
configure:3598: checking for C compiler version
configure:3607: i686-w64-mingw32-gcc --version >&5
i686-w64-mingw32-gcc (GCC) 5.3.1 20160211
Copyright (C) 2015 Free Software Foundation, Inc.
This is free software; see the source for copying conditions.  There is NO
warranty; not even for MERCHANTABILITY or FITNESS FOR A PARTICULAR PURPOSE.

configure:3618: $? = 0
configure:3607: i686-w64-mingw32-gcc -v >&5
Using built-in specs.
COLLECT_GCC=i686-w64-mingw32-gcc
COLLECT_LTO_WRAPPER=/usr/lib/gcc/i686-w64-mingw32/5.3-win32/lto-wrapper
Target: i686-w64-mingw32
Configured with: ../../src/configure --build=x86_64-linux-gnu --prefix=/usr --includedir='/usr/include' --mandir='/usr/share/man' --infodir='/usr/share/info' --sysconfdir=/etc --localstatedir=/var --disable-silent-rules --libexecdir='/usr/lib/gcc-mingw-w64' --disable-maintainer-mode --disable-dependency-tracking --prefix=/usr --enable-shared --enable-static --disable-multilib --with-system-zlib --libexecdir=/usr/lib --without-included-gettext --libdir=/usr/lib --enable-libstdcxx-time=yes --with-tune=generic --enable-version-specific-runtime-libs --enable-fully-dynamic-string --enable-libgomp --enable-languages=c,c++,fortran,objc,obj-c++ --enable-lto --with-plugin-ld --enable-threads=win32 --program-suffix=-win32 --program-prefix=i686-w64-mingw32- --target=i686-w64-mingw32 --with-as=/usr/bin/i686-w64-mingw32-as --with-ld=/usr/bin/i686-w64-mingw32-ld --disable-libatomic
Thread model: win32
gcc version 5.3.1 20160211 (GCC) 
configure:3618: $? = 0
configure:3607: i686-w64-mingw32-gcc -V >&5
i686-w64-mingw32-gcc: error: unrecognized command line option '-V'
i686-w64-mingw32-gcc: fatal error: no input files
compilation terminated.
configure:3618: $? = 1
configure:3607: i686-w64-mingw32-gcc -qversion >&5
i686-w64-mingw32-gcc: error: unrecognized command line option '-qversion'
i686-w64-mingw32-gcc: fatal error: no input files
compilation terminated.
configure:3618: $? = 1
configure:3638: checking whether the C compiler works
configure:3660: i686-w64-mingw32-gcc  -I/home/join/Desktop/vlc3.0/vlc/contrib/i686-w64-mingw32/include -g -O2  -I/home/join/Desktop/vlc3.0/vlc/contrib/i686-w64-mingw32/include  -L/home/join/Desktop/vlc3.0/vlc/contrib/i686-w64-mingw32/lib  conftest.c  >&5
configure:3664: $? = 0
configure:3712: result: yes
configure:3715: checking for C compiler default output file name
configure:3717: result: a.exe
configure:3723: checking for suffix of executables
configure:3730: i686-w64-mingw32-gcc -o conftest.exe  -I/home/join/Desktop/vlc3.0/vlc/contrib/i686-w64-mingw32/include -g -O2  -I/home/join/Desktop/vlc3.0/vlc/contrib/i686-w64-mingw32/include  -L/home/join/Desktop/vlc3.0/vlc/contrib/i686-w64-mingw32/lib  conftest.c  >&5
configure:3734: $? = 0
configure:3756: result: .exe
configure:3778: checking whether we are cross compiling
configure:3816: result: yes
configure:3821: checking for suffix of object files
configure:3843: i686-w64-mingw32-gcc -c  -I/home/join/Desktop/vlc3.0/vlc/contrib/i686-w64-mingw32/include -g -O2  -I/home/join/Desktop/vlc3.0/vlc/contrib/i686-w64-mingw32/include conftest.c >&5
configure:3847: $? = 0
configure:3868: result: o
configure:3872: checking whether we are using the GNU C compiler
configure:3891: i686-w64-mingw32-gcc -c  -I/home/join/Desktop/vlc3.0/vlc/contrib/i686-w64-mingw32/include -g -O2  -I/home/join/Desktop/vlc3.0/vlc/contrib/i686-w64-mingw32/include conftest.c >&5
configure:3891: $? = 0
configure:3900: result: yes
configure:3909: checking whether i686-w64-mingw32-gcc accepts -g
configure:3929: i686-w64-mingw32-gcc -c -g  -I/home/join/Desktop/vlc3.0/vlc/contrib/i686-w64-mingw32/include conftest.c >&5
configure:3929: $? = 0
configure:3970: result: yes
configure:3987: checking for i686-w64-mingw32-gcc option to accept ISO C89
configure:4050: i686-w64-mingw32-gcc  -c  -I/home/join/Desktop/vlc3.0/vlc/contrib/i686-w64-mingw32/include -g -O2  -I/home/join/Desktop/vlc3.0/vlc/contrib/i686-w64-mingw32/include conftest.c >&5
configure:4050: $? = 0
configure:4063: result: none needed
configure:4088: checking whether i686-w64-mingw32-gcc understands -c and -o together
configure:4110: i686-w64-mingw32-gcc -c conftest.c -o conftest2.o
configure:4113: $? = 0
configure:4110: i686-w64-mingw32-gcc -c conftest.c -o conftest2.o
configure:4113: $? = 0
configure:4125: result: yes
configure:4153: checking for style of include used by make
configure:4181: result: GNU
configure:4207: checking dependency style of i686-w64-mingw32-gcc
configure:4318: result: none
configure:4362: checking build system type
configure:4376: result: x86_64-pc-linux-gnu
configure:4396: checking host system type
configure:4409: result: i686-w64-mingw32
configure:4450: checking how to print strings
configure:4477: result: printf
configure:4498: checking for a sed that does not truncate output
configure:4562: result: /bin/sed
configure:4580: checking for grep that handles long lines and -e
configure:4638: result: /bin/grep
configure:4643: checking for egrep
configure:4705: result: /bin/grep -E
configure:4710: checking for fgrep
configure:4772: result: /bin/grep -F
configure:4807: checking for ld used by i686-w64-mingw32-gcc
configure:4874: result: i686-w64-mingw32-ld
configure:4881: checking if the linker (i686-w64-mingw32-ld) is GNU ld
configure:4896: result: yes
configure:4908: checking for BSD- or MS-compatible name lister (nm)
configure:4962: result: /usr/bin/i686-w64-mingw32-nm -B
configure:5092: checking the name lister (/usr/bin/i686-w64-mingw32-nm -B) interface
configure:5099: i686-w64-mingw32-gcc -c  -I/home/join/Desktop/vlc3.0/vlc/contrib/i686-w64-mingw32/include -g -O2  -I/home/join/Desktop/vlc3.0/vlc/contrib/i686-w64-mingw32/include conftest.c >&5
configure:5102: /usr/bin/i686-w64-mingw32-nm -B "conftest.o"
configure:5105: output
00000000 b .bss
00000000 d .data
00000000 N .debug_abbrev
00000000 N .debug_aranges
00000000 N .debug_info
00000000 N .debug_line
00000000 r .rdata$zzz
00000000 t .text
00000000 B _some_variable
configure:5112: result: BSD nm
configure:5115: checking whether ln -s works
configure:5119: result: yes
configure:5127: checking the maximum length of command line arguments
configure:5258: result: 1572864
configure:5306: checking how to convert x86_64-pc-linux-gnu file names to i686-w64-mingw32 format
configure:5346: result: func_convert_file_nix_to_w32
configure:5353: checking how to convert x86_64-pc-linux-gnu file names to toolchain format
configure:5373: result: func_convert_file_noop
configure:5380: checking for i686-w64-mingw32-ld option to reload object files
configure:5387: result: -r
configure:5421: checking for i686-w64-mingw32-objdump
configure:5437: found /usr/bin/i686-w64-mingw32-objdump
configure:5448: result: i686-w64-mingw32-objdump
configure:5520: checking how to recognize dependent libraries
configure:5720: result: file_magic ^x86 archive import|^x86 DLL
configure:5765: checking for i686-w64-mingw32-dlltool
configure:5781: found /usr/bin/i686-w64-mingw32-dlltool
configure:5792: result: i686-w64-mingw32-dlltool
configure:5865: checking how to associate runtime and link libraries
configure:5892: result: func_cygming_dll_for_implib
configure:5909: checking for i686-w64-mingw32-ar
configure:5936: result: i686-w64-mingw32-ar
configure:6017: checking for archiver @FILE support
configure:6034: i686-w64-mingw32-gcc -c  -I/home/join/Desktop/vlc3.0/vlc/contrib/i686-w64-mingw32/include -g -O2  -I/home/join/Desktop/vlc3.0/vlc/contrib/i686-w64-mingw32/include conftest.c >&5
configure:6034: $? = 0
configure:6037: i686-w64-mingw32-ar cru libconftest.a @conftest.lst >&5
i686-w64-mingw32-ar: `u' modifier ignored since `D' is the default (see `U')
configure:6040: $? = 0
configure:6045: i686-w64-mingw32-ar cru libconftest.a @conftest.lst >&5
i686-w64-mingw32-ar: `u' modifier ignored since `D' is the default (see `U')
i686-w64-mingw32-ar: conftest.o: No such file or directory
configure:6048: $? = 1
configure:6060: result: @
configure:6078: checking for i686-w64-mingw32-strip
configure:6105: result: i686-w64-mingw32-strip
configure:6177: checking for i686-w64-mingw32-ranlib
configure:6204: result: i686-w64-mingw32-ranlib
configure:6346: checking command to parse /usr/bin/i686-w64-mingw32-nm -B output from i686-w64-mingw32-gcc object
configure:6499: i686-w64-mingw32-gcc -c  -I/home/join/Desktop/vlc3.0/vlc/contrib/i686-w64-mingw32/include -g -O2  -I/home/join/Desktop/vlc3.0/vlc/contrib/i686-w64-mingw32/include conftest.c >&5
configure:6502: $? = 0
configure:6506: /usr/bin/i686-w64-mingw32-nm -B conftest.o \| sed -n -e 's/^.*[ ]\([ABCDGIRSTW][ABCDGIRSTW]*\)[ ][ ]*\([_A-Za-z][_A-Za-z0-9]*\)$/\1 \2 \2/p' | sed '/ __gnu_lto/d' \> conftest.nm
configure:6509: $? = 0
cannot find nm_test_var in conftest.nm
configure:6499: i686-w64-mingw32-gcc -c  -I/home/join/Desktop/vlc3.0/vlc/contrib/i686-w64-mingw32/include -g -O2  -I/home/join/Desktop/vlc3.0/vlc/contrib/i686-w64-mingw32/include conftest.c >&5
configure:6502: $? = 0
configure:6506: /usr/bin/i686-w64-mingw32-nm -B conftest.o \| sed -n -e 's/^.*[ ]\([ABCDGIRSTW][ABCDGIRSTW]*\)[ ][ ]*_\([_A-Za-z][_A-Za-z0-9]*\)$/\1 _\2 \2/p' | sed '/ __gnu_lto/d' \> conftest.nm
configure:6509: $? = 0
configure:6575: i686-w64-mingw32-gcc -o conftest.exe  -I/home/join/Desktop/vlc3.0/vlc/contrib/i686-w64-mingw32/include -g -O2  -I/home/join/Desktop/vlc3.0/vlc/contrib/i686-w64-mingw32/include  -L/home/join/Desktop/vlc3.0/vlc/contrib/i686-w64-mingw32/lib  conftest.c conftstm.o >&5
configure:6578: $? = 0
configure:6616: result: ok
configure:6663: checking for sysroot
configure:6693: result: no
configure:6700: checking for a working dd
configure:6738: result: /bin/dd
configure:6742: checking how to truncate binary pipes
configure:6757: result: /bin/dd bs=4096 count=1
configure:7046: checking for i686-w64-mingw32-mt
configure:7076: result: no
configure:7086: checking for mt
configure:7102: found /bin/mt
configure:7113: result: mt
configure:7125: WARNING: using cross tools not prefixed with host triplet
configure:7136: checking if mt is a manifest tool
configure:7142: mt '-?'
configure:7150: result: no
configure:7827: checking how to run the C preprocessor
configure:7858: i686-w64-mingw32-gcc -E  -I/home/join/Desktop/vlc3.0/vlc/contrib/i686-w64-mingw32/include conftest.c
configure:7858: $? = 0
configure:7872: i686-w64-mingw32-gcc -E  -I/home/join/Desktop/vlc3.0/vlc/contrib/i686-w64-mingw32/include conftest.c
conftest.c:14:28: fatal error: ac_nonexistent.h: No such file or directory
compilation terminated.
configure:7872: $? = 1
configure: failed program was:
| /* confdefs.h */
| #define PACKAGE_NAME "libshout"
| #define PACKAGE_TARNAME "libshout"
| #define PACKAGE_VERSION "2.4.1"
| #define PACKAGE_STRING "libshout 2.4.1"
| #define PACKAGE_BUGREPORT "icecast-dev@xiph.org"
| #define PACKAGE_URL ""
| #define LIBSHOUT_MAJOR 2
| #define LIBSHOUT_MINOR 4
| #define LIBSHOUT_MICRO 1
| #define PACKAGE "libshout"
| #define VERSION "2.4.1"
| /* end confdefs.h.  */
| #include <ac_nonexistent.h>
configure:7897: result: i686-w64-mingw32-gcc -E
configure:7917: i686-w64-mingw32-gcc -E  -I/home/join/Desktop/vlc3.0/vlc/contrib/i686-w64-mingw32/include conftest.c
configure:7917: $? = 0
configure:7931: i686-w64-mingw32-gcc -E  -I/home/join/Desktop/vlc3.0/vlc/contrib/i686-w64-mingw32/include conftest.c
conftest.c:14:28: fatal error: ac_nonexistent.h: No such file or directory
compilation terminated.
configure:7931: $? = 1
configure: failed program was:
| /* confdefs.h */
| #define PACKAGE_NAME "libshout"
| #define PACKAGE_TARNAME "libshout"
| #define PACKAGE_VERSION "2.4.1"
| #define PACKAGE_STRING "libshout 2.4.1"
| #define PACKAGE_BUGREPORT "icecast-dev@xiph.org"
| #define PACKAGE_URL ""
| #define LIBSHOUT_MAJOR 2
| #define LIBSHOUT_MINOR 4
| #define LIBSHOUT_MICRO 1
| #define PACKAGE "libshout"
| #define VERSION "2.4.1"
| /* end confdefs.h.  */
| #include <ac_nonexistent.h>
configure:7960: checking for ANSI C header files
configure:7980: i686-w64-mingw32-gcc -c  -I/home/join/Desktop/vlc3.0/vlc/contrib/i686-w64-mingw32/include -g -O2  -I/home/join/Desktop/vlc3.0/vlc/contrib/i686-w64-mingw32/include conftest.c >&5
configure:7980: $? = 0
configure:8064: result: yes
configure:8077: checking for sys/types.h
configure:8077: i686-w64-mingw32-gcc -c  -I/home/join/Desktop/vlc3.0/vlc/contrib/i686-w64-mingw32/include -g -O2  -I/home/join/Desktop/vlc3.0/vlc/contrib/i686-w64-mingw32/include conftest.c >&5
configure:8077: $? = 0
configure:8077: result: yes
configure:8077: checking for sys/stat.h
configure:8077: i686-w64-mingw32-gcc -c  -I/home/join/Desktop/vlc3.0/vlc/contrib/i686-w64-mingw32/include -g -O2  -I/home/join/Desktop/vlc3.0/vlc/contrib/i686-w64-mingw32/include conftest.c >&5
configure:8077: $? = 0
configure:8077: result: yes
configure:8077: checking for stdlib.h
configure:8077: i686-w64-mingw32-gcc -c  -I/home/join/Desktop/vlc3.0/vlc/contrib/i686-w64-mingw32/include -g -O2  -I/home/join/Desktop/vlc3.0/vlc/contrib/i686-w64-mingw32/include conftest.c >&5
configure:8077: $? = 0
configure:8077: result: yes
configure:8077: checking for string.h
configure:8077: i686-w64-mingw32-gcc -c  -I/home/join/Desktop/vlc3.0/vlc/contrib/i686-w64-mingw32/include -g -O2  -I/home/join/Desktop/vlc3.0/vlc/contrib/i686-w64-mingw32/include conftest.c >&5
configure:8077: $? = 0
configure:8077: result: yes
configure:8077: checking for memory.h
configure:8077: i686-w64-mingw32-gcc -c  -I/home/join/Desktop/vlc3.0/vlc/contrib/i686-w64-mingw32/include -g -O2  -I/home/join/Desktop/vlc3.0/vlc/contrib/i686-w64-mingw32/include conftest.c >&5
configure:8077: $? = 0
configure:8077: result: yes
configure:8077: checking for strings.h
configure:8077: i686-w64-mingw32-gcc -c  -I/home/join/Desktop/vlc3.0/vlc/contrib/i686-w64-mingw32/include -g -O2  -I/home/join/Desktop/vlc3.0/vlc/contrib/i686-w64-mingw32/include conftest.c >&5
configure:8077: $? = 0
configure:8077: result: yes
configure:8077: checking for inttypes.h
configure:8077: i686-w64-mingw32-gcc -c  -I/home/join/Desktop/vlc3.0/vlc/contrib/i686-w64-mingw32/include -g -O2  -I/home/join/Desktop/vlc3.0/vlc/contrib/i686-w64-mingw32/include conftest.c >&5
configure:8077: $? = 0
configure:8077: result: yes
configure:8077: checking for stdint.h
configure:8077: i686-w64-mingw32-gcc -c  -I/home/join/Desktop/vlc3.0/vlc/contrib/i686-w64-mingw32/include -g -O2  -I/home/join/Desktop/vlc3.0/vlc/contrib/i686-w64-mingw32/include conftest.c >&5
configure:8077: $? = 0
configure:8077: result: yes
configure:8077: checking for unistd.h
configure:8077: i686-w64-mingw32-gcc -c  -I/home/join/Desktop/vlc3.0/vlc/contrib/i686-w64-mingw32/include -g -O2  -I/home/join/Desktop/vlc3.0/vlc/contrib/i686-w64-mingw32/include conftest.c >&5
configure:8077: $? = 0
configure:8077: result: yes
configure:8091: checking for dlfcn.h
configure:8091: i686-w64-mingw32-gcc -c  -I/home/join/Desktop/vlc3.0/vlc/contrib/i686-w64-mingw32/include -g -O2  -I/home/join/Desktop/vlc3.0/vlc/contrib/i686-w64-mingw32/include conftest.c >&5
conftest.c:58:19: fatal error: dlfcn.h: No such file or directory
compilation terminated.
configure:8091: $? = 1
configure: failed program was:
| /* confdefs.h */
| #define PACKAGE_NAME "libshout"
| #define PACKAGE_TARNAME "libshout"
| #define PACKAGE_VERSION "2.4.1"
| #define PACKAGE_STRING "libshout 2.4.1"
| #define PACKAGE_BUGREPORT "icecast-dev@xiph.org"
| #define PACKAGE_URL ""
| #define LIBSHOUT_MAJOR 2
| #define LIBSHOUT_MINOR 4
| #define LIBSHOUT_MICRO 1
| #define PACKAGE "libshout"
| #define VERSION "2.4.1"
| #define STDC_HEADERS 1
| #define HAVE_SYS_TYPES_H 1
| #define HAVE_SYS_STAT_H 1
| #define HAVE_STDLIB_H 1
| #define HAVE_STRING_H 1
| #define HAVE_MEMORY_H 1
| #define HAVE_STRINGS_H 1
| #define HAVE_INTTYPES_H 1
| #define HAVE_STDINT_H 1
| #define HAVE_UNISTD_H 1
| /* end confdefs.h.  */
| #include <stdio.h>
| #ifdef HAVE_SYS_TYPES_H
| # include <sys/types.h>
| #endif
| #ifdef HAVE_SYS_STAT_H
| # include <sys/stat.h>
| #endif
| #ifdef STDC_HEADERS
| # include <stdlib.h>
| # include <stddef.h>
| #else
| # ifdef HAVE_STDLIB_H
| #  include <stdlib.h>
| # endif
| #endif
| #ifdef HAVE_STRING_H
| # if !defined STDC_HEADERS && defined HAVE_MEMORY_H
| #  include <memory.h>
| # endif
| # include <string.h>
| #endif
| #ifdef HAVE_STRINGS_H
| # include <strings.h>
| #endif
| #ifdef HAVE_INTTYPES_H
| # include <inttypes.h>
| #endif
| #ifdef HAVE_STDINT_H
| # include <stdint.h>
| #endif
| #ifdef HAVE_UNISTD_H
| # include <unistd.h>
| #endif
| 
| #include <dlfcn.h>
configure:8091: result: no
configure:8347: checking for objdir
configure:8362: result: .libs
configure:8626: checking if i686-w64-mingw32-gcc supports -fno-rtti -fno-exceptions
configure:8644: i686-w64-mingw32-gcc -c  -I/home/join/Desktop/vlc3.0/vlc/contrib/i686-w64-mingw32/include -g -O2  -I/home/join/Desktop/vlc3.0/vlc/contrib/i686-w64-mingw32/include -fno-rtti -fno-exceptions conftest.c >&5
cc1: warning: command line option '-fno-rtti' is valid for C++/ObjC++ but not for C
configure:8648: $? = 0
configure:8661: result: no
configure:9019: checking for i686-w64-mingw32-gcc option to produce PIC
configure:9026: result: -DDLL_EXPORT -DPIC
configure:9034: checking if i686-w64-mingw32-gcc PIC flag -DDLL_EXPORT -DPIC works
configure:9052: i686-w64-mingw32-gcc -c  -I/home/join/Desktop/vlc3.0/vlc/contrib/i686-w64-mingw32/include -g -O2  -I/home/join/Desktop/vlc3.0/vlc/contrib/i686-w64-mingw32/include -DDLL_EXPORT -DPIC -DPIC conftest.c >&5
configure:9056: $? = 0
configure:9069: result: yes
configure:9098: checking if i686-w64-mingw32-gcc static flag -static works
configure:9126: result: yes
configure:9141: checking if i686-w64-mingw32-gcc supports -c -o file.o
configure:9162: i686-w64-mingw32-gcc -c  -I/home/join/Desktop/vlc3.0/vlc/contrib/i686-w64-mingw32/include -g -O2  -I/home/join/Desktop/vlc3.0/vlc/contrib/i686-w64-mingw32/include -o out/conftest2.o conftest.c >&5
configure:9166: $? = 0
configure:9188: result: yes
configure:9196: checking if i686-w64-mingw32-gcc supports -c -o file.o
configure:9243: result: yes
configure:9276: checking whether the i686-w64-mingw32-gcc linker (i686-w64-mingw32-ld) supports shared libraries
configure:10539: result: yes
configure:10779: checking dynamic linker characteristics
configure:11609: result: Win32 ld.exe
configure:11731: checking how to hardcode library paths into programs
configure:11756: result: immediate
configure:12304: checking whether stripping libraries is possible
configure:12309: result: yes
configure:12344: checking if libtool supports shared libraries
configure:12346: result: yes
configure:12349: checking whether to build shared libraries
configure:12374: result: no
configure:12377: checking whether to build static libraries
configure:12381: result: yes
configure:12456: checking for ANSI C header files
configure:12560: result: yes
configure:12568: checking whether time.h and sys/time.h may both be included
configure:12588: i686-w64-mingw32-gcc -c  -I/home/join/Desktop/vlc3.0/vlc/contrib/i686-w64-mingw32/include -g -O2  -I/home/join/Desktop/vlc3.0/vlc/contrib/i686-w64-mingw32/include conftest.c >&5
configure:12588: $? = 0
configure:12595: result: yes
configure:12606: checking for strings.h
configure:12606: result: yes
configure:12606: checking sys/timeb.h usability
configure:12606: i686-w64-mingw32-gcc -c  -I/home/join/Desktop/vlc3.0/vlc/contrib/i686-w64-mingw32/include -g -O2  -I/home/join/Desktop/vlc3.0/vlc/contrib/i686-w64-mingw32/include conftest.c >&5
configure:12606: $? = 0
configure:12606: result: yes
configure:12606: checking sys/timeb.h presence
configure:12606: i686-w64-mingw32-gcc -E  -I/home/join/Desktop/vlc3.0/vlc/contrib/i686-w64-mingw32/include conftest.c
configure:12606: $? = 0
configure:12606: result: yes
configure:12606: checking for sys/timeb.h
configure:12606: result: yes
configure:12606: checking arpa/inet.h usability
configure:12606: i686-w64-mingw32-gcc -c  -I/home/join/Desktop/vlc3.0/vlc/contrib/i686-w64-mingw32/include -g -O2  -I/home/join/Desktop/vlc3.0/vlc/contrib/i686-w64-mingw32/include conftest.c >&5
conftest.c:64:23: fatal error: arpa/inet.h: No such file or directory
compilation terminated.
configure:12606: $? = 1
configure: failed program was:
| /* confdefs.h */
| #define PACKAGE_NAME "libshout"
| #define PACKAGE_TARNAME "libshout"
| #define PACKAGE_VERSION "2.4.1"
| #define PACKAGE_STRING "libshout 2.4.1"
| #define PACKAGE_BUGREPORT "icecast-dev@xiph.org"
| #define PACKAGE_URL ""
| #define LIBSHOUT_MAJOR 2
| #define LIBSHOUT_MINOR 4
| #define LIBSHOUT_MICRO 1
| #define PACKAGE "libshout"
| #define VERSION "2.4.1"
| #define STDC_HEADERS 1
| #define HAVE_SYS_TYPES_H 1
| #define HAVE_SYS_STAT_H 1
| #define HAVE_STDLIB_H 1
| #define HAVE_STRING_H 1
| #define HAVE_MEMORY_H 1
| #define HAVE_STRINGS_H 1
| #define HAVE_INTTYPES_H 1
| #define HAVE_STDINT_H 1
| #define HAVE_UNISTD_H 1
| #define LT_OBJDIR ".libs/"
| #define _XOPEN_SOURCE 600
| #define _GNU_SOURCE /**/
| #define STDC_HEADERS 1
| #define TIME_WITH_SYS_TIME 1
| #define HAVE_STRINGS_H 1
| #define HAVE_SYS_TIMEB_H 1
| /* end confdefs.h.  */
| #include <stdio.h>
| #ifdef HAVE_SYS_TYPES_H
| # include <sys/types.h>
| #endif
| #ifdef HAVE_SYS_STAT_H
| # include <sys/stat.h>
| #endif
| #ifdef STDC_HEADERS
| # include <stdlib.h>
| # include <stddef.h>
| #else
| # ifdef HAVE_STDLIB_H
| #  include <stdlib.h>
| # endif
| #endif
| #ifdef HAVE_STRING_H
| # if !defined STDC_HEADERS && defined HAVE_MEMORY_H
| #  include <memory.h>
| # endif
| # include <string.h>
| #endif
| #ifdef HAVE_STRINGS_H
| # include <strings.h>
| #endif
| #ifdef HAVE_INTTYPES_H
| # include <inttypes.h>
| #endif
| #ifdef HAVE_STDINT_H
| # include <stdint.h>
| #endif
| #ifdef HAVE_UNISTD_H
| # include <unistd.h>
| #endif
| #include <arpa/inet.h>
configure:12606: result: no
configure:12606: checking arpa/inet.h presence
configure:12606: i686-w64-mingw32-gcc -E  -I/home/join/Desktop/vlc3.0/vlc/contrib/i686-w64-mingw32/include conftest.c
conftest.c:31:23: fatal error: arpa/inet.h: No such file or directory
compilation terminated.
configure:12606: $? = 1
configure: failed program was:
| /* confdefs.h */
| #define PACKAGE_NAME "libshout"
| #define PACKAGE_TARNAME "libshout"
| #define PACKAGE_VERSION "2.4.1"
| #define PACKAGE_STRING "libshout 2.4.1"
| #define PACKAGE_BUGREPORT "icecast-dev@xiph.org"
| #define PACKAGE_URL ""
| #define LIBSHOUT_MAJOR 2
| #define LIBSHOUT_MINOR 4
| #define LIBSHOUT_MICRO 1
| #define PACKAGE "libshout"
| #define VERSION "2.4.1"
| #define STDC_HEADERS 1
| #define HAVE_SYS_TYPES_H 1
| #define HAVE_SYS_STAT_H 1
| #define HAVE_STDLIB_H 1
| #define HAVE_STRING_H 1
| #define HAVE_MEMORY_H 1
| #define HAVE_STRINGS_H 1
| #define HAVE_INTTYPES_H 1
| #define HAVE_STDINT_H 1
| #define HAVE_UNISTD_H 1
| #define LT_OBJDIR ".libs/"
| #define _XOPEN_SOURCE 600
| #define _GNU_SOURCE /**/
| #define STDC_HEADERS 1
| #define TIME_WITH_SYS_TIME 1
| #define HAVE_STRINGS_H 1
| #define HAVE_SYS_TIMEB_H 1
| /* end confdefs.h.  */
| #include <arpa/inet.h>
configure:12606: result: no
configure:12606: checking for arpa/inet.h
configure:12606: result: no
configure:12617: checking for an ANSI C-conforming const
configure:12683: i686-w64-mingw32-gcc -c  -I/home/join/Desktop/vlc3.0/vlc/contrib/i686-w64-mingw32/include -g -O2  -I/home/join/Desktop/vlc3.0/vlc/contrib/i686-w64-mingw32/include conftest.c >&5
configure:12683: $? = 0
configure:12690: result: yes
configure:12698: checking for inline
configure:12714: i686-w64-mingw32-gcc -c  -I/home/join/Desktop/vlc3.0/vlc/contrib/i686-w64-mingw32/include -g -O2  -I/home/join/Desktop/vlc3.0/vlc/contrib/i686-w64-mingw32/include conftest.c >&5
configure:12714: $? = 0
configure:12722: result: inline
configure:12742: checking for inttypes.h
configure:12742: result: yes
configure:12752: checking for uint32_t
configure:12752: i686-w64-mingw32-gcc -c  -I/home/join/Desktop/vlc3.0/vlc/contrib/i686-w64-mingw32/include -g -O2  -I/home/join/Desktop/vlc3.0/vlc/contrib/i686-w64-mingw32/include conftest.c >&5
configure:12752: $? = 0
configure:12752: i686-w64-mingw32-gcc -c  -I/home/join/Desktop/vlc3.0/vlc/contrib/i686-w64-mingw32/include -g -O2  -I/home/join/Desktop/vlc3.0/vlc/contrib/i686-w64-mingw32/include conftest.c >&5
conftest.c: In function 'main':
conftest.c:68:23: error: expected expression before ')' token
 if (sizeof ((uint32_t)))
                       ^
configure:12752: $? = 1
configure: failed program was:
| /* confdefs.h */
| #define PACKAGE_NAME "libshout"
| #define PACKAGE_TARNAME "libshout"
| #define PACKAGE_VERSION "2.4.1"
| #define PACKAGE_STRING "libshout 2.4.1"
| #define PACKAGE_BUGREPORT "icecast-dev@xiph.org"
| #define PACKAGE_URL ""
| #define LIBSHOUT_MAJOR 2
| #define LIBSHOUT_MINOR 4
| #define LIBSHOUT_MICRO 1
| #define PACKAGE "libshout"
| #define VERSION "2.4.1"
| #define STDC_HEADERS 1
| #define HAVE_SYS_TYPES_H 1
| #define HAVE_SYS_STAT_H 1
| #define HAVE_STDLIB_H 1
| #define HAVE_STRING_H 1
| #define HAVE_MEMORY_H 1
| #define HAVE_STRINGS_H 1
| #define HAVE_INTTYPES_H 1
| #define HAVE_STDINT_H 1
| #define HAVE_UNISTD_H 1
| #define LT_OBJDIR ".libs/"
| #define _XOPEN_SOURCE 600
| #define _GNU_SOURCE /**/
| #define STDC_HEADERS 1
| #define TIME_WITH_SYS_TIME 1
| #define HAVE_STRINGS_H 1
| #define HAVE_SYS_TIMEB_H 1
| #define HAVE_INTTYPES_H 1
| /* end confdefs.h.  */
| #include <stdio.h>
| #ifdef HAVE_SYS_TYPES_H
| # include <sys/types.h>
| #endif
| #ifdef HAVE_SYS_STAT_H
| # include <sys/stat.h>
| #endif
| #ifdef STDC_HEADERS
| # include <stdlib.h>
| # include <stddef.h>
| #else
| # ifdef HAVE_STDLIB_H
| #  include <stdlib.h>
| # endif
| #endif
| #ifdef HAVE_STRING_H
| # if !defined STDC_HEADERS && defined HAVE_MEMORY_H
| #  include <memory.h>
| # endif
| # include <string.h>
| #endif
| #ifdef HAVE_STRINGS_H
| # include <strings.h>
| #endif
| #ifdef HAVE_INTTYPES_H
| # include <inttypes.h>
| #endif
| #ifdef HAVE_STDINT_H
| # include <stdint.h>
| #endif
| #ifdef HAVE_UNISTD_H
| # include <unistd.h>
| #endif
| int
| main ()
| {
| if (sizeof ((uint32_t)))
| 	    return 0;
|   ;
|   return 0;
| }
configure:12752: result: yes
configure:12898: checking for gettimeofday
configure:12898: i686-w64-mingw32-gcc -o conftest.exe  -I/home/join/Desktop/vlc3.0/vlc/contrib/i686-w64-mingw32/include -g -O2  -I/home/join/Desktop/vlc3.0/vlc/contrib/i686-w64-mingw32/include  -L/home/join/Desktop/vlc3.0/vlc/contrib/i686-w64-mingw32/lib  conftest.c  >&5
configure:12898: $? = 0
configure:12898: result: yes
configure:12898: checking for ftime
configure:12898: i686-w64-mingw32-gcc -o conftest.exe  -I/home/join/Desktop/vlc3.0/vlc/contrib/i686-w64-mingw32/include -g -O2  -I/home/join/Desktop/vlc3.0/vlc/contrib/i686-w64-mingw32/include  -L/home/join/Desktop/vlc3.0/vlc/contrib/i686-w64-mingw32/lib  conftest.c  >&5
configure:12898: $? = 0
configure:12898: result: yes
configure:12907: checking for library containing nanosleep
configure:12938: i686-w64-mingw32-gcc -o conftest.exe  -I/home/join/Desktop/vlc3.0/vlc/contrib/i686-w64-mingw32/include -g -O2  -I/home/join/Desktop/vlc3.0/vlc/contrib/i686-w64-mingw32/include  -L/home/join/Desktop/vlc3.0/vlc/contrib/i686-w64-mingw32/lib  conftest.c  >&5
/tmp/ccgvcUhm.o: In function `main':
/home/join/Desktop/vlc3.0/vlc/contrib/win32/libshout/conftest.c:46: undefined reference to `nanosleep'
collect2: error: ld returned 1 exit status
configure:12938: $? = 1
configure: failed program was:
| /* confdefs.h */
| #define PACKAGE_NAME "libshout"
| #define PACKAGE_TARNAME "libshout"
| #define PACKAGE_VERSION "2.4.1"
| #define PACKAGE_STRING "libshout 2.4.1"
| #define PACKAGE_BUGREPORT "icecast-dev@xiph.org"
| #define PACKAGE_URL ""
| #define LIBSHOUT_MAJOR 2
| #define LIBSHOUT_MINOR 4
| #define LIBSHOUT_MICRO 1
| #define PACKAGE "libshout"
| #define VERSION "2.4.1"
| #define STDC_HEADERS 1
| #define HAVE_SYS_TYPES_H 1
| #define HAVE_SYS_STAT_H 1
| #define HAVE_STDLIB_H 1
| #define HAVE_STRING_H 1
| #define HAVE_MEMORY_H 1
| #define HAVE_STRINGS_H 1
| #define HAVE_INTTYPES_H 1
| #define HAVE_STDINT_H 1
| #define HAVE_UNISTD_H 1
| #define LT_OBJDIR ".libs/"
| #define _XOPEN_SOURCE 600
| #define _GNU_SOURCE /**/
| #define STDC_HEADERS 1
| #define TIME_WITH_SYS_TIME 1
| #define HAVE_STRINGS_H 1
| #define HAVE_SYS_TIMEB_H 1
| #define HAVE_INTTYPES_H 1
| #define HAVE_C99_INTTYPES 1
| #define HAVE_GETTIMEOFDAY 1
| #define HAVE_FTIME 1
| /* end confdefs.h.  */
| 
| /* Override any GCC internal prototype to avoid an error.
|    Use char because int might match the return type of a GCC
|    builtin and then its argument prototype would still apply.  */
| #ifdef __cplusplus
| extern "C"
| #endif
| char nanosleep ();
| int
| main ()
| {
| return nanosleep ();
|   ;
|   return 0;
| }
configure:12938: i686-w64-mingw32-gcc -o conftest.exe  -I/home/join/Desktop/vlc3.0/vlc/contrib/i686-w64-mingw32/include -g -O2  -I/home/join/Desktop/vlc3.0/vlc/contrib/i686-w64-mingw32/include  -L/home/join/Desktop/vlc3.0/vlc/contrib/i686-w64-mingw32/lib  conftest.c -lrt   >&5
/usr/bin/i686-w64-mingw32-ld: cannot find -lrt
collect2: error: ld returned 1 exit status
configure:12938: $? = 1
configure: failed program was:
| /* confdefs.h */
| #define PACKAGE_NAME "libshout"
| #define PACKAGE_TARNAME "libshout"
| #define PACKAGE_VERSION "2.4.1"
| #define PACKAGE_STRING "libshout 2.4.1"
| #define PACKAGE_BUGREPORT "icecast-dev@xiph.org"
| #define PACKAGE_URL ""
| #define LIBSHOUT_MAJOR 2
| #define LIBSHOUT_MINOR 4
| #define LIBSHOUT_MICRO 1
| #define PACKAGE "libshout"
| #define VERSION "2.4.1"
| #define STDC_HEADERS 1
| #define HAVE_SYS_TYPES_H 1
| #define HAVE_SYS_STAT_H 1
| #define HAVE_STDLIB_H 1
| #define HAVE_STRING_H 1
| #define HAVE_MEMORY_H 1
| #define HAVE_STRINGS_H 1
| #define HAVE_INTTYPES_H 1
| #define HAVE_STDINT_H 1
| #define HAVE_UNISTD_H 1
| #define LT_OBJDIR ".libs/"
| #define _XOPEN_SOURCE 600
| #define _GNU_SOURCE /**/
| #define STDC_HEADERS 1
| #define TIME_WITH_SYS_TIME 1
| #define HAVE_STRINGS_H 1
| #define HAVE_SYS_TIMEB_H 1
| #define HAVE_INTTYPES_H 1
| #define HAVE_C99_INTTYPES 1
| #define HAVE_GETTIMEOFDAY 1
| #define HAVE_FTIME 1
| /* end confdefs.h.  */
| 
| /* Override any GCC internal prototype to avoid an error.
|    Use char because int might match the return type of a GCC
|    builtin and then its argument prototype would still apply.  */
| #ifdef __cplusplus
| extern "C"
| #endif
| char nanosleep ();
| int
| main ()
| {
| return nanosleep ();
|   ;
|   return 0;
| }
configure:12955: result: no
configure:12968: checking sys/socket.h usability
configure:12968: i686-w64-mingw32-gcc -c  -I/home/join/Desktop/vlc3.0/vlc/contrib/i686-w64-mingw32/include -g -O2  -I/home/join/Desktop/vlc3.0/vlc/contrib/i686-w64-mingw32/include conftest.c >&5
conftest.c:68:24: fatal error: sys/socket.h: No such file or directory
compilation terminated.
configure:12968: $? = 1
configure: failed program was:
| /* confdefs.h */
| #define PACKAGE_NAME "libshout"
| #define PACKAGE_TARNAME "libshout"
| #define PACKAGE_VERSION "2.4.1"
| #define PACKAGE_STRING "libshout 2.4.1"
| #define PACKAGE_BUGREPORT "icecast-dev@xiph.org"
| #define PACKAGE_URL ""
| #define LIBSHOUT_MAJOR 2
| #define LIBSHOUT_MINOR 4
| #define LIBSHOUT_MICRO 1
| #define PACKAGE "libshout"
| #define VERSION "2.4.1"
| #define STDC_HEADERS 1
| #define HAVE_SYS_TYPES_H 1
| #define HAVE_SYS_STAT_H 1
| #define HAVE_STDLIB_H 1
| #define HAVE_STRING_H 1
| #define HAVE_MEMORY_H 1
| #define HAVE_STRINGS_H 1
| #define HAVE_INTTYPES_H 1
| #define HAVE_STDINT_H 1
| #define HAVE_UNISTD_H 1
| #define LT_OBJDIR ".libs/"
| #define _XOPEN_SOURCE 600
| #define _GNU_SOURCE /**/
| #define STDC_HEADERS 1
| #define TIME_WITH_SYS_TIME 1
| #define HAVE_STRINGS_H 1
| #define HAVE_SYS_TIMEB_H 1
| #define HAVE_INTTYPES_H 1
| #define HAVE_C99_INTTYPES 1
| #define HAVE_GETTIMEOFDAY 1
| #define HAVE_FTIME 1
| /* end confdefs.h.  */
| #include <stdio.h>
| #ifdef HAVE_SYS_TYPES_H
| # include <sys/types.h>
| #endif
| #ifdef HAVE_SYS_STAT_H
| # include <sys/stat.h>
| #endif
| #ifdef STDC_HEADERS
| # include <stdlib.h>
| # include <stddef.h>
| #else
| # ifdef HAVE_STDLIB_H
| #  include <stdlib.h>
| # endif
| #endif
| #ifdef HAVE_STRING_H
| # if !defined STDC_HEADERS && defined HAVE_MEMORY_H
| #  include <memory.h>
| # endif
| # include <string.h>
| #endif
| #ifdef HAVE_STRINGS_H
| # include <strings.h>
| #endif
| #ifdef HAVE_INTTYPES_H
| # include <inttypes.h>
| #endif
| #ifdef HAVE_STDINT_H
| # include <stdint.h>
| #endif
| #ifdef HAVE_UNISTD_H
| # include <unistd.h>
| #endif
| #include <sys/socket.h>
configure:12968: result: no
configure:12968: checking sys/socket.h presence
configure:12968: i686-w64-mingw32-gcc -E  -I/home/join/Desktop/vlc3.0/vlc/contrib/i686-w64-mingw32/include conftest.c
conftest.c:35:24: fatal error: sys/socket.h: No such file or directory
compilation terminated.
configure:12968: $? = 1
configure: failed program was:
| /* confdefs.h */
| #define PACKAGE_NAME "libshout"
| #define PACKAGE_TARNAME "libshout"
| #define PACKAGE_VERSION "2.4.1"
| #define PACKAGE_STRING "libshout 2.4.1"
| #define PACKAGE_BUGREPORT "icecast-dev@xiph.org"
| #define PACKAGE_URL ""
| #define LIBSHOUT_MAJOR 2
| #define LIBSHOUT_MINOR 4
| #define LIBSHOUT_MICRO 1
| #define PACKAGE "libshout"
| #define VERSION "2.4.1"
| #define STDC_HEADERS 1
| #define HAVE_SYS_TYPES_H 1
| #define HAVE_SYS_STAT_H 1
| #define HAVE_STDLIB_H 1
| #define HAVE_STRING_H 1
| #define HAVE_MEMORY_H 1
| #define HAVE_STRINGS_H 1
| #define HAVE_INTTYPES_H 1
| #define HAVE_STDINT_H 1
| #define HAVE_UNISTD_H 1
| #define LT_OBJDIR ".libs/"
| #define _XOPEN_SOURCE 600
| #define _GNU_SOURCE /**/
| #define STDC_HEADERS 1
| #define TIME_WITH_SYS_TIME 1
| #define HAVE_STRINGS_H 1
| #define HAVE_SYS_TIMEB_H 1
| #define HAVE_INTTYPES_H 1
| #define HAVE_C99_INTTYPES 1
| #define HAVE_GETTIMEOFDAY 1
| #define HAVE_FTIME 1
| /* end confdefs.h.  */
| #include <sys/socket.h>
configure:12968: result: no
configure:12968: checking for sys/socket.h
configure:12968: result: no
configure:12978: checking for socklen_t
configure:12978: i686-w64-mingw32-gcc -c  -I/home/join/Desktop/vlc3.0/vlc/contrib/i686-w64-mingw32/include -g -O2  -I/home/join/Desktop/vlc3.0/vlc/contrib/i686-w64-mingw32/include conftest.c >&5
conftest.c: In function 'main':
conftest.c:46:13: error: 'socklen_t' undeclared (first use in this function)
 if (sizeof (socklen_t))
             ^
conftest.c:46:13: note: each undeclared identifier is reported only once for each function it appears in
configure:12978: $? = 1
configure: failed program was:
| /* confdefs.h */
| #define PACKAGE_NAME "libshout"
| #define PACKAGE_TARNAME "libshout"
| #define PACKAGE_VERSION "2.4.1"
| #define PACKAGE_STRING "libshout 2.4.1"
| #define PACKAGE_BUGREPORT "icecast-dev@xiph.org"
| #define PACKAGE_URL ""
| #define LIBSHOUT_MAJOR 2
| #define LIBSHOUT_MINOR 4
| #define LIBSHOUT_MICRO 1
| #define PACKAGE "libshout"
| #define VERSION "2.4.1"
| #define STDC_HEADERS 1
| #define HAVE_SYS_TYPES_H 1
| #define HAVE_SYS_STAT_H 1
| #define HAVE_STDLIB_H 1
| #define HAVE_STRING_H 1
| #define HAVE_MEMORY_H 1
| #define HAVE_STRINGS_H 1
| #define HAVE_INTTYPES_H 1
| #define HAVE_STDINT_H 1
| #define HAVE_UNISTD_H 1
| #define LT_OBJDIR ".libs/"
| #define _XOPEN_SOURCE 600
| #define _GNU_SOURCE /**/
| #define STDC_HEADERS 1
| #define TIME_WITH_SYS_TIME 1
| #define HAVE_STRINGS_H 1
| #define HAVE_SYS_TIMEB_H 1
| #define HAVE_INTTYPES_H 1
| #define HAVE_C99_INTTYPES 1
| #define HAVE_GETTIMEOFDAY 1
| #define HAVE_FTIME 1
| /* end confdefs.h.  */
| #if HAVE_SYS_TYPES_H
| # include <sys/types.h>
| #endif
| #if HAVE_SYS_SOCKET_H
| # include <sys/socket.h>
| #endif
| 
| 
| int
| main ()
| {
| if (sizeof (socklen_t))
| 	 return 0;
|   ;
|   return 0;
| }
configure:12978: result: no
configure:12997: checking for va_copy
configure:13010: i686-w64-mingw32-gcc -o conftest.exe  -I/home/join/Desktop/vlc3.0/vlc/contrib/i686-w64-mingw32/include -g -O2  -I/home/join/Desktop/vlc3.0/vlc/contrib/i686-w64-mingw32/include  -L/home/join/Desktop/vlc3.0/vlc/contrib/i686-w64-mingw32/lib  conftest.c  >&5
configure:13010: $? = 0
configure:13011: result: va_copy
configure:13050: checking sys/select.h usability
configure:13050: i686-w64-mingw32-gcc -c  -I/home/join/Desktop/vlc3.0/vlc/contrib/i686-w64-mingw32/include -g -O2  -I/home/join/Desktop/vlc3.0/vlc/contrib/i686-w64-mingw32/include conftest.c >&5
conftest.c:68:24: fatal error: sys/select.h: No such file or directory
compilation terminated.
configure:13050: $? = 1
configure: failed program was:
| /* confdefs.h */
| #define PACKAGE_NAME "libshout"
| #define PACKAGE_TARNAME "libshout"
| #define PACKAGE_VERSION "2.4.1"
| #define PACKAGE_STRING "libshout 2.4.1"
| #define PACKAGE_BUGREPORT "icecast-dev@xiph.org"
| #define PACKAGE_URL ""
| #define LIBSHOUT_MAJOR 2
| #define LIBSHOUT_MINOR 4
| #define LIBSHOUT_MICRO 1
| #define PACKAGE "libshout"
| #define VERSION "2.4.1"
| #define STDC_HEADERS 1
| #define HAVE_SYS_TYPES_H 1
| #define HAVE_SYS_STAT_H 1
| #define HAVE_STDLIB_H 1
| #define HAVE_STRING_H 1
| #define HAVE_MEMORY_H 1
| #define HAVE_STRINGS_H 1
| #define HAVE_INTTYPES_H 1
| #define HAVE_STDINT_H 1
| #define HAVE_UNISTD_H 1
| #define LT_OBJDIR ".libs/"
| #define _XOPEN_SOURCE 600
| #define _GNU_SOURCE /**/
| #define STDC_HEADERS 1
| #define TIME_WITH_SYS_TIME 1
| #define HAVE_STRINGS_H 1
| #define HAVE_SYS_TIMEB_H 1
| #define HAVE_INTTYPES_H 1
| #define HAVE_C99_INTTYPES 1
| #define HAVE_GETTIMEOFDAY 1
| #define HAVE_FTIME 1
| /* end confdefs.h.  */
| #include <stdio.h>
| #ifdef HAVE_SYS_TYPES_H
| # include <sys/types.h>
| #endif
| #ifdef HAVE_SYS_STAT_H
| # include <sys/stat.h>
| #endif
| #ifdef STDC_HEADERS
| # include <stdlib.h>
| # include <stddef.h>
| #else
| # ifdef HAVE_STDLIB_H
| #  include <stdlib.h>
| # endif
| #endif
| #ifdef HAVE_STRING_H
| # if !defined STDC_HEADERS && defined HAVE_MEMORY_H
| #  include <memory.h>
| # endif
| # include <string.h>
| #endif
| #ifdef HAVE_STRINGS_H
| # include <strings.h>
| #endif
| #ifdef HAVE_INTTYPES_H
| # include <inttypes.h>
| #endif
| #ifdef HAVE_STDINT_H
| # include <stdint.h>
| #endif
| #ifdef HAVE_UNISTD_H
| # include <unistd.h>
| #endif
| #include <sys/select.h>
configure:13050: result: no
configure:13050: checking sys/select.h presence
configure:13050: i686-w64-mingw32-gcc -E  -I/home/join/Desktop/vlc3.0/vlc/contrib/i686-w64-mingw32/include conftest.c
conftest.c:35:24: fatal error: sys/select.h: No such file or directory
compilation terminated.
configure:13050: $? = 1
configure: failed program was:
| /* confdefs.h */
| #define PACKAGE_NAME "libshout"
| #define PACKAGE_TARNAME "libshout"
| #define PACKAGE_VERSION "2.4.1"
| #define PACKAGE_STRING "libshout 2.4.1"
| #define PACKAGE_BUGREPORT "icecast-dev@xiph.org"
| #define PACKAGE_URL ""
| #define LIBSHOUT_MAJOR 2
| #define LIBSHOUT_MINOR 4
| #define LIBSHOUT_MICRO 1
| #define PACKAGE "libshout"
| #define VERSION "2.4.1"
| #define STDC_HEADERS 1
| #define HAVE_SYS_TYPES_H 1
| #define HAVE_SYS_STAT_H 1
| #define HAVE_STDLIB_H 1
| #define HAVE_STRING_H 1
| #define HAVE_MEMORY_H 1
| #define HAVE_STRINGS_H 1
| #define HAVE_INTTYPES_H 1
| #define HAVE_STDINT_H 1
| #define HAVE_UNISTD_H 1
| #define LT_OBJDIR ".libs/"
| #define _XOPEN_SOURCE 600
| #define _GNU_SOURCE /**/
| #define STDC_HEADERS 1
| #define TIME_WITH_SYS_TIME 1
| #define HAVE_STRINGS_H 1
| #define HAVE_SYS_TIMEB_H 1
| #define HAVE_INTTYPES_H 1
| #define HAVE_C99_INTTYPES 1
| #define HAVE_GETTIMEOFDAY 1
| #define HAVE_FTIME 1
| /* end confdefs.h.  */
| #include <sys/select.h>
configure:13050: result: no
configure:13050: checking for sys/select.h
configure:13050: result: no
configure:13050: checking sys/uio.h usability
configure:13050: i686-w64-mingw32-gcc -c  -I/home/join/Desktop/vlc3.0/vlc/contrib/i686-w64-mingw32/include -g -O2  -I/home/join/Desktop/vlc3.0/vlc/contrib/i686-w64-mingw32/include conftest.c >&5
conftest.c:68:21: fatal error: sys/uio.h: No such file or directory
compilation terminated.
configure:13050: $? = 1
configure: failed program was:
| /* confdefs.h */
| #define PACKAGE_NAME "libshout"
| #define PACKAGE_TARNAME "libshout"
| #define PACKAGE_VERSION "2.4.1"
| #define PACKAGE_STRING "libshout 2.4.1"
| #define PACKAGE_BUGREPORT "icecast-dev@xiph.org"
| #define PACKAGE_URL ""
| #define LIBSHOUT_MAJOR 2
| #define LIBSHOUT_MINOR 4
| #define LIBSHOUT_MICRO 1
| #define PACKAGE "libshout"
| #define VERSION "2.4.1"
| #define STDC_HEADERS 1
| #define HAVE_SYS_TYPES_H 1
| #define HAVE_SYS_STAT_H 1
| #define HAVE_STDLIB_H 1
| #define HAVE_STRING_H 1
| #define HAVE_MEMORY_H 1
| #define HAVE_STRINGS_H 1
| #define HAVE_INTTYPES_H 1
| #define HAVE_STDINT_H 1
| #define HAVE_UNISTD_H 1
| #define LT_OBJDIR ".libs/"
| #define _XOPEN_SOURCE 600
| #define _GNU_SOURCE /**/
| #define STDC_HEADERS 1
| #define TIME_WITH_SYS_TIME 1
| #define HAVE_STRINGS_H 1
| #define HAVE_SYS_TIMEB_H 1
| #define HAVE_INTTYPES_H 1
| #define HAVE_C99_INTTYPES 1
| #define HAVE_GETTIMEOFDAY 1
| #define HAVE_FTIME 1
| /* end confdefs.h.  */
| #include <stdio.h>
| #ifdef HAVE_SYS_TYPES_H
| # include <sys/types.h>
| #endif
| #ifdef HAVE_SYS_STAT_H
| # include <sys/stat.h>
| #endif
| #ifdef STDC_HEADERS
| # include <stdlib.h>
| # include <stddef.h>
| #else
| # ifdef HAVE_STDLIB_H
| #  include <stdlib.h>
| # endif
| #endif
| #ifdef HAVE_STRING_H
| # if !defined STDC_HEADERS && defined HAVE_MEMORY_H
| #  include <memory.h>
| # endif
| # include <string.h>
| #endif
| #ifdef HAVE_STRINGS_H
| # include <strings.h>
| #endif
| #ifdef HAVE_INTTYPES_H
| # include <inttypes.h>
| #endif
| #ifdef HAVE_STDINT_H
| # include <stdint.h>
| #endif
| #ifdef HAVE_UNISTD_H
| # include <unistd.h>
| #endif
| #include <sys/uio.h>
configure:13050: result: no
configure:13050: checking sys/uio.h presence
configure:13050: i686-w64-mingw32-gcc -E  -I/home/join/Desktop/vlc3.0/vlc/contrib/i686-w64-mingw32/include conftest.c
conftest.c:35:21: fatal error: sys/uio.h: No such file or directory
compilation terminated.
configure:13050: $? = 1
configure: failed program was:
| /* confdefs.h */
| #define PACKAGE_NAME "libshout"
| #define PACKAGE_TARNAME "libshout"
| #define PACKAGE_VERSION "2.4.1"
| #define PACKAGE_STRING "libshout 2.4.1"
| #define PACKAGE_BUGREPORT "icecast-dev@xiph.org"
| #define PACKAGE_URL ""
| #define LIBSHOUT_MAJOR 2
| #define LIBSHOUT_MINOR 4
| #define LIBSHOUT_MICRO 1
| #define PACKAGE "libshout"
| #define VERSION "2.4.1"
| #define STDC_HEADERS 1
| #define HAVE_SYS_TYPES_H 1
| #define HAVE_SYS_STAT_H 1
| #define HAVE_STDLIB_H 1
| #define HAVE_STRING_H 1
| #define HAVE_MEMORY_H 1
| #define HAVE_STRINGS_H 1
| #define HAVE_INTTYPES_H 1
| #define HAVE_STDINT_H 1
| #define HAVE_UNISTD_H 1
| #define LT_OBJDIR ".libs/"
| #define _XOPEN_SOURCE 600
| #define _GNU_SOURCE /**/
| #define STDC_HEADERS 1
| #define TIME_WITH_SYS_TIME 1
| #define HAVE_STRINGS_H 1
| #define HAVE_SYS_TIMEB_H 1
| #define HAVE_INTTYPES_H 1
| #define HAVE_C99_INTTYPES 1
| #define HAVE_GETTIMEOFDAY 1
| #define HAVE_FTIME 1
| /* end confdefs.h.  */
| #include <sys/uio.h>
configure:13050: result: no
configure:13050: checking for sys/uio.h
configure:13050: result: no
configure:13060: checking winsock2.h usability
configure:13060: i686-w64-mingw32-gcc -c  -I/home/join/Desktop/vlc3.0/vlc/contrib/i686-w64-mingw32/include -g -O2  -I/home/join/Desktop/vlc3.0/vlc/contrib/i686-w64-mingw32/include conftest.c >&5
configure:13060: $? = 0
configure:13060: result: yes
configure:13060: checking winsock2.h presence
configure:13060: i686-w64-mingw32-gcc -E  -I/home/join/Desktop/vlc3.0/vlc/contrib/i686-w64-mingw32/include conftest.c
configure:13060: $? = 0
configure:13060: result: yes
configure:13060: checking for winsock2.h
configure:13060: result: yes
configure:13071: checking for library containing sethostent
configure:13102: i686-w64-mingw32-gcc -o conftest.exe  -I/home/join/Desktop/vlc3.0/vlc/contrib/i686-w64-mingw32/include -g -O2  -I/home/join/Desktop/vlc3.0/vlc/contrib/i686-w64-mingw32/include  -L/home/join/Desktop/vlc3.0/vlc/contrib/i686-w64-mingw32/lib  conftest.c  -lwsock32 >&5
/tmp/ccvdZSdz.o: In function `main':
/home/join/Desktop/vlc3.0/vlc/contrib/win32/libshout/conftest.c:47: undefined reference to `sethostent'
collect2: error: ld returned 1 exit status
configure:13102: $? = 1
configure: failed program was:
| /* confdefs.h */
| #define PACKAGE_NAME "libshout"
| #define PACKAGE_TARNAME "libshout"
| #define PACKAGE_VERSION "2.4.1"
| #define PACKAGE_STRING "libshout 2.4.1"
| #define PACKAGE_BUGREPORT "icecast-dev@xiph.org"
| #define PACKAGE_URL ""
| #define LIBSHOUT_MAJOR 2
| #define LIBSHOUT_MINOR 4
| #define LIBSHOUT_MICRO 1
| #define PACKAGE "libshout"
| #define VERSION "2.4.1"
| #define STDC_HEADERS 1
| #define HAVE_SYS_TYPES_H 1
| #define HAVE_SYS_STAT_H 1
| #define HAVE_STDLIB_H 1
| #define HAVE_STRING_H 1
| #define HAVE_MEMORY_H 1
| #define HAVE_STRINGS_H 1
| #define HAVE_INTTYPES_H 1
| #define HAVE_STDINT_H 1
| #define HAVE_UNISTD_H 1
| #define LT_OBJDIR ".libs/"
| #define _XOPEN_SOURCE 600
| #define _GNU_SOURCE /**/
| #define STDC_HEADERS 1
| #define TIME_WITH_SYS_TIME 1
| #define HAVE_STRINGS_H 1
| #define HAVE_SYS_TIMEB_H 1
| #define HAVE_INTTYPES_H 1
| #define HAVE_C99_INTTYPES 1
| #define HAVE_GETTIMEOFDAY 1
| #define HAVE_FTIME 1
| #define HAVE_WINSOCK2_H 1
| /* end confdefs.h.  */
| 
| /* Override any GCC internal prototype to avoid an error.
|    Use char because int might match the return type of a GCC
|    builtin and then its argument prototype would still apply.  */
| #ifdef __cplusplus
| extern "C"
| #endif
| char sethostent ();
| int
| main ()
| {
| return sethostent ();
|   ;
|   return 0;
| }
configure:13102: i686-w64-mingw32-gcc -o conftest.exe  -I/home/join/Desktop/vlc3.0/vlc/contrib/i686-w64-mingw32/include -g -O2  -I/home/join/Desktop/vlc3.0/vlc/contrib/i686-w64-mingw32/include  -L/home/join/Desktop/vlc3.0/vlc/contrib/i686-w64-mingw32/lib  conftest.c -lnsl   -lwsock32 >&5
/usr/bin/i686-w64-mingw32-ld: cannot find -lnsl
collect2: error: ld returned 1 exit status
configure:13102: $? = 1
configure: failed program was:
| /* confdefs.h */
| #define PACKAGE_NAME "libshout"
| #define PACKAGE_TARNAME "libshout"
| #define PACKAGE_VERSION "2.4.1"
| #define PACKAGE_STRING "libshout 2.4.1"
| #define PACKAGE_BUGREPORT "icecast-dev@xiph.org"
| #define PACKAGE_URL ""
| #define LIBSHOUT_MAJOR 2
| #define LIBSHOUT_MINOR 4
| #define LIBSHOUT_MICRO 1
| #define PACKAGE "libshout"
| #define VERSION "2.4.1"
| #define STDC_HEADERS 1
| #define HAVE_SYS_TYPES_H 1
| #define HAVE_SYS_STAT_H 1
| #define HAVE_STDLIB_H 1
| #define HAVE_STRING_H 1
| #define HAVE_MEMORY_H 1
| #define HAVE_STRINGS_H 1
| #define HAVE_INTTYPES_H 1
| #define HAVE_STDINT_H 1
| #define HAVE_UNISTD_H 1
| #define LT_OBJDIR ".libs/"
| #define _XOPEN_SOURCE 600
| #define _GNU_SOURCE /**/
| #define STDC_HEADERS 1
| #define TIME_WITH_SYS_TIME 1
| #define HAVE_STRINGS_H 1
| #define HAVE_SYS_TIMEB_H 1
| #define HAVE_INTTYPES_H 1
| #define HAVE_C99_INTTYPES 1
| #define HAVE_GETTIMEOFDAY 1
| #define HAVE_FTIME 1
| #define HAVE_WINSOCK2_H 1
| /* end confdefs.h.  */
| 
| /* Override any GCC internal prototype to avoid an error.
|    Use char because int might match the return type of a GCC
|    builtin and then its argument prototype would still apply.  */
| #ifdef __cplusplus
| extern "C"
| #endif
| char sethostent ();
| int
| main ()
| {
| return sethostent ();
|   ;
|   return 0;
| }
configure:13119: result: no
configure:13129: checking for library containing getnameinfo
configure:13160: i686-w64-mingw32-gcc -o conftest.exe  -I/home/join/Desktop/vlc3.0/vlc/contrib/i686-w64-mingw32/include -g -O2  -I/home/join/Desktop/vlc3.0/vlc/contrib/i686-w64-mingw32/include  -L/home/join/Desktop/vlc3.0/vlc/contrib/i686-w64-mingw32/lib  conftest.c  -lwsock32 >&5
/tmp/ccnUt6lJ.o: In function `main':
/home/join/Desktop/vlc3.0/vlc/contrib/win32/libshout/conftest.c:47: undefined reference to `getnameinfo'
collect2: error: ld returned 1 exit status
configure:13160: $? = 1
configure: failed program was:
| /* confdefs.h */
| #define PACKAGE_NAME "libshout"
| #define PACKAGE_TARNAME "libshout"
| #define PACKAGE_VERSION "2.4.1"
| #define PACKAGE_STRING "libshout 2.4.1"
| #define PACKAGE_BUGREPORT "icecast-dev@xiph.org"
| #define PACKAGE_URL ""
| #define LIBSHOUT_MAJOR 2
| #define LIBSHOUT_MINOR 4
| #define LIBSHOUT_MICRO 1
| #define PACKAGE "libshout"
| #define VERSION "2.4.1"
| #define STDC_HEADERS 1
| #define HAVE_SYS_TYPES_H 1
| #define HAVE_SYS_STAT_H 1
| #define HAVE_STDLIB_H 1
| #define HAVE_STRING_H 1
| #define HAVE_MEMORY_H 1
| #define HAVE_STRINGS_H 1
| #define HAVE_INTTYPES_H 1
| #define HAVE_STDINT_H 1
| #define HAVE_UNISTD_H 1
| #define LT_OBJDIR ".libs/"
| #define _XOPEN_SOURCE 600
| #define _GNU_SOURCE /**/
| #define STDC_HEADERS 1
| #define TIME_WITH_SYS_TIME 1
| #define HAVE_STRINGS_H 1
| #define HAVE_SYS_TIMEB_H 1
| #define HAVE_INTTYPES_H 1
| #define HAVE_C99_INTTYPES 1
| #define HAVE_GETTIMEOFDAY 1
| #define HAVE_FTIME 1
| #define HAVE_WINSOCK2_H 1
| /* end confdefs.h.  */
| 
| /* Override any GCC internal prototype to avoid an error.
|    Use char because int might match the return type of a GCC
|    builtin and then its argument prototype would still apply.  */
| #ifdef __cplusplus
| extern "C"
| #endif
| char getnameinfo ();
| int
| main ()
| {
| return getnameinfo ();
|   ;
|   return 0;
| }
configure:13160: i686-w64-mingw32-gcc -o conftest.exe  -I/home/join/Desktop/vlc3.0/vlc/contrib/i686-w64-mingw32/include -g -O2  -I/home/join/Desktop/vlc3.0/vlc/contrib/i686-w64-mingw32/include  -L/home/join/Desktop/vlc3.0/vlc/contrib/i686-w64-mingw32/lib  conftest.c -lsocket   -lwsock32 >&5
/usr/bin/i686-w64-mingw32-ld: cannot find -lsocket
collect2: error: ld returned 1 exit status
configure:13160: $? = 1
configure: failed program was:
| /* confdefs.h */
| #define PACKAGE_NAME "libshout"
| #define PACKAGE_TARNAME "libshout"
| #define PACKAGE_VERSION "2.4.1"
| #define PACKAGE_STRING "libshout 2.4.1"
| #define PACKAGE_BUGREPORT "icecast-dev@xiph.org"
| #define PACKAGE_URL ""
| #define LIBSHOUT_MAJOR 2
| #define LIBSHOUT_MINOR 4
| #define LIBSHOUT_MICRO 1
| #define PACKAGE "libshout"
| #define VERSION "2.4.1"
| #define STDC_HEADERS 1
| #define HAVE_SYS_TYPES_H 1
| #define HAVE_SYS_STAT_H 1
| #define HAVE_STDLIB_H 1
| #define HAVE_STRING_H 1
| #define HAVE_MEMORY_H 1
| #define HAVE_STRINGS_H 1
| #define HAVE_INTTYPES_H 1
| #define HAVE_STDINT_H 1
| #define HAVE_UNISTD_H 1
| #define LT_OBJDIR ".libs/"
| #define _XOPEN_SOURCE 600
| #define _GNU_SOURCE /**/
| #define STDC_HEADERS 1
| #define TIME_WITH_SYS_TIME 1
| #define HAVE_STRINGS_H 1
| #define HAVE_SYS_TIMEB_H 1
| #define HAVE_INTTYPES_H 1
| #define HAVE_C99_INTTYPES 1
| #define HAVE_GETTIMEOFDAY 1
| #define HAVE_FTIME 1
| #define HAVE_WINSOCK2_H 1
| /* end confdefs.h.  */
| 
| /* Override any GCC internal prototype to avoid an error.
|    Use char because int might match the return type of a GCC
|    builtin and then its argument prototype would still apply.  */
| #ifdef __cplusplus
| extern "C"
| #endif
| char getnameinfo ();
| int
| main ()
| {
| return getnameinfo ();
|   ;
|   return 0;
| }
configure:13177: result: no
configure:13190: checking for endhostent
configure:13190: i686-w64-mingw32-gcc -o conftest.exe  -I/home/join/Desktop/vlc3.0/vlc/contrib/i686-w64-mingw32/include -g -O2  -I/home/join/Desktop/vlc3.0/vlc/contrib/i686-w64-mingw32/include  -L/home/join/Desktop/vlc3.0/vlc/contrib/i686-w64-mingw32/lib  conftest.c  -lwsock32 >&5
/tmp/cceLB9pU.o: In function `main':
/home/join/Desktop/vlc3.0/vlc/contrib/win32/libshout/conftest.c:70: undefined reference to `endhostent'
collect2: error: ld returned 1 exit status
configure:13190: $? = 1
configure: failed program was:
| /* confdefs.h */
| #define PACKAGE_NAME "libshout"
| #define PACKAGE_TARNAME "libshout"
| #define PACKAGE_VERSION "2.4.1"
| #define PACKAGE_STRING "libshout 2.4.1"
| #define PACKAGE_BUGREPORT "icecast-dev@xiph.org"
| #define PACKAGE_URL ""
| #define LIBSHOUT_MAJOR 2
| #define LIBSHOUT_MINOR 4
| #define LIBSHOUT_MICRO 1
| #define PACKAGE "libshout"
| #define VERSION "2.4.1"
| #define STDC_HEADERS 1
| #define HAVE_SYS_TYPES_H 1
| #define HAVE_SYS_STAT_H 1
| #define HAVE_STDLIB_H 1
| #define HAVE_STRING_H 1
| #define HAVE_MEMORY_H 1
| #define HAVE_STRINGS_H 1
| #define HAVE_INTTYPES_H 1
| #define HAVE_STDINT_H 1
| #define HAVE_UNISTD_H 1
| #define LT_OBJDIR ".libs/"
| #define _XOPEN_SOURCE 600
| #define _GNU_SOURCE /**/
| #define STDC_HEADERS 1
| #define TIME_WITH_SYS_TIME 1
| #define HAVE_STRINGS_H 1
| #define HAVE_SYS_TIMEB_H 1
| #define HAVE_INTTYPES_H 1
| #define HAVE_C99_INTTYPES 1
| #define HAVE_GETTIMEOFDAY 1
| #define HAVE_FTIME 1
| #define HAVE_WINSOCK2_H 1
| /* end confdefs.h.  */
| /* Define endhostent to an innocuous variant, in case <limits.h> declares endhostent.
|    For example, HP-UX 11i <limits.h> declares gettimeofday.  */
| #define endhostent innocuous_endhostent
| 
| /* System header to define __stub macros and hopefully few prototypes,
|     which can conflict with char endhostent (); below.
|     Prefer <limits.h> to <assert.h> if __STDC__ is defined, since
|     <limits.h> exists even on freestanding compilers.  */
| 
| #ifdef __STDC__
| # include <limits.h>
| #else
| # include <assert.h>
| #endif
| 
| #undef endhostent
| 
| /* Override any GCC internal prototype to avoid an error.
|    Use char because int might match the return type of a GCC
|    builtin and then its argument prototype would still apply.  */
| #ifdef __cplusplus
| extern "C"
| #endif
| char endhostent ();
| /* The GNU C library defines this for functions which it implements
|     to always fail with ENOSYS.  Some functions are actually named
|     something starting with __ and the normal name is an alias.  */
| #if defined __stub_endhostent || defined __stub___endhostent
| choke me
| #endif
| 
| int
| main ()
| {
| return endhostent ();
|   ;
|   return 0;
| }
configure:13190: result: no
configure:13190: checking for getaddrinfo
configure:13190: i686-w64-mingw32-gcc -o conftest.exe  -I/home/join/Desktop/vlc3.0/vlc/contrib/i686-w64-mingw32/include -g -O2  -I/home/join/Desktop/vlc3.0/vlc/contrib/i686-w64-mingw32/include  -L/home/join/Desktop/vlc3.0/vlc/contrib/i686-w64-mingw32/lib  conftest.c  -lwsock32 >&5
/tmp/ccUmTBkZ.o: In function `main':
/home/join/Desktop/vlc3.0/vlc/contrib/win32/libshout/conftest.c:70: undefined reference to `getaddrinfo'
collect2: error: ld returned 1 exit status
configure:13190: $? = 1
configure: failed program was:
| /* confdefs.h */
| #define PACKAGE_NAME "libshout"
| #define PACKAGE_TARNAME "libshout"
| #define PACKAGE_VERSION "2.4.1"
| #define PACKAGE_STRING "libshout 2.4.1"
| #define PACKAGE_BUGREPORT "icecast-dev@xiph.org"
| #define PACKAGE_URL ""
| #define LIBSHOUT_MAJOR 2
| #define LIBSHOUT_MINOR 4
| #define LIBSHOUT_MICRO 1
| #define PACKAGE "libshout"
| #define VERSION "2.4.1"
| #define STDC_HEADERS 1
| #define HAVE_SYS_TYPES_H 1
| #define HAVE_SYS_STAT_H 1
| #define HAVE_STDLIB_H 1
| #define HAVE_STRING_H 1
| #define HAVE_MEMORY_H 1
| #define HAVE_STRINGS_H 1
| #define HAVE_INTTYPES_H 1
| #define HAVE_STDINT_H 1
| #define HAVE_UNISTD_H 1
| #define LT_OBJDIR ".libs/"
| #define _XOPEN_SOURCE 600
| #define _GNU_SOURCE /**/
| #define STDC_HEADERS 1
| #define TIME_WITH_SYS_TIME 1
| #define HAVE_STRINGS_H 1
| #define HAVE_SYS_TIMEB_H 1
| #define HAVE_INTTYPES_H 1
| #define HAVE_C99_INTTYPES 1
| #define HAVE_GETTIMEOFDAY 1
| #define HAVE_FTIME 1
| #define HAVE_WINSOCK2_H 1
| /* end confdefs.h.  */
| /* Define getaddrinfo to an innocuous variant, in case <limits.h> declares getaddrinfo.
|    For example, HP-UX 11i <limits.h> declares gettimeofday.  */
| #define getaddrinfo innocuous_getaddrinfo
| 
| /* System header to define __stub macros and hopefully few prototypes,
|     which can conflict with char getaddrinfo (); below.
|     Prefer <limits.h> to <assert.h> if __STDC__ is defined, since
|     <limits.h> exists even on freestanding compilers.  */
| 
| #ifdef __STDC__
| # include <limits.h>
| #else
| # include <assert.h>
| #endif
| 
| #undef getaddrinfo
| 
| /* Override any GCC internal prototype to avoid an error.
|    Use char because int might match the return type of a GCC
|    builtin and then its argument prototype would still apply.  */
| #ifdef __cplusplus
| extern "C"
| #endif
| char getaddrinfo ();
| /* The GNU C library defines this for functions which it implements
|     to always fail with ENOSYS.  Some functions are actually named
|     something starting with __ and the normal name is an alias.  */
| #if defined __stub_getaddrinfo || defined __stub___getaddrinfo
| choke me
| #endif
| 
| int
| main ()
| {
| return getaddrinfo ();
|   ;
|   return 0;
| }
configure:13190: result: no
configure:13190: checking for inet_aton
configure:13190: i686-w64-mingw32-gcc -o conftest.exe  -I/home/join/Desktop/vlc3.0/vlc/contrib/i686-w64-mingw32/include -g -O2  -I/home/join/Desktop/vlc3.0/vlc/contrib/i686-w64-mingw32/include  -L/home/join/Desktop/vlc3.0/vlc/contrib/i686-w64-mingw32/lib  conftest.c  -lwsock32 >&5
/tmp/cc5v2ik4.o: In function `main':
/home/join/Desktop/vlc3.0/vlc/contrib/win32/libshout/conftest.c:70: undefined reference to `inet_aton'
collect2: error: ld returned 1 exit status
configure:13190: $? = 1
configure: failed program was:
| /* confdefs.h */
| #define PACKAGE_NAME "libshout"
| #define PACKAGE_TARNAME "libshout"
| #define PACKAGE_VERSION "2.4.1"
| #define PACKAGE_STRING "libshout 2.4.1"
| #define PACKAGE_BUGREPORT "icecast-dev@xiph.org"
| #define PACKAGE_URL ""
| #define LIBSHOUT_MAJOR 2
| #define LIBSHOUT_MINOR 4
| #define LIBSHOUT_MICRO 1
| #define PACKAGE "libshout"
| #define VERSION "2.4.1"
| #define STDC_HEADERS 1
| #define HAVE_SYS_TYPES_H 1
| #define HAVE_SYS_STAT_H 1
| #define HAVE_STDLIB_H 1
| #define HAVE_STRING_H 1
| #define HAVE_MEMORY_H 1
| #define HAVE_STRINGS_H 1
| #define HAVE_INTTYPES_H 1
| #define HAVE_STDINT_H 1
| #define HAVE_UNISTD_H 1
| #define LT_OBJDIR ".libs/"
| #define _XOPEN_SOURCE 600
| #define _GNU_SOURCE /**/
| #define STDC_HEADERS 1
| #define TIME_WITH_SYS_TIME 1
| #define HAVE_STRINGS_H 1
| #define HAVE_SYS_TIMEB_H 1
| #define HAVE_INTTYPES_H 1
| #define HAVE_C99_INTTYPES 1
| #define HAVE_GETTIMEOFDAY 1
| #define HAVE_FTIME 1
| #define HAVE_WINSOCK2_H 1
| /* end confdefs.h.  */
| /* Define inet_aton to an innocuous variant, in case <limits.h> declares inet_aton.
|    For example, HP-UX 11i <limits.h> declares gettimeofday.  */
| #define inet_aton innocuous_inet_aton
| 
| /* System header to define __stub macros and hopefully few prototypes,
|     which can conflict with char inet_aton (); below.
|     Prefer <limits.h> to <assert.h> if __STDC__ is defined, since
|     <limits.h> exists even on freestanding compilers.  */
| 
| #ifdef __STDC__
| # include <limits.h>
| #else
| # include <assert.h>
| #endif
| 
| #undef inet_aton
| 
| /* Override any GCC internal prototype to avoid an error.
|    Use char because int might match the return type of a GCC
|    builtin and then its argument prototype would still apply.  */
| #ifdef __cplusplus
| extern "C"
| #endif
| char inet_aton ();
| /* The GNU C library defines this for functions which it implements
|     to always fail with ENOSYS.  Some functions are actually named
|     something starting with __ and the normal name is an alias.  */
| #if defined __stub_inet_aton || defined __stub___inet_aton
| choke me
| #endif
| 
| int
| main ()
| {
| return inet_aton ();
|   ;
|   return 0;
| }
configure:13190: result: no
configure:13190: checking for writev
configure:13190: i686-w64-mingw32-gcc -o conftest.exe  -I/home/join/Desktop/vlc3.0/vlc/contrib/i686-w64-mingw32/include -g -O2  -I/home/join/Desktop/vlc3.0/vlc/contrib/i686-w64-mingw32/include  -L/home/join/Desktop/vlc3.0/vlc/contrib/i686-w64-mingw32/lib  conftest.c  -lwsock32 >&5
/tmp/cc3r6T17.o: In function `main':
/home/join/Desktop/vlc3.0/vlc/contrib/win32/libshout/conftest.c:70: undefined reference to `writev'
collect2: error: ld returned 1 exit status
configure:13190: $? = 1
configure: failed program was:
| /* confdefs.h */
| #define PACKAGE_NAME "libshout"
| #define PACKAGE_TARNAME "libshout"
| #define PACKAGE_VERSION "2.4.1"
| #define PACKAGE_STRING "libshout 2.4.1"
| #define PACKAGE_BUGREPORT "icecast-dev@xiph.org"
| #define PACKAGE_URL ""
| #define LIBSHOUT_MAJOR 2
| #define LIBSHOUT_MINOR 4
| #define LIBSHOUT_MICRO 1
| #define PACKAGE "libshout"
| #define VERSION "2.4.1"
| #define STDC_HEADERS 1
| #define HAVE_SYS_TYPES_H 1
| #define HAVE_SYS_STAT_H 1
| #define HAVE_STDLIB_H 1
| #define HAVE_STRING_H 1
| #define HAVE_MEMORY_H 1
| #define HAVE_STRINGS_H 1
| #define HAVE_INTTYPES_H 1
| #define HAVE_STDINT_H 1
| #define HAVE_UNISTD_H 1
| #define LT_OBJDIR ".libs/"
| #define _XOPEN_SOURCE 600
| #define _GNU_SOURCE /**/
| #define STDC_HEADERS 1
| #define TIME_WITH_SYS_TIME 1
| #define HAVE_STRINGS_H 1
| #define HAVE_SYS_TIMEB_H 1
| #define HAVE_INTTYPES_H 1
| #define HAVE_C99_INTTYPES 1
| #define HAVE_GETTIMEOFDAY 1
| #define HAVE_FTIME 1
| #define HAVE_WINSOCK2_H 1
| /* end confdefs.h.  */
| /* Define writev to an innocuous variant, in case <limits.h> declares writev.
|    For example, HP-UX 11i <limits.h> declares gettimeofday.  */
| #define writev innocuous_writev
| 
| /* System header to define __stub macros and hopefully few prototypes,
|     which can conflict with char writev (); below.
|     Prefer <limits.h> to <assert.h> if __STDC__ is defined, since
|     <limits.h> exists even on freestanding compilers.  */
| 
| #ifdef __STDC__
| # include <limits.h>
| #else
| # include <assert.h>
| #endif
| 
| #undef writev
| 
| /* Override any GCC internal prototype to avoid an error.
|    Use char because int might match the return type of a GCC
|    builtin and then its argument prototype would still apply.  */
| #ifdef __cplusplus
| extern "C"
| #endif
| char writev ();
| /* The GNU C library defines this for functions which it implements
|     to always fail with ENOSYS.  Some functions are actually named
|     something starting with __ and the normal name is an alias.  */
| #if defined __stub_writev || defined __stub___writev
| choke me
| #endif
| 
| int
| main ()
| {
| return writev ();
|   ;
|   return 0;
| }
configure:13190: result: no
configure:13201: checking for struct sockaddr_storage.ss_family
configure:13201: i686-w64-mingw32-gcc -c  -I/home/join/Desktop/vlc3.0/vlc/contrib/i686-w64-mingw32/include -g -O2  -I/home/join/Desktop/vlc3.0/vlc/contrib/i686-w64-mingw32/include conftest.c >&5
conftest.c:37:24: fatal error: sys/socket.h: No such file or directory
compilation terminated.
configure:13201: $? = 1
configure: failed program was:
| /* confdefs.h */
| #define PACKAGE_NAME "libshout"
| #define PACKAGE_TARNAME "libshout"
| #define PACKAGE_VERSION "2.4.1"
| #define PACKAGE_STRING "libshout 2.4.1"
| #define PACKAGE_BUGREPORT "icecast-dev@xiph.org"
| #define PACKAGE_URL ""
| #define LIBSHOUT_MAJOR 2
| #define LIBSHOUT_MINOR 4
| #define LIBSHOUT_MICRO 1
| #define PACKAGE "libshout"
| #define VERSION "2.4.1"
| #define STDC_HEADERS 1
| #define HAVE_SYS_TYPES_H 1
| #define HAVE_SYS_STAT_H 1
| #define HAVE_STDLIB_H 1
| #define HAVE_STRING_H 1
| #define HAVE_MEMORY_H 1
| #define HAVE_STRINGS_H 1
| #define HAVE_INTTYPES_H 1
| #define HAVE_STDINT_H 1
| #define HAVE_UNISTD_H 1
| #define LT_OBJDIR ".libs/"
| #define _XOPEN_SOURCE 600
| #define _GNU_SOURCE /**/
| #define STDC_HEADERS 1
| #define TIME_WITH_SYS_TIME 1
| #define HAVE_STRINGS_H 1
| #define HAVE_SYS_TIMEB_H 1
| #define HAVE_INTTYPES_H 1
| #define HAVE_C99_INTTYPES 1
| #define HAVE_GETTIMEOFDAY 1
| #define HAVE_FTIME 1
| #define HAVE_WINSOCK2_H 1
| /* end confdefs.h.  */
| #include <sys/types.h>
| #include <sys/socket.h>
| 
| int
| main ()
| {
| static struct sockaddr_storage ac_aggr;
| if (ac_aggr.ss_family)
| return 0;
|   ;
|   return 0;
| }
configure:13201: i686-w64-mingw32-gcc -c  -I/home/join/Desktop/vlc3.0/vlc/contrib/i686-w64-mingw32/include -g -O2  -I/home/join/Desktop/vlc3.0/vlc/contrib/i686-w64-mingw32/include conftest.c >&5
conftest.c:37:24: fatal error: sys/socket.h: No such file or directory
compilation terminated.
configure:13201: $? = 1
configure: failed program was:
| /* confdefs.h */
| #define PACKAGE_NAME "libshout"
| #define PACKAGE_TARNAME "libshout"
| #define PACKAGE_VERSION "2.4.1"
| #define PACKAGE_STRING "libshout 2.4.1"
| #define PACKAGE_BUGREPORT "icecast-dev@xiph.org"
| #define PACKAGE_URL ""
| #define LIBSHOUT_MAJOR 2
| #define LIBSHOUT_MINOR 4
| #define LIBSHOUT_MICRO 1
| #define PACKAGE "libshout"
| #define VERSION "2.4.1"
| #define STDC_HEADERS 1
| #define HAVE_SYS_TYPES_H 1
| #define HAVE_SYS_STAT_H 1
| #define HAVE_STDLIB_H 1
| #define HAVE_STRING_H 1
| #define HAVE_MEMORY_H 1
| #define HAVE_STRINGS_H 1
| #define HAVE_INTTYPES_H 1
| #define HAVE_STDINT_H 1
| #define HAVE_UNISTD_H 1
| #define LT_OBJDIR ".libs/"
| #define _XOPEN_SOURCE 600
| #define _GNU_SOURCE /**/
| #define STDC_HEADERS 1
| #define TIME_WITH_SYS_TIME 1
| #define HAVE_STRINGS_H 1
| #define HAVE_SYS_TIMEB_H 1
| #define HAVE_INTTYPES_H 1
| #define HAVE_C99_INTTYPES 1
| #define HAVE_GETTIMEOFDAY 1
| #define HAVE_FTIME 1
| #define HAVE_WINSOCK2_H 1
| /* end confdefs.h.  */
| #include <sys/types.h>
| #include <sys/socket.h>
| 
| int
| main ()
| {
| static struct sockaddr_storage ac_aggr;
| if (sizeof ac_aggr.ss_family)
| return 0;
|   ;
|   return 0;
| }
configure:13201: result: no
configure:13625: checking for i686-w64-mingw32-pkg-config
configure:13643: found /usr/bin/i686-w64-mingw32-pkg-config
configure:13655: result: /usr/bin/i686-w64-mingw32-pkg-config
configure:13723: checking pkg-config is at least version 0.9.0
configure:13726: result: yes
configure:13736: checking for VORBIS
configure:13743: $PKG_CONFIG --exists --print-errors "vorbis"
configure:13746: $? = 0
configure:13760: $PKG_CONFIG --exists --print-errors "vorbis"
configure:13763: $? = 0
configure:14167: result: yes
configure:14240: checking for Ogg
configure:14293: result: yes
configure:14349: checking for THEORA
configure:14356: $PKG_CONFIG --exists --print-errors "theora"
configure:14359: $? = 0
configure:14373: $PKG_CONFIG --exists --print-errors "theora"
configure:14376: $? = 0
configure:14722: result: yes
configure:14782: checking for SPEEX
configure:14789: $PKG_CONFIG --exists --print-errors "speex"
configure:14792: $? = 0
configure:14806: $PKG_CONFIG --exists --print-errors "speex"
configure:14809: $? = 0
configure:15147: result: yes
configure:15210: checking for pkg-config
configure:15226: found /usr/bin/pkg-config
configure:15238: result: yes
configure:15417: SSL disabled!
configure:15494: i686-w64-mingw32-gcc -c -Werror -I/home/join/Desktop/vlc3.0/vlc/contrib/i686-w64-mingw32/include  -I/home/join/Desktop/vlc3.0/vlc/contrib/i686-w64-mingw32/include conftest.c >&5
configure:15494: $? = 0
configure:15802: checking that generated files are newer than configure
configure:15808: result: done
configure:15855: creating ./config.status

## ---------------------- ##
## Running config.status. ##
## ---------------------- ##

This file was extended by libshout config.status 2.4.1, which was
generated by GNU Autoconf 2.69.  Invocation command line was

  CONFIG_FILES    = 
  CONFIG_HEADERS  = 
  CONFIG_LINKS    = 
  CONFIG_COMMANDS = 
  $ ./config.status 

on join-virtual-machine

config.status:1173: creating Makefile
config.status:1173: creating include/Makefile
config.status:1173: creating include/shout/Makefile
config.status:1173: creating include/shout/shout.h
config.status:1173: creating src/Makefile
config.status:1173: creating src/common/net/Makefile
config.status:1173: creating src/common/timing/Makefile
config.status:1173: creating src/common/thread/Makefile
config.status:1173: creating src/common/avl/Makefile
config.status:1173: creating src/common/httpp/Makefile
config.status:1173: creating doc/Makefile
config.status:1173: creating examples/Makefile
config.status:1173: creating win32/Makefile
config.status:1173: creating shout.pc
config.status:1173: creating config.h
config.status:1402: executing depfiles commands
config.status:1402: executing libtool commands

## ---------------- ##
## Cache variables. ##
## ---------------- ##

ac_cv_build=x86_64-pc-linux-gnu
ac_cv_c_compiler_gnu=yes
ac_cv_c_const=yes
ac_cv_c_inline=inline
ac_cv_env_CC_set=set
ac_cv_env_CC_value=i686-w64-mingw32-gcc
ac_cv_env_CFLAGS_set=set
ac_cv_env_CFLAGS_value=' -I/home/join/Desktop/vlc3.0/vlc/contrib/i686-w64-mingw32/include -g -O2'
ac_cv_env_CPPFLAGS_set=set
ac_cv_env_CPPFLAGS_value=' -I/home/join/Desktop/vlc3.0/vlc/contrib/i686-w64-mingw32/include'
ac_cv_env_CPP_set=
ac_cv_env_CPP_value=
ac_cv_env_LDFLAGS_set=set
ac_cv_env_LDFLAGS_value=' -L/home/join/Desktop/vlc3.0/vlc/contrib/i686-w64-mingw32/lib '
ac_cv_env_LIBS_set=
ac_cv_env_LIBS_value=
ac_cv_env_LT_SYS_LIBRARY_PATH_set=
ac_cv_env_LT_SYS_LIBRARY_PATH_value=
ac_cv_env_PKG_CONFIG_LIBDIR_set=set
ac_cv_env_PKG_CONFIG_LIBDIR_value=/usr/i686-w64-mingw32/lib/pkgconfig
ac_cv_env_PKG_CONFIG_PATH_set=set
ac_cv_env_PKG_CONFIG_PATH_value=/home/join/Desktop/vlc3.0/vlc/contrib/i686-w64-mingw32/lib/pkgconfig:/usr/share/pkgconfig
ac_cv_env_PKG_CONFIG_set=
ac_cv_env_PKG_CONFIG_value=
ac_cv_env_SPEEX_CFLAGS_set=
ac_cv_env_SPEEX_CFLAGS_value=
ac_cv_env_SPEEX_LIBS_set=
ac_cv_env_SPEEX_LIBS_value=
ac_cv_env_THEORA_CFLAGS_set=
ac_cv_env_THEORA_CFLAGS_value=
ac_cv_env_THEORA_LIBS_set=
ac_cv_env_THEORA_LIBS_value=
ac_cv_env_THEORA_set=
ac_cv_env_THEORA_value=
ac_cv_env_VORBIS_CFLAGS_set=
ac_cv_env_VORBIS_CFLAGS_value=
ac_cv_env_VORBIS_LIBS_set=
ac_cv_env_VORBIS_LIBS_value=
ac_cv_env_build_alias_set=set
ac_cv_env_build_alias_value=x86_64-linux-gnu
ac_cv_env_host_alias_set=set
ac_cv_env_host_alias_value=i686-w64-mingw32
ac_cv_env_target_alias_set=set
ac_cv_env_target_alias_value=i686-w64-mingw32
ac_cv_exeext=.exe
ac_cv_func_endhostent=no
ac_cv_func_ftime=yes
ac_cv_func_getaddrinfo=no
ac_cv_func_gettimeofday=yes
ac_cv_func_inet_aton=no
ac_cv_func_writev=no
ac_cv_header_arpa_inet_h=no
ac_cv_header_dlfcn_h=no
ac_cv_header_inttypes_h=yes
ac_cv_header_memory_h=yes
ac_cv_header_stdc=yes
ac_cv_header_stdint_h=yes
ac_cv_header_stdlib_h=yes
ac_cv_header_string_h=yes
ac_cv_header_strings_h=yes
ac_cv_header_sys_select_h=no
ac_cv_header_sys_socket_h=no
ac_cv_header_sys_stat_h=yes
ac_cv_header_sys_timeb_h=yes
ac_cv_header_sys_types_h=yes
ac_cv_header_sys_uio_h=no
ac_cv_header_time=yes
ac_cv_header_unistd_h=yes
ac_cv_header_winsock2_h=yes
ac_cv_host=i686-w64-mingw32
ac_cv_member_struct_sockaddr_storage_ss_family=no
ac_cv_objext=o
ac_cv_path_EGREP='/bin/grep -E'
ac_cv_path_FGREP='/bin/grep -F'
ac_cv_path_GREP=/bin/grep
ac_cv_path_PKG_CONFIG=/usr/bin/i686-w64-mingw32-pkg-config
ac_cv_path_SED=/bin/sed
ac_cv_path_install='/usr/bin/install -c'
ac_cv_path_lt_DD=/bin/dd
ac_cv_path_mkdir=/bin/mkdir
ac_cv_prog_AR=i686-w64-mingw32-ar
ac_cv_prog_AWK=mawk
ac_cv_prog_CC=i686-w64-mingw32-gcc
ac_cv_prog_CPP='i686-w64-mingw32-gcc -E'
ac_cv_prog_DLLTOOL=i686-w64-mingw32-dlltool
ac_cv_prog_OBJDUMP=i686-w64-mingw32-objdump
ac_cv_prog_PKGCONFIG=yes
ac_cv_prog_RANLIB=i686-w64-mingw32-ranlib
ac_cv_prog_STRIP=i686-w64-mingw32-strip
ac_cv_prog_ac_ct_MANIFEST_TOOL=mt
ac_cv_prog_cc_c89=
ac_cv_prog_cc_g=yes
ac_cv_prog_make_make_set=yes
ac_cv_search_getnameinfo=no
ac_cv_search_nanosleep=no
ac_cv_search_sethostent=no
ac_cv_type_socklen_t=no
ac_cv_type_uint32_t=yes
am_cv_CC_dependencies_compiler_type=none
am_cv_make_support_nested_variables=yes
am_cv_prog_cc_c_o=yes
lt_cv_ar_at_file=@
lt_cv_deplibs_check_method='file_magic ^x86 archive import|^x86 DLL'
lt_cv_file_magic_cmd=func_win32_libid
lt_cv_file_magic_test_file=
lt_cv_ld_reload_flag=-r
lt_cv_nm_interface='BSD nm'
lt_cv_objdir=.libs
lt_cv_path_LD=i686-w64-mingw32-ld
lt_cv_path_NM='/usr/bin/i686-w64-mingw32-nm -B'
lt_cv_path_mainfest_tool=no
lt_cv_prog_compiler_c_o=yes
lt_cv_prog_compiler_pic='-DDLL_EXPORT -DPIC'
lt_cv_prog_compiler_pic_works=yes
lt_cv_prog_compiler_rtti_exceptions=no
lt_cv_prog_compiler_static_works=yes
lt_cv_prog_gnu_ld=yes
lt_cv_sharedlib_from_linklib_cmd=func_cygming_dll_for_implib
lt_cv_sys_global_symbol_pipe='sed -n -e '\''s/^.*[	 ]\([ABCDGIRSTW][ABCDGIRSTW]*\)[	 ][	 ]*_\([_A-Za-z][_A-Za-z0-9]*\)$/\1 _\2 \2/p'\'' | sed '\''/ __gnu_lto/d'\'''
lt_cv_sys_global_symbol_to_c_name_address='sed -n -e '\''s/^: \(.*\) .*$/  {"\1", (void *) 0},/p'\'' -e '\''s/^[ABCDGIRSTW][ABCDGIRSTW]* .* \(.*\)$/  {"\1", (void *) \&\1},/p'\'''
lt_cv_sys_global_symbol_to_c_name_address_lib_prefix='sed -n -e '\''s/^: \(.*\) .*$/  {"\1", (void *) 0},/p'\'' -e '\''s/^[ABCDGIRSTW][ABCDGIRSTW]* .* \(lib.*\)$/  {"\1", (void *) \&\1},/p'\'' -e '\''s/^[ABCDGIRSTW][ABCDGIRSTW]* .* \(.*\)$/  {"lib\1", (void *) \&\1},/p'\'''
lt_cv_sys_global_symbol_to_cdecl='sed -n -e '\''s/^T .* \(.*\)$/extern int \1();/p'\'' -e '\''s/^[ABCDGIRSTW][ABCDGIRSTW]* .* \(.*\)$/extern char \1;/p'\'''
lt_cv_sys_global_symbol_to_import=
lt_cv_sys_max_cmd_len=1572864
lt_cv_to_host_file_cmd=func_convert_file_nix_to_w32
lt_cv_to_tool_file_cmd=func_convert_file_noop
lt_cv_truncate_bin='/bin/dd bs=4096 count=1'
pkg_cv_SPEEX_CFLAGS=-I/home/join/Desktop/vlc3.0/vlc/contrib/i686-w64-mingw32/include
pkg_cv_SPEEX_LIBS='-L/home/join/Desktop/vlc3.0/vlc/contrib/i686-w64-mingw32/lib -lspeex -lm'
pkg_cv_THEORA_CFLAGS=-I/home/join/Desktop/vlc3.0/vlc/contrib/i686-w64-mingw32/include
pkg_cv_THEORA_LIBS='-L/home/join/Desktop/vlc3.0/vlc/contrib/i686-w64-mingw32/lib -ltheora -logg'
pkg_cv_VORBIS_CFLAGS=-I/home/join/Desktop/vlc3.0/vlc/contrib/i686-w64-mingw32/include
pkg_cv_VORBIS_LIBS='-L/home/join/Desktop/vlc3.0/vlc/contrib/i686-w64-mingw32/lib -lvorbis -lm -logg'

## ----------------- ##
## Output variables. ##
## ----------------- ##

ACLOCAL='${SHELL} /home/join/Desktop/vlc3.0/vlc/contrib/win32/libshout/missing aclocal-1.15'
AMDEPBACKSLASH=''
AMDEP_FALSE=''
AMDEP_TRUE='#'
AMTAR='$${TAR-tar}'
AM_BACKSLASH='\'
AM_DEFAULT_V='$(AM_DEFAULT_VERBOSITY)'
AM_DEFAULT_VERBOSITY='1'
AM_V='$(V)'
AR='i686-w64-mingw32-ar'
AUTOCONF='${SHELL} /home/join/Desktop/vlc3.0/vlc/contrib/win32/libshout/missing autoconf'
AUTOHEADER='${SHELL} /home/join/Desktop/vlc3.0/vlc/contrib/win32/libshout/missing autoheader'
AUTOMAKE='${SHELL} /home/join/Desktop/vlc3.0/vlc/contrib/win32/libshout/missing automake-1.15'
AWK='mawk'
CC='i686-w64-mingw32-gcc'
CCDEPMODE='depmode=none'
CFLAGS=' -I/home/join/Desktop/vlc3.0/vlc/contrib/i686-w64-mingw32/include -g -O2'
CPP='i686-w64-mingw32-gcc -E'
CPPFLAGS=' -I/home/join/Desktop/vlc3.0/vlc/contrib/i686-w64-mingw32/include'
CYGPATH_W='echo'
DEBUG='-g'
DEFS='-DHAVE_CONFIG_H'
DEPDIR='.deps'
DLLTOOL='i686-w64-mingw32-dlltool'
DSYMUTIL=''
DUMPBIN=''
ECHO_C=''
ECHO_N='-n'
ECHO_T=''
EGREP='/bin/grep -E'
EXEEXT='.exe'
FGREP='/bin/grep -F'
GREP='/bin/grep'
HAVE_PKGCONFIG_FALSE='#'
HAVE_PKGCONFIG_TRUE=''
HAVE_SPEEX_FALSE='#'
HAVE_SPEEX_TRUE=''
HAVE_THEORA_FALSE='#'
HAVE_THEORA_TRUE=''
HAVE_THREAD_FALSE=''
HAVE_THREAD_TRUE='#'
HAVE_TLS_FALSE=''
HAVE_TLS_TRUE='#'
INSTALL_DATA='${INSTALL} -m 644'
INSTALL_PROGRAM='${INSTALL}'
INSTALL_SCRIPT='${INSTALL}'
INSTALL_STRIP_PROGRAM='$(install_sh) -c -s'
LD='i686-w64-mingw32-ld'
LDFLAGS=' -L/home/join/Desktop/vlc3.0/vlc/contrib/i686-w64-mingw32/lib '
LIBOBJS=''
LIBS=' -lwsock32'
LIBTOOL='$(SHELL) $(top_builddir)/libtool'
LIBTOOL_DEPS='./ltmain.sh'
LIPO=''
LN_S='ln -s'
LTLIBOBJS=''
LT_SYS_LIBRARY_PATH=''
MAINT='#'
MAINTAINER_MODE_FALSE=''
MAINTAINER_MODE_TRUE='#'
MAKEINFO='${SHELL} /home/join/Desktop/vlc3.0/vlc/contrib/win32/libshout/missing makeinfo'
MANIFEST_TOOL=':'
MKDIR_P='/bin/mkdir -p'
NM='/usr/bin/i686-w64-mingw32-nm -B'
NMEDIT=''
OBJDUMP='i686-w64-mingw32-objdump'
OBJEXT='o'
OGG_CFLAGS='-I/home/join/Desktop/vlc3.0/vlc/contrib/i686-w64-mingw32/include'
OGG_LIBS='-L/home/join/Desktop/vlc3.0/vlc/contrib/i686-w64-mingw32/lib -logg'
OPT=''
OTOOL64=''
OTOOL=''
PACKAGE='libshout'
PACKAGE_BUGREPORT='icecast-dev@xiph.org'
PACKAGE_NAME='libshout'
PACKAGE_STRING='libshout 2.4.1'
PACKAGE_TARNAME='libshout'
PACKAGE_URL=''
PACKAGE_VERSION='2.4.1'
PATH_SEPARATOR=':'
PKGCONFIG='yes'
PKG_CONFIG='/usr/bin/i686-w64-mingw32-pkg-config'
PKG_CONFIG_LIBDIR='/usr/i686-w64-mingw32/lib/pkgconfig'
PKG_CONFIG_PATH='/home/join/Desktop/vlc3.0/vlc/contrib/i686-w64-mingw32/lib/pkgconfig:/usr/share/pkgconfig'
PROFILE='-pg -g'
PTHREAD_CC=''
PTHREAD_CFLAGS=''
PTHREAD_CPPFLAGS=''
PTHREAD_LIBS=''
RANLIB='i686-w64-mingw32-ranlib'
SED='/bin/sed'
SET_MAKE=''
SHELL='/bin/bash'
SHOUT_CFLAGS=''
SHOUT_CPPFLAGS=' -I/home/join/Desktop/vlc3.0/vlc/contrib/i686-w64-mingw32/include'
SHOUT_LIBDEPS=' -L/home/join/Desktop/vlc3.0/vlc/contrib/i686-w64-mingw32/lib -lvorbis -ltheora -logg -lspeex -lm -lwsock32'
SHOUT_REQUIRES='ogg, vorbis, theora, speex'
SHOUT_THREADSAFE='0'
SHOUT_TLS='0'
SPEEX_CFLAGS='-I/home/join/Desktop/vlc3.0/vlc/contrib/i686-w64-mingw32/include'
SPEEX_LIBS='-L/home/join/Desktop/vlc3.0/vlc/contrib/i686-w64-mingw32/lib -lspeex -lm'
STRIP='i686-w64-mingw32-strip'
THEORA=''
THEORA_CFLAGS='-I/home/join/Desktop/vlc3.0/vlc/contrib/i686-w64-mingw32/include'
THEORA_LDFLAGS=''
THEORA_LIBS='-L/home/join/Desktop/vlc3.0/vlc/contrib/i686-w64-mingw32/lib -ltheora -logg'
VERSION='2.4.1'
VORBISENC_LIBS=''
VORBISFILE_LIBS=''
VORBIS_CFLAGS='-I/home/join/Desktop/vlc3.0/vlc/contrib/i686-w64-mingw32/include'
VORBIS_LIBS=' -L/home/join/Desktop/vlc3.0/vlc/contrib/i686-w64-mingw32/lib -lvorbis -lm -logg'
XIPH_CFLAGS='-Wall -ffast-math -fsigned-char -I/home/join/Desktop/vlc3.0/vlc/contrib/i686-w64-mingw32/include'
XIPH_CPPFLAGS=' -I/home/join/Desktop/vlc3.0/vlc/contrib/i686-w64-mingw32/include'
XIPH_LIBS=' -lspeex -lm  LDFLAGS -L/home/join/Desktop/vlc3.0/vlc/contrib/i686-w64-mingw32/lib -ltheora -logg '
ac_ct_AR=''
ac_ct_CC=''
ac_ct_DUMPBIN=''
acx_pthread_config=''
am__EXEEXT_FALSE='#'
am__EXEEXT_TRUE=''
am__fastdepCC_FALSE=''
am__fastdepCC_TRUE='#'
am__include='include'
am__isrc=''
am__leading_dot='.'
am__nodep=''
am__quote=''
am__tar='$${TAR-tar} chof - "$$tardir"'
am__untar='$${TAR-tar} xf -'
bindir='${exec_prefix}/bin'
build='x86_64-pc-linux-gnu'
build_alias='x86_64-linux-gnu'
build_cpu='x86_64'
build_os='linux-gnu'
build_vendor='pc'
datadir='${datarootdir}'
datarootdir='/home/join/Desktop/vlc3.0/vlc/contrib/i686-w64-mingw32/share'
docdir='${datarootdir}/doc/${PACKAGE_TARNAME}'
dvidir='${docdir}'
exec_prefix='${prefix}'
host='i686-w64-mingw32'
host_alias='i686-w64-mingw32'
host_cpu='i686'
host_os='mingw32'
host_vendor='w64'
htmldir='${docdir}'
includedir='/home/join/Desktop/vlc3.0/vlc/contrib/i686-w64-mingw32/include'
infodir='${datarootdir}/info'
install_sh='${SHELL} /home/join/Desktop/vlc3.0/vlc/contrib/win32/libshout/install-sh'
libdir='/home/join/Desktop/vlc3.0/vlc/contrib/i686-w64-mingw32/lib'
libexecdir='${exec_prefix}/libexec'
localedir='${datarootdir}/locale'
localstatedir='${prefix}/var'
mandir='${datarootdir}/man'
mkdir_p='$(MKDIR_P)'
oldincludedir='/usr/include'
pdfdir='${docdir}'
prefix='/home/join/Desktop/vlc3.0/vlc/contrib/i686-w64-mingw32'
program_transform_name='s&^&&'
psdir='${docdir}'
runstatedir='${localstatedir}/run'
sbindir='${exec_prefix}/sbin'
sharedstatedir='${prefix}/com'
sysconfdir='${prefix}/etc'
target_alias='i686-w64-mingw32'

## ----------- ##
## confdefs.h. ##
## ----------- ##

/* confdefs.h */
#define PACKAGE_NAME "libshout"
#define PACKAGE_TARNAME "libshout"
#define PACKAGE_VERSION "2.4.1"
#define PACKAGE_STRING "libshout 2.4.1"
#define PACKAGE_BUGREPORT "icecast-dev@xiph.org"
#define PACKAGE_URL ""
#define LIBSHOUT_MAJOR 2
#define LIBSHOUT_MINOR 4
#define LIBSHOUT_MICRO 1
#define PACKAGE "libshout"
#define VERSION "2.4.1"
#define STDC_HEADERS 1
#define HAVE_SYS_TYPES_H 1
#define HAVE_SYS_STAT_H 1
#define HAVE_STDLIB_H 1
#define HAVE_STRING_H 1
#define HAVE_MEMORY_H 1
#define HAVE_STRINGS_H 1
#define HAVE_INTTYPES_H 1
#define HAVE_STDINT_H 1
#define HAVE_UNISTD_H 1
#define LT_OBJDIR ".libs/"
#define _XOPEN_SOURCE 600
#define _GNU_SOURCE /**/
#define STDC_HEADERS 1
#define TIME_WITH_SYS_TIME 1
#define HAVE_STRINGS_H 1
#define HAVE_SYS_TIMEB_H 1
#define HAVE_INTTYPES_H 1
#define HAVE_C99_INTTYPES 1
#define HAVE_GETTIMEOFDAY 1
#define HAVE_FTIME 1
#define HAVE_WINSOCK2_H 1
#define NO_THREAD 1
#define HAVE_THEORA 1
#define HAVE_SPEEX 1

configure: exit 0
