This file contains any messages produced by compilers while
running configure, to aid debugging if configure makes a mistake.

It was created by libdvbpsi configure 1.3.1, which was
generated by GNU Autoconf 2.69.  Invocation command line was

  $ ./configure --prefix=/home/join/Desktop/vlc3.0/vlc/contrib/i686-w64-mingw32 --datarootdir=/home/join/Desktop/vlc3.0/vlc/contrib/i686-w64-mingw32/share --includedir=/home/join/Desktop/vlc3.0/vlc/contrib/i686-w64-mingw32/include --libdir=/home/join/Desktop/vlc3.0/vlc/contrib/i686-w64-mingw32/lib --build=x86_64-linux-gnu --host=i686-w64-mingw32 --target=i686-w64-mingw32 --program-prefix= --enable-static --disable-shared --disable-dependency-tracking --without-pic

## --------- ##
## Platform. ##
## --------- ##

hostname = join-virtual-machine
uname -m = x86_64
uname -r = 4.13.0-43-generic
uname -s = Linux
uname -v = #48~16.04.1-Ubuntu SMP Thu May 17 12:56:46 UTC 2018

/usr/bin/uname -p = unknown
/bin/uname -X     = unknown

/bin/arch              = unknown
/usr/bin/arch -k       = unknown
/usr/convex/getsysinfo = unknown
/usr/bin/hostinfo      = unknown
/bin/machine           = unknown
/usr/bin/oslevel       = unknown
/bin/universe          = unknown

PATH: /home/join/Desktop/vlc3.0/vlc/contrib/i686-w64-mingw32/bin
PATH: /home/join/Desktop/vlc3.0/vlc/extras/tools/build/bin
PATH: /usr/local/sbin
PATH: /usr/local/bin
PATH: /usr/sbin
PATH: /usr/bin
PATH: /sbin
PATH: /bin
PATH: /snap/bin


## ----------- ##
## Core tests. ##
## ----------- ##

configure:2255: checking build system type
configure:2269: result: x86_64-pc-linux-gnu
configure:2289: checking host system type
configure:2302: result: i686-w64-mingw32
configure:2322: checking target system type
configure:2335: result: i686-w64-mingw32
configure:2380: checking for a BSD-compatible install
configure:2448: result: /usr/bin/install -c
configure:2459: checking whether build environment is sane
configure:2514: result: yes
configure:2573: checking for i686-w64-mingw32-strip
configure:2600: result: i686-w64-mingw32-strip
configure:2665: checking for a thread-safe mkdir -p
configure:2704: result: /bin/mkdir -p
configure:2711: checking for gawk
configure:2741: result: no
configure:2711: checking for mawk
configure:2727: found /usr/bin/mawk
configure:2738: result: mawk
configure:2749: checking whether make sets $(MAKE)
configure:2771: result: yes
configure:2800: checking whether make supports nested variables
configure:2817: result: yes
configure:2955: checking for i686-w64-mingw32-gcc
configure:2982: result: i686-w64-mingw32-gcc
configure:3251: checking for C compiler version
configure:3260: i686-w64-mingw32-gcc --version >&5
i686-w64-mingw32-gcc (GCC) 5.3.1 20160211
Copyright (C) 2015 Free Software Foundation, Inc.
This is free software; see the source for copying conditions.  There is NO
warranty; not even for MERCHANTABILITY or FITNESS FOR A PARTICULAR PURPOSE.

configure:3271: $? = 0
configure:3260: i686-w64-mingw32-gcc -v >&5
Using built-in specs.
COLLECT_GCC=i686-w64-mingw32-gcc
COLLECT_LTO_WRAPPER=/usr/lib/gcc/i686-w64-mingw32/5.3-win32/lto-wrapper
Target: i686-w64-mingw32
Configured with: ../../src/configure --build=x86_64-linux-gnu --prefix=/usr --includedir='/usr/include' --mandir='/usr/share/man' --infodir='/usr/share/info' --sysconfdir=/etc --localstatedir=/var --disable-silent-rules --libexecdir='/usr/lib/gcc-mingw-w64' --disable-maintainer-mode --disable-dependency-tracking --prefix=/usr --enable-shared --enable-static --disable-multilib --with-system-zlib --libexecdir=/usr/lib --without-included-gettext --libdir=/usr/lib --enable-libstdcxx-time=yes --with-tune=generic --enable-version-specific-runtime-libs --enable-fully-dynamic-string --enable-libgomp --enable-languages=c,c++,fortran,objc,obj-c++ --enable-lto --with-plugin-ld --enable-threads=win32 --program-suffix=-win32 --program-prefix=i686-w64-mingw32- --target=i686-w64-mingw32 --with-as=/usr/bin/i686-w64-mingw32-as --with-ld=/usr/bin/i686-w64-mingw32-ld --disable-libatomic
Thread model: win32
gcc version 5.3.1 20160211 (GCC) 
configure:3271: $? = 0
configure:3260: i686-w64-mingw32-gcc -V >&5
i686-w64-mingw32-gcc: error: unrecognized command line option '-V'
i686-w64-mingw32-gcc: fatal error: no input files
compilation terminated.
configure:3271: $? = 1
configure:3260: i686-w64-mingw32-gcc -qversion >&5
i686-w64-mingw32-gcc: error: unrecognized command line option '-qversion'
i686-w64-mingw32-gcc: fatal error: no input files
compilation terminated.
configure:3271: $? = 1
configure:3291: checking whether the C compiler works
configure:3313: i686-w64-mingw32-gcc  -I/home/join/Desktop/vlc3.0/vlc/contrib/i686-w64-mingw32/include -g -O2  -I/home/join/Desktop/vlc3.0/vlc/contrib/i686-w64-mingw32/include  -L/home/join/Desktop/vlc3.0/vlc/contrib/i686-w64-mingw32/lib  conftest.c  >&5
configure:3317: $? = 0
configure:3365: result: yes
configure:3368: checking for C compiler default output file name
configure:3370: result: a.exe
configure:3376: checking for suffix of executables
configure:3383: i686-w64-mingw32-gcc -o conftest.exe  -I/home/join/Desktop/vlc3.0/vlc/contrib/i686-w64-mingw32/include -g -O2  -I/home/join/Desktop/vlc3.0/vlc/contrib/i686-w64-mingw32/include  -L/home/join/Desktop/vlc3.0/vlc/contrib/i686-w64-mingw32/lib  conftest.c  >&5
configure:3387: $? = 0
configure:3409: result: .exe
configure:3431: checking whether we are cross compiling
configure:3469: result: yes
configure:3474: checking for suffix of object files
configure:3496: i686-w64-mingw32-gcc -c  -I/home/join/Desktop/vlc3.0/vlc/contrib/i686-w64-mingw32/include -g -O2  -I/home/join/Desktop/vlc3.0/vlc/contrib/i686-w64-mingw32/include conftest.c >&5
configure:3500: $? = 0
configure:3521: result: o
configure:3525: checking whether we are using the GNU C compiler
configure:3544: i686-w64-mingw32-gcc -c  -I/home/join/Desktop/vlc3.0/vlc/contrib/i686-w64-mingw32/include -g -O2  -I/home/join/Desktop/vlc3.0/vlc/contrib/i686-w64-mingw32/include conftest.c >&5
configure:3544: $? = 0
configure:3553: result: yes
configure:3562: checking whether i686-w64-mingw32-gcc accepts -g
configure:3582: i686-w64-mingw32-gcc -c -g  -I/home/join/Desktop/vlc3.0/vlc/contrib/i686-w64-mingw32/include conftest.c >&5
configure:3582: $? = 0
configure:3623: result: yes
configure:3640: checking for i686-w64-mingw32-gcc option to accept ISO C89
configure:3703: i686-w64-mingw32-gcc  -c  -I/home/join/Desktop/vlc3.0/vlc/contrib/i686-w64-mingw32/include -g -O2  -I/home/join/Desktop/vlc3.0/vlc/contrib/i686-w64-mingw32/include conftest.c >&5
configure:3703: $? = 0
configure:3716: result: none needed
configure:3741: checking whether i686-w64-mingw32-gcc understands -c and -o together
configure:3763: i686-w64-mingw32-gcc -c conftest.c -o conftest2.o
configure:3766: $? = 0
configure:3763: i686-w64-mingw32-gcc -c conftest.c -o conftest2.o
configure:3766: $? = 0
configure:3778: result: yes
configure:3806: checking for style of include used by make
configure:3834: result: GNU
configure:3860: checking dependency style of i686-w64-mingw32-gcc
configure:3971: result: none
configure:3992: checking how to run the C preprocessor
configure:4023: i686-w64-mingw32-gcc -E  -I/home/join/Desktop/vlc3.0/vlc/contrib/i686-w64-mingw32/include conftest.c
configure:4023: $? = 0
configure:4037: i686-w64-mingw32-gcc -E  -I/home/join/Desktop/vlc3.0/vlc/contrib/i686-w64-mingw32/include conftest.c
conftest.c:11:28: fatal error: ac_nonexistent.h: No such file or directory
compilation terminated.
configure:4037: $? = 1
configure: failed program was:
| /* confdefs.h */
| #define PACKAGE_NAME "libdvbpsi"
| #define PACKAGE_TARNAME "libdvbpsi"
| #define PACKAGE_VERSION "1.3.1"
| #define PACKAGE_STRING "libdvbpsi 1.3.1"
| #define PACKAGE_BUGREPORT ""
| #define PACKAGE_URL ""
| #define PACKAGE "libdvbpsi"
| #define VERSION "1.3.1"
| /* end confdefs.h.  */
| #include <ac_nonexistent.h>
configure:4062: result: i686-w64-mingw32-gcc -E
configure:4082: i686-w64-mingw32-gcc -E  -I/home/join/Desktop/vlc3.0/vlc/contrib/i686-w64-mingw32/include conftest.c
configure:4082: $? = 0
configure:4096: i686-w64-mingw32-gcc -E  -I/home/join/Desktop/vlc3.0/vlc/contrib/i686-w64-mingw32/include conftest.c
conftest.c:11:28: fatal error: ac_nonexistent.h: No such file or directory
compilation terminated.
configure:4096: $? = 1
configure: failed program was:
| /* confdefs.h */
| #define PACKAGE_NAME "libdvbpsi"
| #define PACKAGE_TARNAME "libdvbpsi"
| #define PACKAGE_VERSION "1.3.1"
| #define PACKAGE_STRING "libdvbpsi 1.3.1"
| #define PACKAGE_BUGREPORT ""
| #define PACKAGE_URL ""
| #define PACKAGE "libdvbpsi"
| #define VERSION "1.3.1"
| /* end confdefs.h.  */
| #include <ac_nonexistent.h>
configure:4125: checking for grep that handles long lines and -e
configure:4183: result: /bin/grep
configure:4188: checking for egrep
configure:4250: result: /bin/grep -E
configure:4255: checking for ANSI C header files
configure:4275: i686-w64-mingw32-gcc -c  -I/home/join/Desktop/vlc3.0/vlc/contrib/i686-w64-mingw32/include -g -O2  -I/home/join/Desktop/vlc3.0/vlc/contrib/i686-w64-mingw32/include conftest.c >&5
configure:4275: $? = 0
configure:4359: result: yes
configure:4367: checking for inline
configure:4383: i686-w64-mingw32-gcc -c  -I/home/join/Desktop/vlc3.0/vlc/contrib/i686-w64-mingw32/include -g -O2  -I/home/join/Desktop/vlc3.0/vlc/contrib/i686-w64-mingw32/include conftest.c >&5
configure:4383: $? = 0
configure:4391: result: inline
configure:4419: checking for i686-w64-mingw32-as
configure:4435: found /usr/bin/i686-w64-mingw32-as
configure:4446: result: i686-w64-mingw32-as
configure:4511: checking for i686-w64-mingw32-dlltool
configure:4527: found /usr/bin/i686-w64-mingw32-dlltool
configure:4538: result: i686-w64-mingw32-dlltool
configure:4603: checking for i686-w64-mingw32-objdump
configure:4619: found /usr/bin/i686-w64-mingw32-objdump
configure:4630: result: i686-w64-mingw32-objdump
configure:4761: checking how to print strings
configure:4788: result: printf
configure:4809: checking for a sed that does not truncate output
configure:4873: result: /bin/sed
configure:4891: checking for fgrep
configure:4953: result: /bin/grep -F
configure:4988: checking for ld used by i686-w64-mingw32-gcc
configure:5055: result: i686-w64-mingw32-ld
configure:5062: checking if the linker (i686-w64-mingw32-ld) is GNU ld
configure:5077: result: yes
configure:5089: checking for BSD- or MS-compatible name lister (nm)
configure:5143: result: /usr/bin/i686-w64-mingw32-nm -B
configure:5273: checking the name lister (/usr/bin/i686-w64-mingw32-nm -B) interface
configure:5280: i686-w64-mingw32-gcc -c  -I/home/join/Desktop/vlc3.0/vlc/contrib/i686-w64-mingw32/include -g -O2  -I/home/join/Desktop/vlc3.0/vlc/contrib/i686-w64-mingw32/include conftest.c >&5
configure:5283: /usr/bin/i686-w64-mingw32-nm -B "conftest.o"
configure:5286: output
00000000 b .bss
00000000 d .data
00000000 N .debug_abbrev
00000000 N .debug_aranges
00000000 N .debug_info
00000000 N .debug_line
00000000 r .rdata$zzz
00000000 t .text
00000000 B _some_variable
configure:5293: result: BSD nm
configure:5296: checking whether ln -s works
configure:5300: result: yes
configure:5308: checking the maximum length of command line arguments
configure:5439: result: 1572864
configure:5487: checking how to convert x86_64-pc-linux-gnu file names to i686-w64-mingw32 format
configure:5527: result: func_convert_file_nix_to_w32
configure:5534: checking how to convert x86_64-pc-linux-gnu file names to toolchain format
configure:5554: result: func_convert_file_noop
configure:5561: checking for i686-w64-mingw32-ld option to reload object files
configure:5568: result: -r
configure:5602: checking for i686-w64-mingw32-objdump
configure:5629: result: i686-w64-mingw32-objdump
configure:5698: checking how to recognize dependent libraries
configure:5898: result: file_magic ^x86 archive import|^x86 DLL
configure:5943: checking for i686-w64-mingw32-dlltool
configure:5970: result: i686-w64-mingw32-dlltool
configure:6040: checking how to associate runtime and link libraries
configure:6067: result: func_cygming_dll_for_implib
configure:6083: checking for i686-w64-mingw32-ar
configure:6110: result: i686-w64-mingw32-ar
configure:6191: checking for archiver @FILE support
configure:6208: i686-w64-mingw32-gcc -c  -I/home/join/Desktop/vlc3.0/vlc/contrib/i686-w64-mingw32/include -g -O2  -I/home/join/Desktop/vlc3.0/vlc/contrib/i686-w64-mingw32/include conftest.c >&5
configure:6208: $? = 0
configure:6211: i686-w64-mingw32-ar cru libconftest.a @conftest.lst >&5
i686-w64-mingw32-ar: `u' modifier ignored since `D' is the default (see `U')
configure:6214: $? = 0
configure:6219: i686-w64-mingw32-ar cru libconftest.a @conftest.lst >&5
i686-w64-mingw32-ar: `u' modifier ignored since `D' is the default (see `U')
i686-w64-mingw32-ar: conftest.o: No such file or directory
configure:6222: $? = 1
configure:6234: result: @
configure:6252: checking for i686-w64-mingw32-strip
configure:6279: result: i686-w64-mingw32-strip
configure:6351: checking for i686-w64-mingw32-ranlib
configure:6378: result: i686-w64-mingw32-ranlib
configure:6520: checking command to parse /usr/bin/i686-w64-mingw32-nm -B output from i686-w64-mingw32-gcc object
configure:6673: i686-w64-mingw32-gcc -c  -I/home/join/Desktop/vlc3.0/vlc/contrib/i686-w64-mingw32/include -g -O2  -I/home/join/Desktop/vlc3.0/vlc/contrib/i686-w64-mingw32/include conftest.c >&5
configure:6676: $? = 0
configure:6680: /usr/bin/i686-w64-mingw32-nm -B conftest.o \| sed -n -e 's/^.*[ ]\([ABCDGIRSTW][ABCDGIRSTW]*\)[ ][ ]*\([_A-Za-z][_A-Za-z0-9]*\)$/\1 \2 \2/p' | sed '/ __gnu_lto/d' \> conftest.nm
configure:6683: $? = 0
cannot find nm_test_var in conftest.nm
configure:6673: i686-w64-mingw32-gcc -c  -I/home/join/Desktop/vlc3.0/vlc/contrib/i686-w64-mingw32/include -g -O2  -I/home/join/Desktop/vlc3.0/vlc/contrib/i686-w64-mingw32/include conftest.c >&5
configure:6676: $? = 0
configure:6680: /usr/bin/i686-w64-mingw32-nm -B conftest.o \| sed -n -e 's/^.*[ ]\([ABCDGIRSTW][ABCDGIRSTW]*\)[ ][ ]*_\([_A-Za-z][_A-Za-z0-9]*\)$/\1 _\2 \2/p' | sed '/ __gnu_lto/d' \> conftest.nm
configure:6683: $? = 0
configure:6749: i686-w64-mingw32-gcc -o conftest.exe  -I/home/join/Desktop/vlc3.0/vlc/contrib/i686-w64-mingw32/include -g -O2  -I/home/join/Desktop/vlc3.0/vlc/contrib/i686-w64-mingw32/include  -L/home/join/Desktop/vlc3.0/vlc/contrib/i686-w64-mingw32/lib  conftest.c conftstm.o >&5
configure:6752: $? = 0
configure:6790: result: ok
configure:6837: checking for sysroot
configure:6867: result: no
configure:6874: checking for a working dd
configure:6912: result: /bin/dd
configure:6916: checking how to truncate binary pipes
configure:6931: result: /bin/dd bs=4096 count=1
configure:7220: checking for i686-w64-mingw32-mt
configure:7250: result: no
configure:7260: checking for mt
configure:7276: found /bin/mt
configure:7287: result: mt
configure:7299: WARNING: using cross tools not prefixed with host triplet
configure:7310: checking if mt is a manifest tool
configure:7316: mt '-?'
configure:7324: result: no
configure:8001: checking for sys/types.h
configure:8001: i686-w64-mingw32-gcc -c  -I/home/join/Desktop/vlc3.0/vlc/contrib/i686-w64-mingw32/include -g -O2  -I/home/join/Desktop/vlc3.0/vlc/contrib/i686-w64-mingw32/include conftest.c >&5
configure:8001: $? = 0
configure:8001: result: yes
configure:8001: checking for sys/stat.h
configure:8001: i686-w64-mingw32-gcc -c  -I/home/join/Desktop/vlc3.0/vlc/contrib/i686-w64-mingw32/include -g -O2  -I/home/join/Desktop/vlc3.0/vlc/contrib/i686-w64-mingw32/include conftest.c >&5
configure:8001: $? = 0
configure:8001: result: yes
configure:8001: checking for stdlib.h
configure:8001: i686-w64-mingw32-gcc -c  -I/home/join/Desktop/vlc3.0/vlc/contrib/i686-w64-mingw32/include -g -O2  -I/home/join/Desktop/vlc3.0/vlc/contrib/i686-w64-mingw32/include conftest.c >&5
configure:8001: $? = 0
configure:8001: result: yes
configure:8001: checking for string.h
configure:8001: i686-w64-mingw32-gcc -c  -I/home/join/Desktop/vlc3.0/vlc/contrib/i686-w64-mingw32/include -g -O2  -I/home/join/Desktop/vlc3.0/vlc/contrib/i686-w64-mingw32/include conftest.c >&5
configure:8001: $? = 0
configure:8001: result: yes
configure:8001: checking for memory.h
configure:8001: i686-w64-mingw32-gcc -c  -I/home/join/Desktop/vlc3.0/vlc/contrib/i686-w64-mingw32/include -g -O2  -I/home/join/Desktop/vlc3.0/vlc/contrib/i686-w64-mingw32/include conftest.c >&5
configure:8001: $? = 0
configure:8001: result: yes
configure:8001: checking for strings.h
configure:8001: i686-w64-mingw32-gcc -c  -I/home/join/Desktop/vlc3.0/vlc/contrib/i686-w64-mingw32/include -g -O2  -I/home/join/Desktop/vlc3.0/vlc/contrib/i686-w64-mingw32/include conftest.c >&5
configure:8001: $? = 0
configure:8001: result: yes
configure:8001: checking for inttypes.h
configure:8001: i686-w64-mingw32-gcc -c  -I/home/join/Desktop/vlc3.0/vlc/contrib/i686-w64-mingw32/include -g -O2  -I/home/join/Desktop/vlc3.0/vlc/contrib/i686-w64-mingw32/include conftest.c >&5
configure:8001: $? = 0
configure:8001: result: yes
configure:8001: checking for stdint.h
configure:8001: i686-w64-mingw32-gcc -c  -I/home/join/Desktop/vlc3.0/vlc/contrib/i686-w64-mingw32/include -g -O2  -I/home/join/Desktop/vlc3.0/vlc/contrib/i686-w64-mingw32/include conftest.c >&5
configure:8001: $? = 0
configure:8001: result: yes
configure:8001: checking for unistd.h
configure:8001: i686-w64-mingw32-gcc -c  -I/home/join/Desktop/vlc3.0/vlc/contrib/i686-w64-mingw32/include -g -O2  -I/home/join/Desktop/vlc3.0/vlc/contrib/i686-w64-mingw32/include conftest.c >&5
configure:8001: $? = 0
configure:8001: result: yes
configure:8015: checking for dlfcn.h
configure:8015: i686-w64-mingw32-gcc -c  -I/home/join/Desktop/vlc3.0/vlc/contrib/i686-w64-mingw32/include -g -O2  -I/home/join/Desktop/vlc3.0/vlc/contrib/i686-w64-mingw32/include conftest.c >&5
conftest.c:55:19: fatal error: dlfcn.h: No such file or directory
compilation terminated.
configure:8015: $? = 1
configure: failed program was:
| /* confdefs.h */
| #define PACKAGE_NAME "libdvbpsi"
| #define PACKAGE_TARNAME "libdvbpsi"
| #define PACKAGE_VERSION "1.3.1"
| #define PACKAGE_STRING "libdvbpsi 1.3.1"
| #define PACKAGE_BUGREPORT ""
| #define PACKAGE_URL ""
| #define PACKAGE "libdvbpsi"
| #define VERSION "1.3.1"
| #define STDC_HEADERS 1
| #define HAVE_SYS_TYPES_H 1
| #define HAVE_SYS_STAT_H 1
| #define HAVE_STDLIB_H 1
| #define HAVE_STRING_H 1
| #define HAVE_MEMORY_H 1
| #define HAVE_STRINGS_H 1
| #define HAVE_INTTYPES_H 1
| #define HAVE_STDINT_H 1
| #define HAVE_UNISTD_H 1
| /* end confdefs.h.  */
| #include <stdio.h>
| #ifdef HAVE_SYS_TYPES_H
| # include <sys/types.h>
| #endif
| #ifdef HAVE_SYS_STAT_H
| # include <sys/stat.h>
| #endif
| #ifdef STDC_HEADERS
| # include <stdlib.h>
| # include <stddef.h>
| #else
| # ifdef HAVE_STDLIB_H
| #  include <stdlib.h>
| # endif
| #endif
| #ifdef HAVE_STRING_H
| # if !defined STDC_HEADERS && defined HAVE_MEMORY_H
| #  include <memory.h>
| # endif
| # include <string.h>
| #endif
| #ifdef HAVE_STRINGS_H
| # include <strings.h>
| #endif
| #ifdef HAVE_INTTYPES_H
| # include <inttypes.h>
| #endif
| #ifdef HAVE_STDINT_H
| # include <stdint.h>
| #endif
| #ifdef HAVE_UNISTD_H
| # include <unistd.h>
| #endif
| 
| #include <dlfcn.h>
configure:8015: result: no
configure:8269: checking for objdir
configure:8284: result: .libs
configure:8548: checking if i686-w64-mingw32-gcc supports -fno-rtti -fno-exceptions
configure:8566: i686-w64-mingw32-gcc -c  -I/home/join/Desktop/vlc3.0/vlc/contrib/i686-w64-mingw32/include -g -O2  -I/home/join/Desktop/vlc3.0/vlc/contrib/i686-w64-mingw32/include -fno-rtti -fno-exceptions conftest.c >&5
cc1: warning: command line option '-fno-rtti' is valid for C++/ObjC++ but not for C
configure:8570: $? = 0
configure:8583: result: no
configure:8941: checking for i686-w64-mingw32-gcc option to produce PIC
configure:8948: result: -DDLL_EXPORT -DPIC
configure:8956: checking if i686-w64-mingw32-gcc PIC flag -DDLL_EXPORT -DPIC works
configure:8974: i686-w64-mingw32-gcc -c  -I/home/join/Desktop/vlc3.0/vlc/contrib/i686-w64-mingw32/include -g -O2  -I/home/join/Desktop/vlc3.0/vlc/contrib/i686-w64-mingw32/include -DDLL_EXPORT -DPIC -DPIC conftest.c >&5
configure:8978: $? = 0
configure:8991: result: yes
configure:9020: checking if i686-w64-mingw32-gcc static flag -static works
configure:9048: result: yes
configure:9063: checking if i686-w64-mingw32-gcc supports -c -o file.o
configure:9084: i686-w64-mingw32-gcc -c  -I/home/join/Desktop/vlc3.0/vlc/contrib/i686-w64-mingw32/include -g -O2  -I/home/join/Desktop/vlc3.0/vlc/contrib/i686-w64-mingw32/include -o out/conftest2.o conftest.c >&5
configure:9088: $? = 0
configure:9110: result: yes
configure:9118: checking if i686-w64-mingw32-gcc supports -c -o file.o
configure:9165: result: yes
configure:9198: checking whether the i686-w64-mingw32-gcc linker (i686-w64-mingw32-ld) supports shared libraries
configure:10457: result: yes
configure:10697: checking dynamic linker characteristics
configure:11518: result: Win32 ld.exe
configure:11640: checking how to hardcode library paths into programs
configure:11665: result: immediate
configure:12213: checking whether stripping libraries is possible
configure:12218: result: yes
configure:12253: checking if libtool supports shared libraries
configure:12255: result: yes
configure:12258: checking whether to build shared libraries
configure:12283: result: no
configure:12286: checking whether to build static libraries
configure:12290: result: yes
configure:12403: checking stdbool.h usability
configure:12403: i686-w64-mingw32-gcc -c  -I/home/join/Desktop/vlc3.0/vlc/contrib/i686-w64-mingw32/include -g -O2 -Wall -std=gnu99 -D_GNU_SOURCE -Wpointer-arith -Wcast-align -Wstrict-prototypes -Wshadow -Waggregate-return -Wmissing-prototypes -Wnested-externs -Wsign-compare -Wno-cast-qual -DDVBPSI_DIST  -I/home/join/Desktop/vlc3.0/vlc/contrib/i686-w64-mingw32/include conftest.c >&5
configure:12403: $? = 0
configure:12403: result: yes
configure:12403: checking stdbool.h presence
configure:12403: i686-w64-mingw32-gcc -E  -I/home/join/Desktop/vlc3.0/vlc/contrib/i686-w64-mingw32/include conftest.c
configure:12403: $? = 0
configure:12403: result: yes
configure:12403: checking for stdbool.h
configure:12403: result: yes
configure:12403: checking for stdint.h
configure:12403: result: yes
configure:12403: checking for inttypes.h
configure:12403: result: yes
configure:12403: checking getopt.h usability
configure:12403: i686-w64-mingw32-gcc -c  -I/home/join/Desktop/vlc3.0/vlc/contrib/i686-w64-mingw32/include -g -O2 -Wall -std=gnu99 -D_GNU_SOURCE -Wpointer-arith -Wcast-align -Wstrict-prototypes -Wshadow -Waggregate-return -Wmissing-prototypes -Wnested-externs -Wsign-compare -Wno-cast-qual -DDVBPSI_DIST  -I/home/join/Desktop/vlc3.0/vlc/contrib/i686-w64-mingw32/include conftest.c >&5
configure:12403: $? = 0
configure:12403: result: yes
configure:12403: checking getopt.h presence
configure:12403: i686-w64-mingw32-gcc -E  -I/home/join/Desktop/vlc3.0/vlc/contrib/i686-w64-mingw32/include conftest.c
configure:12403: $? = 0
configure:12403: result: yes
configure:12403: checking for getopt.h
configure:12403: result: yes
configure:12403: checking for strings.h
configure:12403: result: yes
configure:12403: checking sys/time.h usability
configure:12403: i686-w64-mingw32-gcc -c  -I/home/join/Desktop/vlc3.0/vlc/contrib/i686-w64-mingw32/include -g -O2 -Wall -std=gnu99 -D_GNU_SOURCE -Wpointer-arith -Wcast-align -Wstrict-prototypes -Wshadow -Waggregate-return -Wmissing-prototypes -Wnested-externs -Wsign-compare -Wno-cast-qual -DDVBPSI_DIST  -I/home/join/Desktop/vlc3.0/vlc/contrib/i686-w64-mingw32/include conftest.c >&5
configure:12403: $? = 0
configure:12403: result: yes
configure:12403: checking sys/time.h presence
configure:12403: i686-w64-mingw32-gcc -E  -I/home/join/Desktop/vlc3.0/vlc/contrib/i686-w64-mingw32/include conftest.c
configure:12403: $? = 0
configure:12403: result: yes
configure:12403: checking for sys/time.h
configure:12403: result: yes
configure:12416: checking sys/socket.h usability
configure:12416: i686-w64-mingw32-gcc -c  -I/home/join/Desktop/vlc3.0/vlc/contrib/i686-w64-mingw32/include -g -O2 -Wall -std=gnu99 -D_GNU_SOURCE -Wpointer-arith -Wcast-align -Wstrict-prototypes -Wshadow -Waggregate-return -Wmissing-prototypes -Wnested-externs -Wsign-compare -Wno-cast-qual -DDVBPSI_DIST  -I/home/join/Desktop/vlc3.0/vlc/contrib/i686-w64-mingw32/include conftest.c >&5
conftest.c:62:24: fatal error: sys/socket.h: No such file or directory
compilation terminated.
configure:12416: $? = 1
configure: failed program was:
| /* confdefs.h */
| #define PACKAGE_NAME "libdvbpsi"
| #define PACKAGE_TARNAME "libdvbpsi"
| #define PACKAGE_VERSION "1.3.1"
| #define PACKAGE_STRING "libdvbpsi 1.3.1"
| #define PACKAGE_BUGREPORT ""
| #define PACKAGE_URL ""
| #define PACKAGE "libdvbpsi"
| #define VERSION "1.3.1"
| #define STDC_HEADERS 1
| #define HAVE_SYS_TYPES_H 1
| #define HAVE_SYS_STAT_H 1
| #define HAVE_STDLIB_H 1
| #define HAVE_STRING_H 1
| #define HAVE_MEMORY_H 1
| #define HAVE_STRINGS_H 1
| #define HAVE_INTTYPES_H 1
| #define HAVE_STDINT_H 1
| #define HAVE_UNISTD_H 1
| #define LT_OBJDIR ".libs/"
| #define WIN32 1
| #define HAVE_STDBOOL_H 1
| #define HAVE_STDINT_H 1
| #define HAVE_INTTYPES_H 1
| #define HAVE_GETOPT_H 1
| #define HAVE_STRINGS_H 1
| #define HAVE_SYS_TIME_H 1
| /* end confdefs.h.  */
| #include <stdio.h>
| #ifdef HAVE_SYS_TYPES_H
| # include <sys/types.h>
| #endif
| #ifdef HAVE_SYS_STAT_H
| # include <sys/stat.h>
| #endif
| #ifdef STDC_HEADERS
| # include <stdlib.h>
| # include <stddef.h>
| #else
| # ifdef HAVE_STDLIB_H
| #  include <stdlib.h>
| # endif
| #endif
| #ifdef HAVE_STRING_H
| # if !defined STDC_HEADERS && defined HAVE_MEMORY_H
| #  include <memory.h>
| # endif
| # include <string.h>
| #endif
| #ifdef HAVE_STRINGS_H
| # include <strings.h>
| #endif
| #ifdef HAVE_INTTYPES_H
| # include <inttypes.h>
| #endif
| #ifdef HAVE_STDINT_H
| # include <stdint.h>
| #endif
| #ifdef HAVE_UNISTD_H
| # include <unistd.h>
| #endif
| #include <sys/socket.h>
configure:12416: result: no
configure:12416: checking sys/socket.h presence
configure:12416: i686-w64-mingw32-gcc -E  -I/home/join/Desktop/vlc3.0/vlc/contrib/i686-w64-mingw32/include conftest.c
conftest.c:29:24: fatal error: sys/socket.h: No such file or directory
compilation terminated.
configure:12416: $? = 1
configure: failed program was:
| /* confdefs.h */
| #define PACKAGE_NAME "libdvbpsi"
| #define PACKAGE_TARNAME "libdvbpsi"
| #define PACKAGE_VERSION "1.3.1"
| #define PACKAGE_STRING "libdvbpsi 1.3.1"
| #define PACKAGE_BUGREPORT ""
| #define PACKAGE_URL ""
| #define PACKAGE "libdvbpsi"
| #define VERSION "1.3.1"
| #define STDC_HEADERS 1
| #define HAVE_SYS_TYPES_H 1
| #define HAVE_SYS_STAT_H 1
| #define HAVE_STDLIB_H 1
| #define HAVE_STRING_H 1
| #define HAVE_MEMORY_H 1
| #define HAVE_STRINGS_H 1
| #define HAVE_INTTYPES_H 1
| #define HAVE_STDINT_H 1
| #define HAVE_UNISTD_H 1
| #define LT_OBJDIR ".libs/"
| #define WIN32 1
| #define HAVE_STDBOOL_H 1
| #define HAVE_STDINT_H 1
| #define HAVE_INTTYPES_H 1
| #define HAVE_GETOPT_H 1
| #define HAVE_STRINGS_H 1
| #define HAVE_SYS_TIME_H 1
| /* end confdefs.h.  */
| #include <sys/socket.h>
configure:12416: result: no
configure:12416: checking for sys/socket.h
configure:12416: result: no
configure:12437: checking for net/if.h
configure:12437: i686-w64-mingw32-gcc -c  -I/home/join/Desktop/vlc3.0/vlc/contrib/i686-w64-mingw32/include -g -O2 -Wall -std=gnu99 -D_GNU_SOURCE -Wpointer-arith -Wcast-align -Wstrict-prototypes -Wshadow -Waggregate-return -Wmissing-prototypes -Wnested-externs -Wsign-compare -Wno-cast-qual -DDVBPSI_DIST  -I/home/join/Desktop/vlc3.0/vlc/contrib/i686-w64-mingw32/include conftest.c >&5
conftest.c:31:28: fatal error: sys/socket.h: No such file or directory
compilation terminated.
configure:12437: $? = 1
configure: failed program was:
| /* confdefs.h */
| #define PACKAGE_NAME "libdvbpsi"
| #define PACKAGE_TARNAME "libdvbpsi"
| #define PACKAGE_VERSION "1.3.1"
| #define PACKAGE_STRING "libdvbpsi 1.3.1"
| #define PACKAGE_BUGREPORT ""
| #define PACKAGE_URL ""
| #define PACKAGE "libdvbpsi"
| #define VERSION "1.3.1"
| #define STDC_HEADERS 1
| #define HAVE_SYS_TYPES_H 1
| #define HAVE_SYS_STAT_H 1
| #define HAVE_STDLIB_H 1
| #define HAVE_STRING_H 1
| #define HAVE_MEMORY_H 1
| #define HAVE_STRINGS_H 1
| #define HAVE_INTTYPES_H 1
| #define HAVE_STDINT_H 1
| #define HAVE_UNISTD_H 1
| #define LT_OBJDIR ".libs/"
| #define WIN32 1
| #define HAVE_STDBOOL_H 1
| #define HAVE_STDINT_H 1
| #define HAVE_INTTYPES_H 1
| #define HAVE_GETOPT_H 1
| #define HAVE_STRINGS_H 1
| #define HAVE_SYS_TIME_H 1
| /* end confdefs.h.  */
| 
|     #include <sys/types.h>
|     #include <sys/socket.h>
| 
| 
| #include <net/if.h>
configure:12437: result: no
configure:12452: checking for variadic cpp macros
configure:12469: i686-w64-mingw32-gcc -c  -I/home/join/Desktop/vlc3.0/vlc/contrib/i686-w64-mingw32/include -g -O2 -Wall -std=gnu99 -D_GNU_SOURCE -Wpointer-arith -Wcast-align -Wstrict-prototypes -Wshadow -Waggregate-return -Wmissing-prototypes -Wnested-externs -Wsign-compare -Wno-cast-qual -DDVBPSI_DIST  -I/home/join/Desktop/vlc3.0/vlc/contrib/i686-w64-mingw32/include conftest.c >&5
conftest.c:32:1: warning: function declaration isn't a prototype [-Wstrict-prototypes]
 main ()
 ^
configure:12469: $? = 0
configure:12476: result: yes
configure:12484: checking for asprintf()
configure:12503: i686-w64-mingw32-gcc -c  -I/home/join/Desktop/vlc3.0/vlc/contrib/i686-w64-mingw32/include -g -O2 -Wall -std=gnu99 -D_GNU_SOURCE -Wpointer-arith -Wcast-align -Wstrict-prototypes -Wshadow -Waggregate-return -Wmissing-prototypes -Wnested-externs -Wsign-compare -Wno-cast-qual -DDVBPSI_DIST  -I/home/join/Desktop/vlc3.0/vlc/contrib/i686-w64-mingw32/include conftest.c >&5
configure:12503: $? = 0
configure:12510: result: yes
configure:12629: checking that generated files are newer than configure
configure:12635: result: done
configure:12662: creating ./config.status

## ---------------------- ##
## Running config.status. ##
## ---------------------- ##

This file was extended by libdvbpsi config.status 1.3.1, which was
generated by GNU Autoconf 2.69.  Invocation command line was

  CONFIG_FILES    = 
  CONFIG_HEADERS  = 
  CONFIG_LINKS    = 
  CONFIG_COMMANDS = 
  $ ./config.status 

on join-virtual-machine

config.status:1121: creating Makefile
config.status:1121: creating src/Makefile
config.status:1121: creating examples/Makefile
config.status:1121: creating examples/dvbinfo/Makefile
config.status:1121: creating misc/Makefile
config.status:1121: creating doc/Makefile
config.status:1121: creating wince/Makefile
config.status:1121: creating libdvbpsi.pc
config.status:1121: creating libdvbpsi.spec
config.status:1121: creating config.h
config.status:1302: config.h is unchanged
config.status:1350: executing depfiles commands
config.status:1350: executing libtool commands

## ---------------- ##
## Cache variables. ##
## ---------------- ##

ac_cv_asprintf=yes
ac_cv_build=x86_64-pc-linux-gnu
ac_cv_c_compiler_gnu=yes
ac_cv_c_inline=inline
ac_cv_cpp_variadic_macros=yes
ac_cv_env_CC_set=set
ac_cv_env_CC_value=i686-w64-mingw32-gcc
ac_cv_env_CFLAGS_set=set
ac_cv_env_CFLAGS_value=' -I/home/join/Desktop/vlc3.0/vlc/contrib/i686-w64-mingw32/include -g -O2'
ac_cv_env_CPPFLAGS_set=set
ac_cv_env_CPPFLAGS_value=' -I/home/join/Desktop/vlc3.0/vlc/contrib/i686-w64-mingw32/include'
ac_cv_env_CPP_set=
ac_cv_env_CPP_value=
ac_cv_env_LDFLAGS_set=set
ac_cv_env_LDFLAGS_value=' -L/home/join/Desktop/vlc3.0/vlc/contrib/i686-w64-mingw32/lib '
ac_cv_env_LIBS_set=
ac_cv_env_LIBS_value=
ac_cv_env_LT_SYS_LIBRARY_PATH_set=
ac_cv_env_LT_SYS_LIBRARY_PATH_value=
ac_cv_env_build_alias_set=set
ac_cv_env_build_alias_value=x86_64-linux-gnu
ac_cv_env_host_alias_set=set
ac_cv_env_host_alias_value=i686-w64-mingw32
ac_cv_env_target_alias_set=set
ac_cv_env_target_alias_value=i686-w64-mingw32
ac_cv_exeext=.exe
ac_cv_header_dlfcn_h=no
ac_cv_header_getopt_h=yes
ac_cv_header_inttypes_h=yes
ac_cv_header_memory_h=yes
ac_cv_header_net_if_h=no
ac_cv_header_stdbool_h=yes
ac_cv_header_stdc=yes
ac_cv_header_stdint_h=yes
ac_cv_header_stdlib_h=yes
ac_cv_header_string_h=yes
ac_cv_header_strings_h=yes
ac_cv_header_sys_socket_h=no
ac_cv_header_sys_stat_h=yes
ac_cv_header_sys_time_h=yes
ac_cv_header_sys_types_h=yes
ac_cv_header_unistd_h=yes
ac_cv_host=i686-w64-mingw32
ac_cv_objext=o
ac_cv_path_EGREP='/bin/grep -E'
ac_cv_path_FGREP='/bin/grep -F'
ac_cv_path_GREP=/bin/grep
ac_cv_path_SED=/bin/sed
ac_cv_path_install='/usr/bin/install -c'
ac_cv_path_lt_DD=/bin/dd
ac_cv_path_mkdir=/bin/mkdir
ac_cv_prog_AR=i686-w64-mingw32-ar
ac_cv_prog_AS=i686-w64-mingw32-as
ac_cv_prog_AWK=mawk
ac_cv_prog_CC=i686-w64-mingw32-gcc
ac_cv_prog_CPP='i686-w64-mingw32-gcc -E'
ac_cv_prog_DLLTOOL=i686-w64-mingw32-dlltool
ac_cv_prog_OBJDUMP=i686-w64-mingw32-objdump
ac_cv_prog_RANLIB=i686-w64-mingw32-ranlib
ac_cv_prog_STRIP=i686-w64-mingw32-strip
ac_cv_prog_ac_ct_MANIFEST_TOOL=mt
ac_cv_prog_cc_c89=
ac_cv_prog_cc_g=yes
ac_cv_prog_make_make_set=yes
ac_cv_target=i686-w64-mingw32
am_cv_CC_dependencies_compiler_type=none
am_cv_make_support_nested_variables=yes
am_cv_prog_cc_c_o=yes
lt_cv_ar_at_file=@
lt_cv_deplibs_check_method='file_magic ^x86 archive import|^x86 DLL'
lt_cv_file_magic_cmd=func_win32_libid
lt_cv_file_magic_test_file=
lt_cv_ld_reload_flag=-r
lt_cv_nm_interface='BSD nm'
lt_cv_objdir=.libs
lt_cv_path_LD=i686-w64-mingw32-ld
lt_cv_path_NM='/usr/bin/i686-w64-mingw32-nm -B'
lt_cv_path_mainfest_tool=no
lt_cv_prog_compiler_c_o=yes
lt_cv_prog_compiler_pic='-DDLL_EXPORT -DPIC'
lt_cv_prog_compiler_pic_works=yes
lt_cv_prog_compiler_rtti_exceptions=no
lt_cv_prog_compiler_static_works=yes
lt_cv_prog_gnu_ld=yes
lt_cv_sharedlib_from_linklib_cmd=func_cygming_dll_for_implib
lt_cv_sys_global_symbol_pipe='sed -n -e '\''s/^.*[	 ]\([ABCDGIRSTW][ABCDGIRSTW]*\)[	 ][	 ]*_\([_A-Za-z][_A-Za-z0-9]*\)$/\1 _\2 \2/p'\'' | sed '\''/ __gnu_lto/d'\'''
lt_cv_sys_global_symbol_to_c_name_address='sed -n -e '\''s/^: \(.*\) .*$/  {"\1", (void *) 0},/p'\'' -e '\''s/^[ABCDGIRSTW][ABCDGIRSTW]* .* \(.*\)$/  {"\1", (void *) \&\1},/p'\'''
lt_cv_sys_global_symbol_to_c_name_address_lib_prefix='sed -n -e '\''s/^: \(.*\) .*$/  {"\1", (void *) 0},/p'\'' -e '\''s/^[ABCDGIRSTW][ABCDGIRSTW]* .* \(lib.*\)$/  {"\1", (void *) \&\1},/p'\'' -e '\''s/^[ABCDGIRSTW][ABCDGIRSTW]* .* \(.*\)$/  {"lib\1", (void *) \&\1},/p'\'''
lt_cv_sys_global_symbol_to_cdecl='sed -n -e '\''s/^T .* \(.*\)$/extern int \1();/p'\'' -e '\''s/^[ABCDGIRSTW][ABCDGIRSTW]* .* \(.*\)$/extern char \1;/p'\'''
lt_cv_sys_global_symbol_to_import=
lt_cv_sys_max_cmd_len=1572864
lt_cv_to_host_file_cmd=func_convert_file_nix_to_w32
lt_cv_to_tool_file_cmd=func_convert_file_noop
lt_cv_truncate_bin='/bin/dd bs=4096 count=1'

## ----------------- ##
## Output variables. ##
## ----------------- ##

ACLOCAL='${SHELL} /home/join/Desktop/vlc3.0/vlc/contrib/win32/libdvbpsi/.auto/missing aclocal-1.15'
AMDEPBACKSLASH=''
AMDEP_FALSE=''
AMDEP_TRUE='#'
AMTAR='$${TAR-tar}'
AM_BACKSLASH='\'
AM_DEFAULT_V='$(AM_DEFAULT_VERBOSITY)'
AM_DEFAULT_VERBOSITY='1'
AM_V='$(V)'
AR='i686-w64-mingw32-ar'
AS='i686-w64-mingw32-as'
AUTOCONF='${SHELL} /home/join/Desktop/vlc3.0/vlc/contrib/win32/libdvbpsi/.auto/missing autoconf'
AUTOHEADER='${SHELL} /home/join/Desktop/vlc3.0/vlc/contrib/win32/libdvbpsi/.auto/missing autoheader'
AUTOMAKE='${SHELL} /home/join/Desktop/vlc3.0/vlc/contrib/win32/libdvbpsi/.auto/missing automake-1.15'
AWK='mawk'
CC='i686-w64-mingw32-gcc'
CCDEPMODE='depmode=none'
CFLAGS=' -I/home/join/Desktop/vlc3.0/vlc/contrib/i686-w64-mingw32/include -g -O2 -Wall -std=gnu99 -D_GNU_SOURCE -Wpointer-arith -Wcast-align -Wstrict-prototypes -Wshadow -Waggregate-return -Wmissing-prototypes -Wnested-externs -Wsign-compare -Wno-cast-qual -DDVBPSI_DIST'
CPP='i686-w64-mingw32-gcc -E'
CPPFLAGS=' -I/home/join/Desktop/vlc3.0/vlc/contrib/i686-w64-mingw32/include'
CYGPATH_W='echo'
DEFS='-DHAVE_CONFIG_H'
DEPDIR='.deps'
DLLTOOL='i686-w64-mingw32-dlltool'
DSYMUTIL=''
DUMPBIN=''
ECHO_C=''
ECHO_N='-n'
ECHO_T=''
EGREP='/bin/grep -E'
EXEEXT='.exe'
FGREP='/bin/grep -F'
GREP='/bin/grep'
HAVE_SYS_SOCKET_H_FALSE=''
HAVE_SYS_SOCKET_H_TRUE='#'
INSTALL_DATA='${INSTALL} -m 644'
INSTALL_PROGRAM='${INSTALL}'
INSTALL_SCRIPT='${INSTALL}'
INSTALL_STRIP_PROGRAM='$(install_sh) -c -s'
LD='i686-w64-mingw32-ld'
LDFLAGS=' -L/home/join/Desktop/vlc3.0/vlc/contrib/i686-w64-mingw32/lib '
LIBOBJS=''
LIBS=''
LIBTOOL='$(SHELL) $(top_builddir)/libtool'
LIPO=''
LN_S='ln -s'
LTLIBOBJS=''
LT_SYS_LIBRARY_PATH=''
MAKEINFO='${SHELL} /home/join/Desktop/vlc3.0/vlc/contrib/win32/libdvbpsi/.auto/missing makeinfo'
MANIFEST_TOOL=':'
MKDIR_P='/bin/mkdir -p'
NM='/usr/bin/i686-w64-mingw32-nm -B'
NMEDIT=''
OBJDUMP='i686-w64-mingw32-objdump'
OBJEXT='o'
OTOOL64=''
OTOOL=''
PACKAGE='libdvbpsi'
PACKAGE_BUGREPORT=''
PACKAGE_NAME='libdvbpsi'
PACKAGE_STRING='libdvbpsi 1.3.1'
PACKAGE_TARNAME='libdvbpsi'
PACKAGE_URL=''
PACKAGE_VERSION='1.3.1'
PATH_SEPARATOR=':'
RANLIB='i686-w64-mingw32-ranlib'
SED='/bin/sed'
SET_MAKE=''
SHELL='/bin/bash'
STRIP='i686-w64-mingw32-strip'
VERSION='1.3.1'
ac_ct_AR=''
ac_ct_CC=''
ac_ct_DUMPBIN=''
am__EXEEXT_FALSE='#'
am__EXEEXT_TRUE=''
am__fastdepCC_FALSE=''
am__fastdepCC_TRUE='#'
am__include='include'
am__isrc=''
am__leading_dot='.'
am__nodep=''
am__quote=''
am__tar='$${TAR-tar} chof - "$$tardir"'
am__untar='$${TAR-tar} xf -'
bindir='${exec_prefix}/bin'
build='x86_64-pc-linux-gnu'
build_alias='x86_64-linux-gnu'
build_cpu='x86_64'
build_os='linux-gnu'
build_vendor='pc'
datadir='${datarootdir}'
datarootdir='/home/join/Desktop/vlc3.0/vlc/contrib/i686-w64-mingw32/share'
docdir='${datarootdir}/doc/${PACKAGE_TARNAME}'
dvidir='${docdir}'
exec_prefix='${prefix}'
host='i686-w64-mingw32'
host_alias='i686-w64-mingw32'
host_cpu='i686'
host_os='mingw32'
host_vendor='w64'
htmldir='${docdir}'
includedir='/home/join/Desktop/vlc3.0/vlc/contrib/i686-w64-mingw32/include'
infodir='${datarootdir}/info'
install_sh='${SHELL} /home/join/Desktop/vlc3.0/vlc/contrib/win32/libdvbpsi/.auto/install-sh'
libdir='/home/join/Desktop/vlc3.0/vlc/contrib/i686-w64-mingw32/lib'
libexecdir='${exec_prefix}/libexec'
localedir='${datarootdir}/locale'
localstatedir='${prefix}/var'
mandir='${datarootdir}/man'
mkdir_p='$(MKDIR_P)'
oldincludedir='/usr/include'
pdfdir='${docdir}'
prefix='/home/join/Desktop/vlc3.0/vlc/contrib/i686-w64-mingw32'
program_transform_name='s&^&&'
psdir='${docdir}'
sbindir='${exec_prefix}/sbin'
sharedstatedir='${prefix}/com'
sysconfdir='${prefix}/etc'
target='i686-w64-mingw32'
target_alias='i686-w64-mingw32'
target_cpu='i686'
target_os='mingw32'
target_vendor='w64'

## ----------- ##
## confdefs.h. ##
## ----------- ##

/* confdefs.h */
#define PACKAGE_NAME "libdvbpsi"
#define PACKAGE_TARNAME "libdvbpsi"
#define PACKAGE_VERSION "1.3.1"
#define PACKAGE_STRING "libdvbpsi 1.3.1"
#define PACKAGE_BUGREPORT ""
#define PACKAGE_URL ""
#define PACKAGE "libdvbpsi"
#define VERSION "1.3.1"
#define STDC_HEADERS 1
#define HAVE_SYS_TYPES_H 1
#define HAVE_SYS_STAT_H 1
#define HAVE_STDLIB_H 1
#define HAVE_STRING_H 1
#define HAVE_MEMORY_H 1
#define HAVE_STRINGS_H 1
#define HAVE_INTTYPES_H 1
#define HAVE_STDINT_H 1
#define HAVE_UNISTD_H 1
#define LT_OBJDIR ".libs/"
#define WIN32 1
#define HAVE_STDBOOL_H 1
#define HAVE_STDINT_H 1
#define HAVE_INTTYPES_H 1
#define HAVE_GETOPT_H 1
#define HAVE_STRINGS_H 1
#define HAVE_SYS_TIME_H 1
#define HAVE_VARIADIC_MACROS 1
#define HAVE_ASPRINTF 1

configure: exit 0
