This file contains any messages produced by compilers while
running configure, to aid debugging if configure makes a mistake.

It was created by asdcplib configure 2.7.19, which was
generated by GNU Autoconf 2.69.  Invocation command line was

  $ ./configure --prefix=/home/join/Desktop/vlc3.0/vlc/contrib/i686-w64-mingw32 --datarootdir=/home/join/Desktop/vlc3.0/vlc/contrib/i686-w64-mingw32/share --includedir=/home/join/Desktop/vlc3.0/vlc/contrib/i686-w64-mingw32/include --libdir=/home/join/Desktop/vlc3.0/vlc/contrib/i686-w64-mingw32/lib --build=x86_64-linux-gnu --host=i686-w64-mingw32 --target=i686-w64-mingw32 --program-prefix= --enable-static --disable-shared --disable-dependency-tracking --without-pic --enable-freedist --enable-dev-headers --with-nettle=/home/join/Desktop/vlc3.0/vlc/contrib/i686-w64-mingw32

## --------- ##
## Platform. ##
## --------- ##

hostname = join-virtual-machine
uname -m = x86_64
uname -r = 4.13.0-43-generic
uname -s = Linux
uname -v = #48~16.04.1-Ubuntu SMP Thu May 17 12:56:46 UTC 2018

/usr/bin/uname -p = unknown
/bin/uname -X     = unknown

/bin/arch              = unknown
/usr/bin/arch -k       = unknown
/usr/convex/getsysinfo = unknown
/usr/bin/hostinfo      = unknown
/bin/machine           = unknown
/usr/bin/oslevel       = unknown
/bin/universe          = unknown

PATH: /home/join/Desktop/vlc3.0/vlc/contrib/i686-w64-mingw32/bin
PATH: /home/join/Desktop/vlc3.0/vlc/extras/tools/build/bin
PATH: /usr/local/sbin
PATH: /usr/local/bin
PATH: /usr/sbin
PATH: /usr/bin
PATH: /sbin
PATH: /bin
PATH: /snap/bin


## ----------- ##
## Core tests. ##
## ----------- ##

configure:2386: checking for a BSD-compatible install
configure:2454: result: /usr/bin/install -c
configure:2465: checking whether build environment is sane
configure:2520: result: yes
configure:2579: checking for i686-w64-mingw32-strip
configure:2606: result: i686-w64-mingw32-strip
configure:2671: checking for a thread-safe mkdir -p
configure:2710: result: /bin/mkdir -p
configure:2717: checking for gawk
configure:2747: result: no
configure:2717: checking for mawk
configure:2733: found /usr/bin/mawk
configure:2744: result: mawk
configure:2755: checking whether make sets $(MAKE)
configure:2777: result: yes
configure:2806: checking whether make supports nested variables
configure:2823: result: yes
configure:2957: checking build system type
configure:2971: result: x86_64-pc-linux-gnu
configure:2991: checking host system type
configure:3004: result: i686-w64-mingw32
configure:3047: checking for i686-w64-mingw32-gcc
configure:3074: result: i686-w64-mingw32-gcc
configure:3343: checking for C compiler version
configure:3352: i686-w64-mingw32-gcc --version >&5
i686-w64-mingw32-gcc (GCC) 5.3.1 20160211
Copyright (C) 2015 Free Software Foundation, Inc.
This is free software; see the source for copying conditions.  There is NO
warranty; not even for MERCHANTABILITY or FITNESS FOR A PARTICULAR PURPOSE.

configure:3363: $? = 0
configure:3352: i686-w64-mingw32-gcc -v >&5
Using built-in specs.
COLLECT_GCC=i686-w64-mingw32-gcc
COLLECT_LTO_WRAPPER=/usr/lib/gcc/i686-w64-mingw32/5.3-win32/lto-wrapper
Target: i686-w64-mingw32
Configured with: ../../src/configure --build=x86_64-linux-gnu --prefix=/usr --includedir='/usr/include' --mandir='/usr/share/man' --infodir='/usr/share/info' --sysconfdir=/etc --localstatedir=/var --disable-silent-rules --libexecdir='/usr/lib/gcc-mingw-w64' --disable-maintainer-mode --disable-dependency-tracking --prefix=/usr --enable-shared --enable-static --disable-multilib --with-system-zlib --libexecdir=/usr/lib --without-included-gettext --libdir=/usr/lib --enable-libstdcxx-time=yes --with-tune=generic --enable-version-specific-runtime-libs --enable-fully-dynamic-string --enable-libgomp --enable-languages=c,c++,fortran,objc,obj-c++ --enable-lto --with-plugin-ld --enable-threads=win32 --program-suffix=-win32 --program-prefix=i686-w64-mingw32- --target=i686-w64-mingw32 --with-as=/usr/bin/i686-w64-mingw32-as --with-ld=/usr/bin/i686-w64-mingw32-ld --disable-libatomic
Thread model: win32
gcc version 5.3.1 20160211 (GCC) 
configure:3363: $? = 0
configure:3352: i686-w64-mingw32-gcc -V >&5
i686-w64-mingw32-gcc: error: unrecognized command line option '-V'
i686-w64-mingw32-gcc: fatal error: no input files
compilation terminated.
configure:3363: $? = 1
configure:3352: i686-w64-mingw32-gcc -qversion >&5
i686-w64-mingw32-gcc: error: unrecognized command line option '-qversion'
i686-w64-mingw32-gcc: fatal error: no input files
compilation terminated.
configure:3363: $? = 1
configure:3383: checking whether the C compiler works
configure:3405: i686-w64-mingw32-gcc  -I/home/join/Desktop/vlc3.0/vlc/contrib/i686-w64-mingw32/include -g -O2  -I/home/join/Desktop/vlc3.0/vlc/contrib/i686-w64-mingw32/include -DKM_WIN32  -L/home/join/Desktop/vlc3.0/vlc/contrib/i686-w64-mingw32/lib  conftest.c  >&5
configure:3409: $? = 0
configure:3457: result: yes
configure:3460: checking for C compiler default output file name
configure:3462: result: a.exe
configure:3468: checking for suffix of executables
configure:3475: i686-w64-mingw32-gcc -o conftest.exe  -I/home/join/Desktop/vlc3.0/vlc/contrib/i686-w64-mingw32/include -g -O2  -I/home/join/Desktop/vlc3.0/vlc/contrib/i686-w64-mingw32/include -DKM_WIN32  -L/home/join/Desktop/vlc3.0/vlc/contrib/i686-w64-mingw32/lib  conftest.c  >&5
configure:3479: $? = 0
configure:3501: result: .exe
configure:3523: checking whether we are cross compiling
configure:3561: result: yes
configure:3566: checking for suffix of object files
configure:3588: i686-w64-mingw32-gcc -c  -I/home/join/Desktop/vlc3.0/vlc/contrib/i686-w64-mingw32/include -g -O2  -I/home/join/Desktop/vlc3.0/vlc/contrib/i686-w64-mingw32/include -DKM_WIN32 conftest.c >&5
configure:3592: $? = 0
configure:3613: result: o
configure:3617: checking whether we are using the GNU C compiler
configure:3636: i686-w64-mingw32-gcc -c  -I/home/join/Desktop/vlc3.0/vlc/contrib/i686-w64-mingw32/include -g -O2  -I/home/join/Desktop/vlc3.0/vlc/contrib/i686-w64-mingw32/include -DKM_WIN32 conftest.c >&5
configure:3636: $? = 0
configure:3645: result: yes
configure:3654: checking whether i686-w64-mingw32-gcc accepts -g
configure:3674: i686-w64-mingw32-gcc -c -g  -I/home/join/Desktop/vlc3.0/vlc/contrib/i686-w64-mingw32/include -DKM_WIN32 conftest.c >&5
configure:3674: $? = 0
configure:3715: result: yes
configure:3732: checking for i686-w64-mingw32-gcc option to accept ISO C89
configure:3795: i686-w64-mingw32-gcc  -c  -I/home/join/Desktop/vlc3.0/vlc/contrib/i686-w64-mingw32/include -g -O2  -I/home/join/Desktop/vlc3.0/vlc/contrib/i686-w64-mingw32/include -DKM_WIN32 conftest.c >&5
configure:3795: $? = 0
configure:3808: result: none needed
configure:3833: checking whether i686-w64-mingw32-gcc understands -c and -o together
configure:3855: i686-w64-mingw32-gcc -c conftest.c -o conftest2.o
configure:3858: $? = 0
configure:3855: i686-w64-mingw32-gcc -c conftest.c -o conftest2.o
configure:3858: $? = 0
configure:3870: result: yes
configure:3898: checking for style of include used by make
configure:3926: result: GNU
configure:3952: checking dependency style of i686-w64-mingw32-gcc
configure:4063: result: none
configure:4190: checking for C++ compiler version
configure:4199: i686-w64-mingw32-g++ --version >&5
i686-w64-mingw32-g++ (GCC) 5.3.1 20160211
Copyright (C) 2015 Free Software Foundation, Inc.
This is free software; see the source for copying conditions.  There is NO
warranty; not even for MERCHANTABILITY or FITNESS FOR A PARTICULAR PURPOSE.

configure:4210: $? = 0
configure:4199: i686-w64-mingw32-g++ -v >&5
Using built-in specs.
COLLECT_GCC=i686-w64-mingw32-g++
COLLECT_LTO_WRAPPER=/usr/lib/gcc/i686-w64-mingw32/5.3-win32/lto-wrapper
Target: i686-w64-mingw32
Configured with: ../../src/configure --build=x86_64-linux-gnu --prefix=/usr --includedir='/usr/include' --mandir='/usr/share/man' --infodir='/usr/share/info' --sysconfdir=/etc --localstatedir=/var --disable-silent-rules --libexecdir='/usr/lib/gcc-mingw-w64' --disable-maintainer-mode --disable-dependency-tracking --prefix=/usr --enable-shared --enable-static --disable-multilib --with-system-zlib --libexecdir=/usr/lib --without-included-gettext --libdir=/usr/lib --enable-libstdcxx-time=yes --with-tune=generic --enable-version-specific-runtime-libs --enable-fully-dynamic-string --enable-libgomp --enable-languages=c,c++,fortran,objc,obj-c++ --enable-lto --with-plugin-ld --enable-threads=win32 --program-suffix=-win32 --program-prefix=i686-w64-mingw32- --target=i686-w64-mingw32 --with-as=/usr/bin/i686-w64-mingw32-as --with-ld=/usr/bin/i686-w64-mingw32-ld --disable-libatomic
Thread model: win32
gcc version 5.3.1 20160211 (GCC) 
configure:4210: $? = 0
configure:4199: i686-w64-mingw32-g++ -V >&5
i686-w64-mingw32-g++: error: unrecognized command line option '-V'
i686-w64-mingw32-g++: fatal error: no input files
compilation terminated.
configure:4210: $? = 1
configure:4199: i686-w64-mingw32-g++ -qversion >&5
i686-w64-mingw32-g++: error: unrecognized command line option '-qversion'
i686-w64-mingw32-g++: fatal error: no input files
compilation terminated.
configure:4210: $? = 1
configure:4214: checking whether we are using the GNU C++ compiler
configure:4233: i686-w64-mingw32-g++ -c  -I/home/join/Desktop/vlc3.0/vlc/contrib/i686-w64-mingw32/include  -g -O2  -I/home/join/Desktop/vlc3.0/vlc/contrib/i686-w64-mingw32/include -DKM_WIN32 conftest.cpp >&5
configure:4233: $? = 0
configure:4242: result: yes
configure:4251: checking whether i686-w64-mingw32-g++ accepts -g
configure:4271: i686-w64-mingw32-g++ -c -g  -I/home/join/Desktop/vlc3.0/vlc/contrib/i686-w64-mingw32/include -DKM_WIN32 conftest.cpp >&5
configure:4271: $? = 0
configure:4312: result: yes
configure:4337: checking dependency style of i686-w64-mingw32-g++
configure:4448: result: none
configure:4509: checking how to print strings
configure:4536: result: printf
configure:4557: checking for a sed that does not truncate output
configure:4621: result: /bin/sed
configure:4639: checking for grep that handles long lines and -e
configure:4697: result: /bin/grep
configure:4702: checking for egrep
configure:4764: result: /bin/grep -E
configure:4769: checking for fgrep
configure:4831: result: /bin/grep -F
configure:4866: checking for ld used by i686-w64-mingw32-gcc
configure:4933: result: i686-w64-mingw32-ld
configure:4940: checking if the linker (i686-w64-mingw32-ld) is GNU ld
configure:4955: result: yes
configure:4967: checking for BSD- or MS-compatible name lister (nm)
configure:5021: result: /usr/bin/i686-w64-mingw32-nm -B
configure:5151: checking the name lister (/usr/bin/i686-w64-mingw32-nm -B) interface
configure:5158: i686-w64-mingw32-gcc -c  -I/home/join/Desktop/vlc3.0/vlc/contrib/i686-w64-mingw32/include -g -O2  -I/home/join/Desktop/vlc3.0/vlc/contrib/i686-w64-mingw32/include -DKM_WIN32 conftest.c >&5
configure:5161: /usr/bin/i686-w64-mingw32-nm -B "conftest.o"
configure:5164: output
00000000 b .bss
00000000 d .data
00000000 N .debug_abbrev
00000000 N .debug_aranges
00000000 N .debug_info
00000000 N .debug_line
00000000 r .rdata$zzz
00000000 t .text
00000000 B _some_variable
configure:5171: result: BSD nm
configure:5174: checking whether ln -s works
configure:5178: result: yes
configure:5186: checking the maximum length of command line arguments
configure:5317: result: 1572864
configure:5365: checking how to convert x86_64-pc-linux-gnu file names to i686-w64-mingw32 format
configure:5405: result: func_convert_file_nix_to_w32
configure:5412: checking how to convert x86_64-pc-linux-gnu file names to toolchain format
configure:5432: result: func_convert_file_noop
configure:5439: checking for i686-w64-mingw32-ld option to reload object files
configure:5446: result: -r
configure:5480: checking for i686-w64-mingw32-objdump
configure:5496: found /usr/bin/i686-w64-mingw32-objdump
configure:5507: result: i686-w64-mingw32-objdump
configure:5579: checking how to recognize dependent libraries
configure:5779: result: file_magic ^x86 archive import|^x86 DLL
configure:5824: checking for i686-w64-mingw32-dlltool
configure:5840: found /usr/bin/i686-w64-mingw32-dlltool
configure:5851: result: i686-w64-mingw32-dlltool
configure:5924: checking how to associate runtime and link libraries
configure:5951: result: func_cygming_dll_for_implib
configure:5968: checking for i686-w64-mingw32-ar
configure:5995: result: i686-w64-mingw32-ar
configure:6076: checking for archiver @FILE support
configure:6093: i686-w64-mingw32-gcc -c  -I/home/join/Desktop/vlc3.0/vlc/contrib/i686-w64-mingw32/include -g -O2  -I/home/join/Desktop/vlc3.0/vlc/contrib/i686-w64-mingw32/include -DKM_WIN32 conftest.c >&5
configure:6093: $? = 0
configure:6096: i686-w64-mingw32-ar cru libconftest.a @conftest.lst >&5
i686-w64-mingw32-ar: `u' modifier ignored since `D' is the default (see `U')
configure:6099: $? = 0
configure:6104: i686-w64-mingw32-ar cru libconftest.a @conftest.lst >&5
i686-w64-mingw32-ar: `u' modifier ignored since `D' is the default (see `U')
i686-w64-mingw32-ar: conftest.o: No such file or directory
configure:6107: $? = 1
configure:6119: result: @
configure:6137: checking for i686-w64-mingw32-strip
configure:6164: result: i686-w64-mingw32-strip
configure:6236: checking for i686-w64-mingw32-ranlib
configure:6263: result: i686-w64-mingw32-ranlib
configure:6405: checking command to parse /usr/bin/i686-w64-mingw32-nm -B output from i686-w64-mingw32-gcc object
configure:6558: i686-w64-mingw32-gcc -c  -I/home/join/Desktop/vlc3.0/vlc/contrib/i686-w64-mingw32/include -g -O2  -I/home/join/Desktop/vlc3.0/vlc/contrib/i686-w64-mingw32/include -DKM_WIN32 conftest.c >&5
configure:6561: $? = 0
configure:6565: /usr/bin/i686-w64-mingw32-nm -B conftest.o \| sed -n -e 's/^.*[ ]\([ABCDGIRSTW][ABCDGIRSTW]*\)[ ][ ]*\([_A-Za-z][_A-Za-z0-9]*\)$/\1 \2 \2/p' | sed '/ __gnu_lto/d' \> conftest.nm
configure:6568: $? = 0
cannot find nm_test_var in conftest.nm
configure:6558: i686-w64-mingw32-gcc -c  -I/home/join/Desktop/vlc3.0/vlc/contrib/i686-w64-mingw32/include -g -O2  -I/home/join/Desktop/vlc3.0/vlc/contrib/i686-w64-mingw32/include -DKM_WIN32 conftest.c >&5
configure:6561: $? = 0
configure:6565: /usr/bin/i686-w64-mingw32-nm -B conftest.o \| sed -n -e 's/^.*[ ]\([ABCDGIRSTW][ABCDGIRSTW]*\)[ ][ ]*_\([_A-Za-z][_A-Za-z0-9]*\)$/\1 _\2 \2/p' | sed '/ __gnu_lto/d' \> conftest.nm
configure:6568: $? = 0
configure:6634: i686-w64-mingw32-gcc -o conftest.exe  -I/home/join/Desktop/vlc3.0/vlc/contrib/i686-w64-mingw32/include -g -O2  -I/home/join/Desktop/vlc3.0/vlc/contrib/i686-w64-mingw32/include -DKM_WIN32  -L/home/join/Desktop/vlc3.0/vlc/contrib/i686-w64-mingw32/lib  conftest.c conftstm.o >&5
configure:6637: $? = 0
configure:6675: result: ok
configure:6722: checking for sysroot
configure:6752: result: no
configure:6759: checking for a working dd
configure:6797: result: /bin/dd
configure:6801: checking how to truncate binary pipes
configure:6816: result: /bin/dd bs=4096 count=1
configure:7105: checking for i686-w64-mingw32-mt
configure:7135: result: no
configure:7145: checking for mt
configure:7161: found /bin/mt
configure:7172: result: mt
configure:7184: WARNING: using cross tools not prefixed with host triplet
configure:7195: checking if mt is a manifest tool
configure:7201: mt '-?'
configure:7209: result: no
configure:7886: checking how to run the C preprocessor
configure:7917: i686-w64-mingw32-gcc -E  -I/home/join/Desktop/vlc3.0/vlc/contrib/i686-w64-mingw32/include -DKM_WIN32 conftest.c
configure:7917: $? = 0
configure:7931: i686-w64-mingw32-gcc -E  -I/home/join/Desktop/vlc3.0/vlc/contrib/i686-w64-mingw32/include -DKM_WIN32 conftest.c
conftest.c:11:28: fatal error: ac_nonexistent.h: No such file or directory
compilation terminated.
configure:7931: $? = 1
configure: failed program was:
| /* confdefs.h */
| #define PACKAGE_NAME "asdcplib"
| #define PACKAGE_TARNAME "asdcplib"
| #define PACKAGE_VERSION "2.7.19"
| #define PACKAGE_STRING "asdcplib 2.7.19"
| #define PACKAGE_BUGREPORT "asdcplib@cinecert.com"
| #define PACKAGE_URL ""
| #define PACKAGE "asdcplib"
| #define VERSION "2.7.19"
| /* end confdefs.h.  */
| #include <ac_nonexistent.h>
configure:7956: result: i686-w64-mingw32-gcc -E
configure:7976: i686-w64-mingw32-gcc -E  -I/home/join/Desktop/vlc3.0/vlc/contrib/i686-w64-mingw32/include -DKM_WIN32 conftest.c
configure:7976: $? = 0
configure:7990: i686-w64-mingw32-gcc -E  -I/home/join/Desktop/vlc3.0/vlc/contrib/i686-w64-mingw32/include -DKM_WIN32 conftest.c
conftest.c:11:28: fatal error: ac_nonexistent.h: No such file or directory
compilation terminated.
configure:7990: $? = 1
configure: failed program was:
| /* confdefs.h */
| #define PACKAGE_NAME "asdcplib"
| #define PACKAGE_TARNAME "asdcplib"
| #define PACKAGE_VERSION "2.7.19"
| #define PACKAGE_STRING "asdcplib 2.7.19"
| #define PACKAGE_BUGREPORT "asdcplib@cinecert.com"
| #define PACKAGE_URL ""
| #define PACKAGE "asdcplib"
| #define VERSION "2.7.19"
| /* end confdefs.h.  */
| #include <ac_nonexistent.h>
configure:8019: checking for ANSI C header files
configure:8039: i686-w64-mingw32-gcc -c  -I/home/join/Desktop/vlc3.0/vlc/contrib/i686-w64-mingw32/include -g -O2  -I/home/join/Desktop/vlc3.0/vlc/contrib/i686-w64-mingw32/include -DKM_WIN32 conftest.c >&5
configure:8039: $? = 0
configure:8123: result: yes
configure:8136: checking for sys/types.h
configure:8136: i686-w64-mingw32-gcc -c  -I/home/join/Desktop/vlc3.0/vlc/contrib/i686-w64-mingw32/include -g -O2  -I/home/join/Desktop/vlc3.0/vlc/contrib/i686-w64-mingw32/include -DKM_WIN32 conftest.c >&5
configure:8136: $? = 0
configure:8136: result: yes
configure:8136: checking for sys/stat.h
configure:8136: i686-w64-mingw32-gcc -c  -I/home/join/Desktop/vlc3.0/vlc/contrib/i686-w64-mingw32/include -g -O2  -I/home/join/Desktop/vlc3.0/vlc/contrib/i686-w64-mingw32/include -DKM_WIN32 conftest.c >&5
configure:8136: $? = 0
configure:8136: result: yes
configure:8136: checking for stdlib.h
configure:8136: i686-w64-mingw32-gcc -c  -I/home/join/Desktop/vlc3.0/vlc/contrib/i686-w64-mingw32/include -g -O2  -I/home/join/Desktop/vlc3.0/vlc/contrib/i686-w64-mingw32/include -DKM_WIN32 conftest.c >&5
configure:8136: $? = 0
configure:8136: result: yes
configure:8136: checking for string.h
configure:8136: i686-w64-mingw32-gcc -c  -I/home/join/Desktop/vlc3.0/vlc/contrib/i686-w64-mingw32/include -g -O2  -I/home/join/Desktop/vlc3.0/vlc/contrib/i686-w64-mingw32/include -DKM_WIN32 conftest.c >&5
configure:8136: $? = 0
configure:8136: result: yes
configure:8136: checking for memory.h
configure:8136: i686-w64-mingw32-gcc -c  -I/home/join/Desktop/vlc3.0/vlc/contrib/i686-w64-mingw32/include -g -O2  -I/home/join/Desktop/vlc3.0/vlc/contrib/i686-w64-mingw32/include -DKM_WIN32 conftest.c >&5
configure:8136: $? = 0
configure:8136: result: yes
configure:8136: checking for strings.h
configure:8136: i686-w64-mingw32-gcc -c  -I/home/join/Desktop/vlc3.0/vlc/contrib/i686-w64-mingw32/include -g -O2  -I/home/join/Desktop/vlc3.0/vlc/contrib/i686-w64-mingw32/include -DKM_WIN32 conftest.c >&5
configure:8136: $? = 0
configure:8136: result: yes
configure:8136: checking for inttypes.h
configure:8136: i686-w64-mingw32-gcc -c  -I/home/join/Desktop/vlc3.0/vlc/contrib/i686-w64-mingw32/include -g -O2  -I/home/join/Desktop/vlc3.0/vlc/contrib/i686-w64-mingw32/include -DKM_WIN32 conftest.c >&5
configure:8136: $? = 0
configure:8136: result: yes
configure:8136: checking for stdint.h
configure:8136: i686-w64-mingw32-gcc -c  -I/home/join/Desktop/vlc3.0/vlc/contrib/i686-w64-mingw32/include -g -O2  -I/home/join/Desktop/vlc3.0/vlc/contrib/i686-w64-mingw32/include -DKM_WIN32 conftest.c >&5
configure:8136: $? = 0
configure:8136: result: yes
configure:8136: checking for unistd.h
configure:8136: i686-w64-mingw32-gcc -c  -I/home/join/Desktop/vlc3.0/vlc/contrib/i686-w64-mingw32/include -g -O2  -I/home/join/Desktop/vlc3.0/vlc/contrib/i686-w64-mingw32/include -DKM_WIN32 conftest.c >&5
configure:8136: $? = 0
configure:8136: result: yes
configure:8150: checking for dlfcn.h
configure:8150: i686-w64-mingw32-gcc -c  -I/home/join/Desktop/vlc3.0/vlc/contrib/i686-w64-mingw32/include -g -O2  -I/home/join/Desktop/vlc3.0/vlc/contrib/i686-w64-mingw32/include -DKM_WIN32 conftest.c >&5
conftest.c:55:19: fatal error: dlfcn.h: No such file or directory
compilation terminated.
configure:8150: $? = 1
configure: failed program was:
| /* confdefs.h */
| #define PACKAGE_NAME "asdcplib"
| #define PACKAGE_TARNAME "asdcplib"
| #define PACKAGE_VERSION "2.7.19"
| #define PACKAGE_STRING "asdcplib 2.7.19"
| #define PACKAGE_BUGREPORT "asdcplib@cinecert.com"
| #define PACKAGE_URL ""
| #define PACKAGE "asdcplib"
| #define VERSION "2.7.19"
| #define STDC_HEADERS 1
| #define HAVE_SYS_TYPES_H 1
| #define HAVE_SYS_STAT_H 1
| #define HAVE_STDLIB_H 1
| #define HAVE_STRING_H 1
| #define HAVE_MEMORY_H 1
| #define HAVE_STRINGS_H 1
| #define HAVE_INTTYPES_H 1
| #define HAVE_STDINT_H 1
| #define HAVE_UNISTD_H 1
| /* end confdefs.h.  */
| #include <stdio.h>
| #ifdef HAVE_SYS_TYPES_H
| # include <sys/types.h>
| #endif
| #ifdef HAVE_SYS_STAT_H
| # include <sys/stat.h>
| #endif
| #ifdef STDC_HEADERS
| # include <stdlib.h>
| # include <stddef.h>
| #else
| # ifdef HAVE_STDLIB_H
| #  include <stdlib.h>
| # endif
| #endif
| #ifdef HAVE_STRING_H
| # if !defined STDC_HEADERS && defined HAVE_MEMORY_H
| #  include <memory.h>
| # endif
| # include <string.h>
| #endif
| #ifdef HAVE_STRINGS_H
| # include <strings.h>
| #endif
| #ifdef HAVE_INTTYPES_H
| # include <inttypes.h>
| #endif
| #ifdef HAVE_STDINT_H
| # include <stdint.h>
| #endif
| #ifdef HAVE_UNISTD_H
| # include <unistd.h>
| #endif
| 
| #include <dlfcn.h>
configure:8150: result: no
configure:8417: checking for objdir
configure:8432: result: .libs
configure:8696: checking if i686-w64-mingw32-gcc supports -fno-rtti -fno-exceptions
configure:8714: i686-w64-mingw32-gcc -c  -I/home/join/Desktop/vlc3.0/vlc/contrib/i686-w64-mingw32/include -g -O2  -I/home/join/Desktop/vlc3.0/vlc/contrib/i686-w64-mingw32/include -DKM_WIN32 -fno-rtti -fno-exceptions conftest.c >&5
cc1: warning: command line option '-fno-rtti' is valid for C++/ObjC++ but not for C
configure:8718: $? = 0
configure:8731: result: no
configure:9089: checking for i686-w64-mingw32-gcc option to produce PIC
configure:9096: result: -DDLL_EXPORT -DPIC
configure:9104: checking if i686-w64-mingw32-gcc PIC flag -DDLL_EXPORT -DPIC works
configure:9122: i686-w64-mingw32-gcc -c  -I/home/join/Desktop/vlc3.0/vlc/contrib/i686-w64-mingw32/include -g -O2  -I/home/join/Desktop/vlc3.0/vlc/contrib/i686-w64-mingw32/include -DKM_WIN32 -DDLL_EXPORT -DPIC -DPIC conftest.c >&5
configure:9126: $? = 0
configure:9139: result: yes
configure:9168: checking if i686-w64-mingw32-gcc static flag -static works
configure:9196: result: yes
configure:9211: checking if i686-w64-mingw32-gcc supports -c -o file.o
configure:9232: i686-w64-mingw32-gcc -c  -I/home/join/Desktop/vlc3.0/vlc/contrib/i686-w64-mingw32/include -g -O2  -I/home/join/Desktop/vlc3.0/vlc/contrib/i686-w64-mingw32/include -DKM_WIN32 -o out/conftest2.o conftest.c >&5
configure:9236: $? = 0
configure:9258: result: yes
configure:9266: checking if i686-w64-mingw32-gcc supports -c -o file.o
configure:9313: result: yes
configure:9346: checking whether the i686-w64-mingw32-gcc linker (i686-w64-mingw32-ld) supports shared libraries
configure:10609: result: yes
configure:10849: checking dynamic linker characteristics
configure:11679: result: Win32 ld.exe
configure:11801: checking how to hardcode library paths into programs
configure:11826: result: immediate
configure:12374: checking whether stripping libraries is possible
configure:12379: result: yes
configure:12414: checking if libtool supports shared libraries
configure:12416: result: yes
configure:12419: checking whether to build shared libraries
configure:12444: result: no
configure:12447: checking whether to build static libraries
configure:12451: result: yes
configure:12474: checking how to run the C++ preprocessor
configure:12501: i686-w64-mingw32-g++ -E  -I/home/join/Desktop/vlc3.0/vlc/contrib/i686-w64-mingw32/include -DKM_WIN32 conftest.cpp
configure:12501: $? = 0
configure:12515: i686-w64-mingw32-g++ -E  -I/home/join/Desktop/vlc3.0/vlc/contrib/i686-w64-mingw32/include -DKM_WIN32 conftest.cpp
conftest.cpp:22:28: fatal error: ac_nonexistent.h: No such file or directory
compilation terminated.
configure:12515: $? = 1
configure: failed program was:
| /* confdefs.h */
| #define PACKAGE_NAME "asdcplib"
| #define PACKAGE_TARNAME "asdcplib"
| #define PACKAGE_VERSION "2.7.19"
| #define PACKAGE_STRING "asdcplib 2.7.19"
| #define PACKAGE_BUGREPORT "asdcplib@cinecert.com"
| #define PACKAGE_URL ""
| #define PACKAGE "asdcplib"
| #define VERSION "2.7.19"
| #define STDC_HEADERS 1
| #define HAVE_SYS_TYPES_H 1
| #define HAVE_SYS_STAT_H 1
| #define HAVE_STDLIB_H 1
| #define HAVE_STRING_H 1
| #define HAVE_MEMORY_H 1
| #define HAVE_STRINGS_H 1
| #define HAVE_INTTYPES_H 1
| #define HAVE_STDINT_H 1
| #define HAVE_UNISTD_H 1
| #define LT_OBJDIR ".libs/"
| /* end confdefs.h.  */
| #include <ac_nonexistent.h>
configure:12540: result: i686-w64-mingw32-g++ -E
configure:12560: i686-w64-mingw32-g++ -E  -I/home/join/Desktop/vlc3.0/vlc/contrib/i686-w64-mingw32/include -DKM_WIN32 conftest.cpp
configure:12560: $? = 0
configure:12574: i686-w64-mingw32-g++ -E  -I/home/join/Desktop/vlc3.0/vlc/contrib/i686-w64-mingw32/include -DKM_WIN32 conftest.cpp
conftest.cpp:22:28: fatal error: ac_nonexistent.h: No such file or directory
compilation terminated.
configure:12574: $? = 1
configure: failed program was:
| /* confdefs.h */
| #define PACKAGE_NAME "asdcplib"
| #define PACKAGE_TARNAME "asdcplib"
| #define PACKAGE_VERSION "2.7.19"
| #define PACKAGE_STRING "asdcplib 2.7.19"
| #define PACKAGE_BUGREPORT "asdcplib@cinecert.com"
| #define PACKAGE_URL ""
| #define PACKAGE "asdcplib"
| #define VERSION "2.7.19"
| #define STDC_HEADERS 1
| #define HAVE_SYS_TYPES_H 1
| #define HAVE_SYS_STAT_H 1
| #define HAVE_STDLIB_H 1
| #define HAVE_STRING_H 1
| #define HAVE_MEMORY_H 1
| #define HAVE_STRINGS_H 1
| #define HAVE_INTTYPES_H 1
| #define HAVE_STDINT_H 1
| #define HAVE_UNISTD_H 1
| #define LT_OBJDIR ".libs/"
| /* end confdefs.h.  */
| #include <ac_nonexistent.h>
configure:12736: checking for ld used by i686-w64-mingw32-g++
configure:12803: result: i686-w64-mingw32-ld
configure:12810: checking if the linker (i686-w64-mingw32-ld) is GNU ld
configure:12825: result: yes
configure:12880: checking whether the i686-w64-mingw32-g++ linker (i686-w64-mingw32-ld) supports shared libraries
configure:13953: result: yes
configure:13989: i686-w64-mingw32-g++ -c  -I/home/join/Desktop/vlc3.0/vlc/contrib/i686-w64-mingw32/include  -g -O2  -I/home/join/Desktop/vlc3.0/vlc/contrib/i686-w64-mingw32/include -DKM_WIN32 conftest.cpp >&5
configure:13992: $? = 0
configure:14473: checking for i686-w64-mingw32-g++ option to produce PIC
configure:14480: result: -DDLL_EXPORT -DPIC
configure:14488: checking if i686-w64-mingw32-g++ PIC flag -DDLL_EXPORT -DPIC works
configure:14506: i686-w64-mingw32-g++ -c  -I/home/join/Desktop/vlc3.0/vlc/contrib/i686-w64-mingw32/include  -g -O2  -I/home/join/Desktop/vlc3.0/vlc/contrib/i686-w64-mingw32/include -DKM_WIN32 -DDLL_EXPORT -DPIC -DPIC conftest.cpp >&5
configure:14510: $? = 0
configure:14523: result: yes
configure:14546: checking if i686-w64-mingw32-g++ static flag -static works
configure:14574: result: yes
configure:14586: checking if i686-w64-mingw32-g++ supports -c -o file.o
configure:14607: i686-w64-mingw32-g++ -c  -I/home/join/Desktop/vlc3.0/vlc/contrib/i686-w64-mingw32/include  -g -O2  -I/home/join/Desktop/vlc3.0/vlc/contrib/i686-w64-mingw32/include -DKM_WIN32 -o out/conftest2.o conftest.cpp >&5
configure:14611: $? = 0
configure:14633: result: yes
configure:14638: checking if i686-w64-mingw32-g++ supports -c -o file.o
configure:14685: result: yes
configure:14715: checking whether the i686-w64-mingw32-g++ linker (i686-w64-mingw32-ld) supports shared libraries
configure:14758: result: yes
configure:14899: checking dynamic linker characteristics
configure:15656: result: Win32 ld.exe
configure:15721: checking how to hardcode library paths into programs
configure:15746: result: immediate
configure:15811: checking for i686-w64-mingw32-ranlib
configure:15838: result: i686-w64-mingw32-ranlib
configure:15908: checking for special C compiler options needed for large files
configure:15953: result: no
configure:15959: checking for _FILE_OFFSET_BITS value needed for large files
configure:15984: i686-w64-mingw32-gcc -c  -I/home/join/Desktop/vlc3.0/vlc/contrib/i686-w64-mingw32/include -g -O2  -I/home/join/Desktop/vlc3.0/vlc/contrib/i686-w64-mingw32/include -DKM_WIN32 conftest.c >&5
conftest.c:28:7: error: size of array 'off_t_is_large' is negative
   int off_t_is_large[(LARGE_OFF_T % 2147483629 == 721
       ^
configure:15984: $? = 1
configure: failed program was:
| /* confdefs.h */
| #define PACKAGE_NAME "asdcplib"
| #define PACKAGE_TARNAME "asdcplib"
| #define PACKAGE_VERSION "2.7.19"
| #define PACKAGE_STRING "asdcplib 2.7.19"
| #define PACKAGE_BUGREPORT "asdcplib@cinecert.com"
| #define PACKAGE_URL ""
| #define PACKAGE "asdcplib"
| #define VERSION "2.7.19"
| #define STDC_HEADERS 1
| #define HAVE_SYS_TYPES_H 1
| #define HAVE_SYS_STAT_H 1
| #define HAVE_STDLIB_H 1
| #define HAVE_STRING_H 1
| #define HAVE_MEMORY_H 1
| #define HAVE_STRINGS_H 1
| #define HAVE_INTTYPES_H 1
| #define HAVE_STDINT_H 1
| #define HAVE_UNISTD_H 1
| #define LT_OBJDIR ".libs/"
| /* end confdefs.h.  */
| #include <sys/types.h>
|  /* Check that off_t can represent 2**63 - 1 correctly.
|     We can't simply define LARGE_OFF_T to be 9223372036854775807,
|     since some C++ compilers masquerading as C compilers
|     incorrectly reject 9223372036854775807.  */
| #define LARGE_OFF_T ((((off_t) 1 << 31) << 31) - 1 + (((off_t) 1 << 31) << 31))
|   int off_t_is_large[(LARGE_OFF_T % 2147483629 == 721
| 		       && LARGE_OFF_T % 2147483647 == 1)
| 		      ? 1 : -1];
| int
| main ()
| {
| 
|   ;
|   return 0;
| }
configure:16008: i686-w64-mingw32-gcc -c  -I/home/join/Desktop/vlc3.0/vlc/contrib/i686-w64-mingw32/include -g -O2  -I/home/join/Desktop/vlc3.0/vlc/contrib/i686-w64-mingw32/include -DKM_WIN32 conftest.c >&5
configure:16008: $? = 0
configure:16016: result: 64
configure:16174: checking for Nettle headers in /home/join/Desktop/vlc3.0/vlc/contrib/i686-w64-mingw32/include
configure:16199: i686-w64-mingw32-gcc -c  -I/home/join/Desktop/vlc3.0/vlc/contrib/i686-w64-mingw32/include -g -O2  -I/home/join/Desktop/vlc3.0/vlc/contrib/i686-w64-mingw32/include -DKM_WIN32 -I/home/join/Desktop/vlc3.0/vlc/contrib/i686-w64-mingw32/include conftest.c >&5
configure:16199: $? = 0
configure:16203: result: found
configure:16224: checking for Nettle libraries
configure:16253: i686-w64-mingw32-gcc -o conftest.exe  -I/home/join/Desktop/vlc3.0/vlc/contrib/i686-w64-mingw32/include -g -O2  -I/home/join/Desktop/vlc3.0/vlc/contrib/i686-w64-mingw32/include -DKM_WIN32 -I/home/join/Desktop/vlc3.0/vlc/contrib/i686-w64-mingw32/include  -L/home/join/Desktop/vlc3.0/vlc/contrib/i686-w64-mingw32/lib  -L/home/join/Desktop/vlc3.0/vlc/contrib/i686-w64-mingw32/lib64 -L/home/join/Desktop/vlc3.0/vlc/contrib/i686-w64-mingw32/lib conftest.c -lnettle -lgmp  >&5
configure:16253: $? = 0
configure:16258: result: found
configure:16284: checking for Nettle
configure:16299: result: yes
configure:16308: checking if Nettle version is >= 0.9.7
configure:16347: result: no
configure:16349: WARNING: Missing header nettle/nettlev.h. Unable to determine Nettle version.
configure:16560: checking for Expat XML Parser
configure:16639: result: no
configure:16856: checking for Xerces C++ Parser
configure:16936: result: no
configure:16969: checking for --with-python
configure:17308: result: no
configure:17338: WARNING: BSD licensed ASDCPlib creation ENABLED.
configure:17433: checking for pthread_create in -lpthread
configure:17458: i686-w64-mingw32-gcc -o conftest.exe  -I/home/join/Desktop/vlc3.0/vlc/contrib/i686-w64-mingw32/include -g -O2  -I/home/join/Desktop/vlc3.0/vlc/contrib/i686-w64-mingw32/include -DKM_WIN32 -I/home/join/Desktop/vlc3.0/vlc/contrib/i686-w64-mingw32/include -DHAVE_SSL=1  -L/home/join/Desktop/vlc3.0/vlc/contrib/i686-w64-mingw32/lib  -L/home/join/Desktop/vlc3.0/vlc/contrib/i686-w64-mingw32/lib64 -L/home/join/Desktop/vlc3.0/vlc/contrib/i686-w64-mingw32/lib -lnettle -lgmp conftest.c -lpthread   >&5
configure:17458: $? = 0
configure:17467: result: yes
configure:17645: checking that generated files are newer than configure
configure:17651: result: done
configure:17726: creating ./config.status

## ---------------------- ##
## Running config.status. ##
## ---------------------- ##

This file was extended by asdcplib config.status 2.7.19, which was
generated by GNU Autoconf 2.69.  Invocation command line was

  CONFIG_FILES    = 
  CONFIG_HEADERS  = 
  CONFIG_LINKS    = 
  CONFIG_COMMANDS = 
  $ ./config.status 

on join-virtual-machine

config.status:1130: creating Makefile
config.status:1130: creating src/Makefile
config.status:1130: creating win32/Makefile
config.status:1130: creating win32/Makefile.mak
config.status:1302: executing depfiles commands
config.status:1302: executing libtool commands

## ---------------- ##
## Cache variables. ##
## ---------------- ##

ac_cv_build=x86_64-pc-linux-gnu
ac_cv_c_compiler_gnu=yes
ac_cv_cxx_compiler_gnu=yes
ac_cv_env_CCC_set=
ac_cv_env_CCC_value=
ac_cv_env_CC_set=set
ac_cv_env_CC_value=i686-w64-mingw32-gcc
ac_cv_env_CFLAGS_set=set
ac_cv_env_CFLAGS_value=' -I/home/join/Desktop/vlc3.0/vlc/contrib/i686-w64-mingw32/include -g -O2'
ac_cv_env_CPPFLAGS_set=set
ac_cv_env_CPPFLAGS_value=' -I/home/join/Desktop/vlc3.0/vlc/contrib/i686-w64-mingw32/include'
ac_cv_env_CPP_set=
ac_cv_env_CPP_value=
ac_cv_env_CXXCPP_set=
ac_cv_env_CXXCPP_value=
ac_cv_env_CXXFLAGS_set=set
ac_cv_env_CXXFLAGS_value=' -I/home/join/Desktop/vlc3.0/vlc/contrib/i686-w64-mingw32/include  -g -O2'
ac_cv_env_CXX_set=set
ac_cv_env_CXX_value=i686-w64-mingw32-g++
ac_cv_env_LDFLAGS_set=set
ac_cv_env_LDFLAGS_value=' -L/home/join/Desktop/vlc3.0/vlc/contrib/i686-w64-mingw32/lib '
ac_cv_env_LIBS_set=
ac_cv_env_LIBS_value=
ac_cv_env_LT_SYS_LIBRARY_PATH_set=
ac_cv_env_LT_SYS_LIBRARY_PATH_value=
ac_cv_env_PYTHON_set=
ac_cv_env_PYTHON_value=
ac_cv_env_build_alias_set=set
ac_cv_env_build_alias_value=x86_64-linux-gnu
ac_cv_env_host_alias_set=set
ac_cv_env_host_alias_value=i686-w64-mingw32
ac_cv_env_target_alias_set=set
ac_cv_env_target_alias_value=i686-w64-mingw32
ac_cv_exeext=.exe
ac_cv_header_dlfcn_h=no
ac_cv_header_inttypes_h=yes
ac_cv_header_memory_h=yes
ac_cv_header_stdc=yes
ac_cv_header_stdint_h=yes
ac_cv_header_stdlib_h=yes
ac_cv_header_string_h=yes
ac_cv_header_strings_h=yes
ac_cv_header_sys_stat_h=yes
ac_cv_header_sys_types_h=yes
ac_cv_header_unistd_h=yes
ac_cv_host=i686-w64-mingw32
ac_cv_lib_pthread_pthread_create=yes
ac_cv_objext=o
ac_cv_path_EGREP='/bin/grep -E'
ac_cv_path_FGREP='/bin/grep -F'
ac_cv_path_GREP=/bin/grep
ac_cv_path_SED=/bin/sed
ac_cv_path_install='/usr/bin/install -c'
ac_cv_path_lt_DD=/bin/dd
ac_cv_path_mkdir=/bin/mkdir
ac_cv_prog_AR=i686-w64-mingw32-ar
ac_cv_prog_AWK=mawk
ac_cv_prog_CC=i686-w64-mingw32-gcc
ac_cv_prog_CPP='i686-w64-mingw32-gcc -E'
ac_cv_prog_CXXCPP='i686-w64-mingw32-g++ -E'
ac_cv_prog_DLLTOOL=i686-w64-mingw32-dlltool
ac_cv_prog_OBJDUMP=i686-w64-mingw32-objdump
ac_cv_prog_RANLIB=i686-w64-mingw32-ranlib
ac_cv_prog_STRIP=i686-w64-mingw32-strip
ac_cv_prog_ac_ct_MANIFEST_TOOL=mt
ac_cv_prog_cc_c89=
ac_cv_prog_cc_g=yes
ac_cv_prog_cxx_g=yes
ac_cv_prog_make_make_set=yes
ac_cv_sys_file_offset_bits=64
ac_cv_sys_largefile_CC=no
am_cv_CC_dependencies_compiler_type=none
am_cv_CXX_dependencies_compiler_type=none
am_cv_make_support_nested_variables=yes
am_cv_prog_cc_c_o=yes
lt_cv_ar_at_file=@
lt_cv_deplibs_check_method='file_magic ^x86 archive import|^x86 DLL'
lt_cv_file_magic_cmd=func_win32_libid
lt_cv_file_magic_test_file=
lt_cv_ld_reload_flag=-r
lt_cv_nm_interface='BSD nm'
lt_cv_objdir=.libs
lt_cv_path_LD=i686-w64-mingw32-ld
lt_cv_path_LDCXX=i686-w64-mingw32-ld
lt_cv_path_NM='/usr/bin/i686-w64-mingw32-nm -B'
lt_cv_path_mainfest_tool=no
lt_cv_prog_compiler_c_o=yes
lt_cv_prog_compiler_c_o_CXX=yes
lt_cv_prog_compiler_pic='-DDLL_EXPORT -DPIC'
lt_cv_prog_compiler_pic_CXX='-DDLL_EXPORT -DPIC'
lt_cv_prog_compiler_pic_works=yes
lt_cv_prog_compiler_pic_works_CXX=yes
lt_cv_prog_compiler_rtti_exceptions=no
lt_cv_prog_compiler_static_works=yes
lt_cv_prog_compiler_static_works_CXX=yes
lt_cv_prog_gnu_ld=yes
lt_cv_prog_gnu_ldcxx=yes
lt_cv_sharedlib_from_linklib_cmd=func_cygming_dll_for_implib
lt_cv_sys_global_symbol_pipe='sed -n -e '\''s/^.*[	 ]\([ABCDGIRSTW][ABCDGIRSTW]*\)[	 ][	 ]*_\([_A-Za-z][_A-Za-z0-9]*\)$/\1 _\2 \2/p'\'' | sed '\''/ __gnu_lto/d'\'''
lt_cv_sys_global_symbol_to_c_name_address='sed -n -e '\''s/^: \(.*\) .*$/  {"\1", (void *) 0},/p'\'' -e '\''s/^[ABCDGIRSTW][ABCDGIRSTW]* .* \(.*\)$/  {"\1", (void *) \&\1},/p'\'''
lt_cv_sys_global_symbol_to_c_name_address_lib_prefix='sed -n -e '\''s/^: \(.*\) .*$/  {"\1", (void *) 0},/p'\'' -e '\''s/^[ABCDGIRSTW][ABCDGIRSTW]* .* \(lib.*\)$/  {"\1", (void *) \&\1},/p'\'' -e '\''s/^[ABCDGIRSTW][ABCDGIRSTW]* .* \(.*\)$/  {"lib\1", (void *) \&\1},/p'\'''
lt_cv_sys_global_symbol_to_cdecl='sed -n -e '\''s/^T .* \(.*\)$/extern int \1();/p'\'' -e '\''s/^[ABCDGIRSTW][ABCDGIRSTW]* .* \(.*\)$/extern char \1;/p'\'''
lt_cv_sys_global_symbol_to_import=
lt_cv_sys_max_cmd_len=1572864
lt_cv_to_host_file_cmd=func_convert_file_nix_to_w32
lt_cv_to_tool_file_cmd=func_convert_file_noop
lt_cv_truncate_bin='/bin/dd bs=4096 count=1'

## ----------------- ##
## Output variables. ##
## ----------------- ##

ACLOCAL='${SHELL} /home/join/Desktop/vlc3.0/vlc/contrib/win32/asdcplib/build-aux/missing aclocal-1.15'
AMDEPBACKSLASH=''
AMDEP_FALSE=''
AMDEP_TRUE='#'
AMTAR='$${TAR-tar}'
AM_BACKSLASH='\'
AM_DEFAULT_V='$(AM_DEFAULT_VERBOSITY)'
AM_DEFAULT_VERBOSITY='1'
AM_V='$(V)'
AR='i686-w64-mingw32-ar'
AUTOCONF='${SHELL} /home/join/Desktop/vlc3.0/vlc/contrib/win32/asdcplib/build-aux/missing autoconf'
AUTOHEADER='${SHELL} /home/join/Desktop/vlc3.0/vlc/contrib/win32/asdcplib/build-aux/missing autoheader'
AUTOMAKE='${SHELL} /home/join/Desktop/vlc3.0/vlc/contrib/win32/asdcplib/build-aux/missing automake-1.15'
AWK='mawk'
CC='i686-w64-mingw32-gcc'
CCDEPMODE='depmode=none'
CFLAGS=' -I/home/join/Desktop/vlc3.0/vlc/contrib/i686-w64-mingw32/include -g -O2'
CPP='i686-w64-mingw32-gcc -E'
CPPFLAGS=' -I/home/join/Desktop/vlc3.0/vlc/contrib/i686-w64-mingw32/include -DKM_WIN32 -I/home/join/Desktop/vlc3.0/vlc/contrib/i686-w64-mingw32/include -DHAVE_SSL=1'
CXX='i686-w64-mingw32-g++'
CXXCPP='i686-w64-mingw32-g++ -E'
CXXDEPMODE='depmode=none'
CXXFLAGS=' -I/home/join/Desktop/vlc3.0/vlc/contrib/i686-w64-mingw32/include  -g -O2'
CYGPATH_W='echo'
DEFS='-DPACKAGE_NAME=\"asdcplib\" -DPACKAGE_TARNAME=\"asdcplib\" -DPACKAGE_VERSION=\"2.7.19\" -DPACKAGE_STRING=\"asdcplib\ 2.7.19\" -DPACKAGE_BUGREPORT=\"asdcplib@cinecert.com\" -DPACKAGE_URL=\"\" -DPACKAGE=\"asdcplib\" -DVERSION=\"2.7.19\" -DSTDC_HEADERS=1 -DHAVE_SYS_TYPES_H=1 -DHAVE_SYS_STAT_H=1 -DHAVE_STDLIB_H=1 -DHAVE_STRING_H=1 -DHAVE_MEMORY_H=1 -DHAVE_STRINGS_H=1 -DHAVE_INTTYPES_H=1 -DHAVE_STDINT_H=1 -DHAVE_UNISTD_H=1 -DLT_OBJDIR=\".libs/\" -D_FILE_OFFSET_BITS=64 -DHAVE_LIBPTHREAD=1'
DEPDIR='.deps'
DEV_HEADERS_FALSE='#'
DEV_HEADERS_TRUE=''
DLLTOOL='i686-w64-mingw32-dlltool'
DSYMUTIL=''
DUMPBIN=''
ECHO_C=''
ECHO_N='-n'
ECHO_T=''
EGREP='/bin/grep -E'
ENABLE_RANDOM_UUID_FALSE=''
ENABLE_RANDOM_UUID_TRUE='#'
EXEEXT='.exe'
EXPAT_CFLAGS=''
EXPAT_LDFLAGS=''
EXPAT_VERSION=''
FGREP='/bin/grep -F'
FREEDIST_FALSE='#'
FREEDIST_TRUE=''
GREP='/bin/grep'
HAVE_PYTHON_FALSE='#'
HAVE_PYTHON_TRUE=''
INSTALL_DATA='${INSTALL} -m 644'
INSTALL_PROGRAM='${INSTALL}'
INSTALL_SCRIPT='${INSTALL}'
INSTALL_STRIP_PROGRAM='$(install_sh) -c -s'
LD='i686-w64-mingw32-ld'
LDFLAGS=' -L/home/join/Desktop/vlc3.0/vlc/contrib/i686-w64-mingw32/lib  -L/home/join/Desktop/vlc3.0/vlc/contrib/i686-w64-mingw32/lib64 -L/home/join/Desktop/vlc3.0/vlc/contrib/i686-w64-mingw32/lib -lnettle -lgmp'
LIBOBJS=''
LIBS='-lpthread '
LIBTOOL='$(SHELL) $(top_builddir)/libtool'
LIPO=''
LN_S='ln -s'
LTLIBOBJS=''
LT_SYS_LIBRARY_PATH=''
MAKEINFO='${SHELL} /home/join/Desktop/vlc3.0/vlc/contrib/win32/asdcplib/build-aux/missing makeinfo'
MANIFEST_TOOL=':'
MKDIR_P='/bin/mkdir -p'
NETTLE_CPPFLAGS='-I/home/join/Desktop/vlc3.0/vlc/contrib/i686-w64-mingw32/include'
NETTLE_LDFLAGS='-L/home/join/Desktop/vlc3.0/vlc/contrib/i686-w64-mingw32/lib64 -L/home/join/Desktop/vlc3.0/vlc/contrib/i686-w64-mingw32/lib'
NETTLE_LIBS='-lnettle -lgmp'
NETTLE_VERSION=''
NM='/usr/bin/i686-w64-mingw32-nm -B'
NMEDIT=''
OBJDUMP='i686-w64-mingw32-objdump'
OBJEXT='o'
OPENBSD_HOST_FALSE=''
OPENBSD_HOST_TRUE='#'
OTOOL64=''
OTOOL=''
PACKAGE='asdcplib'
PACKAGE_BUGREPORT='asdcplib@cinecert.com'
PACKAGE_NAME='asdcplib'
PACKAGE_STRING='asdcplib 2.7.19'
PACKAGE_TARNAME='asdcplib'
PACKAGE_URL=''
PACKAGE_VERSION='2.7.19'
PATH_SEPARATOR=':'
PYTHON=''
PYTHON_CPPFLAGS=''
PYTHON_CSPEC=''
PYTHON_EXECDIR=''
PYTHON_EXECPREFIX=''
PYTHON_LDFLAGS=''
PYTHON_LSPEC=''
PYTHON_PREFIX=''
PYTHON_SHORTVERSION=''
PYTHON_USE_FALSE=''
PYTHON_USE_TRUE='#'
RANLIB='i686-w64-mingw32-ranlib'
SED='/bin/sed'
SET_MAKE=''
SHELL='/bin/bash'
STRIP='i686-w64-mingw32-strip'
USE_AS_02_FALSE=''
USE_AS_02_TRUE='#'
USE_PHDR_FALSE=''
USE_PHDR_TRUE='#'
VERSION='2.7.19'
XERCES_CPPFLAGS=''
XERCES_LDFLAGS=''
XERCES_LIBS=''
XERCES_VERSION=''
ac_ct_AR=''
ac_ct_CC=''
ac_ct_CXX=''
ac_ct_DUMPBIN=''
am__EXEEXT_FALSE='#'
am__EXEEXT_TRUE=''
am__fastdepCC_FALSE=''
am__fastdepCC_TRUE='#'
am__fastdepCXX_FALSE=''
am__fastdepCXX_TRUE='#'
am__include='include'
am__isrc=''
am__leading_dot='.'
am__nodep=''
am__quote=''
am__tar='$${TAR-tar} chof - "$$tardir"'
am__untar='$${TAR-tar} xf -'
bindir='${exec_prefix}/bin'
build='x86_64-pc-linux-gnu'
build_alias='x86_64-linux-gnu'
build_cpu='x86_64'
build_os='linux-gnu'
build_vendor='pc'
datadir='${datarootdir}'
datarootdir='/home/join/Desktop/vlc3.0/vlc/contrib/i686-w64-mingw32/share'
docdir='${datarootdir}/doc/${PACKAGE_TARNAME}'
dvidir='${docdir}'
exec_prefix='${prefix}'
host='i686-w64-mingw32'
host_alias='i686-w64-mingw32'
host_cpu='i686'
host_os='mingw32'
host_vendor='w64'
htmldir='${docdir}'
includedir='/home/join/Desktop/vlc3.0/vlc/contrib/i686-w64-mingw32/include'
infodir='${datarootdir}/info'
install_sh='${SHELL} /home/join/Desktop/vlc3.0/vlc/contrib/win32/asdcplib/build-aux/install-sh'
libdir='/home/join/Desktop/vlc3.0/vlc/contrib/i686-w64-mingw32/lib'
libexecdir='${exec_prefix}/libexec'
localedir='${datarootdir}/locale'
localstatedir='${prefix}/var'
mandir='${datarootdir}/man'
mkdir_p='$(MKDIR_P)'
oldincludedir='/usr/include'
pdfdir='${docdir}'
prefix='/home/join/Desktop/vlc3.0/vlc/contrib/i686-w64-mingw32'
program_transform_name='s&^&&'
psdir='${docdir}'
runstatedir='${localstatedir}/run'
sbindir='${exec_prefix}/sbin'
sharedstatedir='${prefix}/com'
sysconfdir='${prefix}/etc'
target_alias='i686-w64-mingw32'

## ----------- ##
## confdefs.h. ##
## ----------- ##

/* confdefs.h */
#define PACKAGE_NAME "asdcplib"
#define PACKAGE_TARNAME "asdcplib"
#define PACKAGE_VERSION "2.7.19"
#define PACKAGE_STRING "asdcplib 2.7.19"
#define PACKAGE_BUGREPORT "asdcplib@cinecert.com"
#define PACKAGE_URL ""
#define PACKAGE "asdcplib"
#define VERSION "2.7.19"
#define STDC_HEADERS 1
#define HAVE_SYS_TYPES_H 1
#define HAVE_SYS_STAT_H 1
#define HAVE_STDLIB_H 1
#define HAVE_STRING_H 1
#define HAVE_MEMORY_H 1
#define HAVE_STRINGS_H 1
#define HAVE_INTTYPES_H 1
#define HAVE_STDINT_H 1
#define HAVE_UNISTD_H 1
#define LT_OBJDIR ".libs/"
#define _FILE_OFFSET_BITS 64
#define HAVE_LIBPTHREAD 1

configure: exit 0
