The target system is: Windows -  - i386
The host system is: Linux - 4.13.0-43-generic - x86_64
Compiling the C compiler identification source file "CMakeCCompilerId.c" succeeded.
Compiler: /usr/bin/i686-w64-mingw32-gcc 
Build flags: ;-I/home/join/Desktop/vlc3.0/vlc/contrib/i686-w64-mingw32/include;-g;-O2;
Id flags: 

The output was:
0


Compilation of the C compiler identification source "CMakeCCompilerId.c" produced "a.exe"

The C compiler identification is GNU, found in "/home/join/Desktop/vlc3.0/vlc/contrib/win32/soxr/CMakeFiles/3.5.1/CompilerIdC/a.exe"

Determining if the C compiler works passed with the following output:
Change Dir: /home/join/Desktop/vlc3.0/vlc/contrib/win32/soxr/CMakeFiles/CMakeTmp

Run Build Command:"/usr/bin/make" "cmTC_8e184/fast"
make[1]: Entering directory '/home/join/Desktop/vlc3.0/vlc/contrib/win32/soxr/CMakeFiles/CMakeTmp'
/usr/bin/make -f CMakeFiles/cmTC_8e184.dir/build.make CMakeFiles/cmTC_8e184.dir/build
make[2]: Entering directory '/home/join/Desktop/vlc3.0/vlc/contrib/win32/soxr/CMakeFiles/CMakeTmp'
Building C object CMakeFiles/cmTC_8e184.dir/testCCompiler.c.obj
/usr/bin/i686-w64-mingw32-gcc    -I/home/join/Desktop/vlc3.0/vlc/contrib/i686-w64-mingw32/include -g -O2      -o CMakeFiles/cmTC_8e184.dir/testCCompiler.c.obj   -c /home/join/Desktop/vlc3.0/vlc/contrib/win32/soxr/CMakeFiles/CMakeTmp/testCCompiler.c
Linking C executable cmTC_8e184.exe
/usr/bin/cmake -E cmake_link_script CMakeFiles/cmTC_8e184.dir/link.txt --verbose=1
/usr/bin/cmake -E remove -f CMakeFiles/cmTC_8e184.dir/objects.a
/usr/bin/i686-w64-mingw32-ar cr CMakeFiles/cmTC_8e184.dir/objects.a @CMakeFiles/cmTC_8e184.dir/objects1.rsp
/usr/bin/i686-w64-mingw32-gcc   -I/home/join/Desktop/vlc3.0/vlc/contrib/i686-w64-mingw32/include -g -O2       -L/home/join/Desktop/vlc3.0/vlc/contrib/i686-w64-mingw32/lib   -Wl,--whole-archive CMakeFiles/cmTC_8e184.dir/objects.a -Wl,--no-whole-archive  -o cmTC_8e184.exe -Wl,--out-implib,libcmTC_8e184.dll.a -Wl,--major-image-version,0,--minor-image-version,0 @CMakeFiles/cmTC_8e184.dir/linklibs.rsp
make[2]: Leaving directory '/home/join/Desktop/vlc3.0/vlc/contrib/win32/soxr/CMakeFiles/CMakeTmp'
make[1]: Leaving directory '/home/join/Desktop/vlc3.0/vlc/contrib/win32/soxr/CMakeFiles/CMakeTmp'


Detecting C compiler ABI info compiled with the following output:
Change Dir: /home/join/Desktop/vlc3.0/vlc/contrib/win32/soxr/CMakeFiles/CMakeTmp

Run Build Command:"/usr/bin/make" "cmTC_00308/fast"
make[1]: Entering directory '/home/join/Desktop/vlc3.0/vlc/contrib/win32/soxr/CMakeFiles/CMakeTmp'
/usr/bin/make -f CMakeFiles/cmTC_00308.dir/build.make CMakeFiles/cmTC_00308.dir/build
make[2]: Entering directory '/home/join/Desktop/vlc3.0/vlc/contrib/win32/soxr/CMakeFiles/CMakeTmp'
Building C object CMakeFiles/cmTC_00308.dir/CMakeCCompilerABI.c.obj
/usr/bin/i686-w64-mingw32-gcc    -I/home/join/Desktop/vlc3.0/vlc/contrib/i686-w64-mingw32/include -g -O2      -o CMakeFiles/cmTC_00308.dir/CMakeCCompilerABI.c.obj   -c /usr/share/cmake-3.5/Modules/CMakeCCompilerABI.c
Linking C executable cmTC_00308.exe
/usr/bin/cmake -E cmake_link_script CMakeFiles/cmTC_00308.dir/link.txt --verbose=1
/usr/bin/cmake -E remove -f CMakeFiles/cmTC_00308.dir/objects.a
/usr/bin/i686-w64-mingw32-ar cr CMakeFiles/cmTC_00308.dir/objects.a @CMakeFiles/cmTC_00308.dir/objects1.rsp
/usr/bin/i686-w64-mingw32-gcc   -I/home/join/Desktop/vlc3.0/vlc/contrib/i686-w64-mingw32/include -g -O2       -L/home/join/Desktop/vlc3.0/vlc/contrib/i686-w64-mingw32/lib  -v -Wl,--whole-archive CMakeFiles/cmTC_00308.dir/objects.a -Wl,--no-whole-archive  -o cmTC_00308.exe -Wl,--out-implib,libcmTC_00308.dll.a -Wl,--major-image-version,0,--minor-image-version,0   
Using built-in specs.
COLLECT_GCC=/usr/bin/i686-w64-mingw32-gcc
COLLECT_LTO_WRAPPER=/usr/lib/gcc/i686-w64-mingw32/5.3-win32/lto-wrapper
Target: i686-w64-mingw32
Configured with: ../../src/configure --build=x86_64-linux-gnu --prefix=/usr --includedir='/usr/include' --mandir='/usr/share/man' --infodir='/usr/share/info' --sysconfdir=/etc --localstatedir=/var --disable-silent-rules --libexecdir='/usr/lib/gcc-mingw-w64' --disable-maintainer-mode --disable-dependency-tracking --prefix=/usr --enable-shared --enable-static --disable-multilib --with-system-zlib --libexecdir=/usr/lib --without-included-gettext --libdir=/usr/lib --enable-libstdcxx-time=yes --with-tune=generic --enable-version-specific-runtime-libs --enable-fully-dynamic-string --enable-libgomp --enable-languages=c,c++,fortran,objc,obj-c++ --enable-lto --with-plugin-ld --enable-threads=win32 --program-suffix=-win32 --program-prefix=i686-w64-mingw32- --target=i686-w64-mingw32 --with-as=/usr/bin/i686-w64-mingw32-as --with-ld=/usr/bin/i686-w64-mingw32-ld --disable-libatomic
Thread model: win32
gcc version 5.3.1 20160211 (GCC) 
COMPILER_PATH=/usr/lib/gcc/i686-w64-mingw32/5.3-win32/:/usr/lib/gcc/i686-w64-mingw32/5.3-win32/:/usr/lib/gcc/i686-w64-mingw32/:/usr/lib/gcc/i686-w64-mingw32/5.3-win32/:/usr/lib/gcc/i686-w64-mingw32/
LIBRARY_PATH=/usr/lib/gcc/i686-w64-mingw32/5.3-win32/:/usr/lib/gcc/i686-w64-mingw32/5.3-win32/../../../../i686-w64-mingw32/lib/../lib/:/usr/lib/gcc/i686-w64-mingw32/5.3-win32/../../../../i686-w64-mingw32/lib/
COLLECT_GCC_OPTIONS='-I' '/home/join/Desktop/vlc3.0/vlc/contrib/i686-w64-mingw32/include' '-g' '-O2' '-L/home/join/Desktop/vlc3.0/vlc/contrib/i686-w64-mingw32/lib' '-v' '-o' 'cmTC_00308.exe' '-mtune=generic' '-march=pentiumpro'
 /usr/lib/gcc/i686-w64-mingw32/5.3-win32/collect2 -m i386pe -Bdynamic -o cmTC_00308.exe /usr/lib/gcc/i686-w64-mingw32/5.3-win32/../../../../i686-w64-mingw32/lib/../lib/crt2.o /usr/lib/gcc/i686-w64-mingw32/5.3-win32/crtbegin.o -L/home/join/Desktop/vlc3.0/vlc/contrib/i686-w64-mingw32/lib -L/usr/lib/gcc/i686-w64-mingw32/5.3-win32 -L/usr/lib/gcc/i686-w64-mingw32/5.3-win32/../../../../i686-w64-mingw32/lib/../lib -L/usr/lib/gcc/i686-w64-mingw32/5.3-win32/../../../../i686-w64-mingw32/lib --whole-archive CMakeFiles/cmTC_00308.dir/objects.a --no-whole-archive --out-implib libcmTC_00308.dll.a --major-image-version 0 --minor-image-version 0 -lmingw32 -lgcc -lgcc_eh -lmoldname -lmingwex -lmsvcrt -ladvapi32 -lshell32 -luser32 -lkernel32 -lmingw32 -lgcc -lgcc_eh -lmoldname -lmingwex -lmsvcrt /usr/lib/gcc/i686-w64-mingw32/5.3-win32/crtend.o
make[2]: Leaving directory '/home/join/Desktop/vlc3.0/vlc/contrib/win32/soxr/CMakeFiles/CMakeTmp'
make[1]: Leaving directory '/home/join/Desktop/vlc3.0/vlc/contrib/win32/soxr/CMakeFiles/CMakeTmp'


Parsed C implicit link information from above output:
  link line regex: [^( *|.*[/\])(i686-w64-mingw32-ld|([^/\]+-)?ld|collect2)[^/\]*( |$)]
  ignore line: [Change Dir: /home/join/Desktop/vlc3.0/vlc/contrib/win32/soxr/CMakeFiles/CMakeTmp]
  ignore line: []
  ignore line: [Run Build Command:"/usr/bin/make" "cmTC_00308/fast"]
  ignore line: [make[1]: Entering directory '/home/join/Desktop/vlc3.0/vlc/contrib/win32/soxr/CMakeFiles/CMakeTmp']
  ignore line: [/usr/bin/make -f CMakeFiles/cmTC_00308.dir/build.make CMakeFiles/cmTC_00308.dir/build]
  ignore line: [make[2]: Entering directory '/home/join/Desktop/vlc3.0/vlc/contrib/win32/soxr/CMakeFiles/CMakeTmp']
  ignore line: [Building C object CMakeFiles/cmTC_00308.dir/CMakeCCompilerABI.c.obj]
  ignore line: [/usr/bin/i686-w64-mingw32-gcc    -I/home/join/Desktop/vlc3.0/vlc/contrib/i686-w64-mingw32/include -g -O2      -o CMakeFiles/cmTC_00308.dir/CMakeCCompilerABI.c.obj   -c /usr/share/cmake-3.5/Modules/CMakeCCompilerABI.c]
  ignore line: [Linking C executable cmTC_00308.exe]
  ignore line: [/usr/bin/cmake -E cmake_link_script CMakeFiles/cmTC_00308.dir/link.txt --verbose=1]
  ignore line: [/usr/bin/cmake -E remove -f CMakeFiles/cmTC_00308.dir/objects.a]
  ignore line: [/usr/bin/i686-w64-mingw32-ar cr CMakeFiles/cmTC_00308.dir/objects.a @CMakeFiles/cmTC_00308.dir/objects1.rsp]
  ignore line: [/usr/bin/i686-w64-mingw32-gcc   -I/home/join/Desktop/vlc3.0/vlc/contrib/i686-w64-mingw32/include -g -O2       -L/home/join/Desktop/vlc3.0/vlc/contrib/i686-w64-mingw32/lib  -v -Wl,--whole-archive CMakeFiles/cmTC_00308.dir/objects.a -Wl,--no-whole-archive  -o cmTC_00308.exe -Wl,--out-implib,libcmTC_00308.dll.a -Wl,--major-image-version,0,--minor-image-version,0   ]
  ignore line: [Using built-in specs.]
  ignore line: [COLLECT_GCC=/usr/bin/i686-w64-mingw32-gcc]
  ignore line: [COLLECT_LTO_WRAPPER=/usr/lib/gcc/i686-w64-mingw32/5.3-win32/lto-wrapper]
  ignore line: [Target: i686-w64-mingw32]
  ignore line: [Configured with: ../../src/configure --build=x86_64-linux-gnu --prefix=/usr --includedir='/usr/include' --mandir='/usr/share/man' --infodir='/usr/share/info' --sysconfdir=/etc --localstatedir=/var --disable-silent-rules --libexecdir='/usr/lib/gcc-mingw-w64' --disable-maintainer-mode --disable-dependency-tracking --prefix=/usr --enable-shared --enable-static --disable-multilib --with-system-zlib --libexecdir=/usr/lib --without-included-gettext --libdir=/usr/lib --enable-libstdcxx-time=yes --with-tune=generic --enable-version-specific-runtime-libs --enable-fully-dynamic-string --enable-libgomp --enable-languages=c,c++,fortran,objc,obj-c++ --enable-lto --with-plugin-ld --enable-threads=win32 --program-suffix=-win32 --program-prefix=i686-w64-mingw32- --target=i686-w64-mingw32 --with-as=/usr/bin/i686-w64-mingw32-as --with-ld=/usr/bin/i686-w64-mingw32-ld --disable-libatomic]
  ignore line: [Thread model: win32]
  ignore line: [gcc version 5.3.1 20160211 (GCC) ]
  ignore line: [COMPILER_PATH=/usr/lib/gcc/i686-w64-mingw32/5.3-win32/:/usr/lib/gcc/i686-w64-mingw32/5.3-win32/:/usr/lib/gcc/i686-w64-mingw32/:/usr/lib/gcc/i686-w64-mingw32/5.3-win32/:/usr/lib/gcc/i686-w64-mingw32/]
  ignore line: [LIBRARY_PATH=/usr/lib/gcc/i686-w64-mingw32/5.3-win32/:/usr/lib/gcc/i686-w64-mingw32/5.3-win32/../../../../i686-w64-mingw32/lib/../lib/:/usr/lib/gcc/i686-w64-mingw32/5.3-win32/../../../../i686-w64-mingw32/lib/]
  ignore line: [COLLECT_GCC_OPTIONS='-I' '/home/join/Desktop/vlc3.0/vlc/contrib/i686-w64-mingw32/include' '-g' '-O2' '-L/home/join/Desktop/vlc3.0/vlc/contrib/i686-w64-mingw32/lib' '-v' '-o' 'cmTC_00308.exe' '-mtune=generic' '-march=pentiumpro']
  link line: [ /usr/lib/gcc/i686-w64-mingw32/5.3-win32/collect2 -m i386pe -Bdynamic -o cmTC_00308.exe /usr/lib/gcc/i686-w64-mingw32/5.3-win32/../../../../i686-w64-mingw32/lib/../lib/crt2.o /usr/lib/gcc/i686-w64-mingw32/5.3-win32/crtbegin.o -L/home/join/Desktop/vlc3.0/vlc/contrib/i686-w64-mingw32/lib -L/usr/lib/gcc/i686-w64-mingw32/5.3-win32 -L/usr/lib/gcc/i686-w64-mingw32/5.3-win32/../../../../i686-w64-mingw32/lib/../lib -L/usr/lib/gcc/i686-w64-mingw32/5.3-win32/../../../../i686-w64-mingw32/lib --whole-archive CMakeFiles/cmTC_00308.dir/objects.a --no-whole-archive --out-implib libcmTC_00308.dll.a --major-image-version 0 --minor-image-version 0 -lmingw32 -lgcc -lgcc_eh -lmoldname -lmingwex -lmsvcrt -ladvapi32 -lshell32 -luser32 -lkernel32 -lmingw32 -lgcc -lgcc_eh -lmoldname -lmingwex -lmsvcrt /usr/lib/gcc/i686-w64-mingw32/5.3-win32/crtend.o]
    arg [/usr/lib/gcc/i686-w64-mingw32/5.3-win32/collect2] ==> ignore
    arg [-m] ==> ignore
    arg [i386pe] ==> ignore
    arg [-Bdynamic] ==> ignore
    arg [-o] ==> ignore
    arg [cmTC_00308.exe] ==> ignore
    arg [/usr/lib/gcc/i686-w64-mingw32/5.3-win32/../../../../i686-w64-mingw32/lib/../lib/crt2.o] ==> ignore
    arg [/usr/lib/gcc/i686-w64-mingw32/5.3-win32/crtbegin.o] ==> ignore
    arg [-L/home/join/Desktop/vlc3.0/vlc/contrib/i686-w64-mingw32/lib] ==> dir [/home/join/Desktop/vlc3.0/vlc/contrib/i686-w64-mingw32/lib]
    arg [-L/usr/lib/gcc/i686-w64-mingw32/5.3-win32] ==> dir [/usr/lib/gcc/i686-w64-mingw32/5.3-win32]
    arg [-L/usr/lib/gcc/i686-w64-mingw32/5.3-win32/../../../../i686-w64-mingw32/lib/../lib] ==> dir [/usr/lib/gcc/i686-w64-mingw32/5.3-win32/../../../../i686-w64-mingw32/lib/../lib]
    arg [-L/usr/lib/gcc/i686-w64-mingw32/5.3-win32/../../../../i686-w64-mingw32/lib] ==> dir [/usr/lib/gcc/i686-w64-mingw32/5.3-win32/../../../../i686-w64-mingw32/lib]
    arg [--whole-archive] ==> ignore
    arg [CMakeFiles/cmTC_00308.dir/objects.a] ==> ignore
    arg [--no-whole-archive] ==> ignore
    arg [--out-implib] ==> ignore
    arg [libcmTC_00308.dll.a] ==> ignore
    arg [--major-image-version] ==> ignore
    arg [0] ==> ignore
    arg [--minor-image-version] ==> ignore
    arg [0] ==> ignore
    arg [-lmingw32] ==> lib [mingw32]
    arg [-lgcc] ==> lib [gcc]
    arg [-lgcc_eh] ==> lib [gcc_eh]
    arg [-lmoldname] ==> lib [moldname]
    arg [-lmingwex] ==> lib [mingwex]
    arg [-lmsvcrt] ==> lib [msvcrt]
    arg [-ladvapi32] ==> lib [advapi32]
    arg [-lshell32] ==> lib [shell32]
    arg [-luser32] ==> lib [user32]
    arg [-lkernel32] ==> lib [kernel32]
    arg [-lmingw32] ==> lib [mingw32]
    arg [-lgcc] ==> lib [gcc]
    arg [-lgcc_eh] ==> lib [gcc_eh]
    arg [-lmoldname] ==> lib [moldname]
    arg [-lmingwex] ==> lib [mingwex]
    arg [-lmsvcrt] ==> lib [msvcrt]
    arg [/usr/lib/gcc/i686-w64-mingw32/5.3-win32/crtend.o] ==> ignore
  remove lib [gcc]
  remove lib [gcc_eh]
  remove lib [gcc]
  remove lib [gcc_eh]
  collapse library dir [/home/join/Desktop/vlc3.0/vlc/contrib/i686-w64-mingw32/lib] ==> [/home/join/Desktop/vlc3.0/vlc/contrib/i686-w64-mingw32/lib]
  collapse library dir [/usr/lib/gcc/i686-w64-mingw32/5.3-win32] ==> [/usr/lib/gcc/i686-w64-mingw32/5.3-win32]
  collapse library dir [/usr/lib/gcc/i686-w64-mingw32/5.3-win32/../../../../i686-w64-mingw32/lib/../lib] ==> [/usr/i686-w64-mingw32/lib]
  collapse library dir [/usr/lib/gcc/i686-w64-mingw32/5.3-win32/../../../../i686-w64-mingw32/lib] ==> [/usr/i686-w64-mingw32/lib]
  implicit libs: [mingw32;moldname;mingwex;msvcrt;advapi32;shell32;user32;kernel32;mingw32;moldname;mingwex;msvcrt]
  implicit dirs: [/home/join/Desktop/vlc3.0/vlc/contrib/i686-w64-mingw32/lib;/usr/lib/gcc/i686-w64-mingw32/5.3-win32;/usr/i686-w64-mingw32/lib]
  implicit fwks: []




Detecting C [-std=c11] compiler features compiled with the following output:
Change Dir: /home/join/Desktop/vlc3.0/vlc/contrib/win32/soxr/CMakeFiles/CMakeTmp

Run Build Command:"/usr/bin/make" "cmTC_a3e72/fast"
make[1]: Entering directory '/home/join/Desktop/vlc3.0/vlc/contrib/win32/soxr/CMakeFiles/CMakeTmp'
/usr/bin/make -f CMakeFiles/cmTC_a3e72.dir/build.make CMakeFiles/cmTC_a3e72.dir/build
make[2]: Entering directory '/home/join/Desktop/vlc3.0/vlc/contrib/win32/soxr/CMakeFiles/CMakeTmp'
Building C object CMakeFiles/cmTC_a3e72.dir/feature_tests.c.obj
/usr/bin/i686-w64-mingw32-gcc    -I/home/join/Desktop/vlc3.0/vlc/contrib/i686-w64-mingw32/include -g -O2      -std=c11 -o CMakeFiles/cmTC_a3e72.dir/feature_tests.c.obj   -c /home/join/Desktop/vlc3.0/vlc/contrib/win32/soxr/CMakeFiles/feature_tests.c
Linking C executable cmTC_a3e72.exe
/usr/bin/cmake -E cmake_link_script CMakeFiles/cmTC_a3e72.dir/link.txt --verbose=1
/usr/bin/cmake -E remove -f CMakeFiles/cmTC_a3e72.dir/objects.a
/usr/bin/i686-w64-mingw32-ar cr CMakeFiles/cmTC_a3e72.dir/objects.a @CMakeFiles/cmTC_a3e72.dir/objects1.rsp
/usr/bin/i686-w64-mingw32-gcc   -I/home/join/Desktop/vlc3.0/vlc/contrib/i686-w64-mingw32/include -g -O2       -L/home/join/Desktop/vlc3.0/vlc/contrib/i686-w64-mingw32/lib   -Wl,--whole-archive CMakeFiles/cmTC_a3e72.dir/objects.a -Wl,--no-whole-archive  -o cmTC_a3e72.exe -Wl,--out-implib,libcmTC_a3e72.dll.a -Wl,--major-image-version,0,--minor-image-version,0 @CMakeFiles/cmTC_a3e72.dir/linklibs.rsp
make[2]: Leaving directory '/home/join/Desktop/vlc3.0/vlc/contrib/win32/soxr/CMakeFiles/CMakeTmp'
make[1]: Leaving directory '/home/join/Desktop/vlc3.0/vlc/contrib/win32/soxr/CMakeFiles/CMakeTmp'


    Feature record: C_FEATURE:1c_function_prototypes
    Feature record: C_FEATURE:1c_restrict
    Feature record: C_FEATURE:1c_static_assert
    Feature record: C_FEATURE:1c_variadic_macros


Detecting C [-std=c99] compiler features compiled with the following output:
Change Dir: /home/join/Desktop/vlc3.0/vlc/contrib/win32/soxr/CMakeFiles/CMakeTmp

Run Build Command:"/usr/bin/make" "cmTC_85c36/fast"
make[1]: Entering directory '/home/join/Desktop/vlc3.0/vlc/contrib/win32/soxr/CMakeFiles/CMakeTmp'
/usr/bin/make -f CMakeFiles/cmTC_85c36.dir/build.make CMakeFiles/cmTC_85c36.dir/build
make[2]: Entering directory '/home/join/Desktop/vlc3.0/vlc/contrib/win32/soxr/CMakeFiles/CMakeTmp'
Building C object CMakeFiles/cmTC_85c36.dir/feature_tests.c.obj
/usr/bin/i686-w64-mingw32-gcc    -I/home/join/Desktop/vlc3.0/vlc/contrib/i686-w64-mingw32/include -g -O2      -std=c99 -o CMakeFiles/cmTC_85c36.dir/feature_tests.c.obj   -c /home/join/Desktop/vlc3.0/vlc/contrib/win32/soxr/CMakeFiles/feature_tests.c
Linking C executable cmTC_85c36.exe
/usr/bin/cmake -E cmake_link_script CMakeFiles/cmTC_85c36.dir/link.txt --verbose=1
/usr/bin/cmake -E remove -f CMakeFiles/cmTC_85c36.dir/objects.a
/usr/bin/i686-w64-mingw32-ar cr CMakeFiles/cmTC_85c36.dir/objects.a @CMakeFiles/cmTC_85c36.dir/objects1.rsp
/usr/bin/i686-w64-mingw32-gcc   -I/home/join/Desktop/vlc3.0/vlc/contrib/i686-w64-mingw32/include -g -O2       -L/home/join/Desktop/vlc3.0/vlc/contrib/i686-w64-mingw32/lib   -Wl,--whole-archive CMakeFiles/cmTC_85c36.dir/objects.a -Wl,--no-whole-archive  -o cmTC_85c36.exe -Wl,--out-implib,libcmTC_85c36.dll.a -Wl,--major-image-version,0,--minor-image-version,0 @CMakeFiles/cmTC_85c36.dir/linklibs.rsp
make[2]: Leaving directory '/home/join/Desktop/vlc3.0/vlc/contrib/win32/soxr/CMakeFiles/CMakeTmp'
make[1]: Leaving directory '/home/join/Desktop/vlc3.0/vlc/contrib/win32/soxr/CMakeFiles/CMakeTmp'


    Feature record: C_FEATURE:1c_function_prototypes
    Feature record: C_FEATURE:1c_restrict
    Feature record: C_FEATURE:0c_static_assert
    Feature record: C_FEATURE:1c_variadic_macros


Detecting C [-std=c90] compiler features compiled with the following output:
Change Dir: /home/join/Desktop/vlc3.0/vlc/contrib/win32/soxr/CMakeFiles/CMakeTmp

Run Build Command:"/usr/bin/make" "cmTC_bd6c1/fast"
make[1]: Entering directory '/home/join/Desktop/vlc3.0/vlc/contrib/win32/soxr/CMakeFiles/CMakeTmp'
/usr/bin/make -f CMakeFiles/cmTC_bd6c1.dir/build.make CMakeFiles/cmTC_bd6c1.dir/build
make[2]: Entering directory '/home/join/Desktop/vlc3.0/vlc/contrib/win32/soxr/CMakeFiles/CMakeTmp'
Building C object CMakeFiles/cmTC_bd6c1.dir/feature_tests.c.obj
/usr/bin/i686-w64-mingw32-gcc    -I/home/join/Desktop/vlc3.0/vlc/contrib/i686-w64-mingw32/include -g -O2      -std=c90 -o CMakeFiles/cmTC_bd6c1.dir/feature_tests.c.obj   -c /home/join/Desktop/vlc3.0/vlc/contrib/win32/soxr/CMakeFiles/feature_tests.c
Linking C executable cmTC_bd6c1.exe
/usr/bin/cmake -E cmake_link_script CMakeFiles/cmTC_bd6c1.dir/link.txt --verbose=1
/usr/bin/cmake -E remove -f CMakeFiles/cmTC_bd6c1.dir/objects.a
/usr/bin/i686-w64-mingw32-ar cr CMakeFiles/cmTC_bd6c1.dir/objects.a @CMakeFiles/cmTC_bd6c1.dir/objects1.rsp
/usr/bin/i686-w64-mingw32-gcc   -I/home/join/Desktop/vlc3.0/vlc/contrib/i686-w64-mingw32/include -g -O2       -L/home/join/Desktop/vlc3.0/vlc/contrib/i686-w64-mingw32/lib   -Wl,--whole-archive CMakeFiles/cmTC_bd6c1.dir/objects.a -Wl,--no-whole-archive  -o cmTC_bd6c1.exe -Wl,--out-implib,libcmTC_bd6c1.dll.a -Wl,--major-image-version,0,--minor-image-version,0 @CMakeFiles/cmTC_bd6c1.dir/linklibs.rsp
make[2]: Leaving directory '/home/join/Desktop/vlc3.0/vlc/contrib/win32/soxr/CMakeFiles/CMakeTmp'
make[1]: Leaving directory '/home/join/Desktop/vlc3.0/vlc/contrib/win32/soxr/CMakeFiles/CMakeTmp'


    Feature record: C_FEATURE:1c_function_prototypes
    Feature record: C_FEATURE:0c_restrict
    Feature record: C_FEATURE:0c_static_assert
    Feature record: C_FEATURE:0c_variadic_macros
Determining if the function pow exists in the m passed with the following output:
Change Dir: /home/join/Desktop/vlc3.0/vlc/contrib/win32/soxr/CMakeFiles/CMakeTmp

Run Build Command:"/usr/bin/make" "cmTC_a86a0/fast"
make[1]: Entering directory '/home/join/Desktop/vlc3.0/vlc/contrib/win32/soxr/CMakeFiles/CMakeTmp'
/usr/bin/make -f CMakeFiles/cmTC_a86a0.dir/build.make CMakeFiles/cmTC_a86a0.dir/build
make[2]: Entering directory '/home/join/Desktop/vlc3.0/vlc/contrib/win32/soxr/CMakeFiles/CMakeTmp'
Building C object CMakeFiles/cmTC_a86a0.dir/CheckFunctionExists.c.obj
/usr/bin/i686-w64-mingw32-gcc    -I/home/join/Desktop/vlc3.0/vlc/contrib/i686-w64-mingw32/include -g -O2   -DCHECK_FUNCTION_EXISTS=pow   -o CMakeFiles/cmTC_a86a0.dir/CheckFunctionExists.c.obj   -c /usr/share/cmake-3.5/Modules/CheckFunctionExists.c
<command-line>:0:23: warning: conflicting types for built-in function ‘pow’
/usr/share/cmake-3.5/Modules/CheckFunctionExists.c:6:6: note: in expansion of macro ‘CHECK_FUNCTION_EXISTS’
 char CHECK_FUNCTION_EXISTS();
      ^
Linking C executable cmTC_a86a0.exe
/usr/bin/cmake -E cmake_link_script CMakeFiles/cmTC_a86a0.dir/link.txt --verbose=1
/usr/bin/cmake -E remove -f CMakeFiles/cmTC_a86a0.dir/objects.a
/usr/bin/i686-w64-mingw32-ar cr CMakeFiles/cmTC_a86a0.dir/objects.a @CMakeFiles/cmTC_a86a0.dir/objects1.rsp
/usr/bin/i686-w64-mingw32-gcc   -I/home/join/Desktop/vlc3.0/vlc/contrib/i686-w64-mingw32/include -g -O2   -DCHECK_FUNCTION_EXISTS=pow    -L/home/join/Desktop/vlc3.0/vlc/contrib/i686-w64-mingw32/lib   -Wl,--whole-archive CMakeFiles/cmTC_a86a0.dir/objects.a -Wl,--no-whole-archive  -o cmTC_a86a0.exe -Wl,--out-implib,libcmTC_a86a0.dll.a -Wl,--major-image-version,0,--minor-image-version,0 @CMakeFiles/cmTC_a86a0.dir/linklibs.rsp
make[2]: Leaving directory '/home/join/Desktop/vlc3.0/vlc/contrib/win32/soxr/CMakeFiles/CMakeTmp'
make[1]: Leaving directory '/home/join/Desktop/vlc3.0/vlc/contrib/win32/soxr/CMakeFiles/CMakeTmp'


Performing C SOURCE FILE Test SIMD_FLAG_DETECTED succeeded with the following output:
Change Dir: /home/join/Desktop/vlc3.0/vlc/contrib/win32/soxr/CMakeFiles/CMakeTmp

Run Build Command:"/usr/bin/make" "cmTC_ab4a2/fast"
make[1]: Entering directory '/home/join/Desktop/vlc3.0/vlc/contrib/win32/soxr/CMakeFiles/CMakeTmp'
/usr/bin/make -f CMakeFiles/cmTC_ab4a2.dir/build.make CMakeFiles/cmTC_ab4a2.dir/build
make[2]: Entering directory '/home/join/Desktop/vlc3.0/vlc/contrib/win32/soxr/CMakeFiles/CMakeTmp'
Building C object CMakeFiles/cmTC_ab4a2.dir/src.c.obj
/usr/bin/i686-w64-mingw32-gcc    -I/home/join/Desktop/vlc3.0/vlc/contrib/i686-w64-mingw32/include -g -O2   -DSIMD_FLAG_DETECTED -msse -mfpmath=sse -mincoming-stack-boundary=2   -o CMakeFiles/cmTC_ab4a2.dir/src.c.obj   -c /home/join/Desktop/vlc3.0/vlc/contrib/win32/soxr/CMakeFiles/CMakeTmp/src.c
Linking C executable cmTC_ab4a2.exe
/usr/bin/cmake -E cmake_link_script CMakeFiles/cmTC_ab4a2.dir/link.txt --verbose=1
/usr/bin/cmake -E remove -f CMakeFiles/cmTC_ab4a2.dir/objects.a
/usr/bin/i686-w64-mingw32-ar cr CMakeFiles/cmTC_ab4a2.dir/objects.a @CMakeFiles/cmTC_ab4a2.dir/objects1.rsp
/usr/bin/i686-w64-mingw32-gcc   -I/home/join/Desktop/vlc3.0/vlc/contrib/i686-w64-mingw32/include -g -O2   -DSIMD_FLAG_DETECTED -msse -mfpmath=sse -mincoming-stack-boundary=2    -L/home/join/Desktop/vlc3.0/vlc/contrib/i686-w64-mingw32/lib   -Wl,--whole-archive CMakeFiles/cmTC_ab4a2.dir/objects.a -Wl,--no-whole-archive  -o cmTC_ab4a2.exe -Wl,--out-implib,libcmTC_ab4a2.dll.a -Wl,--major-image-version,0,--minor-image-version,0 @CMakeFiles/cmTC_ab4a2.dir/linklibs.rsp
make[2]: Leaving directory '/home/join/Desktop/vlc3.0/vlc/contrib/win32/soxr/CMakeFiles/CMakeTmp'
make[1]: Leaving directory '/home/join/Desktop/vlc3.0/vlc/contrib/win32/soxr/CMakeFiles/CMakeTmp'

Source file was:

#ifndef TEST_ARM
#include <xmmintrin.h>
int main()
{
  __m128 a, b;
  float vals[4] = {0};
  a = _mm_loadu_ps (vals);
  b = a;
  b = _mm_add_ps (a,b);
  _mm_storeu_ps (vals,b);
  return 0;
}
#else
int main()
{
  __asm__ volatile("vadd.i16 q0, q0, q0");
  return 0;
}
#endif

Determining if the function lrint exists passed with the following output:
Change Dir: /home/join/Desktop/vlc3.0/vlc/contrib/win32/soxr/CMakeFiles/CMakeTmp

Run Build Command:"/usr/bin/make" "cmTC_bb8de/fast"
make[1]: Entering directory '/home/join/Desktop/vlc3.0/vlc/contrib/win32/soxr/CMakeFiles/CMakeTmp'
/usr/bin/make -f CMakeFiles/cmTC_bb8de.dir/build.make CMakeFiles/cmTC_bb8de.dir/build
make[2]: Entering directory '/home/join/Desktop/vlc3.0/vlc/contrib/win32/soxr/CMakeFiles/CMakeTmp'
Building C object CMakeFiles/cmTC_bb8de.dir/CheckFunctionExists.c.obj
/usr/bin/i686-w64-mingw32-gcc    -I/home/join/Desktop/vlc3.0/vlc/contrib/i686-w64-mingw32/include -g -O2   -DCHECK_FUNCTION_EXISTS=lrint   -o CMakeFiles/cmTC_bb8de.dir/CheckFunctionExists.c.obj   -c /usr/share/cmake-3.5/Modules/CheckFunctionExists.c
<command-line>:0:23: warning: conflicting types for built-in function ‘lrint’
/usr/share/cmake-3.5/Modules/CheckFunctionExists.c:6:6: note: in expansion of macro ‘CHECK_FUNCTION_EXISTS’
 char CHECK_FUNCTION_EXISTS();
      ^
Linking C executable cmTC_bb8de.exe
/usr/bin/cmake -E cmake_link_script CMakeFiles/cmTC_bb8de.dir/link.txt --verbose=1
/usr/bin/cmake -E remove -f CMakeFiles/cmTC_bb8de.dir/objects.a
/usr/bin/i686-w64-mingw32-ar cr CMakeFiles/cmTC_bb8de.dir/objects.a @CMakeFiles/cmTC_bb8de.dir/objects1.rsp
/usr/bin/i686-w64-mingw32-gcc   -I/home/join/Desktop/vlc3.0/vlc/contrib/i686-w64-mingw32/include -g -O2   -DCHECK_FUNCTION_EXISTS=lrint    -L/home/join/Desktop/vlc3.0/vlc/contrib/i686-w64-mingw32/lib   -Wl,--whole-archive CMakeFiles/cmTC_bb8de.dir/objects.a -Wl,--no-whole-archive  -o cmTC_bb8de.exe -Wl,--out-implib,libcmTC_bb8de.dll.a -Wl,--major-image-version,0,--minor-image-version,0 @CMakeFiles/cmTC_bb8de.dir/linklibs.rsp
make[2]: Leaving directory '/home/join/Desktop/vlc3.0/vlc/contrib/win32/soxr/CMakeFiles/CMakeTmp'
make[1]: Leaving directory '/home/join/Desktop/vlc3.0/vlc/contrib/win32/soxr/CMakeFiles/CMakeTmp'


Determining if files fenv.h exist passed with the following output:
Change Dir: /home/join/Desktop/vlc3.0/vlc/contrib/win32/soxr/CMakeFiles/CMakeTmp

Run Build Command:"/usr/bin/make" "cmTC_79405/fast"
make[1]: Entering directory '/home/join/Desktop/vlc3.0/vlc/contrib/win32/soxr/CMakeFiles/CMakeTmp'
/usr/bin/make -f CMakeFiles/cmTC_79405.dir/build.make CMakeFiles/cmTC_79405.dir/build
make[2]: Entering directory '/home/join/Desktop/vlc3.0/vlc/contrib/win32/soxr/CMakeFiles/CMakeTmp'
Building C object CMakeFiles/cmTC_79405.dir/CheckIncludeFiles.c.obj
/usr/bin/i686-w64-mingw32-gcc    -I/home/join/Desktop/vlc3.0/vlc/contrib/i686-w64-mingw32/include -g -O2      -o CMakeFiles/cmTC_79405.dir/CheckIncludeFiles.c.obj   -c /home/join/Desktop/vlc3.0/vlc/contrib/win32/soxr/CMakeFiles/CMakeTmp/CheckIncludeFiles.c
Linking C executable cmTC_79405.exe
/usr/bin/cmake -E cmake_link_script CMakeFiles/cmTC_79405.dir/link.txt --verbose=1
/usr/bin/cmake -E remove -f CMakeFiles/cmTC_79405.dir/objects.a
/usr/bin/i686-w64-mingw32-ar cr CMakeFiles/cmTC_79405.dir/objects.a @CMakeFiles/cmTC_79405.dir/objects1.rsp
/usr/bin/i686-w64-mingw32-gcc   -I/home/join/Desktop/vlc3.0/vlc/contrib/i686-w64-mingw32/include -g -O2       -L/home/join/Desktop/vlc3.0/vlc/contrib/i686-w64-mingw32/lib   -Wl,--whole-archive CMakeFiles/cmTC_79405.dir/objects.a -Wl,--no-whole-archive  -o cmTC_79405.exe -Wl,--out-implib,libcmTC_79405.dll.a -Wl,--major-image-version,0,--minor-image-version,0 @CMakeFiles/cmTC_79405.dir/linklibs.rsp
make[2]: Leaving directory '/home/join/Desktop/vlc3.0/vlc/contrib/win32/soxr/CMakeFiles/CMakeTmp'
make[1]: Leaving directory '/home/join/Desktop/vlc3.0/vlc/contrib/win32/soxr/CMakeFiles/CMakeTmp'


